[ 2017-09-12T02:12:26+08:00 ] [ sql ] [ DB ] CONNECT:[ UseTime:0.012831s ] mysql:dbname=zhaosheng;host=127.0.0.1;port=3306;charset=utf8
[ sql ] [ SQL ] SHOW COLUMNS FROM `zs_menu` [ RunTime:0.006042s ]
[ sql ] [ SQL ] SELECT * FROM `zs_menu` WHERE  `id` = 18 LIMIT 1 [ RunTime:0.000698s ]
[ sql ] [ SQL ] SHOW COLUMNS FROM `zs_model` [ RunTime:0.005063s ]
[ sql ] [ SQL ] SELECT * FROM `zs_model` WHERE  `model_id` = 0 LIMIT 1 [ RunTime:0.000524s ]
[ sql ] [ SQL ] SHOW COLUMNS FROM `zs_news` [ RunTime:0.005342s ]
[ sql ] [ SQL ] SELECT COUNT(*) AS tp_count FROM `zs_news` WHERE  `news_open` = '1'  AND `news_l` = 'zh-cn'  AND `news_back` = 0  AND `news_columnid` IN (18) LIMIT 1 [ RunTime:0.000713s ]
[ sql ] [ SQL ] SELECT COUNT(*) AS tp_count FROM `zs_news` `a` WHERE  `news_open` = '1'  AND `news_l` = 'zh-cn'  AND `news_back` = 0  AND `news_columnid` IN (18) LIMIT 1 [ RunTime:0.000707s ]
[ sql ] [ SQL ] SELECT * FROM `zs_news` `a` WHERE  `news_open` = '1'  AND `news_l` = 'zh-cn'  AND `news_back` = 0  AND `news_columnid` IN (18) ORDER BY news_time desc LIMIT 0,10 [ RunTime:0.000491s ]

---------------------------------------------------------------
[ 2017-09-12T02:12:37+08:00 ] [ sql ] [ DB ] CONNECT:[ UseTime:0.018760s ] mysql:dbname=zhaosheng;host=127.0.0.1;port=3306;charset=utf8
[ sql ] [ SQL ] SHOW COLUMNS FROM `zs_news` [ RunTime:0.006629s ]
[ sql ] [ SQL ] SELECT * FROM `zs_news` `a` INNER JOIN `zs_admin` `b` ON `a`.`news_auto`=`b`.`admin_id` WHERE  `n_id` = 41  AND `news_open` = '1'  AND `news_back` = 0 LIMIT 1 [ RunTime:0.002132s ]
[ sql ] [ SQL ] SHOW COLUMNS FROM `zs_menu` [ RunTime:0.006289s ]
[ sql ] [ SQL ] SELECT * FROM `zs_menu` WHERE  `id` = 16 LIMIT 1 [ RunTime:0.001869s ]
[ sql ] [ SQL ] SHOW COLUMNS FROM `zs_action_log` [ RunTime:0.005047s ]
[ sql ] [ SQL ] SELECT * FROM `zs_action_log` WHERE  `uid` = 0  AND `action` = 'home-News-index'  AND `object` = 'news41' LIMIT 1 [ RunTime:0.000686s ]
[ sql ] [ SQL ] UPDATE `zs_action_log`  SET `count`=count+1,`last_time`=1505153557,`ip`='106.120.173.90'  WHERE  `uid` = 0  AND `action` = 'home-News-index'  AND `object` = 'news41' [ RunTime:0.000715s ]
[ sql ] [ SQL ] UPDATE `zs_news`  SET `news_hits`=news_hits+1  WHERE  `n_id` = 41 [ RunTime:0.000535s ]
[ sql ] [ SQL ] SELECT * FROM `zs_news` WHERE  `news_time` >= 1490535806  AND `n_id` <> 41  AND `news_open` = '1'  AND `news_back` = 0  AND `news_columnid` = 16 ORDER BY news_time asc LIMIT 1 [ RunTime:0.001021s ]
[ sql ] [ SQL ] SELECT * FROM `zs_news` WHERE  `news_time` <= 1490535806  AND `n_id` <> 41  AND `news_open` = '1'  AND `news_back` = 0  AND `news_columnid` = 16 ORDER BY news_time desc LIMIT 1 [ RunTime:0.000812s ]
[ sql ] [ SQL ] SHOW COLUMNS FROM `zs_comments` [ RunTime:0.005162s ]
[ sql ] [ SQL ] SELECT * FROM `zs_comments` `a` INNER JOIN `zs_member_list` `b` ON `a`.`uid`=`b`.`member_list_id` WHERE  `a`.`t_name` = 'news'  AND `a`.`t_id` = '41'  AND `a`.`c_status` = 1 ORDER BY a.createtime ASC [ RunTime:0.000694s ]

---------------------------------------------------------------
[ 2017-09-12T02:12:47+08:00 ] [ sql ] [ DB ] CONNECT:[ UseTime:0.011446s ] mysql:dbname=zhaosheng;host=127.0.0.1;port=3306;charset=utf8
[ sql ] [ SQL ] SHOW COLUMNS FROM `zs_news` [ RunTime:0.006850s ]
[ sql ] [ SQL ] SELECT * FROM `zs_news` `a` INNER JOIN `zs_admin` `b` ON `a`.`news_auto`=`b`.`admin_id` WHERE  `n_id` = 43  AND `news_open` = '1'  AND `news_back` = 0 LIMIT 1 [ RunTime:0.001135s ]
[ sql ] [ SQL ] SHOW COLUMNS FROM `zs_menu` [ RunTime:0.005319s ]
[ sql ] [ SQL ] SELECT * FROM `zs_menu` WHERE  `id` = 16 LIMIT 1 [ RunTime:0.000539s ]
[ sql ] [ SQL ] SHOW COLUMNS FROM `zs_action_log` [ RunTime:0.004994s ]
[ sql ] [ SQL ] SELECT * FROM `zs_action_log` WHERE  `uid` = 0  AND `action` = 'home-News-index'  AND `object` = 'news43' LIMIT 1 [ RunTime:0.000628s ]
[ sql ] [ SQL ] UPDATE `zs_action_log`  SET `count`=count+1,`last_time`=1505153567,`ip`='106.120.173.90'  WHERE  `uid` = 0  AND `action` = 'home-News-index'  AND `object` = 'news43' [ RunTime:0.000596s ]
[ sql ] [ SQL ] UPDATE `zs_news`  SET `news_hits`=news_hits+1  WHERE  `n_id` = 43 [ RunTime:0.000502s ]
[ sql ] [ SQL ] SELECT * FROM `zs_news` WHERE  `news_time` >= 1490535915  AND `n_id` <> 43  AND `news_open` = '1'  AND `news_back` = 0  AND `news_columnid` = 16 ORDER BY news_time asc LIMIT 1 [ RunTime:0.000820s ]
[ sql ] [ SQL ] SELECT * FROM `zs_news` WHERE  `news_time` <= 1490535915  AND `n_id` <> 43  AND `news_open` = '1'  AND `news_back` = 0  AND `news_columnid` = 16 ORDER BY news_time desc LIMIT 1 [ RunTime:0.000842s ]
[ sql ] [ SQL ] SHOW COLUMNS FROM `zs_comments` [ RunTime:0.005336s ]
[ sql ] [ SQL ] SELECT * FROM `zs_comments` `a` INNER JOIN `zs_member_list` `b` ON `a`.`uid`=`b`.`member_list_id` WHERE  `a`.`t_name` = 'news'  AND `a`.`t_id` = '43'  AND `a`.`c_status` = 1 ORDER BY a.createtime ASC [ RunTime:0.000661s ]

---------------------------------------------------------------
[ 2017-09-12T02:17:10+08:00 ] [ sql ] [ DB ] CONNECT:[ UseTime:0.006381s ] mysql:dbname=zhaosheng;host=127.0.0.1;port=3306;charset=utf8
[ sql ] [ SQL ] SHOW COLUMNS FROM `zs_news` [ RunTime:0.005780s ]
[ sql ] [ SQL ] SELECT `news_content`,`news_title`,`n_id`,`news_columnid`,`news_time` FROM `zs_news` `a` WHERE  `news_open` = '1'  AND `news_l` = 'zh-cn'  AND `news_back` = 0  AND `news_columnid` IN (17) ORDER BY news_time desc LIMIT 7 [ RunTime:0.000852s ]
[ sql ] [ SQL ] SELECT `news_content`,`news_title`,`n_id`,`news_columnid`,`news_time` FROM `zs_news` `a` WHERE  `news_open` = '1'  AND `news_l` = 'zh-cn'  AND `news_back` = 0  AND `news_columnid` IN (18) ORDER BY news_time desc LIMIT 7 [ RunTime:0.000653s ]
[ sql ] [ SQL ] SELECT `news_content`,`news_title`,`n_id`,`news_columnid`,`news_time` FROM `zs_news` `a` WHERE  `news_open` = '1'  AND `news_l` = 'zh-cn'  AND `news_back` = 0  AND `news_columnid` IN (16) ORDER BY news_time desc LIMIT 7 [ RunTime:0.000907s ]

---------------------------------------------------------------
[ 2017-09-12T08:36:13+08:00 ] [ sql ] [ DB ] CONNECT:[ UseTime:0.018912s ] mysql:dbname=zhaosheng;host=127.0.0.1;port=3306;charset=utf8
[ sql ] [ SQL ] SHOW COLUMNS FROM `zs_news` [ RunTime:0.011929s ]
[ sql ] [ SQL ] SELECT `news_content`,`news_title`,`n_id`,`news_columnid`,`news_time` FROM `zs_news` `a` WHERE  `news_open` = '1'  AND `news_l` = 'zh-cn'  AND `news_back` = 0  AND `news_columnid` IN (17) ORDER BY news_time desc LIMIT 7 [ RunTime:0.001025s ]
[ sql ] [ SQL ] SELECT `news_content`,`news_title`,`n_id`,`news_columnid`,`news_time` FROM `zs_news` `a` WHERE  `news_open` = '1'  AND `news_l` = 'zh-cn'  AND `news_back` = 0  AND `news_columnid` IN (18) ORDER BY news_time desc LIMIT 7 [ RunTime:0.000678s ]
[ sql ] [ SQL ] SELECT `news_content`,`news_title`,`n_id`,`news_columnid`,`news_time` FROM `zs_news` `a` WHERE  `news_open` = '1'  AND `news_l` = 'zh-cn'  AND `news_back` = 0  AND `news_columnid` IN (16) ORDER BY news_time desc LIMIT 7 [ RunTime:0.001086s ]

---------------------------------------------------------------
[ 2017-09-12T08:36:13+08:00 ] [ sql ] [ DB ] CONNECT:[ UseTime:0.019128s ] mysql:dbname=zhaosheng;host=127.0.0.1;port=3306;charset=utf8
[ sql ] [ SQL ] SHOW COLUMNS FROM `zs_news` [ RunTime:0.011152s ]
[ sql ] [ SQL ] SELECT `news_content`,`news_title`,`n_id`,`news_columnid`,`news_time` FROM `zs_news` `a` WHERE  `news_open` = '1'  AND `news_l` = 'zh-cn'  AND `news_back` = 0  AND `news_columnid` IN (17) ORDER BY news_time desc LIMIT 7 [ RunTime:0.000971s ]
[ sql ] [ SQL ] SELECT `news_content`,`news_title`,`n_id`,`news_columnid`,`news_time` FROM `zs_news` `a` WHERE  `news_open` = '1'  AND `news_l` = 'zh-cn'  AND `news_back` = 0  AND `news_columnid` IN (18) ORDER BY news_time desc LIMIT 7 [ RunTime:0.000680s ]
[ sql ] [ SQL ] SELECT `news_content`,`news_title`,`n_id`,`news_columnid`,`news_time` FROM `zs_news` `a` WHERE  `news_open` = '1'  AND `news_l` = 'zh-cn'  AND `news_back` = 0  AND `news_columnid` IN (16) ORDER BY news_time desc LIMIT 7 [ RunTime:0.001129s ]
[ error ] [2]unlink(D:\UPUPW\htdocs\zs\1.1.0/data/runtime/cron.lock): No such file or directory

---------------------------------------------------------------
[ 2017-09-12T08:36:13+08:00 ] [ sql ] [ DB ] CONNECT:[ UseTime:0.021949s ] mysql:dbname=zhaosheng;host=127.0.0.1;port=3306;charset=utf8
[ sql ] [ SQL ] SHOW COLUMNS FROM `zs_news` [ RunTime:0.012443s ]
[ sql ] [ SQL ] SELECT `news_content`,`news_title`,`n_id`,`news_columnid`,`news_time` FROM `zs_news` `a` WHERE  `news_open` = '1'  AND `news_l` = 'zh-cn'  AND `news_back` = 0  AND `news_columnid` IN (17) ORDER BY news_time desc LIMIT 7 [ RunTime:0.000907s ]
[ sql ] [ SQL ] SELECT `news_content`,`news_title`,`n_id`,`news_columnid`,`news_time` FROM `zs_news` `a` WHERE  `news_open` = '1'  AND `news_l` = 'zh-cn'  AND `news_back` = 0  AND `news_columnid` IN (18) ORDER BY news_time desc LIMIT 7 [ RunTime:0.000782s ]
[ sql ] [ SQL ] SELECT `news_content`,`news_title`,`n_id`,`news_columnid`,`news_time` FROM `zs_news` `a` WHERE  `news_open` = '1'  AND `news_l` = 'zh-cn'  AND `news_back` = 0  AND `news_columnid` IN (16) ORDER BY news_time desc LIMIT 7 [ RunTime:0.001067s ]
[ error ] [2]unlink(D:\UPUPW\htdocs\zs\1.1.0/data/runtime/cron.lock): No such file or directory

---------------------------------------------------------------
[ 2017-09-12T08:36:17+08:00 ] [ sql ] [ DB ] CONNECT:[ UseTime:0.011215s ] mysql:dbname=zhaosheng;host=127.0.0.1;port=3306;charset=utf8
[ sql ] [ SQL ] SHOW COLUMNS FROM `zs_news` [ RunTime:0.006392s ]
[ sql ] [ SQL ] SELECT `news_content`,`news_title`,`n_id`,`news_columnid`,`news_time` FROM `zs_news` `a` WHERE  `news_open` = '1'  AND `news_l` = 'zh-cn'  AND `news_back` = 0  AND `news_columnid` IN (17) ORDER BY news_time desc LIMIT 7 [ RunTime:0.001379s ]
[ sql ] [ SQL ] SELECT `news_content`,`news_title`,`n_id`,`news_columnid`,`news_time` FROM `zs_news` `a` WHERE  `news_open` = '1'  AND `news_l` = 'zh-cn'  AND `news_back` = 0  AND `news_columnid` IN (18) ORDER BY news_time desc LIMIT 7 [ RunTime:0.001609s ]
[ sql ] [ SQL ] SELECT `news_content`,`news_title`,`n_id`,`news_columnid`,`news_time` FROM `zs_news` `a` WHERE  `news_open` = '1'  AND `news_l` = 'zh-cn'  AND `news_back` = 0  AND `news_columnid` IN (16) ORDER BY news_time desc LIMIT 7 [ RunTime:0.001097s ]

---------------------------------------------------------------
[ 2017-09-12T08:36:53+08:00 ] [ sql ] [ DB ] CONNECT:[ UseTime:0.004269s ] mysql:dbname=zhaosheng;host=127.0.0.1;port=3306;charset=utf8
[ sql ] [ SQL ] SHOW COLUMNS FROM `zs_web_log` [ RunTime:0.005414s ]
[ sql ] [ SQL ] INSERT INTO `zs_web_log` (`uid` , `ip` , `location` , `os` , `browser` , `url` , `module` , `controller` , `action` , `method` , `data` , `otime`) VALUES (0 , '112.96.115.71' , '中国 广东  ' , 'Linux' , 'Chrome(53.0.2785.49)' , '/home/login/runlogin.html' , 'home' , 'Login' , 'runlogin' , 'Ajax' , 's:12:\"保密数据\";' , 1505176613) [ RunTime:0.001572s ]

---------------------------------------------------------------
[ 2017-09-12T08:37:07+08:00 ] [ sql ] [ DB ] CONNECT:[ UseTime:0.012995s ] mysql:dbname=zhaosheng;host=127.0.0.1;port=3306;charset=utf8
[ sql ] [ SQL ] SHOW COLUMNS FROM `zs_web_log` [ RunTime:0.005348s ]
[ sql ] [ SQL ] INSERT INTO `zs_web_log` (`uid` , `ip` , `location` , `os` , `browser` , `url` , `module` , `controller` , `action` , `method` , `data` , `otime`) VALUES (0 , '112.96.115.71' , '中国 广东  ' , 'Linux' , 'Chrome(53.0.2785.49)' , '/home/login/runlogin.html' , 'home' , 'Login' , 'runlogin' , 'Ajax' , 's:12:\"保密数据\";' , 1505176626) [ RunTime:0.000796s ]

---------------------------------------------------------------
[ 2017-09-12T08:37:18+08:00 ] [ sql ] [ DB ] CONNECT:[ UseTime:0.011083s ] mysql:dbname=zhaosheng;host=127.0.0.1;port=3306;charset=utf8
[ sql ] [ SQL ] SHOW COLUMNS FROM `zs_web_log` [ RunTime:0.005460s ]
[ sql ] [ SQL ] INSERT INTO `zs_web_log` (`uid` , `ip` , `location` , `os` , `browser` , `url` , `module` , `controller` , `action` , `method` , `data` , `otime`) VALUES (0 , '112.96.115.71' , '中国 广东  ' , 'Linux' , 'Chrome(53.0.2785.49)' , '/home/login/runlogin.html' , 'home' , 'Login' , 'runlogin' , 'Ajax' , 's:12:\"保密数据\";' , 1505176638) [ RunTime:0.000843s ]
[ error ] [2]join(): Invalid arguments passed

---------------------------------------------------------------
[ 2017-09-12T08:37:21+08:00 ] [ sql ] [ DB ] CONNECT:[ UseTime:0.007417s ] mysql:dbname=zhaosheng;host=127.0.0.1;port=3306;charset=utf8
[ sql ] [ SQL ] SHOW COLUMNS FROM `zs_web_log` [ RunTime:0.005418s ]
[ sql ] [ SQL ] INSERT INTO `zs_web_log` (`uid` , `ip` , `location` , `os` , `browser` , `url` , `module` , `controller` , `action` , `method` , `data` , `otime`) VALUES (0 , '112.96.115.71' , '中国 广东  ' , 'Linux' , 'Chrome(53.0.2785.49)' , '/home/login/runlogin.html' , 'home' , 'Login' , 'runlogin' , 'Ajax' , 's:12:\"保密数据\";' , 1505176641) [ RunTime:0.000751s ]

---------------------------------------------------------------
[ 2017-09-12T08:37:37+08:00 ] [ sql ] [ DB ] CONNECT:[ UseTime:0.011490s ] mysql:dbname=zhaosheng;host=127.0.0.1;port=3306;charset=utf8
[ sql ] [ SQL ] SHOW COLUMNS FROM `zs_web_log` [ RunTime:0.005441s ]
[ sql ] [ SQL ] INSERT INTO `zs_web_log` (`uid` , `ip` , `location` , `os` , `browser` , `url` , `module` , `controller` , `action` , `method` , `data` , `otime`) VALUES (0 , '112.96.115.71' , '中国 广东  ' , 'Linux' , 'Chrome(53.0.2785.49)' , '/home/login/runlogin.html' , 'home' , 'Login' , 'runlogin' , 'Ajax' , 's:12:\"保密数据\";' , 1505176657) [ RunTime:0.001096s ]
[ error ] [2]join(): Invalid arguments passed

---------------------------------------------------------------
[ 2017-09-12T08:37:38+08:00 ] [ sql ] [ DB ] CONNECT:[ UseTime:0.018682s ] mysql:dbname=zhaosheng;host=127.0.0.1;port=3306;charset=utf8
[ sql ] [ SQL ] SHOW COLUMNS FROM `zs_web_log` [ RunTime:0.008058s ]
[ sql ] [ SQL ] INSERT INTO `zs_web_log` (`uid` , `ip` , `location` , `os` , `browser` , `url` , `module` , `controller` , `action` , `method` , `data` , `otime`) VALUES (0 , '112.96.115.71' , '中国 广东  ' , 'Linux' , 'Chrome(53.0.2785.49)' , '/home/login/runlogin.html' , 'home' , 'Login' , 'runlogin' , 'Ajax' , 's:12:\"保密数据\";' , 1505176658) [ RunTime:0.001017s ]

---------------------------------------------------------------
[ 2017-09-12T08:40:54+08:00 ] [ sql ] [ DB ] CONNECT:[ UseTime:0.006256s ] mysql:dbname=zhaosheng;host=127.0.0.1;port=3306;charset=utf8
[ sql ] [ SQL ] SHOW COLUMNS FROM `zs_news` [ RunTime:0.006184s ]
[ sql ] [ SQL ] SELECT `news_content`,`news_title`,`n_id`,`news_columnid`,`news_time` FROM `zs_news` `a` WHERE  `news_open` = '1'  AND `news_l` = 'zh-cn'  AND `news_back` = 0  AND `news_columnid` IN (17) ORDER BY news_time desc LIMIT 7 [ RunTime:0.000977s ]
[ sql ] [ SQL ] SELECT `news_content`,`news_title`,`n_id`,`news_columnid`,`news_time` FROM `zs_news` `a` WHERE  `news_open` = '1'  AND `news_l` = 'zh-cn'  AND `news_back` = 0  AND `news_columnid` IN (18) ORDER BY news_time desc LIMIT 7 [ RunTime:0.000828s ]
[ sql ] [ SQL ] SELECT `news_content`,`news_title`,`n_id`,`news_columnid`,`news_time` FROM `zs_news` `a` WHERE  `news_open` = '1'  AND `news_l` = 'zh-cn'  AND `news_back` = 0  AND `news_columnid` IN (16) ORDER BY news_time desc LIMIT 7 [ RunTime:0.000906s ]

---------------------------------------------------------------
[ 2017-09-12T09:42:25+08:00 ] [ sql ] [ DB ] CONNECT:[ UseTime:0.008933s ] mysql:dbname=zhaosheng;host=127.0.0.1;port=3306;charset=utf8
[ sql ] [ SQL ] SHOW COLUMNS FROM `zs_news` [ RunTime:0.005975s ]
[ sql ] [ SQL ] SELECT `news_content`,`news_title`,`n_id`,`news_columnid`,`news_time` FROM `zs_news` `a` WHERE  `news_open` = '1'  AND `news_l` = 'zh-cn'  AND `news_back` = 0  AND `news_columnid` IN (17) ORDER BY news_time desc LIMIT 7 [ RunTime:0.003230s ]
[ sql ] [ SQL ] SELECT `news_content`,`news_title`,`n_id`,`news_columnid`,`news_time` FROM `zs_news` `a` WHERE  `news_open` = '1'  AND `news_l` = 'zh-cn'  AND `news_back` = 0  AND `news_columnid` IN (18) ORDER BY news_time desc LIMIT 7 [ RunTime:0.000752s ]
[ sql ] [ SQL ] SELECT `news_content`,`news_title`,`n_id`,`news_columnid`,`news_time` FROM `zs_news` `a` WHERE  `news_open` = '1'  AND `news_l` = 'zh-cn'  AND `news_back` = 0  AND `news_columnid` IN (16) ORDER BY news_time desc LIMIT 7 [ RunTime:0.000836s ]

---------------------------------------------------------------
[ 2017-09-12T10:29:36+08:00 ] [ sql ] [ DB ] CONNECT:[ UseTime:0.008639s ] mysql:dbname=zhaosheng;host=127.0.0.1;port=3306;charset=utf8
[ sql ] [ SQL ] SHOW COLUMNS FROM `zs_news` [ RunTime:0.005850s ]
[ sql ] [ SQL ] SELECT `news_content`,`news_title`,`n_id`,`news_columnid`,`news_time` FROM `zs_news` `a` WHERE  `news_open` = '1'  AND `news_l` = 'zh-cn'  AND `news_back` = 0  AND `news_columnid` IN (17) ORDER BY news_time desc LIMIT 7 [ RunTime:0.000966s ]
[ sql ] [ SQL ] SELECT `news_content`,`news_title`,`n_id`,`news_columnid`,`news_time` FROM `zs_news` `a` WHERE  `news_open` = '1'  AND `news_l` = 'zh-cn'  AND `news_back` = 0  AND `news_columnid` IN (18) ORDER BY news_time desc LIMIT 7 [ RunTime:0.000733s ]
[ sql ] [ SQL ] SELECT `news_content`,`news_title`,`n_id`,`news_columnid`,`news_time` FROM `zs_news` `a` WHERE  `news_open` = '1'  AND `news_l` = 'zh-cn'  AND `news_back` = 0  AND `news_columnid` IN (16) ORDER BY news_time desc LIMIT 7 [ RunTime:0.001258s ]

---------------------------------------------------------------
[ 2017-09-12T12:39:52+08:00 ] [ log ] Cron:clearlog Runat 2017-09-12 12:39:52 Use 0.001895 s


[ 2017-09-12T12:39:52+08:00 ] [ sql ] [ DB ] CONNECT:[ UseTime:0.006974s ] mysql:dbname=zhaosheng;host=127.0.0.1;port=3306;charset=utf8
[ sql ] [ SQL ] SHOW COLUMNS FROM `zs_menu` [ RunTime:0.005479s ]
[ sql ] [ SQL ] SELECT * FROM `zs_menu` WHERE  `id` = 18 LIMIT 1 [ RunTime:0.000656s ]
[ sql ] [ SQL ] SHOW COLUMNS FROM `zs_model` [ RunTime:0.004873s ]
[ sql ] [ SQL ] SELECT * FROM `zs_model` WHERE  `model_id` = 0 LIMIT 1 [ RunTime:0.000498s ]
[ sql ] [ SQL ] SHOW COLUMNS FROM `zs_news` [ RunTime:0.007093s ]
[ sql ] [ SQL ] SELECT COUNT(*) AS tp_count FROM `zs_news` WHERE  `news_open` = '1'  AND `news_l` = 'zh-cn'  AND `news_back` = 0  AND `news_columnid` IN (18) LIMIT 1 [ RunTime:0.000698s ]
[ sql ] [ SQL ] SELECT COUNT(*) AS tp_count FROM `zs_news` `a` WHERE  `news_open` = '1'  AND `news_l` = 'zh-cn'  AND `news_back` = 0  AND `news_columnid` IN (18) LIMIT 1 [ RunTime:0.000751s ]
[ sql ] [ SQL ] SELECT * FROM `zs_news` `a` WHERE  `news_open` = '1'  AND `news_l` = 'zh-cn'  AND `news_back` = 0  AND `news_columnid` IN (18) ORDER BY news_time desc LIMIT 0,10 [ RunTime:0.001737s ]

---------------------------------------------------------------
[ 2017-09-12T13:19:11+08:00 ] [ sql ] [ DB ] CONNECT:[ UseTime:0.008052s ] mysql:dbname=zhaosheng;host=127.0.0.1;port=3306;charset=utf8
[ sql ] [ SQL ] SHOW COLUMNS FROM `zs_news` [ RunTime:0.006722s ]
[ sql ] [ SQL ] SELECT `news_content`,`news_title`,`n_id`,`news_columnid`,`news_time` FROM `zs_news` `a` WHERE  `news_open` = '1'  AND `news_l` = 'zh-cn'  AND `news_back` = 0  AND `news_columnid` IN (17) ORDER BY news_time desc LIMIT 7 [ RunTime:0.000882s ]
[ sql ] [ SQL ] SELECT `news_content`,`news_title`,`n_id`,`news_columnid`,`news_time` FROM `zs_news` `a` WHERE  `news_open` = '1'  AND `news_l` = 'zh-cn'  AND `news_back` = 0  AND `news_columnid` IN (18) ORDER BY news_time desc LIMIT 7 [ RunTime:0.000670s ]
[ sql ] [ SQL ] SELECT `news_content`,`news_title`,`n_id`,`news_columnid`,`news_time` FROM `zs_news` `a` WHERE  `news_open` = '1'  AND `news_l` = 'zh-cn'  AND `news_back` = 0  AND `news_columnid` IN (16) ORDER BY news_time desc LIMIT 7 [ RunTime:0.000841s ]

---------------------------------------------------------------
[ 2017-09-12T13:19:23+08:00 ] [ sql ] [ DB ] CONNECT:[ UseTime:0.015723s ] mysql:dbname=zhaosheng;host=127.0.0.1;port=3306;charset=utf8
[ sql ] [ SQL ] SHOW COLUMNS FROM `zs_news` [ RunTime:0.005599s ]
[ sql ] [ SQL ] SELECT * FROM `zs_news` `a` INNER JOIN `zs_admin` `b` ON `a`.`news_auto`=`b`.`admin_id` WHERE  `n_id` = 40  AND `news_open` = '1'  AND `news_back` = 0 LIMIT 1 [ RunTime:0.001258s ]
[ sql ] [ SQL ] SHOW COLUMNS FROM `zs_menu` [ RunTime:0.005881s ]
[ sql ] [ SQL ] SELECT * FROM `zs_menu` WHERE  `id` = 17 LIMIT 1 [ RunTime:0.000604s ]
[ sql ] [ SQL ] SHOW COLUMNS FROM `zs_action_log` [ RunTime:0.004871s ]
[ sql ] [ SQL ] SELECT * FROM `zs_action_log` WHERE  `uid` = 0  AND `action` = 'home-News-index'  AND `object` = 'news40' LIMIT 1 [ RunTime:0.000720s ]
[ sql ] [ SQL ] UPDATE `zs_action_log`  SET `count`=count+1,`last_time`=1505193563,`ip`='117.136.41.74'  WHERE  `uid` = 0  AND `action` = 'home-News-index'  AND `object` = 'news40' [ RunTime:0.000710s ]
[ sql ] [ SQL ] UPDATE `zs_news`  SET `news_hits`=news_hits+1  WHERE  `n_id` = 40 [ RunTime:0.000626s ]
[ sql ] [ SQL ] SELECT * FROM `zs_news` WHERE  `news_time` >= 1490535723  AND `n_id` <> 40  AND `news_open` = '1'  AND `news_back` = 0  AND `news_columnid` = 17 ORDER BY news_time asc LIMIT 1 [ RunTime:0.000861s ]
[ sql ] [ SQL ] SELECT * FROM `zs_news` WHERE  `news_time` <= 1490535723  AND `n_id` <> 40  AND `news_open` = '1'  AND `news_back` = 0  AND `news_columnid` = 17 ORDER BY news_time desc LIMIT 1 [ RunTime:0.000812s ]
[ sql ] [ SQL ] SHOW COLUMNS FROM `zs_comments` [ RunTime:0.005011s ]
[ sql ] [ SQL ] SELECT * FROM `zs_comments` `a` INNER JOIN `zs_member_list` `b` ON `a`.`uid`=`b`.`member_list_id` WHERE  `a`.`t_name` = 'news'  AND `a`.`t_id` = '40'  AND `a`.`c_status` = 1 ORDER BY a.createtime ASC [ RunTime:0.000774s ]

---------------------------------------------------------------
[ 2017-09-12T13:20:14+08:00 ] [ sql ] [ DB ] CONNECT:[ UseTime:0.007089s ] mysql:dbname=zhaosheng;host=127.0.0.1;port=3306;charset=utf8
[ sql ] [ SQL ] SHOW COLUMNS FROM `zs_web_log` [ RunTime:0.005399s ]
[ sql ] [ SQL ] INSERT INTO `zs_web_log` (`uid` , `ip` , `location` , `os` , `browser` , `url` , `module` , `controller` , `action` , `method` , `data` , `otime`) VALUES (0 , '117.136.41.74' , '中国 广东  ' , 'Linux' , 'Chrome(35.0.1916.138)' , '/home/login/runlogin.html' , 'home' , 'Login' , 'runlogin' , 'Ajax' , 's:12:\"保密数据\";' , 1505193614) [ RunTime:0.001268s ]
[ sql ] [ SQL ] SHOW COLUMNS FROM `zs_member_list` [ RunTime:0.005894s ]
[ sql ] [ SQL ] SELECT * FROM `zs_member_list` WHERE  `member_list_username` = '440104199912185065' LIMIT 1 [ RunTime:0.001449s ]

---------------------------------------------------------------
[ 2017-09-12T13:20:23+08:00 ] [ sql ] [ DB ] CONNECT:[ UseTime:0.019172s ] mysql:dbname=zhaosheng;host=127.0.0.1;port=3306;charset=utf8
[ sql ] [ SQL ] SHOW COLUMNS FROM `zs_web_log` [ RunTime:0.005372s ]
[ sql ] [ SQL ] INSERT INTO `zs_web_log` (`uid` , `ip` , `location` , `os` , `browser` , `url` , `module` , `controller` , `action` , `method` , `data` , `otime`) VALUES (0 , '117.136.41.74' , '中国 广东  ' , 'Linux' , 'Chrome(35.0.1916.138)' , '/home/login/runlogin.html' , 'home' , 'Login' , 'runlogin' , 'Ajax' , 's:12:\"保密数据\";' , 1505193623) [ RunTime:0.000827s ]

---------------------------------------------------------------
[ 2017-09-12T13:20:23+08:00 ] [ sql ] [ DB ] CONNECT:[ UseTime:0.012078s ] mysql:dbname=zhaosheng;host=127.0.0.1;port=3306;charset=utf8
[ sql ] [ SQL ] SHOW COLUMNS FROM `zs_web_log` [ RunTime:0.006090s ]
[ sql ] [ SQL ] INSERT INTO `zs_web_log` (`uid` , `ip` , `location` , `os` , `browser` , `url` , `module` , `controller` , `action` , `method` , `data` , `otime`) VALUES (0 , '117.136.41.74' , '中国 广东  ' , 'Linux' , 'Chrome(35.0.1916.138)' , '/home/login/runlogin.html' , 'home' , 'Login' , 'runlogin' , 'Ajax' , 's:12:\"保密数据\";' , 1505193623) [ RunTime:0.000823s ]

---------------------------------------------------------------
[ 2017-09-12T13:20:30+08:00 ] [ sql ] [ DB ] CONNECT:[ UseTime:0.006268s ] mysql:dbname=zhaosheng;host=127.0.0.1;port=3306;charset=utf8
[ sql ] [ SQL ] SHOW COLUMNS FROM `zs_web_log` [ RunTime:0.006283s ]
[ sql ] [ SQL ] INSERT INTO `zs_web_log` (`uid` , `ip` , `location` , `os` , `browser` , `url` , `module` , `controller` , `action` , `method` , `data` , `otime`) VALUES (0 , '117.136.41.74' , '中国 广东  ' , 'Linux' , 'Chrome(35.0.1916.138)' , '/home/login/runlogin.html' , 'home' , 'Login' , 'runlogin' , 'Ajax' , 's:12:\"保密数据\";' , 1505193630) [ RunTime:0.003469s ]
[ sql ] [ SQL ] SHOW COLUMNS FROM `zs_member_list` [ RunTime:0.005399s ]
[ sql ] [ SQL ] SELECT * FROM `zs_member_list` WHERE  `member_list_username` = '440104199912185065' LIMIT 1 [ RunTime:0.004022s ]

---------------------------------------------------------------
[ 2017-09-12T13:20:35+08:00 ] [ sql ] [ DB ] CONNECT:[ UseTime:0.009771s ] mysql:dbname=zhaosheng;host=127.0.0.1;port=3306;charset=utf8
[ sql ] [ SQL ] SHOW COLUMNS FROM `zs_menu` [ RunTime:0.005737s ]
[ sql ] [ SQL ] SELECT * FROM `zs_menu` WHERE  `id` = 16 LIMIT 1 [ RunTime:0.000725s ]
[ sql ] [ SQL ] SHOW COLUMNS FROM `zs_model` [ RunTime:0.005954s ]
[ sql ] [ SQL ] SELECT * FROM `zs_model` WHERE  `model_id` = 0 LIMIT 1 [ RunTime:0.000594s ]
[ sql ] [ SQL ] SHOW COLUMNS FROM `zs_news` [ RunTime:0.006131s ]
[ sql ] [ SQL ] SELECT COUNT(*) AS tp_count FROM `zs_news` WHERE  `news_open` = '1'  AND `news_l` = 'zh-cn'  AND `news_back` = 0  AND `news_columnid` IN (16) LIMIT 1 [ RunTime:0.000746s ]
[ sql ] [ SQL ] SELECT COUNT(*) AS tp_count FROM `zs_news` `a` WHERE  `news_open` = '1'  AND `news_l` = 'zh-cn'  AND `news_back` = 0  AND `news_columnid` IN (16) LIMIT 1 [ RunTime:0.000897s ]
[ sql ] [ SQL ] SELECT * FROM `zs_news` `a` WHERE  `news_open` = '1'  AND `news_l` = 'zh-cn'  AND `news_back` = 0  AND `news_columnid` IN (16) ORDER BY news_time desc LIMIT 0,10 [ RunTime:0.001027s ]

---------------------------------------------------------------
[ 2017-09-12T13:20:49+08:00 ] [ sql ] [ DB ] CONNECT:[ UseTime:0.011133s ] mysql:dbname=zhaosheng;host=127.0.0.1;port=3306;charset=utf8
[ sql ] [ SQL ] SHOW COLUMNS FROM `zs_menu` [ RunTime:0.005486s ]
[ sql ] [ SQL ] SELECT * FROM `zs_menu` WHERE  `id` = 16 LIMIT 1 [ RunTime:0.000682s ]
[ sql ] [ SQL ] SHOW COLUMNS FROM `zs_model` [ RunTime:0.005100s ]
[ sql ] [ SQL ] SELECT * FROM `zs_model` WHERE  `model_id` = 0 LIMIT 1 [ RunTime:0.001044s ]
[ sql ] [ SQL ] SHOW COLUMNS FROM `zs_news` [ RunTime:0.005320s ]
[ sql ] [ SQL ] SELECT COUNT(*) AS tp_count FROM `zs_news` WHERE  `news_open` = '1'  AND `news_l` = 'zh-cn'  AND `news_back` = 0  AND `news_columnid` IN (16) LIMIT 1 [ RunTime:0.000795s ]
[ sql ] [ SQL ] SELECT COUNT(*) AS tp_count FROM `zs_news` `a` WHERE  `news_open` = '1'  AND `news_l` = 'zh-cn'  AND `news_back` = 0  AND `news_columnid` IN (16) LIMIT 1 [ RunTime:0.000865s ]
[ sql ] [ SQL ] SELECT * FROM `zs_news` `a` WHERE  `news_open` = '1'  AND `news_l` = 'zh-cn'  AND `news_back` = 0  AND `news_columnid` IN (16) ORDER BY news_time desc LIMIT 0,10 [ RunTime:0.001056s ]

---------------------------------------------------------------
[ 2017-09-12T13:30:29+08:00 ] [ sql ] [ DB ] CONNECT:[ UseTime:0.021624s ] mysql:dbname=zhaosheng;host=127.0.0.1;port=3306;charset=utf8
[ sql ] [ SQL ] SHOW COLUMNS FROM `zs_news` [ RunTime:0.005800s ]
[ sql ] [ SQL ] SELECT `news_content`,`news_title`,`n_id`,`news_columnid`,`news_time` FROM `zs_news` `a` WHERE  `news_open` = '1'  AND `news_l` = 'zh-cn'  AND `news_back` = 0  AND `news_columnid` IN (17) ORDER BY news_time desc LIMIT 7 [ RunTime:0.000977s ]
[ sql ] [ SQL ] SELECT `news_content`,`news_title`,`n_id`,`news_columnid`,`news_time` FROM `zs_news` `a` WHERE  `news_open` = '1'  AND `news_l` = 'zh-cn'  AND `news_back` = 0  AND `news_columnid` IN (18) ORDER BY news_time desc LIMIT 7 [ RunTime:0.001155s ]
[ sql ] [ SQL ] SELECT `news_content`,`news_title`,`n_id`,`news_columnid`,`news_time` FROM `zs_news` `a` WHERE  `news_open` = '1'  AND `news_l` = 'zh-cn'  AND `news_back` = 0  AND `news_columnid` IN (16) ORDER BY news_time desc LIMIT 7 [ RunTime:0.000934s ]

---------------------------------------------------------------
[ 2017-09-12T13:57:49+08:00 ] [ sql ] [ DB ] CONNECT:[ UseTime:0.006206s ] mysql:dbname=zhaosheng;host=127.0.0.1;port=3306;charset=utf8
[ sql ] [ SQL ] SHOW COLUMNS FROM `zs_news` [ RunTime:0.005887s ]
[ sql ] [ SQL ] SELECT `news_content`,`news_title`,`n_id`,`news_columnid`,`news_time` FROM `zs_news` `a` WHERE  `news_open` = '1'  AND `news_l` = 'zh-cn'  AND `news_back` = 0  AND `news_columnid` IN (17) ORDER BY news_time desc LIMIT 7 [ RunTime:0.000876s ]
[ sql ] [ SQL ] SELECT `news_content`,`news_title`,`n_id`,`news_columnid`,`news_time` FROM `zs_news` `a` WHERE  `news_open` = '1'  AND `news_l` = 'zh-cn'  AND `news_back` = 0  AND `news_columnid` IN (18) ORDER BY news_time desc LIMIT 7 [ RunTime:0.000657s ]
[ sql ] [ SQL ] SELECT `news_content`,`news_title`,`n_id`,`news_columnid`,`news_time` FROM `zs_news` `a` WHERE  `news_open` = '1'  AND `news_l` = 'zh-cn'  AND `news_back` = 0  AND `news_columnid` IN (16) ORDER BY news_time desc LIMIT 7 [ RunTime:0.000857s ]

---------------------------------------------------------------
[ 2017-09-12T14:14:45+08:00 ] [ error ] [8]未定义变量: error

---------------------------------------------------------------
[ 2017-09-12T15:41:47+08:00 ] [ sql ] [ DB ] CONNECT:[ UseTime:0.006084s ] mysql:dbname=zhaosheng;host=127.0.0.1;port=3306;charset=utf8
[ sql ] [ SQL ] SHOW COLUMNS FROM `zs_news` [ RunTime:0.008168s ]
[ sql ] [ SQL ] SELECT `news_content`,`news_title`,`n_id`,`news_columnid`,`news_time` FROM `zs_news` `a` WHERE  `news_open` = '1'  AND `news_l` = 'zh-cn'  AND `news_back` = 0  AND `news_columnid` IN (17) ORDER BY news_time desc LIMIT 7 [ RunTime:0.000861s ]
[ sql ] [ SQL ] SELECT `news_content`,`news_title`,`n_id`,`news_columnid`,`news_time` FROM `zs_news` `a` WHERE  `news_open` = '1'  AND `news_l` = 'zh-cn'  AND `news_back` = 0  AND `news_columnid` IN (18) ORDER BY news_time desc LIMIT 7 [ RunTime:0.000606s ]
[ sql ] [ SQL ] SELECT `news_content`,`news_title`,`n_id`,`news_columnid`,`news_time` FROM `zs_news` `a` WHERE  `news_open` = '1'  AND `news_l` = 'zh-cn'  AND `news_back` = 0  AND `news_columnid` IN (16) ORDER BY news_time desc LIMIT 7 [ RunTime:0.000819s ]

---------------------------------------------------------------
[ 2017-09-12T15:42:56+08:00 ] [ sql ] [ DB ] CONNECT:[ UseTime:0.012257s ] mysql:dbname=zhaosheng;host=127.0.0.1;port=3306;charset=utf8
[ sql ] [ SQL ] SHOW COLUMNS FROM `zs_news` [ RunTime:0.005393s ]
[ sql ] [ SQL ] SELECT `news_content`,`news_title`,`n_id`,`news_columnid`,`news_time` FROM `zs_news` `a` WHERE  `news_open` = '1'  AND `news_l` = 'zh-cn'  AND `news_back` = 0  AND `news_columnid` IN (17) ORDER BY news_time desc LIMIT 7 [ RunTime:0.000938s ]
[ sql ] [ SQL ] SELECT `news_content`,`news_title`,`n_id`,`news_columnid`,`news_time` FROM `zs_news` `a` WHERE  `news_open` = '1'  AND `news_l` = 'zh-cn'  AND `news_back` = 0  AND `news_columnid` IN (18) ORDER BY news_time desc LIMIT 7 [ RunTime:0.000709s ]
[ sql ] [ SQL ] SELECT `news_content`,`news_title`,`n_id`,`news_columnid`,`news_time` FROM `zs_news` `a` WHERE  `news_open` = '1'  AND `news_l` = 'zh-cn'  AND `news_back` = 0  AND `news_columnid` IN (16) ORDER BY news_time desc LIMIT 7 [ RunTime:0.000845s ]

---------------------------------------------------------------
[ 2017-09-12T17:36:46+08:00 ] [ sql ] [ DB ] CONNECT:[ UseTime:0.006541s ] mysql:dbname=zhaosheng;host=127.0.0.1;port=3306;charset=utf8
[ sql ] [ SQL ] SHOW COLUMNS FROM `zs_news` [ RunTime:0.005917s ]
[ sql ] [ SQL ] SELECT `news_content`,`news_title`,`n_id`,`news_columnid`,`news_time` FROM `zs_news` `a` WHERE  `news_open` = '1'  AND `news_l` = 'zh-cn'  AND `news_back` = 0  AND `news_columnid` IN (17) ORDER BY news_time desc LIMIT 7 [ RunTime:0.000951s ]
[ sql ] [ SQL ] SELECT `news_content`,`news_title`,`n_id`,`news_columnid`,`news_time` FROM `zs_news` `a` WHERE  `news_open` = '1'  AND `news_l` = 'zh-cn'  AND `news_back` = 0  AND `news_columnid` IN (18) ORDER BY news_time desc LIMIT 7 [ RunTime:0.000773s ]
[ sql ] [ SQL ] SELECT `news_content`,`news_title`,`n_id`,`news_columnid`,`news_time` FROM `zs_news` `a` WHERE  `news_open` = '1'  AND `news_l` = 'zh-cn'  AND `news_back` = 0  AND `news_columnid` IN (16) ORDER BY news_time desc LIMIT 7 [ RunTime:0.001081s ]

---------------------------------------------------------------
[ 2017-09-12T18:00:58+08:00 ] [ sql ] [ DB ] CONNECT:[ UseTime:0.006569s ] mysql:dbname=zhaosheng;host=127.0.0.1;port=3306;charset=utf8
[ sql ] [ SQL ] SHOW COLUMNS FROM `zs_options` [ RunTime:0.005244s ]
[ sql ] [ SQL ] SELECT * FROM `zs_options` WHERE  `option_name` = 'site_options'  AND `option_l` = 'zh' LIMIT 1 [ RunTime:0.000657s ]
[ error ] [0]Fatal error: Call to a member function toArray() on null

---------------------------------------------------------------
[ 2017-09-12T21:19:13+08:00 ] [ sql ] [ DB ] CONNECT:[ UseTime:0.008054s ] mysql:dbname=zhaosheng;host=127.0.0.1;port=3306;charset=utf8
[ sql ] [ SQL ] SHOW COLUMNS FROM `zs_news` [ RunTime:0.006049s ]
[ sql ] [ SQL ] SELECT `news_content`,`news_title`,`n_id`,`news_columnid`,`news_time` FROM `zs_news` `a` WHERE  `news_open` = '1'  AND `news_l` = 'zh-cn'  AND `news_back` = 0  AND `news_columnid` IN (17) ORDER BY news_time desc LIMIT 7 [ RunTime:0.000909s ]
[ sql ] [ SQL ] SELECT `news_content`,`news_title`,`n_id`,`news_columnid`,`news_time` FROM `zs_news` `a` WHERE  `news_open` = '1'  AND `news_l` = 'zh-cn'  AND `news_back` = 0  AND `news_columnid` IN (18) ORDER BY news_time desc LIMIT 7 [ RunTime:0.000674s ]
[ sql ] [ SQL ] SELECT `news_content`,`news_title`,`n_id`,`news_columnid`,`news_time` FROM `zs_news` `a` WHERE  `news_open` = '1'  AND `news_l` = 'zh-cn'  AND `news_back` = 0  AND `news_columnid` IN (16) ORDER BY news_time desc LIMIT 7 [ RunTime:0.000827s ]

---------------------------------------------------------------
