[ 2017-09-17T01:11:01+08:00 ] [ sql ] [ DB ] CONNECT:[ UseTime:0.015800s ] mysql:dbname=zhaosheng;host=127.0.0.1;port=3306;charset=utf8
[ sql ] [ SQL ] SHOW COLUMNS FROM `zs_news` [ RunTime:0.006825s ]
[ sql ] [ SQL ] SELECT `news_content`,`news_title`,`n_id`,`news_columnid`,`news_time` FROM `zs_news` `a` WHERE  `news_open` = '1'  AND `news_l` = 'zh-cn'  AND `news_back` = 0  AND `news_columnid` IN (17) ORDER BY news_time desc LIMIT 7 [ RunTime:0.001162s ]
[ sql ] [ SQL ] SELECT `news_content`,`news_title`,`n_id`,`news_columnid`,`news_time` FROM `zs_news` `a` WHERE  `news_open` = '1'  AND `news_l` = 'zh-cn'  AND `news_back` = 0  AND `news_columnid` IN (18) ORDER BY news_time desc LIMIT 7 [ RunTime:0.000695s ]
[ sql ] [ SQL ] SELECT `news_content`,`news_title`,`n_id`,`news_columnid`,`news_time` FROM `zs_news` `a` WHERE  `news_open` = '1'  AND `news_l` = 'zh-cn'  AND `news_back` = 0  AND `news_columnid` IN (16) ORDER BY news_time desc LIMIT 7 [ RunTime:0.000881s ]

---------------------------------------------------------------
[ 2017-09-17T01:11:02+08:00 ] [ sql ] [ DB ] CONNECT:[ UseTime:0.007080s ] mysql:dbname=zhaosheng;host=127.0.0.1;port=3306;charset=utf8
[ sql ] [ SQL ] SHOW COLUMNS FROM `zs_news` [ RunTime:0.007129s ]
[ sql ] [ SQL ] SELECT * FROM `zs_news` `a` INNER JOIN `zs_admin` `b` ON `a`.`news_auto`=`b`.`admin_id` WHERE  `n_id` = 41  AND `news_open` = '1'  AND `news_back` = 0 LIMIT 1 [ RunTime:0.001737s ]
[ sql ] [ SQL ] SHOW COLUMNS FROM `zs_menu` [ RunTime:0.005633s ]
[ sql ] [ SQL ] SELECT * FROM `zs_menu` WHERE  `id` = 16 LIMIT 1 [ RunTime:0.000578s ]
[ sql ] [ SQL ] SHOW COLUMNS FROM `zs_action_log` [ RunTime:0.005656s ]
[ sql ] [ SQL ] SELECT * FROM `zs_action_log` WHERE  `uid` = 0  AND `action` = 'home-News-index'  AND `object` = 'news41' LIMIT 1 [ RunTime:0.000745s ]
[ sql ] [ SQL ] UPDATE `zs_action_log`  SET `count`=count+1,`last_time`=1505581862,`ip`='106.11.157.213'  WHERE  `uid` = 0  AND `action` = 'home-News-index'  AND `object` = 'news41' [ RunTime:0.000907s ]
[ sql ] [ SQL ] UPDATE `zs_news`  SET `news_hits`=news_hits+1  WHERE  `n_id` = 41 [ RunTime:0.000574s ]
[ sql ] [ SQL ] SELECT * FROM `zs_news` WHERE  `news_time` >= 1490535806  AND `n_id` <> 41  AND `news_open` = '1'  AND `news_back` = 0  AND `news_columnid` = 16 ORDER BY news_time asc LIMIT 1 [ RunTime:0.001034s ]
[ sql ] [ SQL ] SELECT * FROM `zs_news` WHERE  `news_time` <= 1490535806  AND `n_id` <> 41  AND `news_open` = '1'  AND `news_back` = 0  AND `news_columnid` = 16 ORDER BY news_time desc LIMIT 1 [ RunTime:0.000824s ]
[ sql ] [ SQL ] SHOW COLUMNS FROM `zs_comments` [ RunTime:0.005893s ]
[ sql ] [ SQL ] SELECT * FROM `zs_comments` `a` INNER JOIN `zs_member_list` `b` ON `a`.`uid`=`b`.`member_list_id` WHERE  `a`.`t_name` = 'news'  AND `a`.`t_id` = '41'  AND `a`.`c_status` = 1 ORDER BY a.createtime ASC [ RunTime:0.000769s ]

---------------------------------------------------------------
[ 2017-09-17T04:38:45+08:00 ] [ sql ] [ DB ] CONNECT:[ UseTime:0.007098s ] mysql:dbname=zhaosheng;host=127.0.0.1;port=3306;charset=utf8
[ sql ] [ SQL ] SHOW COLUMNS FROM `zs_news` [ RunTime:0.006677s ]
[ sql ] [ SQL ] SELECT `news_content`,`news_title`,`n_id`,`news_columnid`,`news_time` FROM `zs_news` `a` WHERE  `news_open` = '1'  AND `news_l` = 'zh-cn'  AND `news_back` = 0  AND `news_columnid` IN (17) ORDER BY news_time desc LIMIT 7 [ RunTime:0.001050s ]
[ sql ] [ SQL ] SELECT `news_content`,`news_title`,`n_id`,`news_columnid`,`news_time` FROM `zs_news` `a` WHERE  `news_open` = '1'  AND `news_l` = 'zh-cn'  AND `news_back` = 0  AND `news_columnid` IN (18) ORDER BY news_time desc LIMIT 7 [ RunTime:0.001442s ]
[ sql ] [ SQL ] SELECT `news_content`,`news_title`,`n_id`,`news_columnid`,`news_time` FROM `zs_news` `a` WHERE  `news_open` = '1'  AND `news_l` = 'zh-cn'  AND `news_back` = 0  AND `news_columnid` IN (16) ORDER BY news_time desc LIMIT 7 [ RunTime:0.000947s ]

---------------------------------------------------------------
[ 2017-09-17T09:15:55+08:00 ] [ sql ] [ DB ] CONNECT:[ UseTime:0.006260s ] mysql:dbname=zhaosheng;host=127.0.0.1;port=3306;charset=utf8
[ sql ] [ SQL ] SHOW COLUMNS FROM `zs_news` [ RunTime:0.006248s ]
[ sql ] [ SQL ] SELECT `news_content`,`news_title`,`n_id`,`news_columnid`,`news_time` FROM `zs_news` `a` WHERE  `news_open` = '1'  AND `news_l` = 'zh-cn'  AND `news_back` = 0  AND `news_columnid` IN (17) ORDER BY news_time desc LIMIT 7 [ RunTime:0.000847s ]
[ sql ] [ SQL ] SELECT `news_content`,`news_title`,`n_id`,`news_columnid`,`news_time` FROM `zs_news` `a` WHERE  `news_open` = '1'  AND `news_l` = 'zh-cn'  AND `news_back` = 0  AND `news_columnid` IN (18) ORDER BY news_time desc LIMIT 7 [ RunTime:0.000656s ]
[ sql ] [ SQL ] SELECT `news_content`,`news_title`,`n_id`,`news_columnid`,`news_time` FROM `zs_news` `a` WHERE  `news_open` = '1'  AND `news_l` = 'zh-cn'  AND `news_back` = 0  AND `news_columnid` IN (16) ORDER BY news_time desc LIMIT 7 [ RunTime:0.000827s ]

---------------------------------------------------------------
[ 2017-09-17T09:44:06+08:00 ] [ sql ] [ DB ] CONNECT:[ UseTime:0.006172s ] mysql:dbname=zhaosheng;host=127.0.0.1;port=3306;charset=utf8
[ sql ] [ SQL ] SHOW COLUMNS FROM `zs_news` [ RunTime:0.005616s ]
[ sql ] [ SQL ] SELECT `news_content`,`news_title`,`n_id`,`news_columnid`,`news_time` FROM `zs_news` `a` WHERE  `news_open` = '1'  AND `news_l` = 'zh-cn'  AND `news_back` = 0  AND `news_columnid` IN (17) ORDER BY news_time desc LIMIT 7 [ RunTime:0.000877s ]
[ sql ] [ SQL ] SELECT `news_content`,`news_title`,`n_id`,`news_columnid`,`news_time` FROM `zs_news` `a` WHERE  `news_open` = '1'  AND `news_l` = 'zh-cn'  AND `news_back` = 0  AND `news_columnid` IN (18) ORDER BY news_time desc LIMIT 7 [ RunTime:0.000728s ]
[ sql ] [ SQL ] SELECT `news_content`,`news_title`,`n_id`,`news_columnid`,`news_time` FROM `zs_news` `a` WHERE  `news_open` = '1'  AND `news_l` = 'zh-cn'  AND `news_back` = 0  AND `news_columnid` IN (16) ORDER BY news_time desc LIMIT 7 [ RunTime:0.000848s ]

---------------------------------------------------------------
[ 2017-09-17T12:30:19+08:00 ] [ log ] Cron:clearlog Runat 2017-09-17 12:30:19 Use 0.001824 s


[ 2017-09-17T12:30:19+08:00 ] [ sql ] [ DB ] CONNECT:[ UseTime:0.006285s ] mysql:dbname=zhaosheng;host=127.0.0.1;port=3306;charset=utf8
[ sql ] [ SQL ] SHOW COLUMNS FROM `zs_news` [ RunTime:0.005770s ]
[ sql ] [ SQL ] SELECT `news_content`,`news_title`,`n_id`,`news_columnid`,`news_time` FROM `zs_news` `a` WHERE  `news_open` = '1'  AND `news_l` = 'zh-cn'  AND `news_back` = 0  AND `news_columnid` IN (17) ORDER BY news_time desc LIMIT 7 [ RunTime:0.001144s ]
[ sql ] [ SQL ] SELECT `news_content`,`news_title`,`n_id`,`news_columnid`,`news_time` FROM `zs_news` `a` WHERE  `news_open` = '1'  AND `news_l` = 'zh-cn'  AND `news_back` = 0  AND `news_columnid` IN (18) ORDER BY news_time desc LIMIT 7 [ RunTime:0.000668s ]
[ sql ] [ SQL ] SELECT `news_content`,`news_title`,`n_id`,`news_columnid`,`news_time` FROM `zs_news` `a` WHERE  `news_open` = '1'  AND `news_l` = 'zh-cn'  AND `news_back` = 0  AND `news_columnid` IN (16) ORDER BY news_time desc LIMIT 7 [ RunTime:0.000809s ]

---------------------------------------------------------------
[ 2017-09-17T18:38:02+08:00 ] [ sql ] [ DB ] CONNECT:[ UseTime:0.006655s ] mysql:dbname=zhaosheng;host=127.0.0.1;port=3306;charset=utf8
[ sql ] [ SQL ] SHOW COLUMNS FROM `zs_news` [ RunTime:0.006513s ]
[ sql ] [ SQL ] SELECT `news_content`,`news_title`,`n_id`,`news_columnid`,`news_time` FROM `zs_news` `a` WHERE  `news_open` = '1'  AND `news_l` = 'zh-cn'  AND `news_back` = 0  AND `news_columnid` IN (17) ORDER BY news_time desc LIMIT 7 [ RunTime:0.001175s ]
[ sql ] [ SQL ] SELECT `news_content`,`news_title`,`n_id`,`news_columnid`,`news_time` FROM `zs_news` `a` WHERE  `news_open` = '1'  AND `news_l` = 'zh-cn'  AND `news_back` = 0  AND `news_columnid` IN (18) ORDER BY news_time desc LIMIT 7 [ RunTime:0.000967s ]
[ sql ] [ SQL ] SELECT `news_content`,`news_title`,`n_id`,`news_columnid`,`news_time` FROM `zs_news` `a` WHERE  `news_open` = '1'  AND `news_l` = 'zh-cn'  AND `news_back` = 0  AND `news_columnid` IN (16) ORDER BY news_time desc LIMIT 7 [ RunTime:0.000946s ]

---------------------------------------------------------------
[ 2017-09-17T18:43:04+08:00 ] [ sql ] [ DB ] CONNECT:[ UseTime:0.006546s ] mysql:dbname=zhaosheng;host=127.0.0.1;port=3306;charset=utf8
[ sql ] [ SQL ] SHOW COLUMNS FROM `zs_news` [ RunTime:0.006211s ]
[ sql ] [ SQL ] SELECT `news_content`,`news_title`,`n_id`,`news_columnid`,`news_time` FROM `zs_news` `a` WHERE  `news_open` = '1'  AND `news_l` = 'zh-cn'  AND `news_back` = 0  AND `news_columnid` IN (17) ORDER BY news_time desc LIMIT 7 [ RunTime:0.001044s ]
[ sql ] [ SQL ] SELECT `news_content`,`news_title`,`n_id`,`news_columnid`,`news_time` FROM `zs_news` `a` WHERE  `news_open` = '1'  AND `news_l` = 'zh-cn'  AND `news_back` = 0  AND `news_columnid` IN (18) ORDER BY news_time desc LIMIT 7 [ RunTime:0.000659s ]
[ sql ] [ SQL ] SELECT `news_content`,`news_title`,`n_id`,`news_columnid`,`news_time` FROM `zs_news` `a` WHERE  `news_open` = '1'  AND `news_l` = 'zh-cn'  AND `news_back` = 0  AND `news_columnid` IN (16) ORDER BY news_time desc LIMIT 7 [ RunTime:0.001217s ]

---------------------------------------------------------------
[ 2017-09-17T20:06:56+08:00 ] [ sql ] [ DB ] CONNECT:[ UseTime:0.006511s ] mysql:dbname=zhaosheng;host=127.0.0.1;port=3306;charset=utf8
[ sql ] [ SQL ] SHOW COLUMNS FROM `zs_news` [ RunTime:0.006622s ]
[ sql ] [ SQL ] SELECT `news_content`,`news_title`,`n_id`,`news_columnid`,`news_time` FROM `zs_news` `a` WHERE  `news_open` = '1'  AND `news_l` = 'zh-cn'  AND `news_back` = 0  AND `news_columnid` IN (17) ORDER BY news_time desc LIMIT 7 [ RunTime:0.001009s ]
[ sql ] [ SQL ] SELECT `news_content`,`news_title`,`n_id`,`news_columnid`,`news_time` FROM `zs_news` `a` WHERE  `news_open` = '1'  AND `news_l` = 'zh-cn'  AND `news_back` = 0  AND `news_columnid` IN (18) ORDER BY news_time desc LIMIT 7 [ RunTime:0.000802s ]
[ sql ] [ SQL ] SELECT `news_content`,`news_title`,`n_id`,`news_columnid`,`news_time` FROM `zs_news` `a` WHERE  `news_open` = '1'  AND `news_l` = 'zh-cn'  AND `news_back` = 0  AND `news_columnid` IN (16) ORDER BY news_time desc LIMIT 7 [ RunTime:0.001023s ]

---------------------------------------------------------------
[ 2017-09-17T20:07:08+08:00 ] [ sql ] [ DB ] CONNECT:[ UseTime:0.019285s ] mysql:dbname=zhaosheng;host=127.0.0.1;port=3306;charset=utf8
[ sql ] [ SQL ] SHOW COLUMNS FROM `zs_news` [ RunTime:0.005561s ]
[ sql ] [ SQL ] SELECT * FROM `zs_news` `a` INNER JOIN `zs_admin` `b` ON `a`.`news_auto`=`b`.`admin_id` WHERE  `n_id` = 40  AND `news_open` = '1'  AND `news_back` = 0 LIMIT 1 [ RunTime:0.001767s ]
[ sql ] [ SQL ] SHOW COLUMNS FROM `zs_menu` [ RunTime:0.005172s ]
[ sql ] [ SQL ] SELECT * FROM `zs_menu` WHERE  `id` = 17 LIMIT 1 [ RunTime:0.000616s ]
[ sql ] [ SQL ] SHOW COLUMNS FROM `zs_action_log` [ RunTime:0.005518s ]
[ sql ] [ SQL ] SELECT * FROM `zs_action_log` WHERE  `uid` = 0  AND `action` = 'home-News-index'  AND `object` = 'news40' LIMIT 1 [ RunTime:0.000833s ]
[ sql ] [ SQL ] UPDATE `zs_action_log`  SET `count`=count+1,`last_time`=1505650028,`ip`='117.136.41.74'  WHERE  `uid` = 0  AND `action` = 'home-News-index'  AND `object` = 'news40' [ RunTime:0.000616s ]
[ sql ] [ SQL ] UPDATE `zs_news`  SET `news_hits`=news_hits+1  WHERE  `n_id` = 40 [ RunTime:0.000566s ]
[ sql ] [ SQL ] SELECT * FROM `zs_news` WHERE  `news_time` >= 1490535723  AND `n_id` <> 40  AND `news_open` = '1'  AND `news_back` = 0  AND `news_columnid` = 17 ORDER BY news_time asc LIMIT 1 [ RunTime:0.001415s ]
[ sql ] [ SQL ] SELECT * FROM `zs_news` WHERE  `news_time` <= 1490535723  AND `n_id` <> 40  AND `news_open` = '1'  AND `news_back` = 0  AND `news_columnid` = 17 ORDER BY news_time desc LIMIT 1 [ RunTime:0.000842s ]
[ sql ] [ SQL ] SHOW COLUMNS FROM `zs_comments` [ RunTime:0.005238s ]
[ sql ] [ SQL ] SELECT * FROM `zs_comments` `a` INNER JOIN `zs_member_list` `b` ON `a`.`uid`=`b`.`member_list_id` WHERE  `a`.`t_name` = 'news'  AND `a`.`t_id` = '40'  AND `a`.`c_status` = 1 ORDER BY a.createtime ASC [ RunTime:0.000846s ]

---------------------------------------------------------------
[ 2017-09-17T20:07:16+08:00 ] [ sql ] [ DB ] CONNECT:[ UseTime:0.011403s ] mysql:dbname=zhaosheng;host=127.0.0.1;port=3306;charset=utf8
[ sql ] [ SQL ] SHOW COLUMNS FROM `zs_news` [ RunTime:0.005570s ]
[ sql ] [ SQL ] SELECT `news_content`,`news_title`,`n_id`,`news_columnid`,`news_time` FROM `zs_news` `a` WHERE  `news_open` = '1'  AND `news_l` = 'zh-cn'  AND `news_back` = 0  AND `news_columnid` IN (17) ORDER BY news_time desc LIMIT 7 [ RunTime:0.000924s ]
[ sql ] [ SQL ] SELECT `news_content`,`news_title`,`n_id`,`news_columnid`,`news_time` FROM `zs_news` `a` WHERE  `news_open` = '1'  AND `news_l` = 'zh-cn'  AND `news_back` = 0  AND `news_columnid` IN (18) ORDER BY news_time desc LIMIT 7 [ RunTime:0.000659s ]
[ sql ] [ SQL ] SELECT `news_content`,`news_title`,`n_id`,`news_columnid`,`news_time` FROM `zs_news` `a` WHERE  `news_open` = '1'  AND `news_l` = 'zh-cn'  AND `news_back` = 0  AND `news_columnid` IN (16) ORDER BY news_time desc LIMIT 7 [ RunTime:0.000830s ]

---------------------------------------------------------------
[ 2017-09-17T20:07:34+08:00 ] [ sql ] [ DB ] CONNECT:[ UseTime:0.005501s ] mysql:dbname=zhaosheng;host=127.0.0.1;port=3306;charset=utf8
[ sql ] [ SQL ] SHOW COLUMNS FROM `zs_web_log` [ RunTime:0.005229s ]
[ sql ] [ SQL ] INSERT INTO `zs_web_log` (`uid` , `ip` , `location` , `os` , `browser` , `url` , `module` , `controller` , `action` , `method` , `data` , `otime`) VALUES (0 , '117.136.41.74' , '中国 广东  ' , 'Linux' , 'Chrome(37.0.0.0)' , '/home/login/runlogin.html' , 'home' , 'Login' , 'runlogin' , 'Ajax' , 's:12:\"保密数据\";' , 1505650054) [ RunTime:0.001284s ]
[ sql ] [ SQL ] SHOW COLUMNS FROM `zs_member_list` [ RunTime:0.005597s ]
[ sql ] [ SQL ] SELECT * FROM `zs_member_list` WHERE  `member_list_username` = '440102200006265621' LIMIT 1 [ RunTime:0.001131s ]
[ sql ] [ SQL ] UPDATE `zs_member_list`  SET `last_login_time`=1505650054,`last_login_ip`='117.136.41.74'  WHERE  `member_list_id` = 476 [ RunTime:0.000973s ]
[ sql ] [ SQL ] SHOW COLUMNS FROM `zs_admin` [ RunTime:0.005104s ]
[ sql ] [ SQL ] SELECT * FROM `zs_admin` WHERE  `member_id` = 476 LIMIT 1 [ RunTime:0.000674s ]

---------------------------------------------------------------
[ 2017-09-17T20:07:35+08:00 ] [ sql ] [ DB ] CONNECT:[ UseTime:0.019463s ] mysql:dbname=zhaosheng;host=127.0.0.1;port=3306;charset=utf8
[ sql ] [ SQL ] SHOW COLUMNS FROM `zs_member_list` [ RunTime:0.005794s ]
[ sql ] [ SQL ] SELECT * FROM `zs_member_list` WHERE  `member_list_id` = 476 LIMIT 1 [ RunTime:0.000806s ]
[ sql ] [ SQL ] SHOW COLUMNS FROM `zs_admin` [ RunTime:0.005016s ]
[ sql ] [ SQL ] SELECT * FROM `zs_admin` WHERE  `member_id` = 476 LIMIT 1 [ RunTime:0.000617s ]
[ sql ] [ SQL ] SELECT * FROM `zs_member_list` `m` INNER JOIN `zs_member_info` `mi` ON `m`.`member_list_id`=`mi`.`member_list_id` WHERE  `m`.`member_list_id` = 476 LIMIT 1 [ RunTime:0.002925s ]
[ sql ] [ SQL ] SHOW COLUMNS FROM `zs_major` [ RunTime:0.005055s ]
[ sql ] [ SQL ] SELECT * FROM `zs_major` WHERE  `major_id` = 11 LIMIT 1 [ RunTime:0.000605s ]
[ sql ] [ SQL ] SHOW COLUMNS FROM `zs_school` [ RunTime:0.004794s ]
[ sql ] [ SQL ] SELECT * FROM `zs_school` WHERE  `school_id` = 7 LIMIT 1 [ RunTime:0.000672s ]
[ sql ] [ SQL ] SHOW COLUMNS FROM `zs_recruit_major` [ RunTime:0.005814s ]
[ sql ] [ SQL ] SELECT * FROM `zs_recruit_major` `rm` INNER JOIN `zs_enrollment` `e` ON `e`.`recruit_major_id`=`rm`.`recruit_major_id` WHERE  `e`.`major_ids` LIKE '%,11,%'  AND `e`.`school_id` = 7 LIMIT 1 [ RunTime:0.000767s ]

---------------------------------------------------------------
[ 2017-09-17T20:07:44+08:00 ] [ sql ] [ DB ] CONNECT:[ UseTime:0.005907s ] mysql:dbname=zhaosheng;host=127.0.0.1;port=3306;charset=utf8
[ sql ] [ SQL ] SHOW COLUMNS FROM `zs_member_list` [ RunTime:0.012739s ]
[ sql ] [ SQL ] SELECT * FROM `zs_member_list` WHERE  `member_list_id` = 476 LIMIT 1 [ RunTime:0.012454s ]
[ sql ] [ SQL ] SHOW COLUMNS FROM `zs_admin` [ RunTime:0.006555s ]
[ sql ] [ SQL ] SELECT * FROM `zs_admin` WHERE  `member_id` = 476 LIMIT 1 [ RunTime:0.002099s ]
[ sql ] [ SQL ] SHOW COLUMNS FROM `zs_news` [ RunTime:0.006682s ]
[ sql ] [ SQL ] SELECT `news_content`,`news_title`,`n_id`,`news_columnid`,`news_time` FROM `zs_news` `a` WHERE  `news_open` = '1'  AND `news_l` = 'zh-cn'  AND `news_back` = 0  AND `news_columnid` IN (17) ORDER BY news_time desc LIMIT 7 [ RunTime:0.001873s ]
[ sql ] [ SQL ] SELECT `news_content`,`news_title`,`n_id`,`news_columnid`,`news_time` FROM `zs_news` `a` WHERE  `news_open` = '1'  AND `news_l` = 'zh-cn'  AND `news_back` = 0  AND `news_columnid` IN (18) ORDER BY news_time desc LIMIT 7 [ RunTime:0.001752s ]
[ sql ] [ SQL ] SELECT `news_content`,`news_title`,`n_id`,`news_columnid`,`news_time` FROM `zs_news` `a` WHERE  `news_open` = '1'  AND `news_l` = 'zh-cn'  AND `news_back` = 0  AND `news_columnid` IN (16) ORDER BY news_time desc LIMIT 7 [ RunTime:0.001508s ]

---------------------------------------------------------------
[ 2017-09-17T20:07:49+08:00 ] [ error ] [8]未定义变量: error

---------------------------------------------------------------
[ 2017-09-17T20:07:53+08:00 ] [ sql ] [ DB ] CONNECT:[ UseTime:0.014863s ] mysql:dbname=zhaosheng;host=127.0.0.1;port=3306;charset=utf8
[ sql ] [ SQL ] SHOW COLUMNS FROM `zs_member_list` [ RunTime:0.006567s ]
[ sql ] [ SQL ] SELECT * FROM `zs_member_list` WHERE  `member_list_id` = 476 LIMIT 1 [ RunTime:0.000940s ]
[ sql ] [ SQL ] SHOW COLUMNS FROM `zs_admin` [ RunTime:0.005550s ]
[ sql ] [ SQL ] SELECT * FROM `zs_admin` WHERE  `member_id` = 476 LIMIT 1 [ RunTime:0.000680s ]
[ sql ] [ SQL ] SHOW COLUMNS FROM `zs_news` [ RunTime:0.006256s ]
[ sql ] [ SQL ] SELECT * FROM `zs_news` `a` INNER JOIN `zs_admin` `b` ON `a`.`news_auto`=`b`.`admin_id` WHERE  `n_id` = 43  AND `news_open` = '1'  AND `news_back` = 0 LIMIT 1 [ RunTime:0.000988s ]
[ sql ] [ SQL ] SHOW COLUMNS FROM `zs_menu` [ RunTime:0.005157s ]
[ sql ] [ SQL ] SELECT * FROM `zs_menu` WHERE  `id` = 16 LIMIT 1 [ RunTime:0.000945s ]
[ sql ] [ SQL ] SHOW COLUMNS FROM `zs_action_log` [ RunTime:0.005128s ]
[ sql ] [ SQL ] SELECT * FROM `zs_action_log` WHERE  `uid` = 476  AND `action` = 'home-News-index'  AND `object` = 'news43' LIMIT 1 [ RunTime:0.000785s ]
[ sql ] [ SQL ] UPDATE `zs_action_log`  SET `count`=count+1,`last_time`=1505650073,`ip`='117.136.41.74'  WHERE  `uid` = 476  AND `action` = 'home-News-index'  AND `object` = 'news43' [ RunTime:0.000839s ]
[ sql ] [ SQL ] UPDATE `zs_news`  SET `news_hits`=news_hits+1  WHERE  `n_id` = 43 [ RunTime:0.001149s ]
[ sql ] [ SQL ] SELECT * FROM `zs_news` WHERE  `news_time` >= 1490535915  AND `n_id` <> 43  AND `news_open` = '1'  AND `news_back` = 0  AND `news_columnid` = 16 ORDER BY news_time asc LIMIT 1 [ RunTime:0.000830s ]
[ sql ] [ SQL ] SELECT * FROM `zs_news` WHERE  `news_time` <= 1490535915  AND `n_id` <> 43  AND `news_open` = '1'  AND `news_back` = 0  AND `news_columnid` = 16 ORDER BY news_time desc LIMIT 1 [ RunTime:0.000842s ]
[ sql ] [ SQL ] SHOW COLUMNS FROM `zs_comments` [ RunTime:0.005602s ]
[ sql ] [ SQL ] SELECT * FROM `zs_comments` `a` INNER JOIN `zs_member_list` `b` ON `a`.`uid`=`b`.`member_list_id` WHERE  `a`.`t_name` = 'news'  AND `a`.`t_id` = '43'  AND `a`.`c_status` = 1 ORDER BY a.createtime ASC [ RunTime:0.000705s ]

---------------------------------------------------------------
[ 2017-09-17T20:08:21+08:00 ] [ sql ] [ DB ] CONNECT:[ UseTime:0.019113s ] mysql:dbname=zhaosheng;host=127.0.0.1;port=3306;charset=utf8
[ sql ] [ SQL ] SHOW COLUMNS FROM `zs_news` [ RunTime:0.005863s ]
[ sql ] [ SQL ] SELECT * FROM `zs_news` `a` INNER JOIN `zs_admin` `b` ON `a`.`news_auto`=`b`.`admin_id` WHERE  `n_id` = 43  AND `news_open` = '1'  AND `news_back` = 0 LIMIT 1 [ RunTime:0.001233s ]
[ sql ] [ SQL ] SHOW COLUMNS FROM `zs_menu` [ RunTime:0.005158s ]
[ sql ] [ SQL ] SELECT * FROM `zs_menu` WHERE  `id` = 16 LIMIT 1 [ RunTime:0.000678s ]
[ sql ] [ SQL ] SHOW COLUMNS FROM `zs_action_log` [ RunTime:0.004912s ]
[ sql ] [ SQL ] SELECT * FROM `zs_action_log` WHERE  `uid` = 0  AND `action` = 'home-News-index'  AND `object` = 'news43' LIMIT 1 [ RunTime:0.000740s ]
[ sql ] [ SQL ] UPDATE `zs_action_log`  SET `count`=count+1,`last_time`=1505650101,`ip`='117.185.27.114'  WHERE  `uid` = 0  AND `action` = 'home-News-index'  AND `object` = 'news43' [ RunTime:0.001648s ]
[ sql ] [ SQL ] UPDATE `zs_news`  SET `news_hits`=news_hits+1  WHERE  `n_id` = 43 [ RunTime:0.000695s ]
[ sql ] [ SQL ] SELECT * FROM `zs_news` WHERE  `news_time` >= 1490535915  AND `n_id` <> 43  AND `news_open` = '1'  AND `news_back` = 0  AND `news_columnid` = 16 ORDER BY news_time asc LIMIT 1 [ RunTime:0.000898s ]
[ sql ] [ SQL ] SELECT * FROM `zs_news` WHERE  `news_time` <= 1490535915  AND `n_id` <> 43  AND `news_open` = '1'  AND `news_back` = 0  AND `news_columnid` = 16 ORDER BY news_time desc LIMIT 1 [ RunTime:0.000861s ]
[ sql ] [ SQL ] SHOW COLUMNS FROM `zs_comments` [ RunTime:0.005406s ]
[ sql ] [ SQL ] SELECT * FROM `zs_comments` `a` INNER JOIN `zs_member_list` `b` ON `a`.`uid`=`b`.`member_list_id` WHERE  `a`.`t_name` = 'news'  AND `a`.`t_id` = '43'  AND `a`.`c_status` = 1 ORDER BY a.createtime ASC [ RunTime:0.001680s ]

---------------------------------------------------------------
[ 2017-09-17T22:25:51+08:00 ] [ sql ] [ DB ] CONNECT:[ UseTime:0.006360s ] mysql:dbname=zhaosheng;host=127.0.0.1;port=3306;charset=utf8
[ sql ] [ SQL ] SHOW COLUMNS FROM `zs_news` [ RunTime:0.006091s ]
[ sql ] [ SQL ] SELECT `news_content`,`news_title`,`n_id`,`news_columnid`,`news_time` FROM `zs_news` `a` WHERE  `news_open` = '1'  AND `news_l` = 'zh-cn'  AND `news_back` = 0  AND `news_columnid` IN (17) ORDER BY news_time desc LIMIT 7 [ RunTime:0.000994s ]
[ sql ] [ SQL ] SELECT `news_content`,`news_title`,`n_id`,`news_columnid`,`news_time` FROM `zs_news` `a` WHERE  `news_open` = '1'  AND `news_l` = 'zh-cn'  AND `news_back` = 0  AND `news_columnid` IN (18) ORDER BY news_time desc LIMIT 7 [ RunTime:0.000678s ]
[ sql ] [ SQL ] SELECT `news_content`,`news_title`,`n_id`,`news_columnid`,`news_time` FROM `zs_news` `a` WHERE  `news_open` = '1'  AND `news_l` = 'zh-cn'  AND `news_back` = 0  AND `news_columnid` IN (16) ORDER BY news_time desc LIMIT 7 [ RunTime:0.000865s ]

---------------------------------------------------------------
