[ 2017-09-18T03:12:14+08:00 ] [ sql ] [ DB ] CONNECT:[ UseTime:0.007895s ] mysql:dbname=zhaosheng;host=127.0.0.1;port=3306;charset=utf8
[ sql ] [ SQL ] SHOW COLUMNS FROM `zs_news` [ RunTime:0.006786s ]
[ sql ] [ SQL ] SELECT `news_content`,`news_title`,`n_id`,`news_columnid`,`news_time` FROM `zs_news` `a` WHERE  `news_open` = '1'  AND `news_l` = 'zh-cn'  AND `news_back` = 0  AND `news_columnid` IN (17) ORDER BY news_time desc LIMIT 7 [ RunTime:0.000902s ]
[ sql ] [ SQL ] SELECT `news_content`,`news_title`,`n_id`,`news_columnid`,`news_time` FROM `zs_news` `a` WHERE  `news_open` = '1'  AND `news_l` = 'zh-cn'  AND `news_back` = 0  AND `news_columnid` IN (18) ORDER BY news_time desc LIMIT 7 [ RunTime:0.000625s ]
[ sql ] [ SQL ] SELECT `news_content`,`news_title`,`n_id`,`news_columnid`,`news_time` FROM `zs_news` `a` WHERE  `news_open` = '1'  AND `news_l` = 'zh-cn'  AND `news_back` = 0  AND `news_columnid` IN (16) ORDER BY news_time desc LIMIT 7 [ RunTime:0.000868s ]

---------------------------------------------------------------
[ 2017-09-18T03:28:43+08:00 ] [ sql ] [ DB ] CONNECT:[ UseTime:0.006156s ] mysql:dbname=zhaosheng;host=127.0.0.1;port=3306;charset=utf8
[ sql ] [ SQL ] SHOW COLUMNS FROM `zs_news` [ RunTime:0.005902s ]
[ sql ] [ SQL ] SELECT `news_content`,`news_title`,`n_id`,`news_columnid`,`news_time` FROM `zs_news` `a` WHERE  `news_open` = '1'  AND `news_l` = 'zh-cn'  AND `news_back` = 0  AND `news_columnid` IN (17) ORDER BY news_time desc LIMIT 7 [ RunTime:0.001236s ]
[ sql ] [ SQL ] SELECT `news_content`,`news_title`,`n_id`,`news_columnid`,`news_time` FROM `zs_news` `a` WHERE  `news_open` = '1'  AND `news_l` = 'zh-cn'  AND `news_back` = 0  AND `news_columnid` IN (18) ORDER BY news_time desc LIMIT 7 [ RunTime:0.000704s ]
[ sql ] [ SQL ] SELECT `news_content`,`news_title`,`n_id`,`news_columnid`,`news_time` FROM `zs_news` `a` WHERE  `news_open` = '1'  AND `news_l` = 'zh-cn'  AND `news_back` = 0  AND `news_columnid` IN (16) ORDER BY news_time desc LIMIT 7 [ RunTime:0.000852s ]

---------------------------------------------------------------
[ 2017-09-18T03:36:42+08:00 ] [ sql ] [ DB ] CONNECT:[ UseTime:0.006380s ] mysql:dbname=zhaosheng;host=127.0.0.1;port=3306;charset=utf8
[ sql ] [ SQL ] SHOW COLUMNS FROM `zs_options` [ RunTime:0.005462s ]
[ sql ] [ SQL ] SELECT * FROM `zs_options` WHERE  `option_name` = 'site_options'  AND `option_l` = 'zh' LIMIT 1 [ RunTime:0.000631s ]
[ error ] [0]Fatal error: Call to a member function toArray() on null

---------------------------------------------------------------
[ 2017-09-18T07:36:14+08:00 ] [ sql ] [ DB ] CONNECT:[ UseTime:0.006801s ] mysql:dbname=zhaosheng;host=127.0.0.1;port=3306;charset=utf8
[ sql ] [ SQL ] SHOW COLUMNS FROM `zs_news` [ RunTime:0.009237s ]
[ sql ] [ SQL ] SELECT `news_content`,`news_title`,`n_id`,`news_columnid`,`news_time` FROM `zs_news` `a` WHERE  `news_open` = '1'  AND `news_l` = 'zh-cn'  AND `news_back` = 0  AND `news_columnid` IN (17) ORDER BY news_time desc LIMIT 7 [ RunTime:0.000891s ]
[ sql ] [ SQL ] SELECT `news_content`,`news_title`,`n_id`,`news_columnid`,`news_time` FROM `zs_news` `a` WHERE  `news_open` = '1'  AND `news_l` = 'zh-cn'  AND `news_back` = 0  AND `news_columnid` IN (18) ORDER BY news_time desc LIMIT 7 [ RunTime:0.004346s ]
[ sql ] [ SQL ] SELECT `news_content`,`news_title`,`n_id`,`news_columnid`,`news_time` FROM `zs_news` `a` WHERE  `news_open` = '1'  AND `news_l` = 'zh-cn'  AND `news_back` = 0  AND `news_columnid` IN (16) ORDER BY news_time desc LIMIT 7 [ RunTime:0.000881s ]

---------------------------------------------------------------
[ 2017-09-18T22:47:19+08:00 ] [ log ] Cron:clearlog Runat 2017-09-18 22:47:19 Use 0.002025 s


[ 2017-09-18T22:47:19+08:00 ] [ sql ] [ DB ] CONNECT:[ UseTime:0.015544s ] mysql:dbname=zhaosheng;host=127.0.0.1;port=3306;charset=utf8
[ sql ] [ SQL ] SHOW COLUMNS FROM `zs_news` [ RunTime:0.006409s ]
[ sql ] [ SQL ] SELECT `news_content`,`news_title`,`n_id`,`news_columnid`,`news_time` FROM `zs_news` `a` WHERE  `news_open` = '1'  AND `news_l` = 'zh-cn'  AND `news_back` = 0  AND `news_columnid` IN (17) ORDER BY news_time desc LIMIT 7 [ RunTime:0.000910s ]
[ sql ] [ SQL ] SELECT `news_content`,`news_title`,`n_id`,`news_columnid`,`news_time` FROM `zs_news` `a` WHERE  `news_open` = '1'  AND `news_l` = 'zh-cn'  AND `news_back` = 0  AND `news_columnid` IN (18) ORDER BY news_time desc LIMIT 7 [ RunTime:0.000670s ]
[ sql ] [ SQL ] SELECT `news_content`,`news_title`,`n_id`,`news_columnid`,`news_time` FROM `zs_news` `a` WHERE  `news_open` = '1'  AND `news_l` = 'zh-cn'  AND `news_back` = 0  AND `news_columnid` IN (16) ORDER BY news_time desc LIMIT 7 [ RunTime:0.000826s ]

---------------------------------------------------------------
