[ 2018-09-01T19:24:50+08:00 ] 192.168.10.10 192.168.10.1 GET /
[ log ] 32zs.com/ [运行时间：5.649876s][吞吐率：0.18req/s] [内存消耗：691.02kb] [文件加载：81]
[ log ] Cron:clearlog Runat 2018-09-01 19:24:50 Use 0.001283 s


[ 2018-09-01T19:24:50+08:00 ] 192.168.10.10 192.168.10.1 GET /
[ log ] 32zs.com/ [运行时间：5.706542s][吞吐率：0.18req/s] [内存消耗：643.69kb] [文件加载：83]
[ info ] [ LANG ] /home/vagrant/Code/32zs/2.0.0/thinkphp/lang/zh-cn.php
[ info ] [ LANG ] /home/vagrant/Code/32zs/2.0.0/app/lang/zh-cn.php
[ info ] [ CACHE ] INIT File
[ info ] [ ROUTE ] array (
  'type' => 'module',
  'module' => 
  array (
    0 => 'home',
    1 => 'Index',
    2 => 'index',
  ),
  'convert' => false,
)
[ info ] [ HEADER ] array (
  'cookie' => 'PHPSESSID=mk4uhfefov8tq326pfmsb4gtak',
  'accept-language' => 'zh-CN,zh;q=0.9,en;q=0.8',
  'accept-encoding' => 'gzip, deflate',
  'accept' => 'text/html,application/xhtml+xml,application/xml;q=0.9,image/webp,image/apng,*/*;q=0.8',
  'user-agent' => 'Mozilla/5.0 (Macintosh; Intel Mac OS X 10_13_6) AppleWebKit/537.36 (KHTML, like Gecko) Chrome/67.0.3396.99 Safari/537.36',
  'upgrade-insecure-requests' => '1',
  'connection' => 'keep-alive',
  'host' => '32zs.com',
  'content-type' => '',
  'content-length' => '',
)
[ info ] [ PARAM ] array (
)
[ info ] [ LANG ] /home/vagrant/Code/32zs/2.0.0/app/home/lang/zh-cn.php
[ info ] [ BEHAVIOR ] Run app\common\behavior\WebLog @module_init [ RunTime:0.002246s ]
[ info ] [ SESSION ] INIT array (
  'id' => '',
  'var_session_id' => '',
  'prefix' => 'think',
  'type' => '',
  'auto_start' => true,
)
[ info ] [ BEHAVIOR ] Run Closure @action_begin [ RunTime:0.012665s ]
[ info ] [ RUN ] app\home\controller\Index->index[ /home/vagrant/Code/32zs/2.0.0/app/home/controller/Index.php ]
[ info ] [ DB ] INIT mysql
[ info ] [ VIEW ] /home/vagrant/Code/32zs/2.0.0/app/home/view/default/index.html [ array (
  0 => 'lang',
  1 => 'map_lat',
  2 => 'map_lng',
  3 => 'site_name',
  4 => 'site_host',
  5 => 'school_name',
  6 => 'site_tpl',
  7 => 'site_tpl_m',
  8 => 'site_logo',
  9 => 'site_img',
  10 => 'site_icp',
  11 => 'site_copyright',
  12 => 'site_co_name',
  13 => 'site_address',
  14 => 'site_tel',
  15 => 'site_admin_email',
  16 => 'site_qq',
  17 => 'site_seo_title',
  18 => 'site_seo_keywords',
  19 => 'site_seo_description',
  20 => 'site_tongji',
  21 => 'schoolimg',
  22 => 'yf_theme_path',
  23 => 'user',
  24 => 'is_admin',
  25 => 'center_slideshow_imgs',
  26 => 'footer_slideshow_imgs',
) ]
[ info ] [ LOG ] INIT File
[ info ] [ BEHAVIOR ] Run app\admin\behavior\Cron @app_end [ RunTime:0.020543s ]
[ sql ] [ DB ] CONNECT:[ UseTime:4.762440s ] mysql:dbname=zhaosheng;host=120.76.200.232;port=16822;charset=utf8
[ sql ] [ SQL ] SHOW COLUMNS FROM `zs_news` [ RunTime:0.021713s ]
[ sql ] [ SQL ] SELECT * FROM `zs_news` WHERE  `news_open` = '1'  AND `news_back` = 0  AND `news_columnid` = 19 LIMIT 1 [ RunTime:0.097148s ]
[ sql ] [ SQL ] SELECT * FROM `zs_news` WHERE  `news_open` = '1'  AND `news_back` = 0  AND `news_columnid` = 20 LIMIT 1 [ RunTime:0.090381s ]
[ sql ] [ SQL ] SELECT `news_content`,`news_title`,`n_id`,`news_columnid`,`news_time` FROM `zs_news` `a` WHERE  `news_open` = '1'  AND `news_l` = 'zh-cn'  AND `news_back` = 0  AND `news_columnid` IN (17) ORDER BY news_time desc LIMIT 7 [ RunTime:0.074460s ]
[ sql ] [ SQL ] SHOW COLUMNS FROM `zs_plug_link` [ RunTime:0.021612s ]
[ sql ] [ SQL ] SELECT * FROM `zs_plug_link` WHERE  `plug_link_l` = 'zh-cn'  AND `plug_link_typeid` = 3  AND `plug_link_open` = 1 ORDER BY plug_link_order ASC [ RunTime:0.085941s ]
[ sql ] [ SQL ] SELECT * FROM `zs_plug_link` WHERE  `plug_link_l` = 'zh-cn'  AND `plug_link_typeid` = 4  AND `plug_link_open` = 1 ORDER BY plug_link_order ASC [ RunTime:0.092900s ]
[ sql ] [ SQL ] SELECT `news_content`,`news_title`,`n_id`,`news_columnid`,`news_time` FROM `zs_news` `a` WHERE  `news_open` = '1'  AND `news_l` = 'zh-cn'  AND `news_back` = 0  AND `news_columnid` IN (18) ORDER BY news_time desc LIMIT 7 [ RunTime:0.092263s ]
[ sql ] [ SQL ] SELECT `news_content`,`news_title`,`n_id`,`news_columnid`,`news_time` FROM `zs_news` `a` WHERE  `news_open` = '1'  AND `news_l` = 'zh-cn'  AND `news_back` = 0  AND `news_columnid` IN (16) ORDER BY news_time desc LIMIT 7 [ RunTime:0.095778s ]

---------------------------------------------------------------
[ 2018-09-01T19:24:50+08:00 ] 192.168.10.10 192.168.10.1 GET /home/login/verify.html
[ log ] 32zs.com/home/login/verify.html [运行时间：0.288869s][吞吐率：3.46req/s] [内存消耗：376.44kb] [文件加载：73]
[ info ] [ LANG ] /home/vagrant/Code/32zs/2.0.0/thinkphp/lang/zh-cn.php
[ info ] [ LANG ] /home/vagrant/Code/32zs/2.0.0/app/lang/zh-cn.php
[ info ] [ CACHE ] INIT File
[ info ] [ ROUTE ] array (
  'type' => 'module',
  'module' => 
  array (
    0 => 'home',
    1 => 'login',
    2 => 'verify',
  ),
)
[ info ] [ HEADER ] array (
  'cookie' => 'PHPSESSID=mk4uhfefov8tq326pfmsb4gtak; think_var=zh-cn',
  'accept-language' => 'zh-CN,zh;q=0.9,en;q=0.8',
  'accept-encoding' => 'gzip, deflate',
  'referer' => 'http://32zs.com/',
  'accept' => 'image/webp,image/apng,image/*,*/*;q=0.8',
  'user-agent' => 'Mozilla/5.0 (Macintosh; Intel Mac OS X 10_13_6) AppleWebKit/537.36 (KHTML, like Gecko) Chrome/67.0.3396.99 Safari/537.36',
  'connection' => 'keep-alive',
  'host' => '32zs.com',
  'content-type' => '',
  'content-length' => '',
)
[ info ] [ PARAM ] array (
)
[ info ] [ LANG ] /home/vagrant/Code/32zs/2.0.0/app/home/lang/zh-cn.php
[ info ] [ BEHAVIOR ] Run app\common\behavior\WebLog @module_init [ RunTime:0.006427s ]
[ info ] [ SESSION ] INIT array (
  'id' => '',
  'var_session_id' => '',
  'prefix' => 'think',
  'type' => '',
  'auto_start' => true,
)
[ info ] [ BEHAVIOR ] Run Closure @action_begin [ RunTime:0.016198s ]
[ info ] [ RUN ] app\home\controller\Login->verify[ /home/vagrant/Code/32zs/2.0.0/app/home/controller/Login.php ]
[ info ] [ BEHAVIOR ] Run app\admin\behavior\Cron @app_end [ RunTime:0.015353s ]
[ info ] [ LOG ] INIT File

---------------------------------------------------------------
[ 2018-09-01T19:25:01+08:00 ] 192.168.10.10 192.168.10.1 POST /home/login/runlogin.html
[ log ] 32zs.com/home/login/runlogin.html [运行时间：0.980344s][吞吐率：1.02req/s] [内存消耗：3,232.83kb] [文件加载：97]
[ info ] [ LANG ] /home/vagrant/Code/32zs/2.0.0/thinkphp/lang/zh-cn.php
[ info ] [ LANG ] /home/vagrant/Code/32zs/2.0.0/app/lang/zh-cn.php
[ info ] [ CACHE ] INIT File
[ info ] [ ROUTE ] array (
  'type' => 'module',
  'module' => 
  array (
    0 => 'home',
    1 => 'login',
    2 => 'runlogin',
  ),
)
[ info ] [ HEADER ] array (
  'cookie' => 'PHPSESSID=mk4uhfefov8tq326pfmsb4gtak; think_var=zh-cn; thinkphp_show_page_trace=0|0',
  'accept-language' => 'zh-CN,zh;q=0.9,en;q=0.8',
  'accept-encoding' => 'gzip, deflate',
  'referer' => 'http://32zs.com/',
  'content-type' => 'application/x-www-form-urlencoded; charset=UTF-8',
  'user-agent' => 'Mozilla/5.0 (Macintosh; Intel Mac OS X 10_13_6) AppleWebKit/537.36 (KHTML, like Gecko) Chrome/67.0.3396.99 Safari/537.36',
  'x-requested-with' => 'XMLHttpRequest',
  'origin' => 'http://32zs.com',
  'accept' => '*/*',
  'content-length' => '74',
  'connection' => 'keep-alive',
  'host' => '32zs.com',
)
[ info ] [ PARAM ] array (
  'member_list_username' => '440204199905313917',
  'member_list_pwd' => '313917',
  'verify' => 'cvgC',
)
[ info ] [ LANG ] /home/vagrant/Code/32zs/2.0.0/app/home/lang/zh-cn.php
[ info ] [ SESSION ] INIT array (
  'id' => '',
  'var_session_id' => '',
  'prefix' => 'think',
  'type' => '',
  'auto_start' => true,
)
[ info ] [ DB ] INIT mysql
[ info ] [ BEHAVIOR ] Run app\common\behavior\WebLog @module_init [ RunTime:0.381461s ]
[ info ] [ BEHAVIOR ] Run Closure @action_begin [ RunTime:0.014757s ]
[ info ] [ RUN ] app\home\controller\Login->runlogin[ /home/vagrant/Code/32zs/2.0.0/app/home/controller/Login.php ]
[ info ] [ BEHAVIOR ] Run app\admin\behavior\Cron @app_end [ RunTime:0.009033s ]
[ info ] [ LOG ] INIT File
[ sql ] [ DB ] CONNECT:[ UseTime:0.030865s ] mysql:dbname=zhaosheng;host=120.76.200.232;port=16822;charset=utf8
[ sql ] [ SQL ] SHOW COLUMNS FROM `zs_web_log` [ RunTime:0.029121s ]
[ sql ] [ SQL ] INSERT INTO `zs_web_log` (`uid` , `ip` , `location` , `os` , `browser` , `url` , `module` , `controller` , `action` , `method` , `data` , `otime`) VALUES (0 , '192.168.10.1' , '局域网 局域网  ' , 'Mac' , 'Chrome(67.0.3396.99)' , '/home/login/runlogin.html' , 'home' , 'Login' , 'runlogin' , 'Ajax' , 's:12:\"保密数据\";' , 1535801100) [ RunTime:0.167136s ]
[ sql ] [ SQL ] SHOW COLUMNS FROM `zs_member_list` [ RunTime:0.029763s ]
[ sql ] [ SQL ] SELECT * FROM `zs_member_list` WHERE  `member_list_username` = '440204199905313917' LIMIT 1 [ RunTime:0.131530s ]
[ sql ] [ SQL ] UPDATE `zs_member_list`  SET `last_login_time`=1535801101,`last_login_ip`='192.168.10.1'  WHERE  `member_list_id` = 742 [ RunTime:0.076366s ]
[ sql ] [ SQL ] SHOW COLUMNS FROM `zs_admin` [ RunTime:0.029209s ]
[ sql ] [ SQL ] SELECT * FROM `zs_admin` WHERE  `member_id` = 742 LIMIT 1 [ RunTime:0.095062s ]

---------------------------------------------------------------
[ 2018-09-01T19:25:02+08:00 ] 192.168.10.10 192.168.10.1 GET /home/center/index.html
[ log ] 32zs.com/home/center/index.html [运行时间：1.516814s][吞吐率：0.66req/s] [内存消耗：604.17kb] [文件加载：83]
[ info ] [ LANG ] /home/vagrant/Code/32zs/2.0.0/thinkphp/lang/zh-cn.php
[ info ] [ LANG ] /home/vagrant/Code/32zs/2.0.0/app/lang/zh-cn.php
[ info ] [ CACHE ] INIT File
[ info ] [ ROUTE ] array (
  'type' => 'module',
  'module' => 
  array (
    0 => 'home',
    1 => 'center',
    2 => 'index',
  ),
)
[ info ] [ HEADER ] array (
  'cookie' => 'PHPSESSID=mk4uhfefov8tq326pfmsb4gtak; think_var=zh-cn; thinkphp_show_page_trace=0|0',
  'accept-language' => 'zh-CN,zh;q=0.9,en;q=0.8',
  'accept-encoding' => 'gzip, deflate',
  'referer' => 'http://32zs.com/',
  'accept' => 'text/html,application/xhtml+xml,application/xml;q=0.9,image/webp,image/apng,*/*;q=0.8',
  'user-agent' => 'Mozilla/5.0 (Macintosh; Intel Mac OS X 10_13_6) AppleWebKit/537.36 (KHTML, like Gecko) Chrome/67.0.3396.99 Safari/537.36',
  'upgrade-insecure-requests' => '1',
  'connection' => 'keep-alive',
  'host' => '32zs.com',
  'content-type' => '',
  'content-length' => '',
)
[ info ] [ PARAM ] array (
)
[ info ] [ LANG ] /home/vagrant/Code/32zs/2.0.0/app/home/lang/zh-cn.php
[ info ] [ BEHAVIOR ] Run app\common\behavior\WebLog @module_init [ RunTime:0.003479s ]
[ info ] [ SESSION ] INIT array (
  'id' => '',
  'var_session_id' => '',
  'prefix' => 'think',
  'type' => '',
  'auto_start' => true,
)
[ info ] [ DB ] INIT mysql
[ info ] [ BEHAVIOR ] Run Closure @action_begin [ RunTime:0.015141s ]
[ info ] [ RUN ] app\home\controller\Center->index[ /home/vagrant/Code/32zs/2.0.0/app/home/controller/Center.php ]
[ info ] [ VIEW ] /home/vagrant/Code/32zs/2.0.0/app/home/view/default/user/center.html [ array (
  0 => 'lang',
  1 => 'map_lat',
  2 => 'map_lng',
  3 => 'site_name',
  4 => 'site_host',
  5 => 'school_name',
  6 => 'site_tpl',
  7 => 'site_tpl_m',
  8 => 'site_logo',
  9 => 'site_img',
  10 => 'site_icp',
  11 => 'site_copyright',
  12 => 'site_co_name',
  13 => 'site_address',
  14 => 'site_tel',
  15 => 'site_admin_email',
  16 => 'site_qq',
  17 => 'site_seo_title',
  18 => 'site_seo_keywords',
  19 => 'site_seo_description',
  20 => 'site_tongji',
  21 => 'schoolimg',
  22 => 'yf_theme_path',
  23 => 'user',
  24 => 'is_admin',
  25 => 'num',
  26 => 'major',
  27 => 'school',
  28 => 'recruit_major',
  29 => 'member_list_id',
  30 => 'member_list_username',
  31 => 'member_list_pwd',
  32 => 'member_list_salt',
  33 => 'member_list_groupid',
  34 => 'member_list_nickname',
  35 => 'member_list_province',
  36 => 'member_list_city',
  37 => 'member_list_town',
  38 => 'member_list_sex',
  39 => 'member_list_headpic',
  40 => 'member_list_tel',
  41 => 'member_list_email',
  42 => 'member_list_open',
  43 => 'member_list_addtime',
  44 => 'member_list_from',
  45 => 'user_url',
  46 => 'birthday',
  47 => 'signature',
  48 => 'last_login_ip',
  49 => 'last_login_time',
  50 => 'user_activation_key',
  51 => 'user_status',
  52 => 'score',
  53 => 'coin',
  54 => 'school_id',
  55 => 'major_id',
  56 => 'major_score',
  57 => 'recruit_score',
  58 => 'address',
  59 => 'info',
  60 => 'date',
) ]
[ info ] [ BEHAVIOR ] Run app\admin\behavior\Cron @app_end [ RunTime:0.005771s ]
[ info ] [ LOG ] INIT File
[ sql ] [ DB ] CONNECT:[ UseTime:0.030111s ] mysql:dbname=zhaosheng;host=120.76.200.232;port=16822;charset=utf8
[ sql ] [ SQL ] SHOW COLUMNS FROM `zs_member_list` [ RunTime:0.022248s ]
[ sql ] [ SQL ] SELECT * FROM `zs_member_list` WHERE  `member_list_id` = 742 LIMIT 1 [ RunTime:0.098545s ]
[ sql ] [ SQL ] SHOW COLUMNS FROM `zs_admin` [ RunTime:0.021784s ]
[ sql ] [ SQL ] SELECT * FROM `zs_admin` WHERE  `member_id` = 742 LIMIT 1 [ RunTime:0.085215s ]
[ sql ] [ SQL ] SELECT * FROM `zs_member_list` `m` INNER JOIN `zs_member_info` `mi` ON `m`.`member_list_id`=`mi`.`member_list_id` WHERE  `m`.`member_list_id` = 742 LIMIT 1 [ RunTime:0.641037s ]
[ sql ] [ SQL ] SHOW COLUMNS FROM `zs_major` [ RunTime:0.023606s ]
[ sql ] [ SQL ] SELECT * FROM `zs_major` WHERE  `major_id` = 14 LIMIT 1 [ RunTime:0.089596s ]
[ sql ] [ SQL ] SHOW COLUMNS FROM `zs_school` [ RunTime:0.021079s ]
[ sql ] [ SQL ] SELECT * FROM `zs_school` WHERE  `school_id` = 18 LIMIT 1 [ RunTime:0.084915s ]
[ sql ] [ SQL ] SHOW COLUMNS FROM `zs_recruit_major` [ RunTime:0.022377s ]
[ sql ] [ SQL ] SELECT * FROM `zs_recruit_major` `rm` INNER JOIN `zs_enrollment` `e` ON `e`.`recruit_major_id`=`rm`.`recruit_major_id` WHERE  `e`.`major_ids` LIKE '%,14,%'  AND `e`.`school_id` = 18 OR `e`.`major_ids` = 14 LIMIT 1 [ RunTime:0.083776s ]

---------------------------------------------------------------
[ 2018-09-01T19:25:03+08:00 ] 192.168.10.10 192.168.10.1 GET /public/shearphoto/file/photo/4.jpg
[ log ] 32zs.com/public/shearphoto/file/photo/4.jpg [运行时间：0.335477s][吞吐率：2.98req/s] [内存消耗：251.20kb] [文件加载：57]
[ info ] [ LANG ] /home/vagrant/Code/32zs/2.0.0/thinkphp/lang/zh-cn.php
[ info ] [ LANG ] /home/vagrant/Code/32zs/2.0.0/app/lang/zh-cn.php
[ info ] [ CACHE ] INIT File
[ info ] [ ROUTE ] array (
  'type' => 'module',
  'module' => 
  array (
    0 => 'public',
    1 => 'shearphoto',
    2 => 'file',
  ),
)
[ info ] [ HEADER ] array (
  'cookie' => 'PHPSESSID=mk4uhfefov8tq326pfmsb4gtak; think_var=zh-cn; thinkphp_show_page_trace=0|0',
  'accept-language' => 'zh-CN,zh;q=0.9,en;q=0.8',
  'accept-encoding' => 'gzip, deflate',
  'referer' => 'http://32zs.com/home/center/index.html',
  'accept' => 'image/webp,image/apng,image/*,*/*;q=0.8',
  'user-agent' => 'Mozilla/5.0 (Macintosh; Intel Mac OS X 10_13_6) AppleWebKit/537.36 (KHTML, like Gecko) Chrome/67.0.3396.99 Safari/537.36',
  'connection' => 'keep-alive',
  'host' => '32zs.com',
  'content-type' => '',
  'content-length' => '',
)
[ info ] [ PARAM ] array (
  'photo' => '4.jpg',
)
[ info ] [ LOG ] INIT File

---------------------------------------------------------------
[ 2018-09-01T19:25:03+08:00 ] 192.168.10.10 192.168.10.1 GET /public/shearphoto/file/photo/2.jpg
[ log ] 32zs.com/public/shearphoto/file/photo/2.jpg [运行时间：0.360811s][吞吐率：2.77req/s] [内存消耗：251.20kb] [文件加载：57]
[ info ] [ LANG ] /home/vagrant/Code/32zs/2.0.0/thinkphp/lang/zh-cn.php
[ info ] [ LANG ] /home/vagrant/Code/32zs/2.0.0/app/lang/zh-cn.php
[ info ] [ CACHE ] INIT File
[ info ] [ ROUTE ] array (
  'type' => 'module',
  'module' => 
  array (
    0 => 'public',
    1 => 'shearphoto',
    2 => 'file',
  ),
)
[ info ] [ HEADER ] array (
  'cookie' => 'PHPSESSID=mk4uhfefov8tq326pfmsb4gtak; think_var=zh-cn; thinkphp_show_page_trace=0|0',
  'accept-language' => 'zh-CN,zh;q=0.9,en;q=0.8',
  'accept-encoding' => 'gzip, deflate',
  'referer' => 'http://32zs.com/home/center/index.html',
  'accept' => 'image/webp,image/apng,image/*,*/*;q=0.8',
  'user-agent' => 'Mozilla/5.0 (Macintosh; Intel Mac OS X 10_13_6) AppleWebKit/537.36 (KHTML, like Gecko) Chrome/67.0.3396.99 Safari/537.36',
  'connection' => 'keep-alive',
  'host' => '32zs.com',
  'content-type' => '',
  'content-length' => '',
)
[ info ] [ PARAM ] array (
  'photo' => '2.jpg',
)
[ info ] [ LOG ] INIT File

---------------------------------------------------------------
[ 2018-09-01T19:25:03+08:00 ] 192.168.10.10 192.168.10.1 GET /public/shearphoto/file/photo/1.jpg
[ log ] 32zs.com/public/shearphoto/file/photo/1.jpg [运行时间：0.400054s][吞吐率：2.50req/s] [内存消耗：251.20kb] [文件加载：57]
[ info ] [ LANG ] /home/vagrant/Code/32zs/2.0.0/thinkphp/lang/zh-cn.php
[ info ] [ LANG ] /home/vagrant/Code/32zs/2.0.0/app/lang/zh-cn.php
[ info ] [ CACHE ] INIT File
[ info ] [ ROUTE ] array (
  'type' => 'module',
  'module' => 
  array (
    0 => 'public',
    1 => 'shearphoto',
    2 => 'file',
  ),
)
[ info ] [ HEADER ] array (
  'cookie' => 'PHPSESSID=mk4uhfefov8tq326pfmsb4gtak; think_var=zh-cn; thinkphp_show_page_trace=0|0',
  'accept-language' => 'zh-CN,zh;q=0.9,en;q=0.8',
  'accept-encoding' => 'gzip, deflate',
  'referer' => 'http://32zs.com/home/center/index.html',
  'accept' => 'image/webp,image/apng,image/*,*/*;q=0.8',
  'user-agent' => 'Mozilla/5.0 (Macintosh; Intel Mac OS X 10_13_6) AppleWebKit/537.36 (KHTML, like Gecko) Chrome/67.0.3396.99 Safari/537.36',
  'connection' => 'keep-alive',
  'host' => '32zs.com',
  'content-type' => '',
  'content-length' => '',
)
[ info ] [ PARAM ] array (
  'photo' => '1.jpg',
)
[ info ] [ LOG ] INIT File

---------------------------------------------------------------
[ 2018-09-01T19:25:03+08:00 ] 192.168.10.10 192.168.10.1 GET /public/shearphoto/file/photo/3.jpg
[ log ] 32zs.com/public/shearphoto/file/photo/3.jpg [运行时间：0.104262s][吞吐率：9.59req/s] [内存消耗：251.20kb] [文件加载：57]
[ info ] [ LANG ] /home/vagrant/Code/32zs/2.0.0/thinkphp/lang/zh-cn.php
[ info ] [ LANG ] /home/vagrant/Code/32zs/2.0.0/app/lang/zh-cn.php
[ info ] [ CACHE ] INIT File
[ info ] [ ROUTE ] array (
  'type' => 'module',
  'module' => 
  array (
    0 => 'public',
    1 => 'shearphoto',
    2 => 'file',
  ),
)
[ info ] [ HEADER ] array (
  'cookie' => 'PHPSESSID=mk4uhfefov8tq326pfmsb4gtak; think_var=zh-cn; thinkphp_show_page_trace=0|0',
  'accept-language' => 'zh-CN,zh;q=0.9,en;q=0.8',
  'accept-encoding' => 'gzip, deflate',
  'referer' => 'http://32zs.com/home/center/index.html',
  'accept' => 'image/webp,image/apng,image/*,*/*;q=0.8',
  'user-agent' => 'Mozilla/5.0 (Macintosh; Intel Mac OS X 10_13_6) AppleWebKit/537.36 (KHTML, like Gecko) Chrome/67.0.3396.99 Safari/537.36',
  'connection' => 'keep-alive',
  'host' => '32zs.com',
  'content-type' => '',
  'content-length' => '',
)
[ info ] [ PARAM ] array (
  'photo' => '3.jpg',
)
[ info ] [ LOG ] INIT File

---------------------------------------------------------------
