[ 2017-06-12T09:52:07+08:00 ] [ sql ] [ DB ] CONNECT:[ UseTime:0.008244s ] mysql:dbname=zhaosheng;host=127.0.0.1;port=3306;charset=utf8
[ sql ] [ SQL ] SHOW COLUMNS FROM `zs_news` [ RunTime:0.005709s ]
[ sql ] [ SQL ] SELECT `news_content`,`news_title`,`n_id`,`news_columnid`,`news_time` FROM `zs_news` `a` WHERE  `news_open` = '1'  AND `news_l` = 'zh-cn'  AND `news_back` = 0  AND `news_columnid` IN (17) ORDER BY news_time desc LIMIT 7 [ RunTime:0.000810s ]
[ sql ] [ SQL ] SELECT `news_content`,`news_title`,`n_id`,`news_columnid`,`news_time` FROM `zs_news` `a` WHERE  `news_open` = '1'  AND `news_l` = 'zh-cn'  AND `news_back` = 0  AND `news_columnid` IN (18) ORDER BY news_time desc LIMIT 7 [ RunTime:0.000619s ]
[ sql ] [ SQL ] SELECT `news_content`,`news_title`,`n_id`,`news_columnid`,`news_time` FROM `zs_news` `a` WHERE  `news_open` = '1'  AND `news_l` = 'zh-cn'  AND `news_back` = 0  AND `news_columnid` IN (16) ORDER BY news_time desc LIMIT 7 [ RunTime:0.000786s ]

---------------------------------------------------------------
[ 2017-06-12T09:52:33+08:00 ] [ sql ] [ DB ] CONNECT:[ UseTime:0.018417s ] mysql:dbname=zhaosheng;host=127.0.0.1;port=3306;charset=utf8
[ sql ] [ SQL ] SHOW COLUMNS FROM `zs_web_log` [ RunTime:0.005079s ]
[ sql ] [ SQL ] INSERT INTO `zs_web_log` (`uid` , `ip` , `location` , `os` , `browser` , `url` , `module` , `controller` , `action` , `method` , `data` , `otime`) VALUES (0 , '119.35.54.42' , '中国 广东 广州 ' , 'Linux' , 'Chrome(53.0.2785.49)' , '/home/login/runlogin.html' , 'home' , 'Login' , 'runlogin' , 'Ajax' , 's:12:\"保密数据\";' , 1497232353) [ RunTime:0.000863s ]

---------------------------------------------------------------
[ 2017-06-12T09:52:38+08:00 ] [ sql ] [ DB ] CONNECT:[ UseTime:0.004294s ] mysql:dbname=zhaosheng;host=127.0.0.1;port=3306;charset=utf8
[ sql ] [ SQL ] SHOW COLUMNS FROM `zs_news` [ RunTime:0.005758s ]
[ sql ] [ SQL ] SELECT `news_content`,`news_title`,`n_id`,`news_columnid`,`news_time` FROM `zs_news` `a` WHERE  `news_open` = '1'  AND `news_l` = 'zh-cn'  AND `news_back` = 0  AND `news_columnid` IN (17) ORDER BY news_time desc LIMIT 7 [ RunTime:0.000863s ]
[ sql ] [ SQL ] SELECT `news_content`,`news_title`,`n_id`,`news_columnid`,`news_time` FROM `zs_news` `a` WHERE  `news_open` = '1'  AND `news_l` = 'zh-cn'  AND `news_back` = 0  AND `news_columnid` IN (18) ORDER BY news_time desc LIMIT 7 [ RunTime:0.000715s ]
[ sql ] [ SQL ] SELECT `news_content`,`news_title`,`n_id`,`news_columnid`,`news_time` FROM `zs_news` `a` WHERE  `news_open` = '1'  AND `news_l` = 'zh-cn'  AND `news_back` = 0  AND `news_columnid` IN (16) ORDER BY news_time desc LIMIT 7 [ RunTime:0.000999s ]

---------------------------------------------------------------
[ 2017-06-12T09:52:43+08:00 ] [ sql ] [ DB ] CONNECT:[ UseTime:0.014621s ] mysql:dbname=zhaosheng;host=127.0.0.1;port=3306;charset=utf8
[ sql ] [ SQL ] SHOW COLUMNS FROM `zs_web_log` [ RunTime:0.023841s ]
[ sql ] [ SQL ] INSERT INTO `zs_web_log` (`uid` , `ip` , `location` , `os` , `browser` , `url` , `module` , `controller` , `action` , `method` , `data` , `otime`) VALUES (0 , '119.35.54.42' , '中国 广东 广州 ' , 'Linux' , 'Chrome(53.0.2785.49)' , '/home/login/runlogin.html' , 'home' , 'Login' , 'runlogin' , 'Ajax' , 's:12:\"保密数据\";' , 1497232363) [ RunTime:0.001084s ]
[ sql ] [ SQL ] SHOW COLUMNS FROM `zs_member_list` [ RunTime:0.007762s ]
[ sql ] [ SQL ] SELECT * FROM `zs_member_list` WHERE  `member_list_username` = '440111199911110065' LIMIT 1 [ RunTime:0.001194s ]
[ sql ] [ SQL ] UPDATE `zs_member_list`  SET `last_login_time`=1497232363,`last_login_ip`='119.35.54.42'  WHERE  `member_list_id` = 474 [ RunTime:0.000580s ]
[ sql ] [ SQL ] SHOW COLUMNS FROM `zs_admin` [ RunTime:0.006273s ]
[ sql ] [ SQL ] SELECT * FROM `zs_admin` WHERE  `member_id` = 474 LIMIT 1 [ RunTime:0.000793s ]

---------------------------------------------------------------
[ 2017-06-12T09:52:43+08:00 ] [ sql ] [ DB ] CONNECT:[ UseTime:0.006659s ] mysql:dbname=zhaosheng;host=127.0.0.1;port=3306;charset=utf8
[ sql ] [ SQL ] SHOW COLUMNS FROM `zs_member_list` [ RunTime:0.006627s ]
[ sql ] [ SQL ] SELECT * FROM `zs_member_list` WHERE  `member_list_id` = 474 LIMIT 1 [ RunTime:0.000733s ]
[ sql ] [ SQL ] SHOW COLUMNS FROM `zs_admin` [ RunTime:0.006159s ]
[ sql ] [ SQL ] SELECT * FROM `zs_admin` WHERE  `member_id` = 474 LIMIT 1 [ RunTime:0.000699s ]
[ sql ] [ SQL ] SELECT * FROM `zs_member_list` `m` INNER JOIN `zs_member_info` `mi` ON `m`.`member_list_id`=`mi`.`member_list_id` WHERE  `m`.`member_list_id` = 474 LIMIT 1 [ RunTime:0.003413s ]
[ sql ] [ SQL ] SHOW COLUMNS FROM `zs_major` [ RunTime:0.005383s ]
[ sql ] [ SQL ] SELECT * FROM `zs_major` WHERE  `major_id` = 11 LIMIT 1 [ RunTime:0.000992s ]
[ sql ] [ SQL ] SHOW COLUMNS FROM `zs_school` [ RunTime:0.005258s ]
[ sql ] [ SQL ] SELECT * FROM `zs_school` WHERE  `school_id` = 7 LIMIT 1 [ RunTime:0.000677s ]
[ sql ] [ SQL ] SHOW COLUMNS FROM `zs_recruit_major` [ RunTime:0.007288s ]
[ sql ] [ SQL ] SELECT * FROM `zs_recruit_major` `rm` INNER JOIN `zs_enrollment` `e` ON `e`.`recruit_major_id`=`rm`.`recruit_major_id` WHERE  `e`.`major_ids` LIKE '%,11,%'  AND `e`.`school_id` = 7 LIMIT 1 [ RunTime:0.001127s ]

---------------------------------------------------------------
[ 2017-06-12T09:53:32+08:00 ] [ sql ] [ DB ] CONNECT:[ UseTime:0.011300s ] mysql:dbname=zhaosheng;host=127.0.0.1;port=3306;charset=utf8
[ sql ] [ SQL ] SHOW COLUMNS FROM `zs_web_log` [ RunTime:0.005825s ]
[ sql ] [ SQL ] INSERT INTO `zs_web_log` (`uid` , `ip` , `location` , `os` , `browser` , `url` , `module` , `controller` , `action` , `method` , `data` , `otime`) VALUES (0 , '183.60.175.166' , '中国 广东 东莞 ' , 'Mac' , 'Safari(600.1.4)' , '/home/login/runlogin.html' , 'home' , 'Login' , 'runlogin' , 'Ajax' , 's:12:\"保密数据\";' , 1497232411) [ RunTime:0.000867s ]
[ sql ] [ SQL ] SHOW COLUMNS FROM `zs_member_list` [ RunTime:0.005722s ]
[ sql ] [ SQL ] SELECT * FROM `zs_member_list` WHERE  `member_list_username` = '44058219981210592X' LIMIT 1 [ RunTime:0.001163s ]
[ sql ] [ SQL ] UPDATE `zs_member_list`  SET `last_login_time`=1497232412,`last_login_ip`='183.60.175.166'  WHERE  `member_list_id` = 471 [ RunTime:0.000526s ]
[ sql ] [ SQL ] SHOW COLUMNS FROM `zs_admin` [ RunTime:0.005147s ]
[ sql ] [ SQL ] SELECT * FROM `zs_admin` WHERE  `member_id` = 471 LIMIT 1 [ RunTime:0.000719s ]

---------------------------------------------------------------
[ 2017-06-12T09:53:32+08:00 ] [ sql ] [ DB ] CONNECT:[ UseTime:0.015864s ] mysql:dbname=zhaosheng;host=127.0.0.1;port=3306;charset=utf8
[ sql ] [ SQL ] SHOW COLUMNS FROM `zs_member_list` [ RunTime:0.005832s ]
[ sql ] [ SQL ] SELECT * FROM `zs_member_list` WHERE  `member_list_id` = 471 LIMIT 1 [ RunTime:0.000759s ]
[ sql ] [ SQL ] SHOW COLUMNS FROM `zs_admin` [ RunTime:0.005664s ]
[ sql ] [ SQL ] SELECT * FROM `zs_admin` WHERE  `member_id` = 471 LIMIT 1 [ RunTime:0.000669s ]
[ sql ] [ SQL ] SELECT * FROM `zs_member_list` `m` INNER JOIN `zs_member_info` `mi` ON `m`.`member_list_id`=`mi`.`member_list_id` WHERE  `m`.`member_list_id` = 471 LIMIT 1 [ RunTime:0.003146s ]
[ sql ] [ SQL ] SHOW COLUMNS FROM `zs_major` [ RunTime:0.005787s ]
[ sql ] [ SQL ] SELECT * FROM `zs_major` WHERE  `major_id` = 11 LIMIT 1 [ RunTime:0.000588s ]
[ sql ] [ SQL ] SHOW COLUMNS FROM `zs_school` [ RunTime:0.005082s ]
[ sql ] [ SQL ] SELECT * FROM `zs_school` WHERE  `school_id` = 7 LIMIT 1 [ RunTime:0.000480s ]
[ sql ] [ SQL ] SHOW COLUMNS FROM `zs_recruit_major` [ RunTime:0.005010s ]
[ sql ] [ SQL ] SELECT * FROM `zs_recruit_major` `rm` INNER JOIN `zs_enrollment` `e` ON `e`.`recruit_major_id`=`rm`.`recruit_major_id` WHERE  `e`.`major_ids` LIKE '%,11,%'  AND `e`.`school_id` = 7 LIMIT 1 [ RunTime:0.000626s ]

---------------------------------------------------------------
[ 2017-06-12T09:54:29+08:00 ] [ sql ] [ DB ] CONNECT:[ UseTime:0.019547s ] mysql:dbname=zhaosheng;host=127.0.0.1;port=3306;charset=utf8
[ sql ] [ SQL ] SHOW COLUMNS FROM `zs_member_list` [ RunTime:0.005860s ]
[ sql ] [ SQL ] SELECT * FROM `zs_member_list` WHERE  `member_list_id` = 474 LIMIT 1 [ RunTime:0.000873s ]
[ sql ] [ SQL ] SHOW COLUMNS FROM `zs_admin` [ RunTime:0.005321s ]
[ sql ] [ SQL ] SELECT * FROM `zs_admin` WHERE  `member_id` = 474 LIMIT 1 [ RunTime:0.000733s ]
[ sql ] [ SQL ] SHOW COLUMNS FROM `zs_news` [ RunTime:0.006059s ]
[ sql ] [ SQL ] SELECT `news_content`,`news_title`,`n_id`,`news_columnid`,`news_time` FROM `zs_news` `a` WHERE  `news_open` = '1'  AND `news_l` = 'zh-cn'  AND `news_back` = 0  AND `news_columnid` IN (17) ORDER BY news_time desc LIMIT 7 [ RunTime:0.001019s ]
[ sql ] [ SQL ] SELECT `news_content`,`news_title`,`n_id`,`news_columnid`,`news_time` FROM `zs_news` `a` WHERE  `news_open` = '1'  AND `news_l` = 'zh-cn'  AND `news_back` = 0  AND `news_columnid` IN (18) ORDER BY news_time desc LIMIT 7 [ RunTime:0.000673s ]
[ sql ] [ SQL ] SELECT `news_content`,`news_title`,`n_id`,`news_columnid`,`news_time` FROM `zs_news` `a` WHERE  `news_open` = '1'  AND `news_l` = 'zh-cn'  AND `news_back` = 0  AND `news_columnid` IN (16) ORDER BY news_time desc LIMIT 7 [ RunTime:0.000887s ]

---------------------------------------------------------------
[ 2017-06-12T09:54:32+08:00 ] [ sql ] [ DB ] CONNECT:[ UseTime:0.006815s ] mysql:dbname=zhaosheng;host=127.0.0.1;port=3306;charset=utf8
[ sql ] [ SQL ] SHOW COLUMNS FROM `zs_member_list` [ RunTime:0.005785s ]
[ sql ] [ SQL ] SELECT * FROM `zs_member_list` WHERE  `member_list_id` = 474 LIMIT 1 [ RunTime:0.000798s ]
[ sql ] [ SQL ] SHOW COLUMNS FROM `zs_admin` [ RunTime:0.005478s ]
[ sql ] [ SQL ] SELECT * FROM `zs_admin` WHERE  `member_id` = 474 LIMIT 1 [ RunTime:0.000682s ]
[ sql ] [ SQL ] SELECT * FROM `zs_member_list` `m` INNER JOIN `zs_member_info` `mi` ON `m`.`member_list_id`=`mi`.`member_list_id` WHERE  `m`.`member_list_id` = 474 LIMIT 1 [ RunTime:0.003431s ]
[ sql ] [ SQL ] SHOW COLUMNS FROM `zs_major` [ RunTime:0.005866s ]
[ sql ] [ SQL ] SELECT * FROM `zs_major` WHERE  `major_id` = 11 LIMIT 1 [ RunTime:0.000502s ]
[ sql ] [ SQL ] SHOW COLUMNS FROM `zs_school` [ RunTime:0.005079s ]
[ sql ] [ SQL ] SELECT * FROM `zs_school` WHERE  `school_id` = 7 LIMIT 1 [ RunTime:0.000481s ]
[ sql ] [ SQL ] SHOW COLUMNS FROM `zs_recruit_major` [ RunTime:0.005900s ]
[ sql ] [ SQL ] SELECT * FROM `zs_recruit_major` `rm` INNER JOIN `zs_enrollment` `e` ON `e`.`recruit_major_id`=`rm`.`recruit_major_id` WHERE  `e`.`major_ids` LIKE '%,11,%'  AND `e`.`school_id` = 7 LIMIT 1 [ RunTime:0.000664s ]

---------------------------------------------------------------
[ 2017-06-12T09:54:35+08:00 ] [ sql ] [ DB ] CONNECT:[ UseTime:0.014917s ] mysql:dbname=zhaosheng;host=127.0.0.1;port=3306;charset=utf8
[ sql ] [ SQL ] SHOW COLUMNS FROM `zs_member_list` [ RunTime:0.006399s ]
[ sql ] [ SQL ] SELECT * FROM `zs_member_list` WHERE  `member_list_id` = 474 LIMIT 1 [ RunTime:0.000907s ]
[ sql ] [ SQL ] SHOW COLUMNS FROM `zs_admin` [ RunTime:0.005686s ]
[ sql ] [ SQL ] SELECT * FROM `zs_admin` WHERE  `member_id` = 474 LIMIT 1 [ RunTime:0.000791s ]
[ sql ] [ SQL ] SHOW COLUMNS FROM `zs_major` [ RunTime:0.005696s ]
[ sql ] [ SQL ] SELECT * FROM `zs_major` WHERE  `major_id` = 11 LIMIT 1 [ RunTime:0.000594s ]
[ sql ] [ SQL ] SHOW COLUMNS FROM `zs_major_score_config` [ RunTime:0.005318s ]
[ sql ] [ SQL ] SELECT * FROM `zs_major_score_config` WHERE  `major_id` = 11  AND `school_id` = 7 LIMIT 1 [ RunTime:0.000674s ]

---------------------------------------------------------------
[ 2017-06-12T09:54:38+08:00 ] [ sql ] [ DB ] CONNECT:[ UseTime:0.008444s ] mysql:dbname=zhaosheng;host=127.0.0.1;port=3306;charset=utf8
[ sql ] [ SQL ] SHOW COLUMNS FROM `zs_member_list` [ RunTime:0.006081s ]
[ sql ] [ SQL ] SELECT * FROM `zs_member_list` WHERE  `member_list_id` = 471 LIMIT 1 [ RunTime:0.000757s ]
[ sql ] [ SQL ] SHOW COLUMNS FROM `zs_admin` [ RunTime:0.006099s ]
[ sql ] [ SQL ] SELECT * FROM `zs_admin` WHERE  `member_id` = 471 LIMIT 1 [ RunTime:0.000673s ]

---------------------------------------------------------------
[ 2017-06-12T09:54:39+08:00 ] [ sql ] [ DB ] CONNECT:[ UseTime:0.005594s ] mysql:dbname=zhaosheng;host=127.0.0.1;port=3306;charset=utf8
[ sql ] [ SQL ] SHOW COLUMNS FROM `zs_member_list` [ RunTime:0.007149s ]
[ sql ] [ SQL ] SELECT * FROM `zs_member_list` WHERE  `member_list_id` = 471 LIMIT 1 [ RunTime:0.000824s ]
[ sql ] [ SQL ] SHOW COLUMNS FROM `zs_admin` [ RunTime:0.005643s ]
[ sql ] [ SQL ] SELECT * FROM `zs_admin` WHERE  `member_id` = 471 LIMIT 1 [ RunTime:0.000898s ]
[ sql ] [ SQL ] SHOW COLUMNS FROM `zs_news` [ RunTime:0.006736s ]
[ sql ] [ SQL ] SELECT `news_content`,`news_title`,`n_id`,`news_columnid`,`news_time` FROM `zs_news` `a` WHERE  `news_open` = '1'  AND `news_l` = 'zh-cn'  AND `news_back` = 0  AND `news_columnid` IN (17) ORDER BY news_time desc LIMIT 7 [ RunTime:0.000855s ]
[ sql ] [ SQL ] SELECT `news_content`,`news_title`,`n_id`,`news_columnid`,`news_time` FROM `zs_news` `a` WHERE  `news_open` = '1'  AND `news_l` = 'zh-cn'  AND `news_back` = 0  AND `news_columnid` IN (18) ORDER BY news_time desc LIMIT 7 [ RunTime:0.000912s ]
[ sql ] [ SQL ] SELECT `news_content`,`news_title`,`n_id`,`news_columnid`,`news_time` FROM `zs_news` `a` WHERE  `news_open` = '1'  AND `news_l` = 'zh-cn'  AND `news_back` = 0  AND `news_columnid` IN (16) ORDER BY news_time desc LIMIT 7 [ RunTime:0.000848s ]

---------------------------------------------------------------
[ 2017-06-12T09:54:42+08:00 ] [ sql ] [ DB ] CONNECT:[ UseTime:0.018568s ] mysql:dbname=zhaosheng;host=127.0.0.1;port=3306;charset=utf8
[ sql ] [ SQL ] SHOW COLUMNS FROM `zs_member_list` [ RunTime:0.005865s ]
[ sql ] [ SQL ] SELECT * FROM `zs_member_list` WHERE  `member_list_id` = 474 LIMIT 1 [ RunTime:0.000746s ]
[ sql ] [ SQL ] SHOW COLUMNS FROM `zs_admin` [ RunTime:0.005254s ]
[ sql ] [ SQL ] SELECT * FROM `zs_admin` WHERE  `member_id` = 474 LIMIT 1 [ RunTime:0.000663s ]
[ sql ] [ SQL ] SELECT * FROM `zs_member_list` `m` INNER JOIN `zs_member_info` `mi` ON `m`.`member_list_id`=`mi`.`member_list_id` WHERE  `m`.`member_list_id` = 474 LIMIT 1 [ RunTime:0.003914s ]
[ sql ] [ SQL ] SHOW COLUMNS FROM `zs_major` [ RunTime:0.005404s ]
[ sql ] [ SQL ] SELECT * FROM `zs_major` WHERE  `major_id` = 11 LIMIT 1 [ RunTime:0.000673s ]
[ sql ] [ SQL ] SHOW COLUMNS FROM `zs_school` [ RunTime:0.005071s ]
[ sql ] [ SQL ] SELECT * FROM `zs_school` WHERE  `school_id` = 7 LIMIT 1 [ RunTime:0.000686s ]
[ sql ] [ SQL ] SHOW COLUMNS FROM `zs_recruit_major` [ RunTime:0.004965s ]
[ sql ] [ SQL ] SELECT * FROM `zs_recruit_major` `rm` INNER JOIN `zs_enrollment` `e` ON `e`.`recruit_major_id`=`rm`.`recruit_major_id` WHERE  `e`.`major_ids` LIKE '%,11,%'  AND `e`.`school_id` = 7 LIMIT 1 [ RunTime:0.000802s ]

---------------------------------------------------------------
[ 2017-06-12T09:55:03+08:00 ] [ sql ] [ DB ] CONNECT:[ UseTime:0.013971s ] mysql:dbname=zhaosheng;host=127.0.0.1;port=3306;charset=utf8
[ sql ] [ SQL ] SHOW COLUMNS FROM `zs_member_list` [ RunTime:0.005865s ]
[ sql ] [ SQL ] SELECT * FROM `zs_member_list` WHERE  `member_list_id` = 471 LIMIT 1 [ RunTime:0.000774s ]
[ sql ] [ SQL ] SHOW COLUMNS FROM `zs_admin` [ RunTime:0.005337s ]
[ sql ] [ SQL ] SELECT * FROM `zs_admin` WHERE  `member_id` = 471 LIMIT 1 [ RunTime:0.000730s ]
[ sql ] [ SQL ] SHOW COLUMNS FROM `zs_news` [ RunTime:0.006071s ]
[ sql ] [ SQL ] SELECT `news_content`,`news_title`,`n_id`,`news_columnid`,`news_time` FROM `zs_news` `a` WHERE  `news_open` = '1'  AND `news_l` = 'zh-cn'  AND `news_back` = 0  AND `news_columnid` IN (17) ORDER BY news_time desc LIMIT 7 [ RunTime:0.000900s ]
[ sql ] [ SQL ] SELECT `news_content`,`news_title`,`n_id`,`news_columnid`,`news_time` FROM `zs_news` `a` WHERE  `news_open` = '1'  AND `news_l` = 'zh-cn'  AND `news_back` = 0  AND `news_columnid` IN (18) ORDER BY news_time desc LIMIT 7 [ RunTime:0.000672s ]
[ sql ] [ SQL ] SELECT `news_content`,`news_title`,`n_id`,`news_columnid`,`news_time` FROM `zs_news` `a` WHERE  `news_open` = '1'  AND `news_l` = 'zh-cn'  AND `news_back` = 0  AND `news_columnid` IN (16) ORDER BY news_time desc LIMIT 7 [ RunTime:0.000890s ]

---------------------------------------------------------------
[ 2017-06-12T09:55:12+08:00 ] [ sql ] [ DB ] CONNECT:[ UseTime:0.008121s ] mysql:dbname=zhaosheng;host=127.0.0.1;port=3306;charset=utf8
[ sql ] [ SQL ] SHOW COLUMNS FROM `zs_member_list` [ RunTime:0.005726s ]
[ sql ] [ SQL ] SELECT * FROM `zs_member_list` WHERE  `member_list_id` = 471 LIMIT 1 [ RunTime:0.000851s ]
[ sql ] [ SQL ] SHOW COLUMNS FROM `zs_admin` [ RunTime:0.006237s ]
[ sql ] [ SQL ] SELECT * FROM `zs_admin` WHERE  `member_id` = 471 LIMIT 1 [ RunTime:0.000673s ]
[ sql ] [ SQL ] SELECT * FROM `zs_member_list` `m` INNER JOIN `zs_member_info` `mi` ON `m`.`member_list_id`=`mi`.`member_list_id` WHERE  `m`.`member_list_id` = 471 LIMIT 1 [ RunTime:0.004011s ]
[ sql ] [ SQL ] SHOW COLUMNS FROM `zs_major` [ RunTime:0.005712s ]
[ sql ] [ SQL ] SELECT * FROM `zs_major` WHERE  `major_id` = 11 LIMIT 1 [ RunTime:0.000569s ]
[ sql ] [ SQL ] SHOW COLUMNS FROM `zs_school` [ RunTime:0.008514s ]
[ sql ] [ SQL ] SELECT * FROM `zs_school` WHERE  `school_id` = 7 LIMIT 1 [ RunTime:0.002501s ]
[ sql ] [ SQL ] SHOW COLUMNS FROM `zs_recruit_major` [ RunTime:0.006081s ]
[ sql ] [ SQL ] SELECT * FROM `zs_recruit_major` `rm` INNER JOIN `zs_enrollment` `e` ON `e`.`recruit_major_id`=`rm`.`recruit_major_id` WHERE  `e`.`major_ids` LIKE '%,11,%'  AND `e`.`school_id` = 7 LIMIT 1 [ RunTime:0.002084s ]

---------------------------------------------------------------
[ 2017-06-12T09:55:16+08:00 ] [ sql ] [ DB ] CONNECT:[ UseTime:0.017828s ] mysql:dbname=zhaosheng;host=127.0.0.1;port=3306;charset=utf8
[ sql ] [ SQL ] SHOW COLUMNS FROM `zs_member_list` [ RunTime:0.005830s ]
[ sql ] [ SQL ] SELECT * FROM `zs_member_list` WHERE  `member_list_id` = 471 LIMIT 1 [ RunTime:0.000777s ]
[ sql ] [ SQL ] SHOW COLUMNS FROM `zs_admin` [ RunTime:0.005306s ]
[ sql ] [ SQL ] SELECT * FROM `zs_admin` WHERE  `member_id` = 471 LIMIT 1 [ RunTime:0.000644s ]
[ sql ] [ SQL ] SHOW COLUMNS FROM `zs_major` [ RunTime:0.005921s ]
[ sql ] [ SQL ] SELECT * FROM `zs_major` WHERE  `major_id` = 11 LIMIT 1 [ RunTime:0.000526s ]
[ sql ] [ SQL ] SHOW COLUMNS FROM `zs_major_score_config` [ RunTime:0.005029s ]
[ sql ] [ SQL ] SELECT * FROM `zs_major_score_config` WHERE  `major_id` = 11  AND `school_id` = 7 LIMIT 1 [ RunTime:0.000540s ]

---------------------------------------------------------------
[ 2017-06-12T09:55:27+08:00 ] [ sql ] [ DB ] CONNECT:[ UseTime:0.012823s ] mysql:dbname=zhaosheng;host=127.0.0.1;port=3306;charset=utf8
[ sql ] [ SQL ] SHOW COLUMNS FROM `zs_member_list` [ RunTime:0.005913s ]
[ sql ] [ SQL ] SELECT * FROM `zs_member_list` WHERE  `member_list_id` = 474 LIMIT 1 [ RunTime:0.000804s ]
[ sql ] [ SQL ] SHOW COLUMNS FROM `zs_admin` [ RunTime:0.005656s ]
[ sql ] [ SQL ] SELECT * FROM `zs_admin` WHERE  `member_id` = 474 LIMIT 1 [ RunTime:0.000703s ]
[ sql ] [ SQL ] SHOW COLUMNS FROM `zs_major` [ RunTime:0.006039s ]
[ sql ] [ SQL ] SELECT * FROM `zs_major` WHERE  `major_id` = 11 LIMIT 1 [ RunTime:0.000582s ]
[ sql ] [ SQL ] SHOW COLUMNS FROM `zs_major_score_config` [ RunTime:0.005557s ]
[ sql ] [ SQL ] SELECT * FROM `zs_major_score_config` WHERE  `major_id` = 11  AND `school_id` = 7 LIMIT 1 [ RunTime:0.000826s ]

---------------------------------------------------------------
[ 2017-06-12T09:55:29+08:00 ] [ sql ] [ DB ] CONNECT:[ UseTime:0.009392s ] mysql:dbname=zhaosheng;host=127.0.0.1;port=3306;charset=utf8
[ sql ] [ SQL ] SHOW COLUMNS FROM `zs_member_list` [ RunTime:0.005759s ]
[ sql ] [ SQL ] SELECT * FROM `zs_member_list` WHERE  `member_list_id` = 474 LIMIT 1 [ RunTime:0.000866s ]
[ sql ] [ SQL ] SHOW COLUMNS FROM `zs_admin` [ RunTime:0.005849s ]
[ sql ] [ SQL ] SELECT * FROM `zs_admin` WHERE  `member_id` = 474 LIMIT 1 [ RunTime:0.000749s ]
[ sql ] [ SQL ] SELECT * FROM `zs_member_list` `m` INNER JOIN `zs_member_info` `mi` ON `m`.`member_list_id`=`mi`.`member_list_id` WHERE  `m`.`member_list_id` = 474 LIMIT 1 [ RunTime:0.002875s ]
[ sql ] [ SQL ] SHOW COLUMNS FROM `zs_major` [ RunTime:0.005507s ]
[ sql ] [ SQL ] SELECT * FROM `zs_major` WHERE  `major_id` = 11 LIMIT 1 [ RunTime:0.000483s ]
[ sql ] [ SQL ] SHOW COLUMNS FROM `zs_school` [ RunTime:0.005147s ]
[ sql ] [ SQL ] SELECT * FROM `zs_school` WHERE  `school_id` = 7 LIMIT 1 [ RunTime:0.000583s ]
[ sql ] [ SQL ] SHOW COLUMNS FROM `zs_recruit_major` [ RunTime:0.005116s ]
[ sql ] [ SQL ] SELECT * FROM `zs_recruit_major` `rm` INNER JOIN `zs_enrollment` `e` ON `e`.`recruit_major_id`=`rm`.`recruit_major_id` WHERE  `e`.`major_ids` LIKE '%,11,%'  AND `e`.`school_id` = 7 LIMIT 1 [ RunTime:0.000637s ]

---------------------------------------------------------------
[ 2017-06-12T09:55:53+08:00 ] [ sql ] [ DB ] CONNECT:[ UseTime:0.008407s ] mysql:dbname=zhaosheng;host=127.0.0.1;port=3306;charset=utf8
[ sql ] [ SQL ] SHOW COLUMNS FROM `zs_member_list` [ RunTime:0.005790s ]
[ sql ] [ SQL ] SELECT * FROM `zs_member_list` WHERE  `member_list_id` = 471 LIMIT 1 [ RunTime:0.000773s ]
[ sql ] [ SQL ] SHOW COLUMNS FROM `zs_admin` [ RunTime:0.005211s ]
[ sql ] [ SQL ] SELECT * FROM `zs_admin` WHERE  `member_id` = 471 LIMIT 1 [ RunTime:0.000656s ]
[ sql ] [ SQL ] SELECT * FROM `zs_member_list` `m` INNER JOIN `zs_member_info` `mi` ON `m`.`member_list_id`=`mi`.`member_list_id` WHERE  `m`.`member_list_id` = 471 LIMIT 1 [ RunTime:0.003494s ]
[ sql ] [ SQL ] SHOW COLUMNS FROM `zs_major` [ RunTime:0.005198s ]
[ sql ] [ SQL ] SELECT * FROM `zs_major` WHERE  `major_id` = 11 LIMIT 1 [ RunTime:0.000527s ]
[ sql ] [ SQL ] SHOW COLUMNS FROM `zs_school` [ RunTime:0.004869s ]
[ sql ] [ SQL ] SELECT * FROM `zs_school` WHERE  `school_id` = 7 LIMIT 1 [ RunTime:0.000442s ]
[ sql ] [ SQL ] SHOW COLUMNS FROM `zs_recruit_major` [ RunTime:0.004935s ]
[ sql ] [ SQL ] SELECT * FROM `zs_recruit_major` `rm` INNER JOIN `zs_enrollment` `e` ON `e`.`recruit_major_id`=`rm`.`recruit_major_id` WHERE  `e`.`major_ids` LIKE '%,11,%'  AND `e`.`school_id` = 7 LIMIT 1 [ RunTime:0.000655s ]

---------------------------------------------------------------
[ 2017-06-12T09:56:45+08:00 ] [ sql ] [ DB ] CONNECT:[ UseTime:0.004374s ] mysql:dbname=zhaosheng;host=127.0.0.1;port=3306;charset=utf8
[ sql ] [ SQL ] SHOW COLUMNS FROM `zs_member_list` [ RunTime:0.005807s ]
[ sql ] [ SQL ] SELECT * FROM `zs_member_list` WHERE  `member_list_id` = 474 LIMIT 1 [ RunTime:0.000756s ]
[ sql ] [ SQL ] SHOW COLUMNS FROM `zs_admin` [ RunTime:0.005315s ]
[ sql ] [ SQL ] SELECT * FROM `zs_admin` WHERE  `member_id` = 474 LIMIT 1 [ RunTime:0.000650s ]
[ sql ] [ SQL ] SHOW COLUMNS FROM `zs_news` [ RunTime:0.006203s ]
[ sql ] [ SQL ] SELECT `news_content`,`news_title`,`n_id`,`news_columnid`,`news_time` FROM `zs_news` `a` WHERE  `news_open` = '1'  AND `news_l` = 'zh-cn'  AND `news_back` = 0  AND `news_columnid` IN (17) ORDER BY news_time desc LIMIT 7 [ RunTime:0.000983s ]
[ sql ] [ SQL ] SELECT `news_content`,`news_title`,`n_id`,`news_columnid`,`news_time` FROM `zs_news` `a` WHERE  `news_open` = '1'  AND `news_l` = 'zh-cn'  AND `news_back` = 0  AND `news_columnid` IN (18) ORDER BY news_time desc LIMIT 7 [ RunTime:0.002038s ]
[ sql ] [ SQL ] SELECT `news_content`,`news_title`,`n_id`,`news_columnid`,`news_time` FROM `zs_news` `a` WHERE  `news_open` = '1'  AND `news_l` = 'zh-cn'  AND `news_back` = 0  AND `news_columnid` IN (16) ORDER BY news_time desc LIMIT 7 [ RunTime:0.005471s ]

---------------------------------------------------------------
[ 2017-06-12T09:56:47+08:00 ] [ sql ] [ DB ] CONNECT:[ UseTime:0.015060s ] mysql:dbname=zhaosheng;host=127.0.0.1;port=3306;charset=utf8
[ sql ] [ SQL ] SHOW COLUMNS FROM `zs_member_list` [ RunTime:0.005821s ]
[ sql ] [ SQL ] SELECT * FROM `zs_member_list` WHERE  `member_list_id` = 474 LIMIT 1 [ RunTime:0.000743s ]
[ sql ] [ SQL ] SHOW COLUMNS FROM `zs_admin` [ RunTime:0.005321s ]
[ sql ] [ SQL ] SELECT * FROM `zs_admin` WHERE  `member_id` = 474 LIMIT 1 [ RunTime:0.000841s ]
[ sql ] [ SQL ] SELECT * FROM `zs_member_list` `m` INNER JOIN `zs_member_info` `mi` ON `m`.`member_list_id`=`mi`.`member_list_id` WHERE  `m`.`member_list_id` = 474 LIMIT 1 [ RunTime:0.004292s ]
[ sql ] [ SQL ] SHOW COLUMNS FROM `zs_major` [ RunTime:0.005500s ]
[ sql ] [ SQL ] SELECT * FROM `zs_major` WHERE  `major_id` = 11 LIMIT 1 [ RunTime:0.000520s ]
[ sql ] [ SQL ] SHOW COLUMNS FROM `zs_school` [ RunTime:0.004971s ]
[ sql ] [ SQL ] SELECT * FROM `zs_school` WHERE  `school_id` = 7 LIMIT 1 [ RunTime:0.000524s ]
[ sql ] [ SQL ] SHOW COLUMNS FROM `zs_recruit_major` [ RunTime:0.005124s ]
[ sql ] [ SQL ] SELECT * FROM `zs_recruit_major` `rm` INNER JOIN `zs_enrollment` `e` ON `e`.`recruit_major_id`=`rm`.`recruit_major_id` WHERE  `e`.`major_ids` LIKE '%,11,%'  AND `e`.`school_id` = 7 LIMIT 1 [ RunTime:0.000652s ]

---------------------------------------------------------------
[ 2017-06-12T09:56:54+08:00 ] [ sql ] [ DB ] CONNECT:[ UseTime:0.010198s ] mysql:dbname=zhaosheng;host=127.0.0.1;port=3306;charset=utf8
[ sql ] [ SQL ] SHOW COLUMNS FROM `zs_news` [ RunTime:0.005784s ]
[ sql ] [ SQL ] SELECT `news_content`,`news_title`,`n_id`,`news_columnid`,`news_time` FROM `zs_news` `a` WHERE  `news_open` = '1'  AND `news_l` = 'zh-cn'  AND `news_back` = 0  AND `news_columnid` IN (17) ORDER BY news_time desc LIMIT 7 [ RunTime:0.000806s ]
[ sql ] [ SQL ] SELECT `news_content`,`news_title`,`n_id`,`news_columnid`,`news_time` FROM `zs_news` `a` WHERE  `news_open` = '1'  AND `news_l` = 'zh-cn'  AND `news_back` = 0  AND `news_columnid` IN (18) ORDER BY news_time desc LIMIT 7 [ RunTime:0.000648s ]
[ sql ] [ SQL ] SELECT `news_content`,`news_title`,`n_id`,`news_columnid`,`news_time` FROM `zs_news` `a` WHERE  `news_open` = '1'  AND `news_l` = 'zh-cn'  AND `news_back` = 0  AND `news_columnid` IN (16) ORDER BY news_time desc LIMIT 7 [ RunTime:0.000811s ]

---------------------------------------------------------------
[ 2017-06-12T09:56:58+08:00 ] [ sql ] [ DB ] CONNECT:[ UseTime:0.008649s ] mysql:dbname=zhaosheng;host=127.0.0.1;port=3306;charset=utf8
[ sql ] [ SQL ] SHOW COLUMNS FROM `zs_member_list` [ RunTime:0.005843s ]
[ sql ] [ SQL ] SELECT * FROM `zs_member_list` WHERE  `member_list_id` = 471 LIMIT 1 [ RunTime:0.000791s ]
[ sql ] [ SQL ] SHOW COLUMNS FROM `zs_admin` [ RunTime:0.006048s ]
[ sql ] [ SQL ] SELECT * FROM `zs_admin` WHERE  `member_id` = 471 LIMIT 1 [ RunTime:0.001013s ]
[ sql ] [ SQL ] SHOW COLUMNS FROM `zs_major` [ RunTime:0.006004s ]
[ sql ] [ SQL ] SELECT * FROM `zs_major` WHERE  `major_id` = 11 LIMIT 1 [ RunTime:0.001167s ]
[ sql ] [ SQL ] SHOW COLUMNS FROM `zs_major_score_config` [ RunTime:0.005523s ]
[ sql ] [ SQL ] SELECT * FROM `zs_major_score_config` WHERE  `major_id` = 11  AND `school_id` = 7 LIMIT 1 [ RunTime:0.000633s ]

---------------------------------------------------------------
[ 2017-06-12T09:57:32+08:00 ] [ sql ] [ DB ] CONNECT:[ UseTime:0.005833s ] mysql:dbname=zhaosheng;host=127.0.0.1;port=3306;charset=utf8
[ sql ] [ SQL ] SHOW COLUMNS FROM `zs_member_list` [ RunTime:0.005824s ]
[ sql ] [ SQL ] SELECT * FROM `zs_member_list` WHERE  `member_list_id` = 471 LIMIT 1 [ RunTime:0.000827s ]
[ sql ] [ SQL ] SHOW COLUMNS FROM `zs_admin` [ RunTime:0.005128s ]
[ sql ] [ SQL ] SELECT * FROM `zs_admin` WHERE  `member_id` = 471 LIMIT 1 [ RunTime:0.000743s ]
[ sql ] [ SQL ] SELECT * FROM `zs_member_list` `m` INNER JOIN `zs_member_info` `mi` ON `m`.`member_list_id`=`mi`.`member_list_id` WHERE  `m`.`member_list_id` = 471 LIMIT 1 [ RunTime:0.002948s ]
[ sql ] [ SQL ] SHOW COLUMNS FROM `zs_major` [ RunTime:0.005249s ]
[ sql ] [ SQL ] SELECT * FROM `zs_major` WHERE  `major_id` = 11 LIMIT 1 [ RunTime:0.000557s ]
[ sql ] [ SQL ] SHOW COLUMNS FROM `zs_school` [ RunTime:0.004734s ]
[ sql ] [ SQL ] SELECT * FROM `zs_school` WHERE  `school_id` = 7 LIMIT 1 [ RunTime:0.000483s ]
[ sql ] [ SQL ] SHOW COLUMNS FROM `zs_recruit_major` [ RunTime:0.004808s ]
[ sql ] [ SQL ] SELECT * FROM `zs_recruit_major` `rm` INNER JOIN `zs_enrollment` `e` ON `e`.`recruit_major_id`=`rm`.`recruit_major_id` WHERE  `e`.`major_ids` LIKE '%,11,%'  AND `e`.`school_id` = 7 LIMIT 1 [ RunTime:0.000641s ]

---------------------------------------------------------------
[ 2017-06-12T09:57:52+08:00 ] [ sql ] [ DB ] CONNECT:[ UseTime:0.014956s ] mysql:dbname=zhaosheng;host=127.0.0.1;port=3306;charset=utf8
[ sql ] [ SQL ] SHOW COLUMNS FROM `zs_member_list` [ RunTime:0.005901s ]
[ sql ] [ SQL ] SELECT * FROM `zs_member_list` WHERE  `member_list_id` = 471 LIMIT 1 [ RunTime:0.001428s ]
[ sql ] [ SQL ] SHOW COLUMNS FROM `zs_admin` [ RunTime:0.005680s ]
[ sql ] [ SQL ] SELECT * FROM `zs_admin` WHERE  `member_id` = 471 LIMIT 1 [ RunTime:0.000644s ]

---------------------------------------------------------------
[ 2017-06-12T09:57:52+08:00 ] [ sql ] [ DB ] CONNECT:[ UseTime:0.012229s ] mysql:dbname=zhaosheng;host=127.0.0.1;port=3306;charset=utf8
[ sql ] [ SQL ] SHOW COLUMNS FROM `zs_news` [ RunTime:0.006172s ]
[ sql ] [ SQL ] SELECT `news_content`,`news_title`,`n_id`,`news_columnid`,`news_time` FROM `zs_news` `a` WHERE  `news_open` = '1'  AND `news_l` = 'zh-cn'  AND `news_back` = 0  AND `news_columnid` IN (17) ORDER BY news_time desc LIMIT 7 [ RunTime:0.001043s ]
[ sql ] [ SQL ] SELECT `news_content`,`news_title`,`n_id`,`news_columnid`,`news_time` FROM `zs_news` `a` WHERE  `news_open` = '1'  AND `news_l` = 'zh-cn'  AND `news_back` = 0  AND `news_columnid` IN (18) ORDER BY news_time desc LIMIT 7 [ RunTime:0.000654s ]
[ sql ] [ SQL ] SELECT `news_content`,`news_title`,`n_id`,`news_columnid`,`news_time` FROM `zs_news` `a` WHERE  `news_open` = '1'  AND `news_l` = 'zh-cn'  AND `news_back` = 0  AND `news_columnid` IN (16) ORDER BY news_time desc LIMIT 7 [ RunTime:0.000892s ]

---------------------------------------------------------------
[ 2017-06-12T10:04:56+08:00 ] [ error ] [8]未定义变量: error

---------------------------------------------------------------
[ 2017-06-12T10:33:58+08:00 ] [ sql ] [ DB ] CONNECT:[ UseTime:0.007668s ] mysql:dbname=zhaosheng;host=127.0.0.1;port=3306;charset=utf8
[ sql ] [ SQL ] SHOW COLUMNS FROM `zs_news` [ RunTime:0.006053s ]
[ sql ] [ SQL ] SELECT `news_content`,`news_title`,`n_id`,`news_columnid`,`news_time` FROM `zs_news` `a` WHERE  `news_open` = '1'  AND `news_l` = 'zh-cn'  AND `news_back` = 0  AND `news_columnid` IN (17) ORDER BY news_time desc LIMIT 7 [ RunTime:0.001021s ]
[ sql ] [ SQL ] SELECT `news_content`,`news_title`,`n_id`,`news_columnid`,`news_time` FROM `zs_news` `a` WHERE  `news_open` = '1'  AND `news_l` = 'zh-cn'  AND `news_back` = 0  AND `news_columnid` IN (18) ORDER BY news_time desc LIMIT 7 [ RunTime:0.000659s ]
[ sql ] [ SQL ] SELECT `news_content`,`news_title`,`n_id`,`news_columnid`,`news_time` FROM `zs_news` `a` WHERE  `news_open` = '1'  AND `news_l` = 'zh-cn'  AND `news_back` = 0  AND `news_columnid` IN (16) ORDER BY news_time desc LIMIT 7 [ RunTime:0.000956s ]

---------------------------------------------------------------
[ 2017-06-12T10:34:11+08:00 ] [ sql ] [ DB ] CONNECT:[ UseTime:0.004486s ] mysql:dbname=zhaosheng;host=127.0.0.1;port=3306;charset=utf8
[ sql ] [ SQL ] SHOW COLUMNS FROM `zs_web_log` [ RunTime:0.005225s ]
[ sql ] [ SQL ] INSERT INTO `zs_web_log` (`uid` , `ip` , `location` , `os` , `browser` , `url` , `module` , `controller` , `action` , `method` , `data` , `otime`) VALUES (0 , '121.33.169.228' , '中国 广东 广州 ' , 'Mac' , 'Safari(9537.53)' , '/home/login/runlogin.html' , 'home' , 'Login' , 'runlogin' , 'Ajax' , 's:12:\"保密数据\";' , 1497234851) [ RunTime:0.001078s ]
[ sql ] [ SQL ] SHOW COLUMNS FROM `zs_member_list` [ RunTime:0.006101s ]
[ sql ] [ SQL ] SELECT * FROM `zs_member_list` WHERE  `member_list_username` = '440105199909265722' LIMIT 1 [ RunTime:0.001788s ]
[ sql ] [ SQL ] UPDATE `zs_member_list`  SET `last_login_time`=1497234851,`last_login_ip`='121.33.169.228'  WHERE  `member_list_id` = 479 [ RunTime:0.000613s ]
[ sql ] [ SQL ] SHOW COLUMNS FROM `zs_admin` [ RunTime:0.005066s ]
[ sql ] [ SQL ] SELECT * FROM `zs_admin` WHERE  `member_id` = 479 LIMIT 1 [ RunTime:0.000677s ]

---------------------------------------------------------------
[ 2017-06-12T10:34:12+08:00 ] [ sql ] [ DB ] CONNECT:[ UseTime:0.007755s ] mysql:dbname=zhaosheng;host=127.0.0.1;port=3306;charset=utf8
[ sql ] [ SQL ] SHOW COLUMNS FROM `zs_member_list` [ RunTime:0.007053s ]
[ sql ] [ SQL ] SELECT * FROM `zs_member_list` WHERE  `member_list_id` = 479 LIMIT 1 [ RunTime:0.001020s ]
[ sql ] [ SQL ] SHOW COLUMNS FROM `zs_admin` [ RunTime:0.005390s ]
[ sql ] [ SQL ] SELECT * FROM `zs_admin` WHERE  `member_id` = 479 LIMIT 1 [ RunTime:0.000620s ]
[ sql ] [ SQL ] SELECT * FROM `zs_member_list` `m` INNER JOIN `zs_member_info` `mi` ON `m`.`member_list_id`=`mi`.`member_list_id` WHERE  `m`.`member_list_id` = 479 LIMIT 1 [ RunTime:0.004146s ]
[ sql ] [ SQL ] SHOW COLUMNS FROM `zs_major` [ RunTime:0.004839s ]
[ sql ] [ SQL ] SELECT * FROM `zs_major` WHERE  `major_id` = 11 LIMIT 1 [ RunTime:0.000500s ]
[ sql ] [ SQL ] SHOW COLUMNS FROM `zs_school` [ RunTime:0.004713s ]
[ sql ] [ SQL ] SELECT * FROM `zs_school` WHERE  `school_id` = 7 LIMIT 1 [ RunTime:0.000558s ]
[ sql ] [ SQL ] SHOW COLUMNS FROM `zs_recruit_major` [ RunTime:0.004711s ]
[ sql ] [ SQL ] SELECT * FROM `zs_recruit_major` `rm` INNER JOIN `zs_enrollment` `e` ON `e`.`recruit_major_id`=`rm`.`recruit_major_id` WHERE  `e`.`major_ids` LIKE '%,11,%'  AND `e`.`school_id` = 7 LIMIT 1 [ RunTime:0.000641s ]

---------------------------------------------------------------
[ 2017-06-12T10:34:18+08:00 ] [ sql ] [ DB ] CONNECT:[ UseTime:0.004205s ] mysql:dbname=zhaosheng;host=127.0.0.1;port=3306;charset=utf8
[ sql ] [ SQL ] SHOW COLUMNS FROM `zs_member_list` [ RunTime:0.005430s ]
[ sql ] [ SQL ] SELECT * FROM `zs_member_list` WHERE  `member_list_id` = 479 LIMIT 1 [ RunTime:0.000823s ]
[ sql ] [ SQL ] SHOW COLUMNS FROM `zs_admin` [ RunTime:0.004934s ]
[ sql ] [ SQL ] SELECT * FROM `zs_admin` WHERE  `member_id` = 479 LIMIT 1 [ RunTime:0.000611s ]
[ sql ] [ SQL ] SHOW COLUMNS FROM `zs_major` [ RunTime:0.006066s ]
[ sql ] [ SQL ] SELECT * FROM `zs_major` WHERE  `major_id` = 11 LIMIT 1 [ RunTime:0.000514s ]
[ sql ] [ SQL ] SHOW COLUMNS FROM `zs_major_score_config` [ RunTime:0.004634s ]
[ sql ] [ SQL ] SELECT * FROM `zs_major_score_config` WHERE  `major_id` = 11  AND `school_id` = 7 LIMIT 1 [ RunTime:0.000504s ]

---------------------------------------------------------------
[ 2017-06-12T10:34:27+08:00 ] [ sql ] [ DB ] CONNECT:[ UseTime:0.014732s ] mysql:dbname=zhaosheng;host=127.0.0.1;port=3306;charset=utf8
[ sql ] [ SQL ] SHOW COLUMNS FROM `zs_member_list` [ RunTime:0.005271s ]
[ sql ] [ SQL ] SELECT * FROM `zs_member_list` WHERE  `member_list_id` = 479 LIMIT 1 [ RunTime:0.000835s ]
[ sql ] [ SQL ] SHOW COLUMNS FROM `zs_admin` [ RunTime:0.005068s ]
[ sql ] [ SQL ] SELECT * FROM `zs_admin` WHERE  `member_id` = 479 LIMIT 1 [ RunTime:0.000660s ]
[ sql ] [ SQL ] SELECT * FROM `zs_member_list` `m` INNER JOIN `zs_member_info` `mi` ON `m`.`member_list_id`=`mi`.`member_list_id` WHERE  `m`.`member_list_id` = 479 LIMIT 1 [ RunTime:0.002762s ]
[ sql ] [ SQL ] SHOW COLUMNS FROM `zs_major` [ RunTime:0.005077s ]
[ sql ] [ SQL ] SELECT * FROM `zs_major` WHERE  `major_id` = 11 LIMIT 1 [ RunTime:0.000461s ]
[ sql ] [ SQL ] SHOW COLUMNS FROM `zs_school` [ RunTime:0.004750s ]
[ sql ] [ SQL ] SELECT * FROM `zs_school` WHERE  `school_id` = 7 LIMIT 1 [ RunTime:0.000441s ]
[ sql ] [ SQL ] SHOW COLUMNS FROM `zs_recruit_major` [ RunTime:0.005036s ]
[ sql ] [ SQL ] SELECT * FROM `zs_recruit_major` `rm` INNER JOIN `zs_enrollment` `e` ON `e`.`recruit_major_id`=`rm`.`recruit_major_id` WHERE  `e`.`major_ids` LIKE '%,11,%'  AND `e`.`school_id` = 7 LIMIT 1 [ RunTime:0.000644s ]

---------------------------------------------------------------
[ 2017-06-12T10:34:29+08:00 ] [ sql ] [ DB ] CONNECT:[ UseTime:0.015030s ] mysql:dbname=zhaosheng;host=127.0.0.1;port=3306;charset=utf8
[ sql ] [ SQL ] SHOW COLUMNS FROM `zs_member_list` [ RunTime:0.005464s ]
[ sql ] [ SQL ] SELECT * FROM `zs_member_list` WHERE  `member_list_id` = 479 LIMIT 1 [ RunTime:0.000913s ]
[ sql ] [ SQL ] SHOW COLUMNS FROM `zs_admin` [ RunTime:0.005155s ]
[ sql ] [ SQL ] SELECT * FROM `zs_admin` WHERE  `member_id` = 479 LIMIT 1 [ RunTime:0.000636s ]
[ sql ] [ SQL ] SHOW COLUMNS FROM `zs_news` [ RunTime:0.005435s ]
[ sql ] [ SQL ] SELECT `news_content`,`news_title`,`n_id`,`news_columnid`,`news_time` FROM `zs_news` `a` WHERE  `news_open` = '1'  AND `news_l` = 'zh-cn'  AND `news_back` = 0  AND `news_columnid` IN (17) ORDER BY news_time desc LIMIT 7 [ RunTime:0.000764s ]
[ sql ] [ SQL ] SELECT `news_content`,`news_title`,`n_id`,`news_columnid`,`news_time` FROM `zs_news` `a` WHERE  `news_open` = '1'  AND `news_l` = 'zh-cn'  AND `news_back` = 0  AND `news_columnid` IN (18) ORDER BY news_time desc LIMIT 7 [ RunTime:0.000718s ]
[ sql ] [ SQL ] SELECT `news_content`,`news_title`,`n_id`,`news_columnid`,`news_time` FROM `zs_news` `a` WHERE  `news_open` = '1'  AND `news_l` = 'zh-cn'  AND `news_back` = 0  AND `news_columnid` IN (16) ORDER BY news_time desc LIMIT 7 [ RunTime:0.000795s ]

---------------------------------------------------------------
[ 2017-06-12T10:48:39+08:00 ] [ sql ] [ DB ] CONNECT:[ UseTime:0.005961s ] mysql:dbname=zhaosheng;host=127.0.0.1;port=3306;charset=utf8
[ sql ] [ SQL ] SHOW COLUMNS FROM `zs_news` [ RunTime:0.008187s ]
[ sql ] [ SQL ] SELECT `news_content`,`news_title`,`n_id`,`news_columnid`,`news_time` FROM `zs_news` `a` WHERE  `news_open` = '1'  AND `news_l` = 'zh-cn'  AND `news_back` = 0  AND `news_columnid` IN (17) ORDER BY news_time desc LIMIT 7 [ RunTime:0.000944s ]
[ sql ] [ SQL ] SELECT `news_content`,`news_title`,`n_id`,`news_columnid`,`news_time` FROM `zs_news` `a` WHERE  `news_open` = '1'  AND `news_l` = 'zh-cn'  AND `news_back` = 0  AND `news_columnid` IN (18) ORDER BY news_time desc LIMIT 7 [ RunTime:0.000786s ]
[ sql ] [ SQL ] SELECT `news_content`,`news_title`,`n_id`,`news_columnid`,`news_time` FROM `zs_news` `a` WHERE  `news_open` = '1'  AND `news_l` = 'zh-cn'  AND `news_back` = 0  AND `news_columnid` IN (16) ORDER BY news_time desc LIMIT 7 [ RunTime:0.001229s ]

---------------------------------------------------------------
[ 2017-06-12T13:33:52+08:00 ] [ sql ] [ DB ] CONNECT:[ UseTime:0.006457s ] mysql:dbname=zhaosheng;host=127.0.0.1;port=3306;charset=utf8
[ sql ] [ SQL ] SHOW COLUMNS FROM `zs_member_list` [ RunTime:0.006195s ]
[ sql ] [ SQL ] SELECT * FROM `zs_member_list` WHERE  `member_list_id` = 474 LIMIT 1 [ RunTime:0.000936s ]
[ sql ] [ SQL ] SHOW COLUMNS FROM `zs_admin` [ RunTime:0.004930s ]
[ sql ] [ SQL ] SELECT * FROM `zs_admin` WHERE  `member_id` = 474 LIMIT 1 [ RunTime:0.000595s ]
[ sql ] [ SQL ] SHOW COLUMNS FROM `zs_news` [ RunTime:0.005638s ]
[ sql ] [ SQL ] SELECT `news_content`,`news_title`,`n_id`,`news_columnid`,`news_time` FROM `zs_news` `a` WHERE  `news_open` = '1'  AND `news_l` = 'zh-cn'  AND `news_back` = 0  AND `news_columnid` IN (17) ORDER BY news_time desc LIMIT 7 [ RunTime:0.000767s ]
[ sql ] [ SQL ] SELECT `news_content`,`news_title`,`n_id`,`news_columnid`,`news_time` FROM `zs_news` `a` WHERE  `news_open` = '1'  AND `news_l` = 'zh-cn'  AND `news_back` = 0  AND `news_columnid` IN (18) ORDER BY news_time desc LIMIT 7 [ RunTime:0.000648s ]
[ sql ] [ SQL ] SELECT `news_content`,`news_title`,`n_id`,`news_columnid`,`news_time` FROM `zs_news` `a` WHERE  `news_open` = '1'  AND `news_l` = 'zh-cn'  AND `news_back` = 0  AND `news_columnid` IN (16) ORDER BY news_time desc LIMIT 7 [ RunTime:0.000810s ]

---------------------------------------------------------------
[ 2017-06-12T13:33:54+08:00 ] [ sql ] [ DB ] CONNECT:[ UseTime:0.012136s ] mysql:dbname=zhaosheng;host=127.0.0.1;port=3306;charset=utf8
[ sql ] [ SQL ] SHOW COLUMNS FROM `zs_member_list` [ RunTime:0.005293s ]
[ sql ] [ SQL ] SELECT * FROM `zs_member_list` WHERE  `member_list_id` = 474 LIMIT 1 [ RunTime:0.000809s ]
[ sql ] [ SQL ] SHOW COLUMNS FROM `zs_admin` [ RunTime:0.005017s ]
[ sql ] [ SQL ] SELECT * FROM `zs_admin` WHERE  `member_id` = 474 LIMIT 1 [ RunTime:0.000774s ]
[ sql ] [ SQL ] SELECT * FROM `zs_member_list` `m` INNER JOIN `zs_member_info` `mi` ON `m`.`member_list_id`=`mi`.`member_list_id` WHERE  `m`.`member_list_id` = 474 LIMIT 1 [ RunTime:0.002775s ]
[ sql ] [ SQL ] SHOW COLUMNS FROM `zs_major` [ RunTime:0.005003s ]
[ sql ] [ SQL ] SELECT * FROM `zs_major` WHERE  `major_id` = 11 LIMIT 1 [ RunTime:0.000618s ]
[ sql ] [ SQL ] SHOW COLUMNS FROM `zs_school` [ RunTime:0.004500s ]
[ sql ] [ SQL ] SELECT * FROM `zs_school` WHERE  `school_id` = 7 LIMIT 1 [ RunTime:0.000477s ]
[ sql ] [ SQL ] SHOW COLUMNS FROM `zs_recruit_major` [ RunTime:0.004701s ]
[ sql ] [ SQL ] SELECT * FROM `zs_recruit_major` `rm` INNER JOIN `zs_enrollment` `e` ON `e`.`recruit_major_id`=`rm`.`recruit_major_id` WHERE  `e`.`major_ids` LIKE '%,11,%'  AND `e`.`school_id` = 7 LIMIT 1 [ RunTime:0.000608s ]

---------------------------------------------------------------
[ 2017-06-12T13:34:20+08:00 ] [ sql ] [ DB ] CONNECT:[ UseTime:0.005803s ] mysql:dbname=zhaosheng;host=127.0.0.1;port=3306;charset=utf8
[ sql ] [ SQL ] SHOW COLUMNS FROM `zs_member_list` [ RunTime:0.005671s ]
[ sql ] [ SQL ] SELECT * FROM `zs_member_list` WHERE  `member_list_id` = 474 LIMIT 1 [ RunTime:0.000779s ]
[ sql ] [ SQL ] SHOW COLUMNS FROM `zs_admin` [ RunTime:0.004864s ]
[ sql ] [ SQL ] SELECT * FROM `zs_admin` WHERE  `member_id` = 474 LIMIT 1 [ RunTime:0.000608s ]
[ sql ] [ SQL ] SHOW COLUMNS FROM `zs_major` [ RunTime:0.004803s ]
[ sql ] [ SQL ] SELECT * FROM `zs_major` WHERE  `major_id` = 11 LIMIT 1 [ RunTime:0.000556s ]
[ sql ] [ SQL ] SHOW COLUMNS FROM `zs_major_score_config` [ RunTime:0.005633s ]
[ sql ] [ SQL ] SELECT * FROM `zs_major_score_config` WHERE  `major_id` = 11  AND `school_id` = 7 LIMIT 1 [ RunTime:0.000618s ]

---------------------------------------------------------------
[ 2017-06-12T16:50:20+08:00 ] [ log ] Cron:clearlog Runat 2017-06-12 16:50:20 Use 0.001829 s


[ 2017-06-12T16:50:20+08:00 ] [ sql ] [ DB ] CONNECT:[ UseTime:0.006159s ] mysql:dbname=zhaosheng;host=127.0.0.1;port=3306;charset=utf8
[ sql ] [ SQL ] SHOW COLUMNS FROM `zs_news` [ RunTime:0.005393s ]
[ sql ] [ SQL ] SELECT `news_content`,`news_title`,`n_id`,`news_columnid`,`news_time` FROM `zs_news` `a` WHERE  `news_open` = '1'  AND `news_l` = 'zh-cn'  AND `news_back` = 0  AND `news_columnid` IN (17) ORDER BY news_time desc LIMIT 7 [ RunTime:0.000879s ]
[ sql ] [ SQL ] SELECT `news_content`,`news_title`,`n_id`,`news_columnid`,`news_time` FROM `zs_news` `a` WHERE  `news_open` = '1'  AND `news_l` = 'zh-cn'  AND `news_back` = 0  AND `news_columnid` IN (18) ORDER BY news_time desc LIMIT 7 [ RunTime:0.000622s ]
[ sql ] [ SQL ] SELECT `news_content`,`news_title`,`n_id`,`news_columnid`,`news_time` FROM `zs_news` `a` WHERE  `news_open` = '1'  AND `news_l` = 'zh-cn'  AND `news_back` = 0  AND `news_columnid` IN (16) ORDER BY news_time desc LIMIT 7 [ RunTime:0.000801s ]

---------------------------------------------------------------
[ 2017-06-12T17:06:19+08:00 ] [ error ] [8]未定义变量: error

---------------------------------------------------------------
[ 2017-06-12T17:14:41+08:00 ] [ sql ] [ DB ] CONNECT:[ UseTime:0.007799s ] mysql:dbname=zhaosheng;host=127.0.0.1;port=3306;charset=utf8
[ sql ] [ SQL ] SHOW COLUMNS FROM `zs_news` [ RunTime:0.009154s ]
[ sql ] [ SQL ] SELECT * FROM `zs_news` `a` INNER JOIN `zs_admin` `b` ON `a`.`news_auto`=`b`.`admin_id` WHERE  `n_id` = 40  AND `news_open` = '1'  AND `news_back` = 0 LIMIT 1 [ RunTime:0.001462s ]
[ sql ] [ SQL ] SHOW COLUMNS FROM `zs_menu` [ RunTime:0.008571s ]
[ sql ] [ SQL ] SELECT * FROM `zs_menu` WHERE  `id` = 17 LIMIT 1 [ RunTime:0.000635s ]
[ sql ] [ SQL ] SHOW COLUMNS FROM `zs_action_log` [ RunTime:0.005865s ]
[ sql ] [ SQL ] SELECT * FROM `zs_action_log` WHERE  `uid` = 0  AND `action` = 'home-News-index'  AND `object` = 'news40' LIMIT 1 [ RunTime:0.000833s ]
[ sql ] [ SQL ] UPDATE `zs_action_log`  SET `count`=count+1,`last_time`=1497258881,`ip`='42.156.138.103'  WHERE  `uid` = 0  AND `action` = 'home-News-index'  AND `object` = 'news40' [ RunTime:0.000820s ]
[ sql ] [ SQL ] UPDATE `zs_news`  SET `news_hits`=news_hits+1  WHERE  `n_id` = 40 [ RunTime:0.000767s ]
[ sql ] [ SQL ] SELECT * FROM `zs_news` WHERE  `news_time` >= 1490535723  AND `n_id` <> 40  AND `news_open` = '1'  AND `news_back` = 0  AND `news_columnid` = 17 ORDER BY news_time asc LIMIT 1 [ RunTime:0.000920s ]
[ sql ] [ SQL ] SELECT * FROM `zs_news` WHERE  `news_time` <= 1490535723  AND `n_id` <> 40  AND `news_open` = '1'  AND `news_back` = 0  AND `news_columnid` = 17 ORDER BY news_time desc LIMIT 1 [ RunTime:0.001100s ]
[ sql ] [ SQL ] SHOW COLUMNS FROM `zs_comments` [ RunTime:0.006354s ]
[ sql ] [ SQL ] SELECT * FROM `zs_comments` `a` INNER JOIN `zs_member_list` `b` ON `a`.`uid`=`b`.`member_list_id` WHERE  `a`.`t_name` = 'news'  AND `a`.`t_id` = '40'  AND `a`.`c_status` = 1 ORDER BY a.createtime ASC [ RunTime:0.000958s ]

---------------------------------------------------------------
[ 2017-06-12T17:14:41+08:00 ] [ sql ] [ DB ] CONNECT:[ UseTime:0.007543s ] mysql:dbname=zhaosheng;host=127.0.0.1;port=3306;charset=utf8
[ sql ] [ SQL ] SHOW COLUMNS FROM `zs_news` [ RunTime:0.008950s ]
[ sql ] [ SQL ] SELECT * FROM `zs_news` `a` INNER JOIN `zs_admin` `b` ON `a`.`news_auto`=`b`.`admin_id` WHERE  `n_id` = 40  AND `news_open` = '1'  AND `news_back` = 0 LIMIT 1 [ RunTime:0.001232s ]
[ sql ] [ SQL ] SHOW COLUMNS FROM `zs_menu` [ RunTime:0.010275s ]
[ sql ] [ SQL ] SELECT * FROM `zs_menu` WHERE  `id` = 17 LIMIT 1 [ RunTime:0.000562s ]
[ sql ] [ SQL ] SHOW COLUMNS FROM `zs_action_log` [ RunTime:0.006440s ]
[ sql ] [ SQL ] SELECT * FROM `zs_action_log` WHERE  `uid` = 0  AND `action` = 'home-News-index'  AND `object` = 'news40' LIMIT 1 [ RunTime:0.000605s ]
[ sql ] [ SQL ] SELECT * FROM `zs_news` WHERE  `news_time` >= 1490535723  AND `n_id` <> 40  AND `news_open` = '1'  AND `news_back` = 0  AND `news_columnid` = 17 ORDER BY news_time asc LIMIT 1 [ RunTime:0.001365s ]
[ sql ] [ SQL ] SELECT * FROM `zs_news` WHERE  `news_time` <= 1490535723  AND `n_id` <> 40  AND `news_open` = '1'  AND `news_back` = 0  AND `news_columnid` = 17 ORDER BY news_time desc LIMIT 1 [ RunTime:0.000907s ]
[ sql ] [ SQL ] SHOW COLUMNS FROM `zs_comments` [ RunTime:0.006457s ]
[ sql ] [ SQL ] SELECT * FROM `zs_comments` `a` INNER JOIN `zs_member_list` `b` ON `a`.`uid`=`b`.`member_list_id` WHERE  `a`.`t_name` = 'news'  AND `a`.`t_id` = '40'  AND `a`.`c_status` = 1 ORDER BY a.createtime ASC [ RunTime:0.001376s ]

---------------------------------------------------------------
[ 2017-06-12T20:50:53+08:00 ] [ sql ] [ DB ] CONNECT:[ UseTime:0.010879s ] mysql:dbname=zhaosheng;host=127.0.0.1;port=3306;charset=utf8
[ sql ] [ SQL ] SHOW COLUMNS FROM `zs_news` [ RunTime:0.006132s ]
[ sql ] [ SQL ] SELECT `news_content`,`news_title`,`n_id`,`news_columnid`,`news_time` FROM `zs_news` `a` WHERE  `news_open` = '1'  AND `news_l` = 'zh-cn'  AND `news_back` = 0  AND `news_columnid` IN (17) ORDER BY news_time desc LIMIT 7 [ RunTime:0.000899s ]
[ sql ] [ SQL ] SELECT `news_content`,`news_title`,`n_id`,`news_columnid`,`news_time` FROM `zs_news` `a` WHERE  `news_open` = '1'  AND `news_l` = 'zh-cn'  AND `news_back` = 0  AND `news_columnid` IN (18) ORDER BY news_time desc LIMIT 7 [ RunTime:0.000696s ]
[ sql ] [ SQL ] SELECT `news_content`,`news_title`,`n_id`,`news_columnid`,`news_time` FROM `zs_news` `a` WHERE  `news_open` = '1'  AND `news_l` = 'zh-cn'  AND `news_back` = 0  AND `news_columnid` IN (16) ORDER BY news_time desc LIMIT 7 [ RunTime:0.000843s ]

---------------------------------------------------------------
[ 2017-06-12T21:21:52+08:00 ] [ sql ] [ DB ] CONNECT:[ UseTime:0.007237s ] mysql:dbname=zhaosheng;host=127.0.0.1;port=3306;charset=utf8
[ sql ] [ SQL ] SHOW COLUMNS FROM `zs_news` [ RunTime:0.006667s ]
[ sql ] [ SQL ] SELECT `news_content`,`news_title`,`n_id`,`news_columnid`,`news_time` FROM `zs_news` `a` WHERE  `news_open` = '1'  AND `news_l` = 'zh-cn'  AND `news_back` = 0  AND `news_columnid` IN (17) ORDER BY news_time desc LIMIT 7 [ RunTime:0.000875s ]
[ sql ] [ SQL ] SELECT `news_content`,`news_title`,`n_id`,`news_columnid`,`news_time` FROM `zs_news` `a` WHERE  `news_open` = '1'  AND `news_l` = 'zh-cn'  AND `news_back` = 0  AND `news_columnid` IN (18) ORDER BY news_time desc LIMIT 7 [ RunTime:0.000755s ]
[ sql ] [ SQL ] SELECT `news_content`,`news_title`,`n_id`,`news_columnid`,`news_time` FROM `zs_news` `a` WHERE  `news_open` = '1'  AND `news_l` = 'zh-cn'  AND `news_back` = 0  AND `news_columnid` IN (16) ORDER BY news_time desc LIMIT 7 [ RunTime:0.001184s ]

---------------------------------------------------------------
[ 2017-06-12T21:40:34+08:00 ] [ sql ] [ DB ] CONNECT:[ UseTime:0.006482s ] mysql:dbname=zhaosheng;host=127.0.0.1;port=3306;charset=utf8
[ sql ] [ SQL ] SHOW COLUMNS FROM `zs_menu` [ RunTime:0.005414s ]
[ sql ] [ SQL ] SELECT * FROM `zs_menu` WHERE  `id` = 16 LIMIT 1 [ RunTime:0.000776s ]
[ sql ] [ SQL ] SHOW COLUMNS FROM `zs_model` [ RunTime:0.005096s ]
[ sql ] [ SQL ] SELECT * FROM `zs_model` WHERE  `model_id` = 0 LIMIT 1 [ RunTime:0.001116s ]
[ sql ] [ SQL ] SHOW COLUMNS FROM `zs_news` [ RunTime:0.005211s ]
[ sql ] [ SQL ] SELECT COUNT(*) AS tp_count FROM `zs_news` WHERE  `news_open` = '1'  AND `news_l` = 'zh-cn'  AND `news_back` = 0  AND `news_columnid` IN (16) LIMIT 1 [ RunTime:0.000754s ]
[ sql ] [ SQL ] SELECT COUNT(*) AS tp_count FROM `zs_news` `a` WHERE  `news_open` = '1'  AND `news_l` = 'zh-cn'  AND `news_back` = 0  AND `news_columnid` IN (16) LIMIT 1 [ RunTime:0.000893s ]
[ sql ] [ SQL ] SELECT * FROM `zs_news` `a` WHERE  `news_open` = '1'  AND `news_l` = 'zh-cn'  AND `news_back` = 0  AND `news_columnid` IN (16) ORDER BY news_time desc LIMIT 0,10 [ RunTime:0.001011s ]

---------------------------------------------------------------
[ 2017-06-12T23:07:08+08:00 ] [ sql ] [ DB ] CONNECT:[ UseTime:0.005911s ] mysql:dbname=zhaosheng;host=127.0.0.1;port=3306;charset=utf8
[ sql ] [ SQL ] SHOW COLUMNS FROM `zs_news` [ RunTime:0.005917s ]
[ sql ] [ SQL ] SELECT `news_content`,`news_title`,`n_id`,`news_columnid`,`news_time` FROM `zs_news` `a` WHERE  `news_open` = '1'  AND `news_l` = 'zh-cn'  AND `news_back` = 0  AND `news_columnid` IN (17) ORDER BY news_time desc LIMIT 7 [ RunTime:0.000878s ]
[ sql ] [ SQL ] SELECT `news_content`,`news_title`,`n_id`,`news_columnid`,`news_time` FROM `zs_news` `a` WHERE  `news_open` = '1'  AND `news_l` = 'zh-cn'  AND `news_back` = 0  AND `news_columnid` IN (18) ORDER BY news_time desc LIMIT 7 [ RunTime:0.000651s ]
[ sql ] [ SQL ] SELECT `news_content`,`news_title`,`n_id`,`news_columnid`,`news_time` FROM `zs_news` `a` WHERE  `news_open` = '1'  AND `news_l` = 'zh-cn'  AND `news_back` = 0  AND `news_columnid` IN (16) ORDER BY news_time desc LIMIT 7 [ RunTime:0.000865s ]

---------------------------------------------------------------
[ 2017-06-12T23:49:07+08:00 ] [ sql ] [ DB ] CONNECT:[ UseTime:0.006204s ] mysql:dbname=zhaosheng;host=127.0.0.1;port=3306;charset=utf8
[ sql ] [ SQL ] SHOW COLUMNS FROM `zs_news` [ RunTime:0.005432s ]
[ sql ] [ SQL ] SELECT `news_content`,`news_title`,`n_id`,`news_columnid`,`news_time` FROM `zs_news` `a` WHERE  `news_open` = '1'  AND `news_l` = 'zh-cn'  AND `news_back` = 0  AND `news_columnid` IN (17) ORDER BY news_time desc LIMIT 7 [ RunTime:0.000808s ]
[ sql ] [ SQL ] SELECT `news_content`,`news_title`,`n_id`,`news_columnid`,`news_time` FROM `zs_news` `a` WHERE  `news_open` = '1'  AND `news_l` = 'zh-cn'  AND `news_back` = 0  AND `news_columnid` IN (18) ORDER BY news_time desc LIMIT 7 [ RunTime:0.000621s ]
[ sql ] [ SQL ] SELECT `news_content`,`news_title`,`n_id`,`news_columnid`,`news_time` FROM `zs_news` `a` WHERE  `news_open` = '1'  AND `news_l` = 'zh-cn'  AND `news_back` = 0  AND `news_columnid` IN (16) ORDER BY news_time desc LIMIT 7 [ RunTime:0.000795s ]

---------------------------------------------------------------
[ 2017-06-12T23:59:54+08:00 ] [ sql ] [ DB ] CONNECT:[ UseTime:0.006427s ] mysql:dbname=zhaosheng;host=127.0.0.1;port=3306;charset=utf8
[ sql ] [ SQL ] SHOW COLUMNS FROM `zs_news` [ RunTime:0.005257s ]
[ sql ] [ SQL ] SELECT `news_content`,`news_title`,`n_id`,`news_columnid`,`news_time` FROM `zs_news` `a` WHERE  `news_open` = '1'  AND `news_l` = 'zh-cn'  AND `news_back` = 0  AND `news_columnid` IN (17) ORDER BY news_time desc LIMIT 7 [ RunTime:0.000935s ]
[ sql ] [ SQL ] SELECT `news_content`,`news_title`,`n_id`,`news_columnid`,`news_time` FROM `zs_news` `a` WHERE  `news_open` = '1'  AND `news_l` = 'zh-cn'  AND `news_back` = 0  AND `news_columnid` IN (18) ORDER BY news_time desc LIMIT 7 [ RunTime:0.000987s ]
[ sql ] [ SQL ] SELECT `news_content`,`news_title`,`n_id`,`news_columnid`,`news_time` FROM `zs_news` `a` WHERE  `news_open` = '1'  AND `news_l` = 'zh-cn'  AND `news_back` = 0  AND `news_columnid` IN (16) ORDER BY news_time desc LIMIT 7 [ RunTime:0.000878s ]

---------------------------------------------------------------
