[ 2017-06-13T03:21:55+08:00 ] [ sql ] [ DB ] CONNECT:[ UseTime:0.010854s ] mysql:dbname=zhaosheng;host=127.0.0.1;port=3306;charset=utf8
[ sql ] [ SQL ] SHOW COLUMNS FROM `zs_news` [ RunTime:0.005721s ]
[ sql ] [ SQL ] SELECT `news_content`,`news_title`,`n_id`,`news_columnid`,`news_time` FROM `zs_news` `a` WHERE  `news_open` = '1'  AND `news_l` = 'zh-cn'  AND `news_back` = 0  AND `news_columnid` IN (17) ORDER BY news_time desc LIMIT 7 [ RunTime:0.000900s ]
[ sql ] [ SQL ] SELECT `news_content`,`news_title`,`n_id`,`news_columnid`,`news_time` FROM `zs_news` `a` WHERE  `news_open` = '1'  AND `news_l` = 'zh-cn'  AND `news_back` = 0  AND `news_columnid` IN (18) ORDER BY news_time desc LIMIT 7 [ RunTime:0.001486s ]
[ sql ] [ SQL ] SELECT `news_content`,`news_title`,`n_id`,`news_columnid`,`news_time` FROM `zs_news` `a` WHERE  `news_open` = '1'  AND `news_l` = 'zh-cn'  AND `news_back` = 0  AND `news_columnid` IN (16) ORDER BY news_time desc LIMIT 7 [ RunTime:0.000893s ]

---------------------------------------------------------------
[ 2017-06-13T04:37:36+08:00 ] [ sql ] [ DB ] CONNECT:[ UseTime:0.006455s ] mysql:dbname=zhaosheng;host=127.0.0.1;port=3306;charset=utf8
[ sql ] [ SQL ] SHOW COLUMNS FROM `zs_news` [ RunTime:0.005714s ]
[ sql ] [ SQL ] SELECT `news_content`,`news_title`,`n_id`,`news_columnid`,`news_time` FROM `zs_news` `a` WHERE  `news_open` = '1'  AND `news_l` = 'zh-cn'  AND `news_back` = 0  AND `news_columnid` IN (17) ORDER BY news_time desc LIMIT 7 [ RunTime:0.001250s ]
[ sql ] [ SQL ] SELECT `news_content`,`news_title`,`n_id`,`news_columnid`,`news_time` FROM `zs_news` `a` WHERE  `news_open` = '1'  AND `news_l` = 'zh-cn'  AND `news_back` = 0  AND `news_columnid` IN (18) ORDER BY news_time desc LIMIT 7 [ RunTime:0.000948s ]
[ sql ] [ SQL ] SELECT `news_content`,`news_title`,`n_id`,`news_columnid`,`news_time` FROM `zs_news` `a` WHERE  `news_open` = '1'  AND `news_l` = 'zh-cn'  AND `news_back` = 0  AND `news_columnid` IN (16) ORDER BY news_time desc LIMIT 7 [ RunTime:0.001028s ]

---------------------------------------------------------------
[ 2017-06-13T06:23:46+08:00 ] [ sql ] [ DB ] CONNECT:[ UseTime:0.006235s ] mysql:dbname=zhaosheng;host=127.0.0.1;port=3306;charset=utf8
[ sql ] [ SQL ] SHOW COLUMNS FROM `zs_news` [ RunTime:0.006899s ]
[ sql ] [ SQL ] SELECT `news_content`,`news_title`,`n_id`,`news_columnid`,`news_time` FROM `zs_news` `a` WHERE  `news_open` = '1'  AND `news_l` = 'zh-cn'  AND `news_back` = 0  AND `news_columnid` IN (17) ORDER BY news_time desc LIMIT 7 [ RunTime:0.000903s ]
[ sql ] [ SQL ] SELECT `news_content`,`news_title`,`n_id`,`news_columnid`,`news_time` FROM `zs_news` `a` WHERE  `news_open` = '1'  AND `news_l` = 'zh-cn'  AND `news_back` = 0  AND `news_columnid` IN (18) ORDER BY news_time desc LIMIT 7 [ RunTime:0.000863s ]
[ sql ] [ SQL ] SELECT `news_content`,`news_title`,`n_id`,`news_columnid`,`news_time` FROM `zs_news` `a` WHERE  `news_open` = '1'  AND `news_l` = 'zh-cn'  AND `news_back` = 0  AND `news_columnid` IN (16) ORDER BY news_time desc LIMIT 7 [ RunTime:0.000869s ]

---------------------------------------------------------------
[ 2017-06-13T07:03:02+08:00 ] [ sql ] [ DB ] CONNECT:[ UseTime:0.008168s ] mysql:dbname=zhaosheng;host=127.0.0.1;port=3306;charset=utf8
[ sql ] [ SQL ] SHOW COLUMNS FROM `zs_news` [ RunTime:0.005729s ]
[ sql ] [ SQL ] SELECT `news_content`,`news_title`,`n_id`,`news_columnid`,`news_time` FROM `zs_news` `a` WHERE  `news_open` = '1'  AND `news_l` = 'zh-cn'  AND `news_back` = 0  AND `news_columnid` IN (17) ORDER BY news_time desc LIMIT 7 [ RunTime:0.000880s ]
[ sql ] [ SQL ] SELECT `news_content`,`news_title`,`n_id`,`news_columnid`,`news_time` FROM `zs_news` `a` WHERE  `news_open` = '1'  AND `news_l` = 'zh-cn'  AND `news_back` = 0  AND `news_columnid` IN (18) ORDER BY news_time desc LIMIT 7 [ RunTime:0.001213s ]
[ sql ] [ SQL ] SELECT `news_content`,`news_title`,`n_id`,`news_columnid`,`news_time` FROM `zs_news` `a` WHERE  `news_open` = '1'  AND `news_l` = 'zh-cn'  AND `news_back` = 0  AND `news_columnid` IN (16) ORDER BY news_time desc LIMIT 7 [ RunTime:0.000822s ]

---------------------------------------------------------------
[ 2017-06-13T07:03:11+08:00 ] [ sql ] [ DB ] CONNECT:[ UseTime:0.006176s ] mysql:dbname=zhaosheng;host=127.0.0.1;port=3306;charset=utf8
[ sql ] [ SQL ] SHOW COLUMNS FROM `zs_news` [ RunTime:0.005442s ]
[ sql ] [ SQL ] SELECT `news_content`,`news_title`,`n_id`,`news_columnid`,`news_time` FROM `zs_news` `a` WHERE  `news_open` = '1'  AND `news_l` = 'zh-cn'  AND `news_back` = 0  AND `news_columnid` IN (17) ORDER BY news_time desc LIMIT 7 [ RunTime:0.000776s ]
[ sql ] [ SQL ] SELECT `news_content`,`news_title`,`n_id`,`news_columnid`,`news_time` FROM `zs_news` `a` WHERE  `news_open` = '1'  AND `news_l` = 'zh-cn'  AND `news_back` = 0  AND `news_columnid` IN (18) ORDER BY news_time desc LIMIT 7 [ RunTime:0.000623s ]
[ sql ] [ SQL ] SELECT `news_content`,`news_title`,`n_id`,`news_columnid`,`news_time` FROM `zs_news` `a` WHERE  `news_open` = '1'  AND `news_l` = 'zh-cn'  AND `news_back` = 0  AND `news_columnid` IN (16) ORDER BY news_time desc LIMIT 7 [ RunTime:0.000783s ]

---------------------------------------------------------------
[ 2017-06-13T08:33:17+08:00 ] [ error ] [8]未定义变量: error

---------------------------------------------------------------
[ 2017-06-13T09:13:04+08:00 ] [ sql ] [ DB ] CONNECT:[ UseTime:0.006404s ] mysql:dbname=zhaosheng;host=127.0.0.1;port=3306;charset=utf8
[ sql ] [ SQL ] SHOW COLUMNS FROM `zs_news` [ RunTime:0.005589s ]
[ sql ] [ SQL ] SELECT * FROM `zs_news` `a` INNER JOIN `zs_admin` `b` ON `a`.`news_auto`=`b`.`admin_id` WHERE  `n_id` = 45  AND `news_open` = '1'  AND `news_back` = 0 LIMIT 1 [ RunTime:0.001944s ]
[ error ] [8]未定义变量: error

---------------------------------------------------------------
[ 2017-06-13T10:35:27+08:00 ] [ sql ] [ DB ] CONNECT:[ UseTime:0.006630s ] mysql:dbname=zhaosheng;host=127.0.0.1;port=3306;charset=utf8
[ sql ] [ SQL ] SHOW COLUMNS FROM `zs_news` [ RunTime:0.005887s ]
[ sql ] [ SQL ] SELECT `news_content`,`news_title`,`n_id`,`news_columnid`,`news_time` FROM `zs_news` `a` WHERE  `news_open` = '1'  AND `news_l` = 'zh-cn'  AND `news_back` = 0  AND `news_columnid` IN (17) ORDER BY news_time desc LIMIT 7 [ RunTime:0.000972s ]
[ sql ] [ SQL ] SELECT `news_content`,`news_title`,`n_id`,`news_columnid`,`news_time` FROM `zs_news` `a` WHERE  `news_open` = '1'  AND `news_l` = 'zh-cn'  AND `news_back` = 0  AND `news_columnid` IN (18) ORDER BY news_time desc LIMIT 7 [ RunTime:0.000669s ]
[ sql ] [ SQL ] SELECT `news_content`,`news_title`,`n_id`,`news_columnid`,`news_time` FROM `zs_news` `a` WHERE  `news_open` = '1'  AND `news_l` = 'zh-cn'  AND `news_back` = 0  AND `news_columnid` IN (16) ORDER BY news_time desc LIMIT 7 [ RunTime:0.000996s ]

---------------------------------------------------------------
[ 2017-06-13T10:35:28+08:00 ] [ sql ] [ DB ] CONNECT:[ UseTime:0.004668s ] mysql:dbname=zhaosheng;host=127.0.0.1;port=3306;charset=utf8
[ sql ] [ SQL ] SHOW COLUMNS FROM `zs_news` [ RunTime:0.006454s ]
[ sql ] [ SQL ] SELECT `news_content`,`news_title`,`n_id`,`news_columnid`,`news_time` FROM `zs_news` `a` WHERE  `news_open` = '1'  AND `news_l` = 'zh-cn'  AND `news_back` = 0  AND `news_columnid` IN (17) ORDER BY news_time desc LIMIT 7 [ RunTime:0.001148s ]
[ sql ] [ SQL ] SELECT `news_content`,`news_title`,`n_id`,`news_columnid`,`news_time` FROM `zs_news` `a` WHERE  `news_open` = '1'  AND `news_l` = 'zh-cn'  AND `news_back` = 0  AND `news_columnid` IN (18) ORDER BY news_time desc LIMIT 7 [ RunTime:0.001072s ]
[ sql ] [ SQL ] SELECT `news_content`,`news_title`,`n_id`,`news_columnid`,`news_time` FROM `zs_news` `a` WHERE  `news_open` = '1'  AND `news_l` = 'zh-cn'  AND `news_back` = 0  AND `news_columnid` IN (16) ORDER BY news_time desc LIMIT 7 [ RunTime:0.000996s ]

---------------------------------------------------------------
[ 2017-06-13T10:35:29+08:00 ] [ sql ] [ DB ] CONNECT:[ UseTime:0.010766s ] mysql:dbname=zhaosheng;host=127.0.0.1;port=3306;charset=utf8
[ sql ] [ SQL ] SHOW COLUMNS FROM `zs_news` [ RunTime:0.014088s ]
[ sql ] [ SQL ] SELECT `news_content`,`news_title`,`n_id`,`news_columnid`,`news_time` FROM `zs_news` `a` WHERE  `news_open` = '1'  AND `news_l` = 'zh-cn'  AND `news_back` = 0  AND `news_columnid` IN (17) ORDER BY news_time desc LIMIT 7 [ RunTime:0.001338s ]
[ sql ] [ SQL ] SELECT `news_content`,`news_title`,`n_id`,`news_columnid`,`news_time` FROM `zs_news` `a` WHERE  `news_open` = '1'  AND `news_l` = 'zh-cn'  AND `news_back` = 0  AND `news_columnid` IN (18) ORDER BY news_time desc LIMIT 7 [ RunTime:0.001109s ]
[ sql ] [ SQL ] SELECT `news_content`,`news_title`,`n_id`,`news_columnid`,`news_time` FROM `zs_news` `a` WHERE  `news_open` = '1'  AND `news_l` = 'zh-cn'  AND `news_back` = 0  AND `news_columnid` IN (16) ORDER BY news_time desc LIMIT 7 [ RunTime:0.001576s ]

---------------------------------------------------------------
[ 2017-06-13T10:35:29+08:00 ] [ sql ] [ DB ] CONNECT:[ UseTime:0.008670s ] mysql:dbname=zhaosheng;host=127.0.0.1;port=3306;charset=utf8
[ sql ] [ SQL ] SHOW COLUMNS FROM `zs_news` [ RunTime:0.006910s ]
[ sql ] [ SQL ] SELECT `news_content`,`news_title`,`n_id`,`news_columnid`,`news_time` FROM `zs_news` `a` WHERE  `news_open` = '1'  AND `news_l` = 'zh-cn'  AND `news_back` = 0  AND `news_columnid` IN (17) ORDER BY news_time desc LIMIT 7 [ RunTime:0.000916s ]
[ sql ] [ SQL ] SELECT `news_content`,`news_title`,`n_id`,`news_columnid`,`news_time` FROM `zs_news` `a` WHERE  `news_open` = '1'  AND `news_l` = 'zh-cn'  AND `news_back` = 0  AND `news_columnid` IN (18) ORDER BY news_time desc LIMIT 7 [ RunTime:0.000760s ]
[ sql ] [ SQL ] SELECT `news_content`,`news_title`,`n_id`,`news_columnid`,`news_time` FROM `zs_news` `a` WHERE  `news_open` = '1'  AND `news_l` = 'zh-cn'  AND `news_back` = 0  AND `news_columnid` IN (16) ORDER BY news_time desc LIMIT 7 [ RunTime:0.000895s ]

---------------------------------------------------------------
[ 2017-06-13T10:35:29+08:00 ] [ sql ] [ DB ] CONNECT:[ UseTime:0.005337s ] mysql:dbname=zhaosheng;host=127.0.0.1;port=3306;charset=utf8
[ sql ] [ SQL ] SHOW COLUMNS FROM `zs_news` [ RunTime:0.006288s ]
[ sql ] [ SQL ] SELECT `news_content`,`news_title`,`n_id`,`news_columnid`,`news_time` FROM `zs_news` `a` WHERE  `news_open` = '1'  AND `news_l` = 'zh-cn'  AND `news_back` = 0  AND `news_columnid` IN (17) ORDER BY news_time desc LIMIT 7 [ RunTime:0.000958s ]
[ sql ] [ SQL ] SELECT `news_content`,`news_title`,`n_id`,`news_columnid`,`news_time` FROM `zs_news` `a` WHERE  `news_open` = '1'  AND `news_l` = 'zh-cn'  AND `news_back` = 0  AND `news_columnid` IN (18) ORDER BY news_time desc LIMIT 7 [ RunTime:0.000665s ]
[ sql ] [ SQL ] SELECT `news_content`,`news_title`,`n_id`,`news_columnid`,`news_time` FROM `zs_news` `a` WHERE  `news_open` = '1'  AND `news_l` = 'zh-cn'  AND `news_back` = 0  AND `news_columnid` IN (16) ORDER BY news_time desc LIMIT 7 [ RunTime:0.000804s ]

---------------------------------------------------------------
[ 2017-06-13T11:06:12+08:00 ] [ sql ] [ DB ] CONNECT:[ UseTime:0.009419s ] mysql:dbname=zhaosheng;host=127.0.0.1;port=3306;charset=utf8
[ sql ] [ SQL ] SHOW COLUMNS FROM `zs_news` [ RunTime:0.005751s ]
[ sql ] [ SQL ] SELECT `news_content`,`news_title`,`n_id`,`news_columnid`,`news_time` FROM `zs_news` `a` WHERE  `news_open` = '1'  AND `news_l` = 'zh-cn'  AND `news_back` = 0  AND `news_columnid` IN (17) ORDER BY news_time desc LIMIT 7 [ RunTime:0.000950s ]
[ sql ] [ SQL ] SELECT `news_content`,`news_title`,`n_id`,`news_columnid`,`news_time` FROM `zs_news` `a` WHERE  `news_open` = '1'  AND `news_l` = 'zh-cn'  AND `news_back` = 0  AND `news_columnid` IN (18) ORDER BY news_time desc LIMIT 7 [ RunTime:0.000795s ]
[ sql ] [ SQL ] SELECT `news_content`,`news_title`,`n_id`,`news_columnid`,`news_time` FROM `zs_news` `a` WHERE  `news_open` = '1'  AND `news_l` = 'zh-cn'  AND `news_back` = 0  AND `news_columnid` IN (16) ORDER BY news_time desc LIMIT 7 [ RunTime:0.001174s ]

---------------------------------------------------------------
[ 2017-06-13T11:07:25+08:00 ] [ sql ] [ DB ] CONNECT:[ UseTime:0.005149s ] mysql:dbname=zhaosheng;host=127.0.0.1;port=3306;charset=utf8
[ sql ] [ SQL ] SHOW COLUMNS FROM `zs_web_log` [ RunTime:0.005282s ]
[ sql ] [ SQL ] INSERT INTO `zs_web_log` (`uid` , `ip` , `location` , `os` , `browser` , `url` , `module` , `controller` , `action` , `method` , `data` , `otime`) VALUES (0 , '58.63.2.46' , '中国 广东 广州 ' , 'Windows 7' , 'IE(7.0)' , '/admin/login/runlogin.html' , 'admin' , 'Login' , 'runlogin' , 'Ajax' , 's:12:\"保密数据\";' , 1497323245) [ RunTime:0.000820s ]
[ sql ] [ SQL ] SHOW COLUMNS FROM `zs_admin` [ RunTime:0.006443s ]
[ sql ] [ SQL ] SELECT * FROM `zs_admin` WHERE  `admin_username` = 'a114'  AND `admin_open` = 1 LIMIT 1 [ RunTime:0.000764s ]
[ sql ] [ SQL ] UPDATE `zs_admin`  SET `admin_hits`=46,`admin_last_ip`='58.63.2.46',`admin_last_time`=1497323245  WHERE  `admin_id` = 53 [ RunTime:0.000558s ]
[ sql ] [ SQL ] SELECT * FROM `zs_admin` WHERE  `admin_id` = 53 LIMIT 1 [ RunTime:0.000726s ]
[ sql ] [ SQL ] SHOW COLUMNS FROM `zs_member_list` [ RunTime:0.005019s ]
[ sql ] [ SQL ] SELECT * FROM `zs_member_list` WHERE  `member_list_id` IS NULL LIMIT 1 [ RunTime:0.000587s ]

---------------------------------------------------------------
[ 2017-06-13T11:07:26+08:00 ] [ sql ] [ DB ] CONNECT:[ UseTime:0.014859s ] mysql:dbname=zhaosheng;host=127.0.0.1;port=3306;charset=utf8
[ sql ] [ SQL ] SHOW COLUMNS FROM `zs_auth_group_access` [ RunTime:0.004943s ]
[ sql ] [ SQL ] SELECT `uid`,`group_id`,`title`,`rules` FROM zs_auth_group_access a INNER JOIN `zs_auth_group` `g` ON `a`.`group_id`=`g`.`id` WHERE  (  a.uid='53' and g.status='1' ) [ RunTime:0.000732s ]
[ sql ] [ DB ] CONNECT:[ UseTime:0.002573s ] mysql:dbname=zhaosheng;host=127.0.0.1;port=3306;charset=utf8
[ sql ] [ SQL ] SHOW COLUMNS FROM `zs_auth_rule` [ RunTime:0.004921s ]
[ sql ] [ SQL ] SELECT `id`,`condition`,`name`,`notcheck` FROM `zs_auth_rule` WHERE  `id` IN (27,354,37,170,108,109,110,111,417,421,397,418,112,396,113,114,414,400,390,384,363,364,388,389,345,346,422,356,351,350,15,178,179,180)  AND `type` = 1  AND `notcheck` = 0 OR `notcheck` = 1 [ RunTime:0.001167s ]
[ sql ] [ DB ] CONNECT:[ UseTime:0.006428s ] mysql:dbname=zhaosheng;host=127.0.0.1;port=3306;charset=utf8
[ sql ] [ SQL ] SELECT * FROM `zs_auth_rule` WHERE  `status` = 1  AND `id` IN (15,27,37,108,109,110,111,112,113,114,170,178,179,180,396,345,346,350,351,354,356,363,364,384,388,389,390,397,400,414,417,418,421,422) ORDER BY `sort` [ RunTime:0.001193s ]
[ sql ] [ SQL ] SELECT `id`,`pid` FROM `zs_auth_rule` ORDER BY level desc,sort [ RunTime:0.001148s ]
[ sql ] [ SQL ] SELECT `pid` FROM `zs_auth_rule` WHERE  `id` = -1 LIMIT 1 [ RunTime:0.000417s ]
[ sql ] [ SQL ] SELECT * FROM `zs_auth_rule` WHERE  `id` IN (15,27,37,108,109,110,111,112,113,114,170,178,179,180,396,345,346,350,351,354,356,363,364,384,388,389,390,397,400,414,417,418,421,422)  AND `status` = 1  AND `pid` = null ORDER BY `sort` [ RunTime:0.001066s ]
[ sql ] [ SQL ] SHOW COLUMNS FROM `zs_admin` [ RunTime:0.005067s ]
[ sql ] [ SQL ] SELECT * FROM `zs_admin` `a` INNER JOIN `zs_auth_group_access` `b` ON `a`.`admin_id`=`b`.`uid` INNER JOIN `zs_auth_group` `c` ON `b`.`group_id`=`c`.`id` WHERE  `a`.`admin_id` = 53 LIMIT 1 [ RunTime:0.000819s ]
[ sql ] [ SQL ] SHOW COLUMNS FROM `zs_news` [ RunTime:0.004982s ]
[ sql ] [ SQL ] SELECT COUNT(*) AS tp_count FROM `zs_news` WHERE  `news_auto` = null LIMIT 1 [ RunTime:0.000614s ]
[ sql ] [ SQL ] SHOW COLUMNS FROM `zs_school` [ RunTime:0.004727s ]
[ sql ] [ SQL ] SELECT * FROM `zs_school` WHERE  `school_id` = 22 LIMIT 1 [ RunTime:0.000648s ]
[ sql ] [ SQL ] SELECT * FROM `zs_news` WHERE  `news_l` = 'zh-cn' ORDER BY news_hits desc LIMIT 0,10 [ RunTime:0.002818s ]
[ sql ] [ SQL ] SELECT COUNT(*) AS tp_count FROM `zs_news` LIMIT 1 [ RunTime:0.000378s ]
[ sql ] [ SQL ] SHOW COLUMNS FROM `zs_member_list` [ RunTime:0.005208s ]
[ sql ] [ SQL ] SELECT COUNT(*) AS tp_count FROM `zs_member_list` LIMIT 1 [ RunTime:0.000343s ]
[ sql ] [ SQL ] SHOW COLUMNS FROM `zs_plug_sug` [ RunTime:0.004570s ]
[ sql ] [ SQL ] SELECT COUNT(*) AS tp_count FROM `zs_plug_sug` LIMIT 1 [ RunTime:0.000354s ]
[ sql ] [ SQL ] SHOW COLUMNS FROM `zs_comments` [ RunTime:0.004917s ]
[ sql ] [ SQL ] SELECT COUNT(*) AS tp_count FROM `zs_comments` LIMIT 1 [ RunTime:0.000368s ]
[ sql ] [ SQL ] SELECT COUNT(*) AS tp_count FROM `zs_news` WHERE  `news_time` BETWEEN 1497283200 AND 1497369599 LIMIT 1 [ RunTime:0.000725s ]
[ sql ] [ SQL ] SELECT COUNT(*) AS tp_count FROM `zs_news` WHERE  `news_time` BETWEEN 1497196800 AND 1497283199 LIMIT 1 [ RunTime:0.000532s ]
[ sql ] [ SQL ] SELECT COUNT(*) AS tp_count FROM `zs_member_list` WHERE  `member_list_addtime` BETWEEN 1497283200 AND 1497369599 LIMIT 1 [ RunTime:0.001216s ]
[ sql ] [ SQL ] SELECT COUNT(*) AS tp_count FROM `zs_member_list` WHERE  `member_list_addtime` BETWEEN 1497196800 AND 1497283199 LIMIT 1 [ RunTime:0.001392s ]
[ sql ] [ SQL ] SELECT COUNT(*) AS tp_count FROM `zs_plug_sug` WHERE  `plug_sug_addtime` BETWEEN 1497283200 AND 1497369599 LIMIT 1 [ RunTime:0.001168s ]
[ sql ] [ SQL ] SELECT COUNT(*) AS tp_count FROM `zs_plug_sug` WHERE  `plug_sug_addtime` BETWEEN 1497196800 AND 1497283199 LIMIT 1 [ RunTime:0.000491s ]
[ sql ] [ SQL ] SELECT COUNT(*) AS tp_count FROM `zs_comments` WHERE  `createtime` BETWEEN 1497283200 AND 1497369599 LIMIT 1 [ RunTime:0.000371s ]
[ sql ] [ SQL ] SELECT COUNT(*) AS tp_count FROM `zs_comments` WHERE  `createtime` BETWEEN 1497196800 AND 1497283199 LIMIT 1 [ RunTime:0.000407s ]
[ sql ] [ SQL ] SHOW COLUMNS FROM `zs_major` [ RunTime:0.004957s ]
[ sql ] [ SQL ] SELECT * FROM `zs_major` WHERE  `major_id` IN (4,8,17) ORDER BY `major_id`  ASC [ RunTime:0.000596s ]
[ sql ] [ SQL ] SHOW COLUMNS FROM `zs_major_score_config` [ RunTime:0.004636s ]
[ sql ] [ SQL ] SELECT * FROM `zs_major_score_config` WHERE  `major_id` = 4  AND `school_id` = 22 LIMIT 1 [ RunTime:0.000488s ]
[ sql ] [ SQL ] SELECT * FROM `zs_major_score_config` WHERE  `major_id` = 8  AND `school_id` = 22 LIMIT 1 [ RunTime:0.000477s ]
[ sql ] [ SQL ] SELECT * FROM `zs_major_score_config` WHERE  `major_id` = 17  AND `school_id` = 22 LIMIT 1 [ RunTime:0.000439s ]
[ sql ] [ SQL ] SELECT COUNT(*) AS tp_count FROM `zs_member_list` WHERE  `major_id` = 4  AND `school_id` = 22 LIMIT 1 [ RunTime:0.000850s ]
[ sql ] [ SQL ] SELECT COUNT(*) AS tp_count FROM `zs_member_list` WHERE  `major_id` = 4  AND `school_id` = 22  AND `user_status` = 1 LIMIT 1 [ RunTime:0.000921s ]
[ sql ] [ SQL ] SELECT COUNT(*) AS tp_count FROM `zs_member_list` WHERE  `major_id` = 4  AND `school_id` = 22  AND `major_score` <> '' LIMIT 1 [ RunTime:0.000913s ]
[ sql ] [ SQL ] SELECT COUNT(*) AS tp_count FROM `zs_member_list` WHERE  `major_id` = 8  AND `school_id` = 22 LIMIT 1 [ RunTime:0.000848s ]
[ sql ] [ SQL ] SELECT COUNT(*) AS tp_count FROM `zs_member_list` WHERE  `major_id` = 8  AND `school_id` = 22  AND `user_status` = 1 LIMIT 1 [ RunTime:0.001116s ]
[ sql ] [ SQL ] SELECT COUNT(*) AS tp_count FROM `zs_member_list` WHERE  `major_id` = 8  AND `school_id` = 22  AND `major_score` <> '' LIMIT 1 [ RunTime:0.001067s ]
[ sql ] [ SQL ] SELECT COUNT(*) AS tp_count FROM `zs_member_list` WHERE  `major_id` = 17  AND `school_id` = 22 LIMIT 1 [ RunTime:0.000690s ]
[ sql ] [ SQL ] SELECT COUNT(*) AS tp_count FROM `zs_member_list` WHERE  `major_id` = 17  AND `school_id` = 22  AND `user_status` = 1 LIMIT 1 [ RunTime:0.001033s ]
[ sql ] [ SQL ] SELECT COUNT(*) AS tp_count FROM `zs_member_list` WHERE  `major_id` = 17  AND `school_id` = 22  AND `major_score` <> '' LIMIT 1 [ RunTime:0.001052s ]

---------------------------------------------------------------
[ 2017-06-13T11:07:37+08:00 ] [ sql ] [ DB ] CONNECT:[ UseTime:0.013844s ] mysql:dbname=zhaosheng;host=127.0.0.1;port=3306;charset=utf8
[ sql ] [ SQL ] SHOW COLUMNS FROM `zs_auth_rule` [ RunTime:0.005457s ]
[ sql ] [ SQL ] SELECT `id` FROM `zs_auth_rule` WHERE  `name` = 'admin/Score/score_list' ORDER BY level desc,sort LIMIT 1 [ RunTime:0.000891s ]
[ sql ] [ SQL ] SELECT `id`,`pid` FROM `zs_auth_rule` ORDER BY level desc,sort [ RunTime:0.001196s ]
[ sql ] [ SQL ] SELECT `id` FROM `zs_auth_rule` WHERE  `name` = 'admin/Score/score_list'  AND `status` = 1 ORDER BY level desc,sort LIMIT 1 [ RunTime:0.000752s ]
[ sql ] [ SQL ] SELECT `pid` FROM `zs_auth_rule` WHERE  `id` = 346 LIMIT 1 [ RunTime:0.000564s ]
[ sql ] [ SQL ] SELECT * FROM `zs_auth_rule` WHERE  `id` IN (15,27,37,108,109,110,111,112,113,114,170,178,179,180,396,345,346,350,351,354,356,363,364,384,388,389,390,397,400,414,417,418,421,422)  AND `status` = 1  AND `pid` = 345 ORDER BY `sort` [ RunTime:0.006237s ]
[ sql ] [ SQL ] SHOW COLUMNS FROM `zs_admin` [ RunTime:0.020582s ]
[ sql ] [ SQL ] SELECT * FROM `zs_admin` `a` INNER JOIN `zs_auth_group_access` `b` ON `a`.`admin_id`=`b`.`uid` INNER JOIN `zs_auth_group` `c` ON `b`.`group_id`=`c`.`id` WHERE  `a`.`admin_id` = 53 LIMIT 1 [ RunTime:0.004844s ]
[ sql ] [ SQL ] SHOW COLUMNS FROM `zs_news` [ RunTime:0.027325s ]
[ sql ] [ SQL ] SELECT COUNT(*) AS tp_count FROM `zs_news` WHERE  `news_auto` = null LIMIT 1 [ RunTime:0.015696s ]
[ sql ] [ SQL ] SHOW COLUMNS FROM `zs_school` [ RunTime:0.006499s ]
[ sql ] [ SQL ] SELECT * FROM `zs_school` WHERE  `school_id` = 22 LIMIT 1 [ RunTime:0.000564s ]
[ sql ] [ SQL ] SELECT * FROM `zs_admin` `a` INNER JOIN `zs_auth_group_access` `b` ON `a`.`admin_id`=`b`.`uid` INNER JOIN `zs_auth_group` `c` ON `b`.`group_id`=`c`.`id` WHERE  `a`.`admin_id` = 53 LIMIT 1 [ RunTime:0.001245s ]
[ sql ] [ SQL ] SHOW COLUMNS FROM `zs_major_score` [ RunTime:0.006925s ]
[ sql ] [ SQL ] SELECT COUNT(*) AS tp_count FROM `zs_major_score` `ms` RIGHT JOIN `zs_member_list` `m` ON `m`.`member_list_id`=`ms`.`member_list_id` INNER JOIN `zs_member_info` `mi` ON `m`.`member_list_id`=`mi`.`member_list_id` INNER JOIN `zs_major` `mj` ON `mj`.`major_id`=`m`.`major_id` WHERE  `m`.`major_id` = '4'  AND `m`.`school_id` = 22  AND ( `member_list_username` LIKE '%%' OR `member_list_nickname` LIKE '%%' OR `ZexamineeNumber` LIKE '%%' ) LIMIT 1 [ RunTime:0.007678s ]
[ sql ] [ SQL ] SELECT `ms`.`major_score`,`ms`.`major_score_id`,`ms`.`major_score_status`,`m`.`member_list_nickname`,`m`.`member_list_username`,`m`.`member_list_id`,`mj`.`major_name`,`m`.`major_id`,`m`.`school_id`,`mi`.`ZexamineeNumber` FROM `zs_major_score` `ms` RIGHT JOIN `zs_member_list` `m` ON `m`.`member_list_id`=`ms`.`member_list_id` INNER JOIN `zs_member_info` `mi` ON `m`.`member_list_id`=`mi`.`member_list_id` INNER JOIN `zs_major` `mj` ON `mj`.`major_id`=`m`.`major_id` WHERE  `m`.`major_id` = '4'  AND `m`.`school_id` = 22  AND ( `member_list_username` LIKE '%%' OR `member_list_nickname` LIKE '%%' OR `ZexamineeNumber` LIKE '%%' ) ORDER BY ms.major_score_status desc,m.member_list_id desc,major_score_id desc LIMIT 0,10 [ RunTime:0.012156s ]
[ sql ] [ SQL ] SHOW COLUMNS FROM `zs_major` [ RunTime:0.005283s ]
[ sql ] [ SQL ] SELECT * FROM `zs_major` WHERE  `major_id` = 4 LIMIT 1 [ RunTime:0.000606s ]
[ sql ] [ SQL ] SHOW COLUMNS FROM `zs_major_score_config` [ RunTime:0.005144s ]
[ sql ] [ SQL ] SELECT * FROM `zs_major_score_config` WHERE  `major_id` = 4  AND `school_id` = 22 LIMIT 1 [ RunTime:0.000683s ]
[ sql ] [ SQL ] SELECT * FROM `zs_major` WHERE  `major_id` IN (4,8,17) [ RunTime:0.000624s ]

---------------------------------------------------------------
[ 2017-06-13T11:07:53+08:00 ] [ sql ] [ DB ] CONNECT:[ UseTime:0.012169s ] mysql:dbname=zhaosheng;host=127.0.0.1;port=3306;charset=utf8
[ sql ] [ SQL ] SHOW COLUMNS FROM `zs_auth_rule` [ RunTime:0.005476s ]
[ sql ] [ SQL ] SELECT `id` FROM `zs_auth_rule` WHERE  `name` = 'admin/Score/score_list_export' ORDER BY level desc,sort LIMIT 1 [ RunTime:0.001317s ]
[ sql ] [ SQL ] SELECT `id`,`pid` FROM `zs_auth_rule` ORDER BY level desc,sort [ RunTime:0.001280s ]
[ sql ] [ SQL ] SELECT `id` FROM `zs_auth_rule` WHERE  `name` = 'admin/Score/score_list_export'  AND `status` = 1 ORDER BY level desc,sort LIMIT 1 [ RunTime:0.000815s ]
[ sql ] [ SQL ] SELECT `pid` FROM `zs_auth_rule` WHERE  `id` = 0 LIMIT 1 [ RunTime:0.000437s ]
[ sql ] [ SQL ] SELECT * FROM `zs_auth_rule` WHERE  `id` IN (15,27,37,108,109,110,111,112,113,114,170,178,179,180,396,345,346,350,351,354,356,363,364,384,388,389,390,397,400,414,417,418,421,422)  AND `status` = 1  AND `pid` = null ORDER BY `sort` [ RunTime:0.001196s ]
[ sql ] [ SQL ] SHOW COLUMNS FROM `zs_admin` [ RunTime:0.006218s ]
[ sql ] [ SQL ] SELECT * FROM `zs_admin` `a` INNER JOIN `zs_auth_group_access` `b` ON `a`.`admin_id`=`b`.`uid` INNER JOIN `zs_auth_group` `c` ON `b`.`group_id`=`c`.`id` WHERE  `a`.`admin_id` = 53 LIMIT 1 [ RunTime:0.000956s ]
[ sql ] [ SQL ] SHOW COLUMNS FROM `zs_news` [ RunTime:0.005760s ]
[ sql ] [ SQL ] SELECT COUNT(*) AS tp_count FROM `zs_news` WHERE  `news_auto` = null LIMIT 1 [ RunTime:0.000733s ]
[ sql ] [ SQL ] SHOW COLUMNS FROM `zs_school` [ RunTime:0.005302s ]
[ sql ] [ SQL ] SELECT * FROM `zs_school` WHERE  `school_id` = 22 LIMIT 1 [ RunTime:0.000567s ]
[ sql ] [ SQL ] SHOW COLUMNS FROM `zs_major_score` [ RunTime:0.005234s ]
[ sql ] [ SQL ] SELECT `ms`.`major_score`,`ms`.`major_score_id`,`ms`.`major_score_status`,`m`.`member_list_nickname`,`m`.`member_list_username`,`m`.`member_list_id`,`mj`.`major_name`,`m`.`major_id`,`m`.`school_id`,`mi`.`ZexamineeNumber` FROM `zs_major_score` `ms` RIGHT JOIN `zs_member_list` `m` ON `m`.`member_list_id`=`ms`.`member_list_id` INNER JOIN `zs_member_info` `mi` ON `m`.`member_list_id`=`mi`.`member_list_id` INNER JOIN `zs_major` `mj` ON `mj`.`major_id`=`m`.`major_id` WHERE  `m`.`major_id` = '4'  AND `m`.`school_id` = 22 ORDER BY ms.major_score_status desc,m.member_list_id desc,major_score_id desc [ RunTime:0.009136s ]
[ sql ] [ SQL ] SHOW COLUMNS FROM `zs_major` [ RunTime:0.005035s ]
[ sql ] [ SQL ] SELECT * FROM `zs_major` WHERE  `major_id` = 4 LIMIT 1 [ RunTime:0.000533s ]
[ sql ] [ SQL ] SHOW COLUMNS FROM `zs_major_score_config` [ RunTime:0.004928s ]
[ sql ] [ SQL ] SELECT * FROM `zs_major_score_config` WHERE  `major_id` = 4  AND `school_id` = 22 LIMIT 1 [ RunTime:0.000530s ]
[ sql ] [ SQL ] SELECT * FROM `zs_school` WHERE  `school_id` = 22 LIMIT 1 [ RunTime:0.000421s ]

---------------------------------------------------------------
[ 2017-06-13T11:17:18+08:00 ] [ error ] [1024]curl[http://api.geetest.com/register.php?gt=admin] error[28:Resolving timed out after 1609 milliseconds]

---------------------------------------------------------------
[ 2017-06-13T11:38:00+08:00 ] [ sql ] [ DB ] CONNECT:[ UseTime:0.017964s ] mysql:dbname=zhaosheng;host=127.0.0.1;port=3306;charset=utf8
[ sql ] [ SQL ] SHOW COLUMNS FROM `zs_news` [ RunTime:0.005602s ]
[ sql ] [ SQL ] SELECT `news_content`,`news_title`,`n_id`,`news_columnid`,`news_time` FROM `zs_news` `a` WHERE  `news_open` = '1'  AND `news_l` = 'zh-cn'  AND `news_back` = 0  AND `news_columnid` IN (17) ORDER BY news_time desc LIMIT 7 [ RunTime:0.000980s ]
[ sql ] [ SQL ] SELECT `news_content`,`news_title`,`n_id`,`news_columnid`,`news_time` FROM `zs_news` `a` WHERE  `news_open` = '1'  AND `news_l` = 'zh-cn'  AND `news_back` = 0  AND `news_columnid` IN (18) ORDER BY news_time desc LIMIT 7 [ RunTime:0.000747s ]
[ sql ] [ SQL ] SELECT `news_content`,`news_title`,`n_id`,`news_columnid`,`news_time` FROM `zs_news` `a` WHERE  `news_open` = '1'  AND `news_l` = 'zh-cn'  AND `news_back` = 0  AND `news_columnid` IN (16) ORDER BY news_time desc LIMIT 7 [ RunTime:0.000907s ]

---------------------------------------------------------------
[ 2017-06-13T11:42:16+08:00 ] [ sql ] [ DB ] CONNECT:[ UseTime:0.008227s ] mysql:dbname=zhaosheng;host=127.0.0.1;port=3306;charset=utf8
[ sql ] [ SQL ] SHOW COLUMNS FROM `zs_news` [ RunTime:0.006147s ]
[ sql ] [ SQL ] SELECT * FROM `zs_news` `a` INNER JOIN `zs_admin` `b` ON `a`.`news_auto`=`b`.`admin_id` WHERE  `n_id` = 41  AND `news_open` = '1'  AND `news_back` = 0 LIMIT 1 [ RunTime:0.001195s ]
[ sql ] [ SQL ] SHOW COLUMNS FROM `zs_menu` [ RunTime:0.004922s ]
[ sql ] [ SQL ] SELECT * FROM `zs_menu` WHERE  `id` = 16 LIMIT 1 [ RunTime:0.000525s ]
[ sql ] [ SQL ] SHOW COLUMNS FROM `zs_action_log` [ RunTime:0.004755s ]
[ sql ] [ SQL ] SELECT * FROM `zs_action_log` WHERE  `uid` = 0  AND `action` = 'home-News-index'  AND `object` = 'news41' LIMIT 1 [ RunTime:0.000674s ]
[ sql ] [ SQL ] UPDATE `zs_action_log`  SET `count`=count+1,`last_time`=1497325336,`ip`='42.156.136.43'  WHERE  `uid` = 0  AND `action` = 'home-News-index'  AND `object` = 'news41' [ RunTime:0.000596s ]
[ sql ] [ SQL ] UPDATE `zs_news`  SET `news_hits`=news_hits+1  WHERE  `n_id` = 41 [ RunTime:0.000481s ]
[ sql ] [ SQL ] SELECT * FROM `zs_news` WHERE  `news_time` >= 1490535806  AND `n_id` <> 41  AND `news_open` = '1'  AND `news_back` = 0  AND `news_columnid` = 16 ORDER BY news_time asc LIMIT 1 [ RunTime:0.000938s ]
[ sql ] [ SQL ] SELECT * FROM `zs_news` WHERE  `news_time` <= 1490535806  AND `n_id` <> 41  AND `news_open` = '1'  AND `news_back` = 0  AND `news_columnid` = 16 ORDER BY news_time desc LIMIT 1 [ RunTime:0.000867s ]
[ sql ] [ SQL ] SHOW COLUMNS FROM `zs_comments` [ RunTime:0.004950s ]
[ sql ] [ SQL ] SELECT * FROM `zs_comments` `a` INNER JOIN `zs_member_list` `b` ON `a`.`uid`=`b`.`member_list_id` WHERE  `a`.`t_name` = 'news'  AND `a`.`t_id` = '41'  AND `a`.`c_status` = 1 ORDER BY a.createtime ASC [ RunTime:0.000715s ]

---------------------------------------------------------------
[ 2017-06-13T12:28:04+08:00 ] [ sql ] [ DB ] CONNECT:[ UseTime:0.020576s ] mysql:dbname=zhaosheng;host=127.0.0.1;port=3306;charset=utf8
[ sql ] [ SQL ] SHOW COLUMNS FROM `zs_news` [ RunTime:0.005698s ]
[ sql ] [ SQL ] SELECT `news_content`,`news_title`,`n_id`,`news_columnid`,`news_time` FROM `zs_news` `a` WHERE  `news_open` = '1'  AND `news_l` = 'zh-cn'  AND `news_back` = 0  AND `news_columnid` IN (17) ORDER BY news_time desc LIMIT 7 [ RunTime:0.000992s ]
[ sql ] [ SQL ] SELECT `news_content`,`news_title`,`n_id`,`news_columnid`,`news_time` FROM `zs_news` `a` WHERE  `news_open` = '1'  AND `news_l` = 'zh-cn'  AND `news_back` = 0  AND `news_columnid` IN (18) ORDER BY news_time desc LIMIT 7 [ RunTime:0.000716s ]
[ sql ] [ SQL ] SELECT `news_content`,`news_title`,`n_id`,`news_columnid`,`news_time` FROM `zs_news` `a` WHERE  `news_open` = '1'  AND `news_l` = 'zh-cn'  AND `news_back` = 0  AND `news_columnid` IN (16) ORDER BY news_time desc LIMIT 7 [ RunTime:0.000831s ]

---------------------------------------------------------------
[ 2017-06-13T16:22:50+08:00 ] [ error ] [8]未定义变量: error

---------------------------------------------------------------
[ 2017-06-13T17:57:24+08:00 ] [ log ] Cron:clearlog Runat 2017-06-13 17:57:24 Use 0.002228 s


[ 2017-06-13T17:57:24+08:00 ] [ sql ] [ DB ] CONNECT:[ UseTime:0.006449s ] mysql:dbname=zhaosheng;host=127.0.0.1;port=3306;charset=utf8
[ sql ] [ SQL ] SHOW COLUMNS FROM `zs_news` [ RunTime:0.005766s ]
[ sql ] [ SQL ] SELECT `news_content`,`news_title`,`n_id`,`news_columnid`,`news_time` FROM `zs_news` `a` WHERE  `news_open` = '1'  AND `news_l` = 'zh-cn'  AND `news_back` = 0  AND `news_columnid` IN (17) ORDER BY news_time desc LIMIT 7 [ RunTime:0.000834s ]
[ sql ] [ SQL ] SELECT `news_content`,`news_title`,`n_id`,`news_columnid`,`news_time` FROM `zs_news` `a` WHERE  `news_open` = '1'  AND `news_l` = 'zh-cn'  AND `news_back` = 0  AND `news_columnid` IN (18) ORDER BY news_time desc LIMIT 7 [ RunTime:0.000662s ]
[ sql ] [ SQL ] SELECT `news_content`,`news_title`,`n_id`,`news_columnid`,`news_time` FROM `zs_news` `a` WHERE  `news_open` = '1'  AND `news_l` = 'zh-cn'  AND `news_back` = 0  AND `news_columnid` IN (16) ORDER BY news_time desc LIMIT 7 [ RunTime:0.001043s ]

---------------------------------------------------------------
[ 2017-06-13T18:43:25+08:00 ] [ sql ] [ DB ] CONNECT:[ UseTime:0.007310s ] mysql:dbname=zhaosheng;host=127.0.0.1;port=3306;charset=utf8
[ sql ] [ SQL ] SHOW COLUMNS FROM `zs_news` [ RunTime:0.034941s ]
[ sql ] [ SQL ] SELECT `news_content`,`news_title`,`n_id`,`news_columnid`,`news_time` FROM `zs_news` `a` WHERE  `news_open` = '1'  AND `news_l` = 'zh-cn'  AND `news_back` = 0  AND `news_columnid` IN (17) ORDER BY news_time desc LIMIT 7 [ RunTime:0.000957s ]
[ sql ] [ SQL ] SELECT `news_content`,`news_title`,`n_id`,`news_columnid`,`news_time` FROM `zs_news` `a` WHERE  `news_open` = '1'  AND `news_l` = 'zh-cn'  AND `news_back` = 0  AND `news_columnid` IN (18) ORDER BY news_time desc LIMIT 7 [ RunTime:0.000830s ]
[ sql ] [ SQL ] SELECT `news_content`,`news_title`,`n_id`,`news_columnid`,`news_time` FROM `zs_news` `a` WHERE  `news_open` = '1'  AND `news_l` = 'zh-cn'  AND `news_back` = 0  AND `news_columnid` IN (16) ORDER BY news_time desc LIMIT 7 [ RunTime:0.001120s ]

---------------------------------------------------------------
[ 2017-06-13T18:43:25+08:00 ] [ sql ] [ DB ] CONNECT:[ UseTime:0.067597s ] mysql:dbname=zhaosheng;host=127.0.0.1;port=3306;charset=utf8
[ sql ] [ SQL ] SHOW COLUMNS FROM `zs_news` [ RunTime:0.034921s ]
[ sql ] [ SQL ] SELECT `news_content`,`news_title`,`n_id`,`news_columnid`,`news_time` FROM `zs_news` `a` WHERE  `news_open` = '1'  AND `news_l` = 'zh-cn'  AND `news_back` = 0  AND `news_columnid` IN (17) ORDER BY news_time desc LIMIT 7 [ RunTime:0.000914s ]
[ sql ] [ SQL ] SELECT `news_content`,`news_title`,`n_id`,`news_columnid`,`news_time` FROM `zs_news` `a` WHERE  `news_open` = '1'  AND `news_l` = 'zh-cn'  AND `news_back` = 0  AND `news_columnid` IN (18) ORDER BY news_time desc LIMIT 7 [ RunTime:0.001335s ]
[ sql ] [ SQL ] SELECT `news_content`,`news_title`,`n_id`,`news_columnid`,`news_time` FROM `zs_news` `a` WHERE  `news_open` = '1'  AND `news_l` = 'zh-cn'  AND `news_back` = 0  AND `news_columnid` IN (16) ORDER BY news_time desc LIMIT 7 [ RunTime:0.001239s ]

---------------------------------------------------------------
[ 2017-06-13T18:43:25+08:00 ] [ sql ] [ DB ] CONNECT:[ UseTime:0.044701s ] mysql:dbname=zhaosheng;host=127.0.0.1;port=3306;charset=utf8
[ sql ] [ SQL ] SHOW COLUMNS FROM `zs_news` [ RunTime:0.037674s ]
[ sql ] [ SQL ] SELECT `news_content`,`news_title`,`n_id`,`news_columnid`,`news_time` FROM `zs_news` `a` WHERE  `news_open` = '1'  AND `news_l` = 'zh-cn'  AND `news_back` = 0  AND `news_columnid` IN (17) ORDER BY news_time desc LIMIT 7 [ RunTime:0.003593s ]
[ sql ] [ SQL ] SELECT `news_content`,`news_title`,`n_id`,`news_columnid`,`news_time` FROM `zs_news` `a` WHERE  `news_open` = '1'  AND `news_l` = 'zh-cn'  AND `news_back` = 0  AND `news_columnid` IN (18) ORDER BY news_time desc LIMIT 7 [ RunTime:0.000760s ]
[ sql ] [ SQL ] SELECT `news_content`,`news_title`,`n_id`,`news_columnid`,`news_time` FROM `zs_news` `a` WHERE  `news_open` = '1'  AND `news_l` = 'zh-cn'  AND `news_back` = 0  AND `news_columnid` IN (16) ORDER BY news_time desc LIMIT 7 [ RunTime:0.001084s ]

---------------------------------------------------------------
[ 2017-06-13T18:43:25+08:00 ] [ sql ] [ DB ] CONNECT:[ UseTime:0.064481s ] mysql:dbname=zhaosheng;host=127.0.0.1;port=3306;charset=utf8
[ sql ] [ SQL ] SHOW COLUMNS FROM `zs_news` [ RunTime:0.034280s ]
[ sql ] [ SQL ] SELECT `news_content`,`news_title`,`n_id`,`news_columnid`,`news_time` FROM `zs_news` `a` WHERE  `news_open` = '1'  AND `news_l` = 'zh-cn'  AND `news_back` = 0  AND `news_columnid` IN (17) ORDER BY news_time desc LIMIT 7 [ RunTime:0.001287s ]
[ sql ] [ SQL ] SELECT `news_content`,`news_title`,`n_id`,`news_columnid`,`news_time` FROM `zs_news` `a` WHERE  `news_open` = '1'  AND `news_l` = 'zh-cn'  AND `news_back` = 0  AND `news_columnid` IN (18) ORDER BY news_time desc LIMIT 7 [ RunTime:0.000866s ]
[ sql ] [ SQL ] SELECT `news_content`,`news_title`,`n_id`,`news_columnid`,`news_time` FROM `zs_news` `a` WHERE  `news_open` = '1'  AND `news_l` = 'zh-cn'  AND `news_back` = 0  AND `news_columnid` IN (16) ORDER BY news_time desc LIMIT 7 [ RunTime:0.001687s ]
[ error ] [2]unlink(D:\UPUPW\htdocs\zs\1.1.0/data/runtime/cron.lock): No such file or directory

---------------------------------------------------------------
[ 2017-06-13T19:01:50+08:00 ] [ error ] [8]未定义变量: error

---------------------------------------------------------------
[ 2017-06-13T19:01:56+08:00 ] [ error ] [8]未定义变量: error

---------------------------------------------------------------
[ 2017-06-13T19:02:02+08:00 ] [ error ] [8]未定义变量: error

---------------------------------------------------------------
[ 2017-06-13T19:02:05+08:00 ] [ sql ] [ DB ] CONNECT:[ UseTime:0.004252s ] mysql:dbname=zhaosheng;host=127.0.0.1;port=3306;charset=utf8
[ sql ] [ SQL ] SHOW COLUMNS FROM `zs_news` [ RunTime:0.006015s ]
[ sql ] [ SQL ] SELECT `news_content`,`news_title`,`n_id`,`news_columnid`,`news_time` FROM `zs_news` `a` WHERE  `news_open` = '1'  AND `news_l` = 'zh-cn'  AND `news_back` = 0  AND `news_columnid` IN (17) ORDER BY news_time desc LIMIT 7 [ RunTime:0.000906s ]
[ sql ] [ SQL ] SELECT `news_content`,`news_title`,`n_id`,`news_columnid`,`news_time` FROM `zs_news` `a` WHERE  `news_open` = '1'  AND `news_l` = 'zh-cn'  AND `news_back` = 0  AND `news_columnid` IN (18) ORDER BY news_time desc LIMIT 7 [ RunTime:0.000803s ]
[ sql ] [ SQL ] SELECT `news_content`,`news_title`,`n_id`,`news_columnid`,`news_time` FROM `zs_news` `a` WHERE  `news_open` = '1'  AND `news_l` = 'zh-cn'  AND `news_back` = 0  AND `news_columnid` IN (16) ORDER BY news_time desc LIMIT 7 [ RunTime:0.000913s ]

---------------------------------------------------------------
[ 2017-06-13T19:02:38+08:00 ] [ sql ] [ DB ] CONNECT:[ UseTime:0.008215s ] mysql:dbname=zhaosheng;host=127.0.0.1;port=3306;charset=utf8
[ sql ] [ SQL ] SHOW COLUMNS FROM `zs_web_log` [ RunTime:0.006018s ]
[ sql ] [ SQL ] INSERT INTO `zs_web_log` (`uid` , `ip` , `location` , `os` , `browser` , `url` , `module` , `controller` , `action` , `method` , `data` , `otime`) VALUES (0 , '58.62.123.161' , '中国 广东 广州 ' , 'Linux' , 'Chrome(45.0.2454.95)' , '/home/login/runlogin.html' , 'home' , 'Login' , 'runlogin' , 'Ajax' , 's:12:\"保密数据\";' , 1497351757) [ RunTime:0.002722s ]
[ sql ] [ SQL ] SHOW COLUMNS FROM `zs_member_list` [ RunTime:0.006799s ]
[ sql ] [ SQL ] SELECT * FROM `zs_member_list` WHERE  `member_list_username` = '44122619991224201X' LIMIT 1 [ RunTime:0.001369s ]
[ sql ] [ SQL ] UPDATE `zs_member_list`  SET `last_login_time`=1497351758,`last_login_ip`='58.62.123.161'  WHERE  `member_list_id` = 475 [ RunTime:0.000609s ]
[ sql ] [ SQL ] SHOW COLUMNS FROM `zs_admin` [ RunTime:0.006129s ]
[ sql ] [ SQL ] SELECT * FROM `zs_admin` WHERE  `member_id` = 475 LIMIT 1 [ RunTime:0.000983s ]

---------------------------------------------------------------
[ 2017-06-13T19:02:38+08:00 ] [ sql ] [ DB ] CONNECT:[ UseTime:0.013544s ] mysql:dbname=zhaosheng;host=127.0.0.1;port=3306;charset=utf8
[ sql ] [ SQL ] SHOW COLUMNS FROM `zs_member_list` [ RunTime:0.006009s ]
[ sql ] [ SQL ] SELECT * FROM `zs_member_list` WHERE  `member_list_id` = 475 LIMIT 1 [ RunTime:0.000999s ]
[ sql ] [ SQL ] SHOW COLUMNS FROM `zs_admin` [ RunTime:0.006058s ]
[ sql ] [ SQL ] SELECT * FROM `zs_admin` WHERE  `member_id` = 475 LIMIT 1 [ RunTime:0.000721s ]
[ sql ] [ SQL ] SELECT * FROM `zs_member_list` `m` INNER JOIN `zs_member_info` `mi` ON `m`.`member_list_id`=`mi`.`member_list_id` WHERE  `m`.`member_list_id` = 475 LIMIT 1 [ RunTime:0.004580s ]
[ sql ] [ SQL ] SHOW COLUMNS FROM `zs_major` [ RunTime:0.005744s ]
[ sql ] [ SQL ] SELECT * FROM `zs_major` WHERE  `major_id` = 11 LIMIT 1 [ RunTime:0.000648s ]
[ sql ] [ SQL ] SHOW COLUMNS FROM `zs_school` [ RunTime:0.005130s ]
[ sql ] [ SQL ] SELECT * FROM `zs_school` WHERE  `school_id` = 7 LIMIT 1 [ RunTime:0.000644s ]
[ sql ] [ SQL ] SHOW COLUMNS FROM `zs_recruit_major` [ RunTime:0.006184s ]
[ sql ] [ SQL ] SELECT * FROM `zs_recruit_major` `rm` INNER JOIN `zs_enrollment` `e` ON `e`.`recruit_major_id`=`rm`.`recruit_major_id` WHERE  `e`.`major_ids` LIKE '%,11,%'  AND `e`.`school_id` = 7 LIMIT 1 [ RunTime:0.001008s ]

---------------------------------------------------------------
[ 2017-06-13T19:02:41+08:00 ] [ sql ] [ DB ] CONNECT:[ UseTime:0.007402s ] mysql:dbname=zhaosheng;host=127.0.0.1;port=3306;charset=utf8
[ sql ] [ SQL ] SHOW COLUMNS FROM `zs_member_list` [ RunTime:0.005735s ]
[ sql ] [ SQL ] SELECT * FROM `zs_member_list` WHERE  `member_list_id` = 475 LIMIT 1 [ RunTime:0.000834s ]
[ sql ] [ SQL ] SHOW COLUMNS FROM `zs_admin` [ RunTime:0.005232s ]
[ sql ] [ SQL ] SELECT * FROM `zs_admin` WHERE  `member_id` = 475 LIMIT 1 [ RunTime:0.000771s ]
[ sql ] [ SQL ] SHOW COLUMNS FROM `zs_major` [ RunTime:0.005471s ]
[ sql ] [ SQL ] SELECT * FROM `zs_major` WHERE  `major_id` = 11 LIMIT 1 [ RunTime:0.000554s ]
[ sql ] [ SQL ] SHOW COLUMNS FROM `zs_major_score_config` [ RunTime:0.004983s ]
[ sql ] [ SQL ] SELECT * FROM `zs_major_score_config` WHERE  `major_id` = 11  AND `school_id` = 7 LIMIT 1 [ RunTime:0.000863s ]

---------------------------------------------------------------
[ 2017-06-13T20:06:30+08:00 ] [ sql ] [ DB ] CONNECT:[ UseTime:0.006230s ] mysql:dbname=zhaosheng;host=127.0.0.1;port=3306;charset=utf8
[ sql ] [ SQL ] SHOW COLUMNS FROM `zs_news` [ RunTime:0.006025s ]
[ sql ] [ SQL ] SELECT `news_content`,`news_title`,`n_id`,`news_columnid`,`news_time` FROM `zs_news` `a` WHERE  `news_open` = '1'  AND `news_l` = 'zh-cn'  AND `news_back` = 0  AND `news_columnid` IN (17) ORDER BY news_time desc LIMIT 7 [ RunTime:0.000898s ]
[ sql ] [ SQL ] SELECT `news_content`,`news_title`,`n_id`,`news_columnid`,`news_time` FROM `zs_news` `a` WHERE  `news_open` = '1'  AND `news_l` = 'zh-cn'  AND `news_back` = 0  AND `news_columnid` IN (18) ORDER BY news_time desc LIMIT 7 [ RunTime:0.000729s ]
[ sql ] [ SQL ] SELECT `news_content`,`news_title`,`n_id`,`news_columnid`,`news_time` FROM `zs_news` `a` WHERE  `news_open` = '1'  AND `news_l` = 'zh-cn'  AND `news_back` = 0  AND `news_columnid` IN (16) ORDER BY news_time desc LIMIT 7 [ RunTime:0.000859s ]

---------------------------------------------------------------
[ 2017-06-13T20:06:53+08:00 ] [ sql ] [ DB ] CONNECT:[ UseTime:0.004931s ] mysql:dbname=zhaosheng;host=127.0.0.1;port=3306;charset=utf8
[ sql ] [ SQL ] SHOW COLUMNS FROM `zs_news` [ RunTime:0.005991s ]
[ sql ] [ SQL ] SELECT `news_content`,`news_title`,`n_id`,`news_columnid`,`news_time` FROM `zs_news` `a` WHERE  `news_open` = '1'  AND `news_l` = 'zh-cn'  AND `news_back` = 0  AND `news_columnid` IN (17) ORDER BY news_time desc LIMIT 7 [ RunTime:0.000893s ]
[ sql ] [ SQL ] SELECT `news_content`,`news_title`,`n_id`,`news_columnid`,`news_time` FROM `zs_news` `a` WHERE  `news_open` = '1'  AND `news_l` = 'zh-cn'  AND `news_back` = 0  AND `news_columnid` IN (18) ORDER BY news_time desc LIMIT 7 [ RunTime:0.001610s ]
[ sql ] [ SQL ] SELECT `news_content`,`news_title`,`n_id`,`news_columnid`,`news_time` FROM `zs_news` `a` WHERE  `news_open` = '1'  AND `news_l` = 'zh-cn'  AND `news_back` = 0  AND `news_columnid` IN (16) ORDER BY news_time desc LIMIT 7 [ RunTime:0.000820s ]

---------------------------------------------------------------
[ 2017-06-13T20:07:16+08:00 ] [ sql ] [ DB ] CONNECT:[ UseTime:0.017440s ] mysql:dbname=zhaosheng;host=127.0.0.1;port=3306;charset=utf8
[ sql ] [ SQL ] SHOW COLUMNS FROM `zs_web_log` [ RunTime:0.005464s ]
[ sql ] [ SQL ] INSERT INTO `zs_web_log` (`uid` , `ip` , `location` , `os` , `browser` , `url` , `module` , `controller` , `action` , `method` , `data` , `otime`) VALUES (0 , '119.34.122.29' , '中国 广东 广州 ' , 'Linux' , 'Chrome(53.0.2785.49)' , '/home/login/runlogin.html' , 'home' , 'Login' , 'runlogin' , 'Ajax' , 's:12:\"保密数据\";' , 1497355635) [ RunTime:0.000853s ]
[ sql ] [ SQL ] SHOW COLUMNS FROM `zs_member_list` [ RunTime:0.005558s ]
[ sql ] [ SQL ] SELECT * FROM `zs_member_list` WHERE  `member_list_username` = '440105200001173313' LIMIT 1 [ RunTime:0.001354s ]
[ sql ] [ SQL ] UPDATE `zs_member_list`  SET `last_login_time`=1497355636,`last_login_ip`='119.34.122.29'  WHERE  `member_list_id` = 835 [ RunTime:0.001335s ]
[ sql ] [ SQL ] SHOW COLUMNS FROM `zs_admin` [ RunTime:0.005131s ]
[ sql ] [ SQL ] SELECT * FROM `zs_admin` WHERE  `member_id` = 835 LIMIT 1 [ RunTime:0.001415s ]

---------------------------------------------------------------
[ 2017-06-13T20:07:16+08:00 ] [ sql ] [ DB ] CONNECT:[ UseTime:0.015938s ] mysql:dbname=zhaosheng;host=127.0.0.1;port=3306;charset=utf8
[ sql ] [ SQL ] SHOW COLUMNS FROM `zs_member_list` [ RunTime:0.006181s ]
[ sql ] [ SQL ] SELECT * FROM `zs_member_list` WHERE  `member_list_id` = 835 LIMIT 1 [ RunTime:0.000868s ]
[ sql ] [ SQL ] SHOW COLUMNS FROM `zs_admin` [ RunTime:0.005031s ]
[ sql ] [ SQL ] SELECT * FROM `zs_admin` WHERE  `member_id` = 835 LIMIT 1 [ RunTime:0.000679s ]
[ sql ] [ SQL ] SELECT * FROM `zs_member_list` `m` INNER JOIN `zs_member_info` `mi` ON `m`.`member_list_id`=`mi`.`member_list_id` WHERE  `m`.`member_list_id` = 835 LIMIT 1 [ RunTime:0.004522s ]
[ sql ] [ SQL ] SHOW COLUMNS FROM `zs_major` [ RunTime:0.005463s ]
[ sql ] [ SQL ] SELECT * FROM `zs_major` WHERE  `major_id` = 3 LIMIT 1 [ RunTime:0.000601s ]
[ sql ] [ SQL ] SHOW COLUMNS FROM `zs_school` [ RunTime:0.004711s ]
[ sql ] [ SQL ] SELECT * FROM `zs_school` WHERE  `school_id` = 9 LIMIT 1 [ RunTime:0.000491s ]
[ sql ] [ SQL ] SHOW COLUMNS FROM `zs_recruit_major` [ RunTime:0.004896s ]
[ sql ] [ SQL ] SELECT * FROM `zs_recruit_major` `rm` INNER JOIN `zs_enrollment` `e` ON `e`.`recruit_major_id`=`rm`.`recruit_major_id` WHERE  `e`.`major_ids` LIKE '%,3,%'  AND `e`.`school_id` = 9 LIMIT 1 [ RunTime:0.000646s ]

---------------------------------------------------------------
[ 2017-06-13T20:07:19+08:00 ] [ error ] [8]未定义变量: error

---------------------------------------------------------------
[ 2017-06-13T20:07:26+08:00 ] [ error ] [8]未定义变量: error

---------------------------------------------------------------
[ 2017-06-13T20:07:27+08:00 ] [ sql ] [ DB ] CONNECT:[ UseTime:0.006145s ] mysql:dbname=zhaosheng;host=127.0.0.1;port=3306;charset=utf8
[ sql ] [ SQL ] SHOW COLUMNS FROM `zs_member_list` [ RunTime:0.007039s ]
[ sql ] [ SQL ] SELECT * FROM `zs_member_list` WHERE  `member_list_id` = 835 LIMIT 1 [ RunTime:0.000823s ]
[ sql ] [ SQL ] SHOW COLUMNS FROM `zs_admin` [ RunTime:0.007976s ]
[ sql ] [ SQL ] SELECT * FROM `zs_admin` WHERE  `member_id` = 835 LIMIT 1 [ RunTime:0.000811s ]
[ sql ] [ SQL ] SHOW COLUMNS FROM `zs_news` [ RunTime:0.005874s ]
[ sql ] [ SQL ] SELECT `news_content`,`news_title`,`n_id`,`news_columnid`,`news_time` FROM `zs_news` `a` WHERE  `news_open` = '1'  AND `news_l` = 'zh-cn'  AND `news_back` = 0  AND `news_columnid` IN (17) ORDER BY news_time desc LIMIT 7 [ RunTime:0.001104s ]
[ sql ] [ SQL ] SELECT `news_content`,`news_title`,`n_id`,`news_columnid`,`news_time` FROM `zs_news` `a` WHERE  `news_open` = '1'  AND `news_l` = 'zh-cn'  AND `news_back` = 0  AND `news_columnid` IN (18) ORDER BY news_time desc LIMIT 7 [ RunTime:0.000603s ]
[ sql ] [ SQL ] SELECT `news_content`,`news_title`,`n_id`,`news_columnid`,`news_time` FROM `zs_news` `a` WHERE  `news_open` = '1'  AND `news_l` = 'zh-cn'  AND `news_back` = 0  AND `news_columnid` IN (16) ORDER BY news_time desc LIMIT 7 [ RunTime:0.000890s ]

---------------------------------------------------------------
[ 2017-06-13T20:07:32+08:00 ] [ sql ] [ DB ] CONNECT:[ UseTime:0.016316s ] mysql:dbname=zhaosheng;host=127.0.0.1;port=3306;charset=utf8
[ sql ] [ SQL ] SHOW COLUMNS FROM `zs_member_list` [ RunTime:0.005499s ]
[ sql ] [ SQL ] SELECT * FROM `zs_member_list` WHERE  `member_list_id` = 835 LIMIT 1 [ RunTime:0.000762s ]
[ sql ] [ SQL ] SHOW COLUMNS FROM `zs_admin` [ RunTime:0.005153s ]
[ sql ] [ SQL ] SELECT * FROM `zs_admin` WHERE  `member_id` = 835 LIMIT 1 [ RunTime:0.001008s ]
[ sql ] [ SQL ] SELECT * FROM `zs_member_list` `m` INNER JOIN `zs_member_info` `mi` ON `m`.`member_list_id`=`mi`.`member_list_id` WHERE  `m`.`member_list_id` = 835 LIMIT 1 [ RunTime:0.004105s ]
[ sql ] [ SQL ] SHOW COLUMNS FROM `zs_major` [ RunTime:0.005053s ]
[ sql ] [ SQL ] SELECT * FROM `zs_major` WHERE  `major_id` = 3 LIMIT 1 [ RunTime:0.000897s ]
[ sql ] [ SQL ] SHOW COLUMNS FROM `zs_school` [ RunTime:0.005082s ]
[ sql ] [ SQL ] SELECT * FROM `zs_school` WHERE  `school_id` = 9 LIMIT 1 [ RunTime:0.000994s ]
[ sql ] [ SQL ] SHOW COLUMNS FROM `zs_recruit_major` [ RunTime:0.005054s ]
[ sql ] [ SQL ] SELECT * FROM `zs_recruit_major` `rm` INNER JOIN `zs_enrollment` `e` ON `e`.`recruit_major_id`=`rm`.`recruit_major_id` WHERE  `e`.`major_ids` LIKE '%,3,%'  AND `e`.`school_id` = 9 LIMIT 1 [ RunTime:0.000973s ]

---------------------------------------------------------------
[ 2017-06-13T20:07:37+08:00 ] [ sql ] [ DB ] CONNECT:[ UseTime:0.004849s ] mysql:dbname=zhaosheng;host=127.0.0.1;port=3306;charset=utf8
[ sql ] [ SQL ] SHOW COLUMNS FROM `zs_member_list` [ RunTime:0.005407s ]
[ sql ] [ SQL ] SELECT * FROM `zs_member_list` WHERE  `member_list_id` = 835 LIMIT 1 [ RunTime:0.000867s ]
[ sql ] [ SQL ] SHOW COLUMNS FROM `zs_admin` [ RunTime:0.005528s ]
[ sql ] [ SQL ] SELECT * FROM `zs_admin` WHERE  `member_id` = 835 LIMIT 1 [ RunTime:0.000689s ]
[ sql ] [ SQL ] SELECT * FROM `zs_member_list` `m` INNER JOIN `zs_member_info` `mi` ON `m`.`member_list_id`=`mi`.`member_list_id` WHERE  `m`.`member_list_id` = 835 LIMIT 1 [ RunTime:0.004221s ]
[ sql ] [ SQL ] SHOW COLUMNS FROM `zs_major` [ RunTime:0.005461s ]
[ sql ] [ SQL ] SELECT * FROM `zs_major` WHERE  `major_id` = 3 LIMIT 1 [ RunTime:0.000512s ]
[ sql ] [ SQL ] SHOW COLUMNS FROM `zs_school` [ RunTime:0.005143s ]
[ sql ] [ SQL ] SELECT * FROM `zs_school` WHERE  `school_id` = 9 LIMIT 1 [ RunTime:0.000564s ]
[ sql ] [ SQL ] SHOW COLUMNS FROM `zs_recruit_major` [ RunTime:0.004849s ]
[ sql ] [ SQL ] SELECT * FROM `zs_recruit_major` `rm` INNER JOIN `zs_enrollment` `e` ON `e`.`recruit_major_id`=`rm`.`recruit_major_id` WHERE  `e`.`major_ids` LIKE '%,3,%'  AND `e`.`school_id` = 9 LIMIT 1 [ RunTime:0.000793s ]

---------------------------------------------------------------
[ 2017-06-13T20:07:50+08:00 ] [ sql ] [ DB ] CONNECT:[ UseTime:0.005150s ] mysql:dbname=zhaosheng;host=127.0.0.1;port=3306;charset=utf8
[ sql ] [ SQL ] SHOW COLUMNS FROM `zs_member_list` [ RunTime:0.005701s ]
[ sql ] [ SQL ] SELECT * FROM `zs_member_list` WHERE  `member_list_id` = 835 LIMIT 1 [ RunTime:0.000749s ]
[ sql ] [ SQL ] SHOW COLUMNS FROM `zs_admin` [ RunTime:0.004891s ]
[ sql ] [ SQL ] SELECT * FROM `zs_admin` WHERE  `member_id` = 835 LIMIT 1 [ RunTime:0.000661s ]
[ sql ] [ SQL ] SELECT * FROM `zs_member_list` `m` INNER JOIN `zs_member_info` `mi` ON `m`.`member_list_id`=`mi`.`member_list_id` WHERE  `m`.`member_list_id` = 835 LIMIT 1 [ RunTime:0.004452s ]
[ sql ] [ SQL ] SHOW COLUMNS FROM `zs_major` [ RunTime:0.005105s ]
[ sql ] [ SQL ] SELECT * FROM `zs_major` WHERE  `major_id` = 3 LIMIT 1 [ RunTime:0.000623s ]
[ sql ] [ SQL ] SHOW COLUMNS FROM `zs_school` [ RunTime:0.004777s ]
[ sql ] [ SQL ] SELECT * FROM `zs_school` WHERE  `school_id` = 9 LIMIT 1 [ RunTime:0.000474s ]
[ sql ] [ SQL ] SHOW COLUMNS FROM `zs_recruit_major` [ RunTime:0.004846s ]
[ sql ] [ SQL ] SELECT * FROM `zs_recruit_major` `rm` INNER JOIN `zs_enrollment` `e` ON `e`.`recruit_major_id`=`rm`.`recruit_major_id` WHERE  `e`.`major_ids` LIKE '%,3,%'  AND `e`.`school_id` = 9 LIMIT 1 [ RunTime:0.000613s ]

---------------------------------------------------------------
[ 2017-06-13T21:15:00+08:00 ] [ sql ] [ DB ] CONNECT:[ UseTime:0.020103s ] mysql:dbname=zhaosheng;host=127.0.0.1;port=3306;charset=utf8
[ sql ] [ SQL ] SHOW COLUMNS FROM `zs_news` [ RunTime:0.005692s ]
[ sql ] [ SQL ] SELECT `news_content`,`news_title`,`n_id`,`news_columnid`,`news_time` FROM `zs_news` `a` WHERE  `news_open` = '1'  AND `news_l` = 'zh-cn'  AND `news_back` = 0  AND `news_columnid` IN (17) ORDER BY news_time desc LIMIT 7 [ RunTime:0.000919s ]
[ sql ] [ SQL ] SELECT `news_content`,`news_title`,`n_id`,`news_columnid`,`news_time` FROM `zs_news` `a` WHERE  `news_open` = '1'  AND `news_l` = 'zh-cn'  AND `news_back` = 0  AND `news_columnid` IN (18) ORDER BY news_time desc LIMIT 7 [ RunTime:0.000623s ]
[ sql ] [ SQL ] SELECT `news_content`,`news_title`,`n_id`,`news_columnid`,`news_time` FROM `zs_news` `a` WHERE  `news_open` = '1'  AND `news_l` = 'zh-cn'  AND `news_back` = 0  AND `news_columnid` IN (16) ORDER BY news_time desc LIMIT 7 [ RunTime:0.001143s ]

---------------------------------------------------------------
[ 2017-06-13T21:57:47+08:00 ] [ sql ] [ DB ] CONNECT:[ UseTime:0.006439s ] mysql:dbname=zhaosheng;host=127.0.0.1;port=3306;charset=utf8
[ sql ] [ SQL ] SHOW COLUMNS FROM `zs_news` [ RunTime:0.006270s ]
[ sql ] [ SQL ] SELECT `news_content`,`news_title`,`n_id`,`news_columnid`,`news_time` FROM `zs_news` `a` WHERE  `news_open` = '1'  AND `news_l` = 'zh-cn'  AND `news_back` = 0  AND `news_columnid` IN (17) ORDER BY news_time desc LIMIT 7 [ RunTime:0.001287s ]
[ sql ] [ SQL ] SELECT `news_content`,`news_title`,`n_id`,`news_columnid`,`news_time` FROM `zs_news` `a` WHERE  `news_open` = '1'  AND `news_l` = 'zh-cn'  AND `news_back` = 0  AND `news_columnid` IN (18) ORDER BY news_time desc LIMIT 7 [ RunTime:0.000851s ]
[ sql ] [ SQL ] SELECT `news_content`,`news_title`,`n_id`,`news_columnid`,`news_time` FROM `zs_news` `a` WHERE  `news_open` = '1'  AND `news_l` = 'zh-cn'  AND `news_back` = 0  AND `news_columnid` IN (16) ORDER BY news_time desc LIMIT 7 [ RunTime:0.000823s ]

---------------------------------------------------------------
[ 2017-06-13T21:58:09+08:00 ] [ sql ] [ DB ] CONNECT:[ UseTime:0.016004s ] mysql:dbname=zhaosheng;host=127.0.0.1;port=3306;charset=utf8
[ sql ] [ SQL ] SHOW COLUMNS FROM `zs_web_log` [ RunTime:0.006853s ]
[ sql ] [ SQL ] INSERT INTO `zs_web_log` (`uid` , `ip` , `location` , `os` , `browser` , `url` , `module` , `controller` , `action` , `method` , `data` , `otime`) VALUES (0 , '219.136.75.161' , '中国 广东 广州 ' , 'Linux' , 'Chrome(53.0.2785.49)' , '/home/login/runlogin.html' , 'home' , 'Login' , 'runlogin' , 'Ajax' , 's:12:\"保密数据\";' , 1497362289) [ RunTime:0.000973s ]
[ sql ] [ SQL ] SHOW COLUMNS FROM `zs_member_list` [ RunTime:0.005991s ]
[ sql ] [ SQL ] SELECT * FROM `zs_member_list` WHERE  `member_list_username` = '440106199912010321' LIMIT 1 [ RunTime:0.001162s ]
[ sql ] [ SQL ] UPDATE `zs_member_list`  SET `last_login_time`=1497362289,`last_login_ip`='219.136.75.161'  WHERE  `member_list_id` = 489 [ RunTime:0.000554s ]
[ sql ] [ SQL ] SHOW COLUMNS FROM `zs_admin` [ RunTime:0.005498s ]
[ sql ] [ SQL ] SELECT * FROM `zs_admin` WHERE  `member_id` = 489 LIMIT 1 [ RunTime:0.000662s ]

---------------------------------------------------------------
[ 2017-06-13T21:58:10+08:00 ] [ sql ] [ DB ] CONNECT:[ UseTime:0.013437s ] mysql:dbname=zhaosheng;host=127.0.0.1;port=3306;charset=utf8
[ sql ] [ SQL ] SHOW COLUMNS FROM `zs_member_list` [ RunTime:0.006206s ]
[ sql ] [ SQL ] SELECT * FROM `zs_member_list` WHERE  `member_list_id` = 489 LIMIT 1 [ RunTime:0.001302s ]
[ sql ] [ SQL ] SHOW COLUMNS FROM `zs_admin` [ RunTime:0.005097s ]
[ sql ] [ SQL ] SELECT * FROM `zs_admin` WHERE  `member_id` = 489 LIMIT 1 [ RunTime:0.000662s ]
[ sql ] [ SQL ] SELECT * FROM `zs_member_list` `m` INNER JOIN `zs_member_info` `mi` ON `m`.`member_list_id`=`mi`.`member_list_id` WHERE  `m`.`member_list_id` = 489 LIMIT 1 [ RunTime:0.003248s ]
[ sql ] [ SQL ] SHOW COLUMNS FROM `zs_major` [ RunTime:0.005315s ]
[ sql ] [ SQL ] SELECT * FROM `zs_major` WHERE  `major_id` = 11 LIMIT 1 [ RunTime:0.000599s ]
[ sql ] [ SQL ] SHOW COLUMNS FROM `zs_school` [ RunTime:0.005265s ]
[ sql ] [ SQL ] SELECT * FROM `zs_school` WHERE  `school_id` = 7 LIMIT 1 [ RunTime:0.000574s ]
[ sql ] [ SQL ] SHOW COLUMNS FROM `zs_recruit_major` [ RunTime:0.005817s ]
[ sql ] [ SQL ] SELECT * FROM `zs_recruit_major` `rm` INNER JOIN `zs_enrollment` `e` ON `e`.`recruit_major_id`=`rm`.`recruit_major_id` WHERE  `e`.`major_ids` LIKE '%,11,%'  AND `e`.`school_id` = 7 LIMIT 1 [ RunTime:0.000906s ]

---------------------------------------------------------------
[ 2017-06-13T21:58:28+08:00 ] [ error ] [8]未定义变量: error

---------------------------------------------------------------
