[ 2018-06-06T13:33:46+08:00 ] 192.168.10.10 192.168.10.1 GET /admin/login/login.html
[ log ] 32zs.com/admin/login/login.html [运行时间：0.383447s][吞吐率：2.61req/s] [内存消耗：485.82kb] [文件加载：77]
[ log ] Cron:clearlog Runat 2018-06-06 13:33:46 Use 0.002696 s


[ 2018-06-06T13:33:47+08:00 ] 192.168.10.10 192.168.10.1 GET /admin/login/login.html
[ log ] 32zs.com/admin/login/login.html [运行时间：0.490365s][吞吐率：2.04req/s] [内存消耗：459.56kb] [文件加载：79]
[ info ] [ LANG ] /home/vagrant/Code/32zs/2.0.0/thinkphp/lang/zh-cn.php
[ info ] [ LANG ] /home/vagrant/Code/32zs/2.0.0/app/lang/zh-cn.php
[ info ] [ CACHE ] INIT File
[ info ] [ ROUTE ] array (
  'type' => 'module',
  'module' => 
  array (
    0 => 'admin',
    1 => 'login',
    2 => 'login',
  ),
)
[ info ] [ HEADER ] array (
  'cookie' => 'thinkphp_show_page_trace=0|0; thinkphp_show_page_trace=0|0; PHPSESSID=uv3tklo5rd8d0213fq3vvk7ref; thinkphp_show_page_trace=0|0',
  'accept-language' => 'zh-CN,zh;q=0.9,en;q=0.8',
  'accept-encoding' => 'gzip, deflate',
  'accept' => 'text/html,application/xhtml+xml,application/xml;q=0.9,image/webp,image/apng,*/*;q=0.8',
  'user-agent' => 'Mozilla/5.0 (Macintosh; Intel Mac OS X 10_13_4) AppleWebKit/537.36 (KHTML, like Gecko) Chrome/67.0.3396.62 Safari/537.36',
  'upgrade-insecure-requests' => '1',
  'connection' => 'keep-alive',
  'host' => '32zs.com',
  'content-type' => '',
  'content-length' => '',
)
[ info ] [ PARAM ] array (
)
[ info ] [ BEHAVIOR ] Run app\common\behavior\WebLog @module_init [ RunTime:0.004536s ]
[ info ] [ BEHAVIOR ] Run Closure @action_begin [ RunTime:0.027833s ]
[ info ] [ RUN ] app\admin\controller\Login->login[ /home/vagrant/Code/32zs/2.0.0/app/admin/controller/Login.php ]
[ info ] [ DB ] INIT mysql
[ info ] [ SESSION ] INIT array (
  'id' => '',
  'var_session_id' => '',
  'prefix' => 'think',
  'type' => '',
  'auto_start' => true,
)
[ info ] [ VIEW ] /home/vagrant/Code/32zs/2.0.0/app/admin/view/login/login.html [ array (
  0 => 'lang',
) ]
[ info ] [ LOG ] INIT File
[ info ] [ BEHAVIOR ] Run app\admin\behavior\Cron @app_end [ RunTime:0.034423s ]

---------------------------------------------------------------
