[ 2018-06-12T11:50:33+08:00 ] 192.168.10.10 192.168.10.1 GET /admin/score/score_all/school_id/17/major_id/1/page/2.html
[ log ] 32zs.com/admin/score/score_all/school_id/17/major_id/1/page/2.html [运行时间：0.580272s][吞吐率：1.72req/s] [内存消耗：734.13kb] [文件加载：75]
[ info ] [ LANG ] /home/vagrant/Code/32zs/2.0.0/thinkphp/lang/zh-cn.php
[ info ] [ LANG ] /home/vagrant/Code/32zs/2.0.0/app/lang/zh-cn.php
[ info ] [ CACHE ] INIT File
[ info ] [ ROUTE ] array (
  'type' => 'module',
  'module' => 
  array (
    0 => 'admin',
    1 => 'score',
    2 => 'score_all',
  ),
)
[ info ] [ HEADER ] array (
  'cookie' => 'thinkphp_show_page_trace=0|0; thinkphp_show_page_trace=0|0; PHPSESSID=a0pgqituu3uucjv196cd7gj3u2',
  'accept-language' => 'zh-CN,zh;q=0.9',
  'accept-encoding' => 'gzip, deflate',
  'accept' => 'text/html,application/xhtml+xml,application/xml;q=0.9,image/webp,image/apng,*/*;q=0.8',
  'user-agent' => 'Mozilla/5.0 (Macintosh; Intel Mac OS X 10_13_4) AppleWebKit/537.36 (KHTML, like Gecko) Chrome/67.0.3396.79 Safari/537.36',
  'upgrade-insecure-requests' => '1',
  'connection' => 'keep-alive',
  'host' => '32zs.com',
  'content-type' => '',
  'content-length' => '',
)
[ info ] [ PARAM ] array (
  'school_id' => '17',
  'major_id' => '1',
  'page' => '2',
)
[ info ] [ BEHAVIOR ] Run app\common\behavior\WebLog @module_init [ RunTime:0.007320s ]
[ info ] [ DB ] INIT mysql
[ info ] [ SESSION ] INIT array (
  'id' => '',
  'var_session_id' => '',
  'prefix' => 'think',
  'type' => '',
  'auto_start' => true,
)
[ info ] [ BEHAVIOR ] Run app\admin\behavior\Cron @app_end [ RunTime:0.013297s ]
[ info ] [ LOG ] INIT File

---------------------------------------------------------------
[ 2018-06-12T11:50:34+08:00 ] 192.168.10.10 192.168.10.1 GET /admin/login/login.html
[ log ] 32zs.com/admin/login/login.html [运行时间：0.347677s][吞吐率：2.88req/s] [内存消耗：460.09kb] [文件加载：78]
[ info ] [ LANG ] /home/vagrant/Code/32zs/2.0.0/thinkphp/lang/zh-cn.php
[ info ] [ LANG ] /home/vagrant/Code/32zs/2.0.0/app/lang/zh-cn.php
[ info ] [ CACHE ] INIT File
[ info ] [ ROUTE ] array (
  'type' => 'module',
  'module' => 
  array (
    0 => 'admin',
    1 => 'login',
    2 => 'login',
  ),
)
[ info ] [ HEADER ] array (
  'cookie' => 'thinkphp_show_page_trace=0|0; PHPSESSID=a0pgqituu3uucjv196cd7gj3u2; think_var=zh-cn',
  'accept-language' => 'zh-CN,zh;q=0.9',
  'accept-encoding' => 'gzip, deflate',
  'accept' => 'text/html,application/xhtml+xml,application/xml;q=0.9,image/webp,image/apng,*/*;q=0.8',
  'user-agent' => 'Mozilla/5.0 (Macintosh; Intel Mac OS X 10_13_4) AppleWebKit/537.36 (KHTML, like Gecko) Chrome/67.0.3396.79 Safari/537.36',
  'upgrade-insecure-requests' => '1',
  'connection' => 'keep-alive',
  'host' => '32zs.com',
  'content-type' => '',
  'content-length' => '',
)
[ info ] [ PARAM ] array (
)
[ info ] [ BEHAVIOR ] Run app\common\behavior\WebLog @module_init [ RunTime:0.003174s ]
[ info ] [ BEHAVIOR ] Run Closure @action_begin [ RunTime:0.030434s ]
[ info ] [ RUN ] app\admin\controller\Login->login[ /home/vagrant/Code/32zs/2.0.0/app/admin/controller/Login.php ]
[ info ] [ DB ] INIT mysql
[ info ] [ SESSION ] INIT array (
  'id' => '',
  'var_session_id' => '',
  'prefix' => 'think',
  'type' => '',
  'auto_start' => true,
)
[ info ] [ VIEW ] /home/vagrant/Code/32zs/2.0.0/app/admin/view/login/login.html [ array (
  0 => 'lang',
) ]
[ info ] [ BEHAVIOR ] Run app\admin\behavior\Cron @app_end [ RunTime:0.010701s ]
[ info ] [ LOG ] INIT File

---------------------------------------------------------------
