[ 2017-12-18T05:22:19+08:00 ] [ log ] Cron:clearlog Runat 2017-12-18 05:22:19 Use 0.002233 s


[ 2017-12-18T05:22:19+08:00 ] [ sql ] [ DB ] CONNECT:[ UseTime:0.008352s ] mysql:dbname=zhaosheng;host=127.0.0.1;port=3306;charset=utf8
[ sql ] [ SQL ] SHOW COLUMNS FROM `zs_news` [ RunTime:0.008747s ]
[ sql ] [ SQL ] SELECT `news_content`,`news_title`,`n_id`,`news_columnid`,`news_time` FROM `zs_news` `a` WHERE  `news_open` = '1'  AND `news_l` = 'zh-cn'  AND `news_back` = 0  AND `news_columnid` IN (17) ORDER BY news_time desc LIMIT 7 [ RunTime:0.001060s ]
[ sql ] [ SQL ] SELECT `news_content`,`news_title`,`n_id`,`news_columnid`,`news_time` FROM `zs_news` `a` WHERE  `news_open` = '1'  AND `news_l` = 'zh-cn'  AND `news_back` = 0  AND `news_columnid` IN (18) ORDER BY news_time desc LIMIT 7 [ RunTime:0.001273s ]
[ sql ] [ SQL ] SELECT `news_content`,`news_title`,`n_id`,`news_columnid`,`news_time` FROM `zs_news` `a` WHERE  `news_open` = '1'  AND `news_l` = 'zh-cn'  AND `news_back` = 0  AND `news_columnid` IN (16) ORDER BY news_time desc LIMIT 7 [ RunTime:0.001685s ]

---------------------------------------------------------------
[ 2017-12-18T06:34:02+08:00 ] [ sql ] [ DB ] CONNECT:[ UseTime:0.007615s ] mysql:dbname=zhaosheng;host=127.0.0.1;port=3306;charset=utf8
[ sql ] [ SQL ] SHOW COLUMNS FROM `zs_news` [ RunTime:0.007467s ]
[ sql ] [ SQL ] SELECT `news_content`,`news_title`,`n_id`,`news_columnid`,`news_time` FROM `zs_news` `a` WHERE  `news_open` = '1'  AND `news_l` = 'zh-cn'  AND `news_back` = 0  AND `news_columnid` IN (17) ORDER BY news_time desc LIMIT 7 [ RunTime:0.000977s ]
[ sql ] [ SQL ] SELECT `news_content`,`news_title`,`n_id`,`news_columnid`,`news_time` FROM `zs_news` `a` WHERE  `news_open` = '1'  AND `news_l` = 'zh-cn'  AND `news_back` = 0  AND `news_columnid` IN (18) ORDER BY news_time desc LIMIT 7 [ RunTime:0.000741s ]
[ sql ] [ SQL ] SELECT `news_content`,`news_title`,`n_id`,`news_columnid`,`news_time` FROM `zs_news` `a` WHERE  `news_open` = '1'  AND `news_l` = 'zh-cn'  AND `news_back` = 0  AND `news_columnid` IN (16) ORDER BY news_time desc LIMIT 7 [ RunTime:0.000979s ]

---------------------------------------------------------------
[ 2017-12-18T07:22:55+08:00 ] [ sql ] [ DB ] CONNECT:[ UseTime:0.007601s ] mysql:dbname=zhaosheng;host=127.0.0.1;port=3306;charset=utf8
[ sql ] [ SQL ] SHOW COLUMNS FROM `zs_news` [ RunTime:0.007028s ]
[ sql ] [ SQL ] SELECT `news_content`,`news_title`,`n_id`,`news_columnid`,`news_time` FROM `zs_news` `a` WHERE  `news_open` = '1'  AND `news_l` = 'zh-cn'  AND `news_back` = 0  AND `news_columnid` IN (17) ORDER BY news_time desc LIMIT 7 [ RunTime:0.000955s ]
[ sql ] [ SQL ] SELECT `news_content`,`news_title`,`n_id`,`news_columnid`,`news_time` FROM `zs_news` `a` WHERE  `news_open` = '1'  AND `news_l` = 'zh-cn'  AND `news_back` = 0  AND `news_columnid` IN (18) ORDER BY news_time desc LIMIT 7 [ RunTime:0.000698s ]
[ sql ] [ SQL ] SELECT `news_content`,`news_title`,`n_id`,`news_columnid`,`news_time` FROM `zs_news` `a` WHERE  `news_open` = '1'  AND `news_l` = 'zh-cn'  AND `news_back` = 0  AND `news_columnid` IN (16) ORDER BY news_time desc LIMIT 7 [ RunTime:0.000904s ]

---------------------------------------------------------------
[ 2017-12-18T09:21:32+08:00 ] [ sql ] [ DB ] CONNECT:[ UseTime:0.008159s ] mysql:dbname=zhaosheng;host=127.0.0.1;port=3306;charset=utf8
[ sql ] [ SQL ] SHOW COLUMNS FROM `zs_news` [ RunTime:0.007194s ]
[ sql ] [ SQL ] SELECT `news_content`,`news_title`,`n_id`,`news_columnid`,`news_time` FROM `zs_news` `a` WHERE  `news_open` = '1'  AND `news_l` = 'zh-cn'  AND `news_back` = 0  AND `news_columnid` IN (17) ORDER BY news_time desc LIMIT 7 [ RunTime:0.001133s ]
[ sql ] [ SQL ] SELECT `news_content`,`news_title`,`n_id`,`news_columnid`,`news_time` FROM `zs_news` `a` WHERE  `news_open` = '1'  AND `news_l` = 'zh-cn'  AND `news_back` = 0  AND `news_columnid` IN (18) ORDER BY news_time desc LIMIT 7 [ RunTime:0.000780s ]
[ sql ] [ SQL ] SELECT `news_content`,`news_title`,`n_id`,`news_columnid`,`news_time` FROM `zs_news` `a` WHERE  `news_open` = '1'  AND `news_l` = 'zh-cn'  AND `news_back` = 0  AND `news_columnid` IN (16) ORDER BY news_time desc LIMIT 7 [ RunTime:0.000980s ]

---------------------------------------------------------------
[ 2017-12-18T11:20:55+08:00 ] [ sql ] [ DB ] CONNECT:[ UseTime:0.007572s ] mysql:dbname=zhaosheng;host=127.0.0.1;port=3306;charset=utf8
[ sql ] [ SQL ] SHOW COLUMNS FROM `zs_news` [ RunTime:0.006782s ]
[ sql ] [ SQL ] SELECT `news_content`,`news_title`,`n_id`,`news_columnid`,`news_time` FROM `zs_news` `a` WHERE  `news_open` = '1'  AND `news_l` = 'zh-cn'  AND `news_back` = 0  AND `news_columnid` IN (17) ORDER BY news_time desc LIMIT 7 [ RunTime:0.000957s ]
[ sql ] [ SQL ] SELECT `news_content`,`news_title`,`n_id`,`news_columnid`,`news_time` FROM `zs_news` `a` WHERE  `news_open` = '1'  AND `news_l` = 'zh-cn'  AND `news_back` = 0  AND `news_columnid` IN (18) ORDER BY news_time desc LIMIT 7 [ RunTime:0.000815s ]
[ sql ] [ SQL ] SELECT `news_content`,`news_title`,`n_id`,`news_columnid`,`news_time` FROM `zs_news` `a` WHERE  `news_open` = '1'  AND `news_l` = 'zh-cn'  AND `news_back` = 0  AND `news_columnid` IN (16) ORDER BY news_time desc LIMIT 7 [ RunTime:0.000938s ]

---------------------------------------------------------------
[ 2017-12-18T12:09:32+08:00 ] [ sql ] [ DB ] CONNECT:[ UseTime:0.007972s ] mysql:dbname=zhaosheng;host=127.0.0.1;port=3306;charset=utf8
[ sql ] [ SQL ] SHOW COLUMNS FROM `zs_news` [ RunTime:0.006992s ]
[ sql ] [ SQL ] SELECT `news_content`,`news_title`,`n_id`,`news_columnid`,`news_time` FROM `zs_news` `a` WHERE  `news_open` = '1'  AND `news_l` = 'zh-cn'  AND `news_back` = 0  AND `news_columnid` IN (17) ORDER BY news_time desc LIMIT 7 [ RunTime:0.001468s ]
[ sql ] [ SQL ] SELECT `news_content`,`news_title`,`n_id`,`news_columnid`,`news_time` FROM `zs_news` `a` WHERE  `news_open` = '1'  AND `news_l` = 'zh-cn'  AND `news_back` = 0  AND `news_columnid` IN (18) ORDER BY news_time desc LIMIT 7 [ RunTime:0.000721s ]
[ sql ] [ SQL ] SELECT `news_content`,`news_title`,`n_id`,`news_columnid`,`news_time` FROM `zs_news` `a` WHERE  `news_open` = '1'  AND `news_l` = 'zh-cn'  AND `news_back` = 0  AND `news_columnid` IN (16) ORDER BY news_time desc LIMIT 7 [ RunTime:0.001205s ]

---------------------------------------------------------------
[ 2017-12-18T13:21:12+08:00 ] [ sql ] [ DB ] CONNECT:[ UseTime:0.007796s ] mysql:dbname=zhaosheng;host=127.0.0.1;port=3306;charset=utf8
[ sql ] [ SQL ] SHOW COLUMNS FROM `zs_news` [ RunTime:0.006991s ]
[ sql ] [ SQL ] SELECT `news_content`,`news_title`,`n_id`,`news_columnid`,`news_time` FROM `zs_news` `a` WHERE  `news_open` = '1'  AND `news_l` = 'zh-cn'  AND `news_back` = 0  AND `news_columnid` IN (17) ORDER BY news_time desc LIMIT 7 [ RunTime:0.000967s ]
[ sql ] [ SQL ] SELECT `news_content`,`news_title`,`n_id`,`news_columnid`,`news_time` FROM `zs_news` `a` WHERE  `news_open` = '1'  AND `news_l` = 'zh-cn'  AND `news_back` = 0  AND `news_columnid` IN (18) ORDER BY news_time desc LIMIT 7 [ RunTime:0.000740s ]
[ sql ] [ SQL ] SELECT `news_content`,`news_title`,`n_id`,`news_columnid`,`news_time` FROM `zs_news` `a` WHERE  `news_open` = '1'  AND `news_l` = 'zh-cn'  AND `news_back` = 0  AND `news_columnid` IN (16) ORDER BY news_time desc LIMIT 7 [ RunTime:0.000902s ]

---------------------------------------------------------------
[ 2017-12-18T15:24:04+08:00 ] [ sql ] [ DB ] CONNECT:[ UseTime:0.007719s ] mysql:dbname=zhaosheng;host=127.0.0.1;port=3306;charset=utf8
[ sql ] [ SQL ] SHOW COLUMNS FROM `zs_news` [ RunTime:0.007820s ]
[ sql ] [ SQL ] SELECT `news_content`,`news_title`,`n_id`,`news_columnid`,`news_time` FROM `zs_news` `a` WHERE  `news_open` = '1'  AND `news_l` = 'zh-cn'  AND `news_back` = 0  AND `news_columnid` IN (17) ORDER BY news_time desc LIMIT 7 [ RunTime:0.001235s ]
[ sql ] [ SQL ] SELECT `news_content`,`news_title`,`n_id`,`news_columnid`,`news_time` FROM `zs_news` `a` WHERE  `news_open` = '1'  AND `news_l` = 'zh-cn'  AND `news_back` = 0  AND `news_columnid` IN (18) ORDER BY news_time desc LIMIT 7 [ RunTime:0.000787s ]
[ sql ] [ SQL ] SELECT `news_content`,`news_title`,`n_id`,`news_columnid`,`news_time` FROM `zs_news` `a` WHERE  `news_open` = '1'  AND `news_l` = 'zh-cn'  AND `news_back` = 0  AND `news_columnid` IN (16) ORDER BY news_time desc LIMIT 7 [ RunTime:0.001102s ]

---------------------------------------------------------------
[ 2017-12-18T15:31:54+08:00 ] [ sql ] [ DB ] CONNECT:[ UseTime:0.011951s ] mysql:dbname=zhaosheng;host=127.0.0.1;port=3306;charset=utf8
[ sql ] [ SQL ] SHOW COLUMNS FROM `zs_web_log` [ RunTime:0.006126s ]
[ sql ] [ SQL ] INSERT INTO `zs_web_log` (`uid` , `ip` , `location` , `os` , `browser` , `url` , `module` , `controller` , `action` , `method` , `data` , `otime`) VALUES (1487 , '113.103.92.226' , '中国 广东 广州 ' , 'Mac' , 'Chrome(63.0.3239.84)' , '/admin/login/runlogin.html' , 'admin' , 'Login' , 'runlogin' , 'Ajax' , 's:12:\"保密数据\";' , 1513582314) [ RunTime:0.001050s ]
[ sql ] [ SQL ] SHOW COLUMNS FROM `zs_admin` [ RunTime:0.006497s ]
[ sql ] [ SQL ] SELECT * FROM `zs_admin` WHERE  `admin_username` = 'admin'  AND `admin_open` = 1 LIMIT 1 [ RunTime:0.002052s ]
[ sql ] [ SQL ] UPDATE `zs_admin`  SET `admin_hits`=166,`admin_last_time`=1513582314  WHERE  `admin_id` = 1 [ RunTime:0.003561s ]
[ sql ] [ SQL ] SELECT * FROM `zs_admin` WHERE  `admin_id` = 1 LIMIT 1 [ RunTime:0.000741s ]
[ sql ] [ SQL ] SHOW COLUMNS FROM `zs_member_list` [ RunTime:0.006095s ]
[ sql ] [ SQL ] SELECT * FROM `zs_member_list` WHERE  `member_list_id` = 1 LIMIT 1 [ RunTime:0.000861s ]

---------------------------------------------------------------
[ 2017-12-18T15:31:58+08:00 ] [ sql ] [ DB ] CONNECT:[ UseTime:0.016923s ] mysql:dbname=zhaosheng;host=127.0.0.1;port=3306;charset=utf8
[ sql ] [ SQL ] SHOW COLUMNS FROM `zs_auth_rule` [ RunTime:0.006873s ]
[ sql ] [ SQL ] SELECT `id`,`pid` FROM `zs_auth_rule` ORDER BY level desc,sort [ RunTime:0.001529s ]
[ sql ] [ SQL ] SELECT `pid` FROM `zs_auth_rule` WHERE  `id` = -1 LIMIT 1 [ RunTime:0.000519s ]
[ sql ] [ SQL ] SELECT * FROM `zs_auth_rule` WHERE  `status` = 1  AND `pid` = null ORDER BY `sort` [ RunTime:0.001013s ]
[ sql ] [ SQL ] SHOW COLUMNS FROM `zs_admin` [ RunTime:0.005906s ]
[ sql ] [ SQL ] SELECT * FROM `zs_admin` `a` INNER JOIN `zs_auth_group_access` `b` ON `a`.`admin_id`=`b`.`uid` INNER JOIN `zs_auth_group` `c` ON `b`.`group_id`=`c`.`id` WHERE  `a`.`admin_id` = 1 LIMIT 1 [ RunTime:0.001194s ]
[ sql ] [ SQL ] SHOW COLUMNS FROM `zs_news` [ RunTime:0.005711s ]
[ sql ] [ SQL ] SELECT COUNT(*) AS tp_count FROM `zs_news` WHERE  `news_auto` = '1' LIMIT 1 [ RunTime:0.000643s ]
[ sql ] [ SQL ] SELECT * FROM `zs_news` WHERE  `news_l` = 'zh-cn' ORDER BY news_hits desc LIMIT 0,10 [ RunTime:0.001751s ]
[ sql ] [ SQL ] SELECT COUNT(*) AS tp_count FROM `zs_news` LIMIT 1 [ RunTime:0.000405s ]
[ sql ] [ SQL ] SHOW COLUMNS FROM `zs_member_list` [ RunTime:0.005989s ]
[ sql ] [ SQL ] SELECT COUNT(*) AS tp_count FROM `zs_member_list` LIMIT 1 [ RunTime:0.000399s ]
[ sql ] [ SQL ] SHOW COLUMNS FROM `zs_plug_sug` [ RunTime:0.005616s ]
[ sql ] [ SQL ] SELECT COUNT(*) AS tp_count FROM `zs_plug_sug` LIMIT 1 [ RunTime:0.000494s ]
[ sql ] [ SQL ] SHOW COLUMNS FROM `zs_comments` [ RunTime:0.005744s ]
[ sql ] [ SQL ] SELECT COUNT(*) AS tp_count FROM `zs_comments` LIMIT 1 [ RunTime:0.000693s ]
[ sql ] [ SQL ] SELECT COUNT(*) AS tp_count FROM `zs_news` WHERE  `news_time` BETWEEN 1513526400 AND 1513612799 LIMIT 1 [ RunTime:0.000750s ]
[ sql ] [ SQL ] SELECT COUNT(*) AS tp_count FROM `zs_news` WHERE  `news_time` BETWEEN 1513440000 AND 1513526399 LIMIT 1 [ RunTime:0.000567s ]
[ sql ] [ SQL ] SELECT COUNT(*) AS tp_count FROM `zs_member_list` WHERE  `member_list_addtime` BETWEEN 1513526400 AND 1513612799 LIMIT 1 [ RunTime:0.001505s ]
[ sql ] [ SQL ] SELECT COUNT(*) AS tp_count FROM `zs_member_list` WHERE  `member_list_addtime` BETWEEN 1513440000 AND 1513526399 LIMIT 1 [ RunTime:0.001438s ]
[ sql ] [ SQL ] SELECT COUNT(*) AS tp_count FROM `zs_plug_sug` WHERE  `plug_sug_addtime` BETWEEN 1513526400 AND 1513612799 LIMIT 1 [ RunTime:0.000453s ]
[ sql ] [ SQL ] SELECT COUNT(*) AS tp_count FROM `zs_plug_sug` WHERE  `plug_sug_addtime` BETWEEN 1513440000 AND 1513526399 LIMIT 1 [ RunTime:0.000411s ]
[ sql ] [ SQL ] SELECT COUNT(*) AS tp_count FROM `zs_comments` WHERE  `createtime` BETWEEN 1513526400 AND 1513612799 LIMIT 1 [ RunTime:0.000406s ]
[ sql ] [ SQL ] SELECT COUNT(*) AS tp_count FROM `zs_comments` WHERE  `createtime` BETWEEN 1513440000 AND 1513526399 LIMIT 1 [ RunTime:0.000464s ]

---------------------------------------------------------------
[ 2017-12-18T15:33:57+08:00 ] [ sql ] [ DB ] CONNECT:[ UseTime:0.008683s ] mysql:dbname=zhaosheng;host=127.0.0.1;port=3306;charset=utf8
[ sql ] [ SQL ] SHOW COLUMNS FROM `zs_auth_rule` [ RunTime:0.008013s ]
[ sql ] [ SQL ] SELECT `id`,`pid` FROM `zs_auth_rule` ORDER BY level desc,sort [ RunTime:0.003411s ]
[ sql ] [ SQL ] SELECT `pid` FROM `zs_auth_rule` WHERE  `id` = -1 LIMIT 1 [ RunTime:0.001607s ]
[ sql ] [ SQL ] SELECT * FROM `zs_auth_rule` WHERE  `status` = 1  AND `pid` = null ORDER BY `sort` [ RunTime:0.001148s ]
[ sql ] [ SQL ] SHOW COLUMNS FROM `zs_admin` [ RunTime:0.006690s ]
[ sql ] [ SQL ] SELECT * FROM `zs_admin` `a` INNER JOIN `zs_auth_group_access` `b` ON `a`.`admin_id`=`b`.`uid` INNER JOIN `zs_auth_group` `c` ON `b`.`group_id`=`c`.`id` WHERE  `a`.`admin_id` = 1 LIMIT 1 [ RunTime:0.001074s ]
[ sql ] [ SQL ] SHOW COLUMNS FROM `zs_news` [ RunTime:0.006832s ]
[ sql ] [ SQL ] SELECT COUNT(*) AS tp_count FROM `zs_news` WHERE  `news_auto` = '1' LIMIT 1 [ RunTime:0.000743s ]
[ sql ] [ SQL ] SELECT * FROM `zs_news` WHERE  `news_l` = 'zh-cn' ORDER BY news_hits desc LIMIT 0,10 [ RunTime:0.002034s ]
[ sql ] [ SQL ] SELECT COUNT(*) AS tp_count FROM `zs_news` LIMIT 1 [ RunTime:0.000419s ]
[ sql ] [ SQL ] SHOW COLUMNS FROM `zs_member_list` [ RunTime:0.006932s ]
[ sql ] [ SQL ] SELECT COUNT(*) AS tp_count FROM `zs_member_list` LIMIT 1 [ RunTime:0.000564s ]
[ sql ] [ SQL ] SHOW COLUMNS FROM `zs_plug_sug` [ RunTime:0.006226s ]
[ sql ] [ SQL ] SELECT COUNT(*) AS tp_count FROM `zs_plug_sug` LIMIT 1 [ RunTime:0.000458s ]
[ sql ] [ SQL ] SHOW COLUMNS FROM `zs_comments` [ RunTime:0.005642s ]
[ sql ] [ SQL ] SELECT COUNT(*) AS tp_count FROM `zs_comments` LIMIT 1 [ RunTime:0.000536s ]
[ sql ] [ SQL ] SELECT COUNT(*) AS tp_count FROM `zs_news` WHERE  `news_time` BETWEEN 1513526400 AND 1513612799 LIMIT 1 [ RunTime:0.000830s ]
[ sql ] [ SQL ] SELECT COUNT(*) AS tp_count FROM `zs_news` WHERE  `news_time` BETWEEN 1513440000 AND 1513526399 LIMIT 1 [ RunTime:0.001186s ]
[ sql ] [ SQL ] SELECT COUNT(*) AS tp_count FROM `zs_member_list` WHERE  `member_list_addtime` BETWEEN 1513526400 AND 1513612799 LIMIT 1 [ RunTime:0.001640s ]
[ sql ] [ SQL ] SELECT COUNT(*) AS tp_count FROM `zs_member_list` WHERE  `member_list_addtime` BETWEEN 1513440000 AND 1513526399 LIMIT 1 [ RunTime:0.001685s ]
[ sql ] [ SQL ] SELECT COUNT(*) AS tp_count FROM `zs_plug_sug` WHERE  `plug_sug_addtime` BETWEEN 1513526400 AND 1513612799 LIMIT 1 [ RunTime:0.001362s ]
[ sql ] [ SQL ] SELECT COUNT(*) AS tp_count FROM `zs_plug_sug` WHERE  `plug_sug_addtime` BETWEEN 1513440000 AND 1513526399 LIMIT 1 [ RunTime:0.000473s ]
[ sql ] [ SQL ] SELECT COUNT(*) AS tp_count FROM `zs_comments` WHERE  `createtime` BETWEEN 1513526400 AND 1513612799 LIMIT 1 [ RunTime:0.000564s ]
[ sql ] [ SQL ] SELECT COUNT(*) AS tp_count FROM `zs_comments` WHERE  `createtime` BETWEEN 1513440000 AND 1513526399 LIMIT 1 [ RunTime:0.000585s ]

---------------------------------------------------------------
[ 2017-12-18T17:23:38+08:00 ] [ sql ] [ DB ] CONNECT:[ UseTime:0.008378s ] mysql:dbname=zhaosheng;host=127.0.0.1;port=3306;charset=utf8
[ sql ] [ SQL ] SHOW COLUMNS FROM `zs_auth_rule` [ RunTime:0.006800s ]
[ sql ] [ SQL ] SELECT `id` FROM `zs_auth_rule` WHERE  `name` = 'admin/School/recruit_major_list' ORDER BY level desc,sort LIMIT 1 [ RunTime:0.001029s ]
[ sql ] [ SQL ] SELECT `id`,`pid` FROM `zs_auth_rule` ORDER BY level desc,sort [ RunTime:0.001937s ]
[ sql ] [ SQL ] SELECT `id` FROM `zs_auth_rule` WHERE  `name` = 'admin/School/recruit_major_list'  AND `status` = 1 ORDER BY level desc,sort LIMIT 1 [ RunTime:0.000916s ]
[ sql ] [ SQL ] SELECT `pid` FROM `zs_auth_rule` WHERE  `id` = 369 LIMIT 1 [ RunTime:0.000535s ]
[ sql ] [ SQL ] SELECT * FROM `zs_auth_rule` WHERE  `status` = 1  AND `pid` = 368 ORDER BY `sort` [ RunTime:0.000903s ]
[ sql ] [ SQL ] SHOW COLUMNS FROM `zs_admin` [ RunTime:0.006367s ]
[ sql ] [ SQL ] SELECT * FROM `zs_admin` `a` INNER JOIN `zs_auth_group_access` `b` ON `a`.`admin_id`=`b`.`uid` INNER JOIN `zs_auth_group` `c` ON `b`.`group_id`=`c`.`id` WHERE  `a`.`admin_id` = 1 LIMIT 1 [ RunTime:0.001640s ]
[ sql ] [ SQL ] SHOW COLUMNS FROM `zs_news` [ RunTime:0.006645s ]
[ sql ] [ SQL ] SELECT COUNT(*) AS tp_count FROM `zs_news` WHERE  `news_auto` = '1' LIMIT 1 [ RunTime:0.013896s ]
[ sql ] [ SQL ] SHOW COLUMNS FROM `zs_recruit_major` [ RunTime:0.006517s ]
[ sql ] [ SQL ] SELECT COUNT(*) AS tp_count FROM `zs_recruit_major` LIMIT 1 [ RunTime:0.000588s ]
[ sql ] [ SQL ] SELECT * FROM `zs_recruit_major` ORDER BY `recruit_major_id`  ASC LIMIT 0,10 [ RunTime:0.000524s ]

---------------------------------------------------------------
[ 2017-12-18T17:23:39+08:00 ] [ sql ] [ DB ] CONNECT:[ UseTime:0.013065s ] mysql:dbname=zhaosheng;host=127.0.0.1;port=3306;charset=utf8
[ sql ] [ SQL ] SHOW COLUMNS FROM `zs_auth_rule` [ RunTime:0.006391s ]
[ sql ] [ SQL ] SELECT `id` FROM `zs_auth_rule` WHERE  `name` = 'admin/Admin/university_admin_list' ORDER BY level desc,sort LIMIT 1 [ RunTime:0.001010s ]
[ sql ] [ SQL ] SELECT `id`,`pid` FROM `zs_auth_rule` ORDER BY level desc,sort [ RunTime:0.001427s ]
[ sql ] [ SQL ] SELECT `id` FROM `zs_auth_rule` WHERE  `name` = 'admin/Admin/university_admin_list'  AND `status` = 1 ORDER BY level desc,sort LIMIT 1 [ RunTime:0.000916s ]
[ sql ] [ SQL ] SELECT `pid` FROM `zs_auth_rule` WHERE  `id` = 372 LIMIT 1 [ RunTime:0.001543s ]
[ sql ] [ SQL ] SELECT * FROM `zs_auth_rule` WHERE  `status` = 1  AND `pid` = 368 ORDER BY `sort` [ RunTime:0.000931s ]
[ sql ] [ SQL ] SHOW COLUMNS FROM `zs_admin` [ RunTime:0.006647s ]
[ sql ] [ SQL ] SELECT * FROM `zs_admin` `a` INNER JOIN `zs_auth_group_access` `b` ON `a`.`admin_id`=`b`.`uid` INNER JOIN `zs_auth_group` `c` ON `b`.`group_id`=`c`.`id` WHERE  `a`.`admin_id` = 1 LIMIT 1 [ RunTime:0.001215s ]
[ sql ] [ SQL ] SHOW COLUMNS FROM `zs_news` [ RunTime:0.008082s ]
[ sql ] [ SQL ] SELECT COUNT(*) AS tp_count FROM `zs_news` WHERE  `news_auto` = '1' LIMIT 1 [ RunTime:0.000892s ]
[ sql ] [ SQL ] SELECT COUNT(*) AS tp_count FROM `zs_admin` `a` INNER JOIN `zs_auth_group_access` `aga` ON `aga`.`uid`=`a`.`admin_id` INNER JOIN `zs_recruit_major` `rm` ON `rm`.`recruit_major_id`=`a`.`recruit_major_id` WHERE  `aga`.`group_id` = 4 LIMIT 1 [ RunTime:0.001176s ]
[ sql ] [ SQL ] SELECT * FROM `zs_admin` `a` INNER JOIN `zs_auth_group_access` `aga` ON `aga`.`uid`=`a`.`admin_id` INNER JOIN `zs_recruit_major` `rm` ON `rm`.`recruit_major_id`=`a`.`recruit_major_id` WHERE  `aga`.`group_id` = 4 ORDER BY `a`.`admin_id`  desc LIMIT 0,10 [ RunTime:0.001204s ]
[ sql ] [ DB ] CONNECT:[ UseTime:0.016506s ] mysql:dbname=zhaosheng;host=127.0.0.1;port=3306;charset=utf8
[ sql ] [ SQL ] SHOW COLUMNS FROM `zs_auth_group_access` [ RunTime:0.006391s ]
[ sql ] [ SQL ] SELECT `uid`,`group_id`,`title`,`rules` FROM zs_auth_group_access a INNER JOIN `zs_auth_group` `g` ON `a`.`group_id`=`g`.`id` WHERE  (  a.uid='38' and g.status='1' ) [ RunTime:0.000783s ]
[ sql ] [ DB ] CONNECT:[ UseTime:0.006875s ] mysql:dbname=zhaosheng;host=127.0.0.1;port=3306;charset=utf8
[ sql ] [ SQL ] SELECT `uid`,`group_id`,`title`,`rules` FROM zs_auth_group_access a INNER JOIN `zs_auth_group` `g` ON `a`.`group_id`=`g`.`id` WHERE  (  a.uid='37' and g.status='1' ) [ RunTime:0.001015s ]
[ sql ] [ DB ] CONNECT:[ UseTime:0.014030s ] mysql:dbname=zhaosheng;host=127.0.0.1;port=3306;charset=utf8
[ sql ] [ SQL ] SELECT `uid`,`group_id`,`title`,`rules` FROM zs_auth_group_access a INNER JOIN `zs_auth_group` `g` ON `a`.`group_id`=`g`.`id` WHERE  (  a.uid='36' and g.status='1' ) [ RunTime:0.001101s ]
[ sql ] [ DB ] CONNECT:[ UseTime:0.013413s ] mysql:dbname=zhaosheng;host=127.0.0.1;port=3306;charset=utf8
[ sql ] [ SQL ] SELECT `uid`,`group_id`,`title`,`rules` FROM zs_auth_group_access a INNER JOIN `zs_auth_group` `g` ON `a`.`group_id`=`g`.`id` WHERE  (  a.uid='35' and g.status='1' ) [ RunTime:0.000947s ]
[ sql ] [ DB ] CONNECT:[ UseTime:0.014032s ] mysql:dbname=zhaosheng;host=127.0.0.1;port=3306;charset=utf8
[ sql ] [ SQL ] SELECT `uid`,`group_id`,`title`,`rules` FROM zs_auth_group_access a INNER JOIN `zs_auth_group` `g` ON `a`.`group_id`=`g`.`id` WHERE  (  a.uid='34' and g.status='1' ) [ RunTime:0.001749s ]
[ sql ] [ DB ] CONNECT:[ UseTime:0.012985s ] mysql:dbname=zhaosheng;host=127.0.0.1;port=3306;charset=utf8
[ sql ] [ SQL ] SELECT `uid`,`group_id`,`title`,`rules` FROM zs_auth_group_access a INNER JOIN `zs_auth_group` `g` ON `a`.`group_id`=`g`.`id` WHERE  (  a.uid='33' and g.status='1' ) [ RunTime:0.001047s ]
[ sql ] [ DB ] CONNECT:[ UseTime:0.013685s ] mysql:dbname=zhaosheng;host=127.0.0.1;port=3306;charset=utf8
[ sql ] [ SQL ] SELECT `uid`,`group_id`,`title`,`rules` FROM zs_auth_group_access a INNER JOIN `zs_auth_group` `g` ON `a`.`group_id`=`g`.`id` WHERE  (  a.uid='32' and g.status='1' ) [ RunTime:0.001237s ]
[ sql ] [ DB ] CONNECT:[ UseTime:0.013522s ] mysql:dbname=zhaosheng;host=127.0.0.1;port=3306;charset=utf8
[ sql ] [ SQL ] SELECT `uid`,`group_id`,`title`,`rules` FROM zs_auth_group_access a INNER JOIN `zs_auth_group` `g` ON `a`.`group_id`=`g`.`id` WHERE  (  a.uid='31' and g.status='1' ) [ RunTime:0.001105s ]

---------------------------------------------------------------
[ 2017-12-18T17:24:10+08:00 ] [ sql ] [ DB ] CONNECT:[ UseTime:0.016937s ] mysql:dbname=zhaosheng;host=127.0.0.1;port=3306;charset=utf8
[ sql ] [ SQL ] SHOW COLUMNS FROM `zs_news` [ RunTime:0.007127s ]
[ sql ] [ SQL ] SELECT `news_content`,`news_title`,`n_id`,`news_columnid`,`news_time` FROM `zs_news` `a` WHERE  `news_open` = '1'  AND `news_l` = 'zh-cn'  AND `news_back` = 0  AND `news_columnid` IN (17) ORDER BY news_time desc LIMIT 7 [ RunTime:0.001274s ]
[ sql ] [ SQL ] SELECT `news_content`,`news_title`,`n_id`,`news_columnid`,`news_time` FROM `zs_news` `a` WHERE  `news_open` = '1'  AND `news_l` = 'zh-cn'  AND `news_back` = 0  AND `news_columnid` IN (18) ORDER BY news_time desc LIMIT 7 [ RunTime:0.000781s ]
[ sql ] [ SQL ] SELECT `news_content`,`news_title`,`n_id`,`news_columnid`,`news_time` FROM `zs_news` `a` WHERE  `news_open` = '1'  AND `news_l` = 'zh-cn'  AND `news_back` = 0  AND `news_columnid` IN (16) ORDER BY news_time desc LIMIT 7 [ RunTime:0.000940s ]

---------------------------------------------------------------
[ 2017-12-18T17:27:58+08:00 ] [ sql ] [ DB ] CONNECT:[ UseTime:0.008206s ] mysql:dbname=zhaosheng;host=127.0.0.1;port=3306;charset=utf8
[ sql ] [ SQL ] SHOW COLUMNS FROM `zs_auth_rule` [ RunTime:0.006414s ]
[ sql ] [ SQL ] SELECT `id` FROM `zs_auth_rule` WHERE  `name` = 'admin/Admin/university_admin_list' ORDER BY level desc,sort LIMIT 1 [ RunTime:0.000999s ]
[ sql ] [ SQL ] SELECT `id`,`pid` FROM `zs_auth_rule` ORDER BY level desc,sort [ RunTime:0.001419s ]
[ sql ] [ SQL ] SELECT `id` FROM `zs_auth_rule` WHERE  `name` = 'admin/Admin/university_admin_list'  AND `status` = 1 ORDER BY level desc,sort LIMIT 1 [ RunTime:0.000945s ]
[ sql ] [ SQL ] SELECT `pid` FROM `zs_auth_rule` WHERE  `id` = 372 LIMIT 1 [ RunTime:0.000532s ]
[ sql ] [ SQL ] SELECT * FROM `zs_auth_rule` WHERE  `status` = 1  AND `pid` = 368 ORDER BY `sort` [ RunTime:0.000897s ]
[ sql ] [ SQL ] SHOW COLUMNS FROM `zs_admin` [ RunTime:0.006081s ]
[ sql ] [ SQL ] SELECT * FROM `zs_admin` `a` INNER JOIN `zs_auth_group_access` `b` ON `a`.`admin_id`=`b`.`uid` INNER JOIN `zs_auth_group` `c` ON `b`.`group_id`=`c`.`id` WHERE  `a`.`admin_id` = 1 LIMIT 1 [ RunTime:0.001000s ]
[ sql ] [ SQL ] SHOW COLUMNS FROM `zs_news` [ RunTime:0.005738s ]
[ sql ] [ SQL ] SELECT COUNT(*) AS tp_count FROM `zs_news` WHERE  `news_auto` = '1' LIMIT 1 [ RunTime:0.000755s ]
[ sql ] [ SQL ] SELECT COUNT(*) AS tp_count FROM `zs_admin` `a` INNER JOIN `zs_auth_group_access` `aga` ON `aga`.`uid`=`a`.`admin_id` INNER JOIN `zs_recruit_major` `rm` ON `rm`.`recruit_major_id`=`a`.`recruit_major_id` WHERE  `aga`.`group_id` = 4 LIMIT 1 [ RunTime:0.001537s ]
[ sql ] [ SQL ] SELECT * FROM `zs_admin` `a` INNER JOIN `zs_auth_group_access` `aga` ON `aga`.`uid`=`a`.`admin_id` INNER JOIN `zs_recruit_major` `rm` ON `rm`.`recruit_major_id`=`a`.`recruit_major_id` WHERE  `aga`.`group_id` = 4 ORDER BY `a`.`admin_id`  desc LIMIT 0,10 [ RunTime:0.001332s ]
[ sql ] [ DB ] CONNECT:[ UseTime:0.013384s ] mysql:dbname=zhaosheng;host=127.0.0.1;port=3306;charset=utf8
[ sql ] [ SQL ] SHOW COLUMNS FROM `zs_auth_group_access` [ RunTime:0.006415s ]
[ sql ] [ SQL ] SELECT `uid`,`group_id`,`title`,`rules` FROM zs_auth_group_access a INNER JOIN `zs_auth_group` `g` ON `a`.`group_id`=`g`.`id` WHERE  (  a.uid='38' and g.status='1' ) [ RunTime:0.000794s ]
[ sql ] [ DB ] CONNECT:[ UseTime:0.007311s ] mysql:dbname=zhaosheng;host=127.0.0.1;port=3306;charset=utf8
[ sql ] [ SQL ] SELECT `uid`,`group_id`,`title`,`rules` FROM zs_auth_group_access a INNER JOIN `zs_auth_group` `g` ON `a`.`group_id`=`g`.`id` WHERE  (  a.uid='37' and g.status='1' ) [ RunTime:0.000840s ]
[ sql ] [ DB ] CONNECT:[ UseTime:0.014231s ] mysql:dbname=zhaosheng;host=127.0.0.1;port=3306;charset=utf8
[ sql ] [ SQL ] SELECT `uid`,`group_id`,`title`,`rules` FROM zs_auth_group_access a INNER JOIN `zs_auth_group` `g` ON `a`.`group_id`=`g`.`id` WHERE  (  a.uid='36' and g.status='1' ) [ RunTime:0.001020s ]
[ sql ] [ DB ] CONNECT:[ UseTime:0.013732s ] mysql:dbname=zhaosheng;host=127.0.0.1;port=3306;charset=utf8
[ sql ] [ SQL ] SELECT `uid`,`group_id`,`title`,`rules` FROM zs_auth_group_access a INNER JOIN `zs_auth_group` `g` ON `a`.`group_id`=`g`.`id` WHERE  (  a.uid='35' and g.status='1' ) [ RunTime:0.000980s ]
[ sql ] [ DB ] CONNECT:[ UseTime:0.014127s ] mysql:dbname=zhaosheng;host=127.0.0.1;port=3306;charset=utf8
[ sql ] [ SQL ] SELECT `uid`,`group_id`,`title`,`rules` FROM zs_auth_group_access a INNER JOIN `zs_auth_group` `g` ON `a`.`group_id`=`g`.`id` WHERE  (  a.uid='34' and g.status='1' ) [ RunTime:0.000905s ]
[ sql ] [ DB ] CONNECT:[ UseTime:0.013742s ] mysql:dbname=zhaosheng;host=127.0.0.1;port=3306;charset=utf8
[ sql ] [ SQL ] SELECT `uid`,`group_id`,`title`,`rules` FROM zs_auth_group_access a INNER JOIN `zs_auth_group` `g` ON `a`.`group_id`=`g`.`id` WHERE  (  a.uid='33' and g.status='1' ) [ RunTime:0.000992s ]
[ sql ] [ DB ] CONNECT:[ UseTime:0.013856s ] mysql:dbname=zhaosheng;host=127.0.0.1;port=3306;charset=utf8
[ sql ] [ SQL ] SELECT `uid`,`group_id`,`title`,`rules` FROM zs_auth_group_access a INNER JOIN `zs_auth_group` `g` ON `a`.`group_id`=`g`.`id` WHERE  (  a.uid='32' and g.status='1' ) [ RunTime:0.000928s ]
[ sql ] [ DB ] CONNECT:[ UseTime:0.013925s ] mysql:dbname=zhaosheng;host=127.0.0.1;port=3306;charset=utf8
[ sql ] [ SQL ] SELECT `uid`,`group_id`,`title`,`rules` FROM zs_auth_group_access a INNER JOIN `zs_auth_group` `g` ON `a`.`group_id`=`g`.`id` WHERE  (  a.uid='31' and g.status='1' ) [ RunTime:0.000962s ]

---------------------------------------------------------------
[ 2017-12-18T18:35:20+08:00 ] [ sql ] [ DB ] CONNECT:[ UseTime:0.007398s ] mysql:dbname=zhaosheng;host=127.0.0.1;port=3306;charset=utf8
[ sql ] [ SQL ] SHOW COLUMNS FROM `zs_news` [ RunTime:0.006868s ]
[ sql ] [ SQL ] SELECT `news_content`,`news_title`,`n_id`,`news_columnid`,`news_time` FROM `zs_news` `a` WHERE  `news_open` = '1'  AND `news_l` = 'en-us'  AND `news_back` = 0  AND `news_columnid` IN (17) ORDER BY news_time desc LIMIT 7 [ RunTime:0.001015s ]
[ sql ] [ SQL ] SELECT `news_content`,`news_title`,`n_id`,`news_columnid`,`news_time` FROM `zs_news` `a` WHERE  `news_open` = '1'  AND `news_l` = 'en-us'  AND `news_back` = 0  AND `news_columnid` IN (18) ORDER BY news_time desc LIMIT 7 [ RunTime:0.000730s ]
[ sql ] [ SQL ] SELECT `news_content`,`news_title`,`n_id`,`news_columnid`,`news_time` FROM `zs_news` `a` WHERE  `news_open` = '1'  AND `news_l` = 'en-us'  AND `news_back` = 0  AND `news_columnid` IN (16) ORDER BY news_time desc LIMIT 7 [ RunTime:0.000783s ]

---------------------------------------------------------------
[ 2017-12-18T19:22:33+08:00 ] [ sql ] [ DB ] CONNECT:[ UseTime:0.019338s ] mysql:dbname=zhaosheng;host=127.0.0.1;port=3306;charset=utf8
[ sql ] [ SQL ] SHOW COLUMNS FROM `zs_news` [ RunTime:0.008074s ]
[ sql ] [ SQL ] SELECT `news_content`,`news_title`,`n_id`,`news_columnid`,`news_time` FROM `zs_news` `a` WHERE  `news_open` = '1'  AND `news_l` = 'zh-cn'  AND `news_back` = 0  AND `news_columnid` IN (17) ORDER BY news_time desc LIMIT 7 [ RunTime:0.001005s ]
[ sql ] [ SQL ] SELECT `news_content`,`news_title`,`n_id`,`news_columnid`,`news_time` FROM `zs_news` `a` WHERE  `news_open` = '1'  AND `news_l` = 'zh-cn'  AND `news_back` = 0  AND `news_columnid` IN (18) ORDER BY news_time desc LIMIT 7 [ RunTime:0.000727s ]
[ sql ] [ SQL ] SELECT `news_content`,`news_title`,`n_id`,`news_columnid`,`news_time` FROM `zs_news` `a` WHERE  `news_open` = '1'  AND `news_l` = 'zh-cn'  AND `news_back` = 0  AND `news_columnid` IN (16) ORDER BY news_time desc LIMIT 7 [ RunTime:0.001003s ]

---------------------------------------------------------------
[ 2017-12-18T21:30:20+08:00 ] [ sql ] [ DB ] CONNECT:[ UseTime:0.022896s ] mysql:dbname=zhaosheng;host=127.0.0.1;port=3306;charset=utf8
[ sql ] [ SQL ] SHOW COLUMNS FROM `zs_news` [ RunTime:0.007298s ]
[ sql ] [ SQL ] SELECT `news_content`,`news_title`,`n_id`,`news_columnid`,`news_time` FROM `zs_news` `a` WHERE  `news_open` = '1'  AND `news_l` = 'zh-cn'  AND `news_back` = 0  AND `news_columnid` IN (17) ORDER BY news_time desc LIMIT 7 [ RunTime:0.000943s ]
[ sql ] [ SQL ] SELECT `news_content`,`news_title`,`n_id`,`news_columnid`,`news_time` FROM `zs_news` `a` WHERE  `news_open` = '1'  AND `news_l` = 'zh-cn'  AND `news_back` = 0  AND `news_columnid` IN (18) ORDER BY news_time desc LIMIT 7 [ RunTime:0.000718s ]
[ sql ] [ SQL ] SELECT `news_content`,`news_title`,`n_id`,`news_columnid`,`news_time` FROM `zs_news` `a` WHERE  `news_open` = '1'  AND `news_l` = 'zh-cn'  AND `news_back` = 0  AND `news_columnid` IN (16) ORDER BY news_time desc LIMIT 7 [ RunTime:0.001159s ]

---------------------------------------------------------------
