[ 2018-08-30T17:13:18+08:00 ] 192.168.10.10 192.168.10.1 GET /
[ log ] 32zs.com/ [运行时间：1.326141s][吞吐率：0.75req/s] [内存消耗：854.16kb] [文件加载：81]
[ info ] [ LANG ] /home/vagrant/Code/32zs/2.0.0/app/lang/en-us.php
[ info ] [ CACHE ] INIT File
[ info ] [ ROUTE ] array (
  'type' => 'module',
  'module' => 
  array (
    0 => 'home',
    1 => 'Index',
    2 => 'index',
  ),
  'convert' => false,
)
[ info ] [ HEADER ] array (
  'accept-encoding' => 'gzip, deflate',
  'dnt' => '1',
  'accept-language' => 'en-us',
  'user-agent' => 'Mozilla/5.0 (Macintosh; Intel Mac OS X 10_13_6) AppleWebKit/605.1.15 (KHTML, like Gecko) Version/11.1.2 Safari/605.1.15',
  'accept' => 'text/html,application/xhtml+xml,application/xml;q=0.9,*/*;q=0.8',
  'upgrade-insecure-requests' => '1',
  'connection' => 'keep-alive',
  'host' => '32zs.com',
  'content-type' => '',
  'content-length' => '',
)
[ info ] [ PARAM ] array (
)
[ info ] [ LANG ] /home/vagrant/Code/32zs/2.0.0/app/home/lang/en-us.php
[ info ] [ BEHAVIOR ] Run app\common\behavior\WebLog @module_init [ RunTime:0.006032s ]
[ info ] [ DB ] INIT mysql
[ info ] [ SESSION ] INIT array (
  'id' => '',
  'var_session_id' => '',
  'prefix' => 'think',
  'type' => '',
  'auto_start' => true,
)
[ info ] [ BEHAVIOR ] Run Closure @action_begin [ RunTime:0.038480s ]
[ info ] [ RUN ] app\home\controller\Index->index[ /home/vagrant/Code/32zs/2.0.0/app/home/controller/Index.php ]
[ info ] [ VIEW ] /home/vagrant/Code/32zs/2.0.0/app/home/view/default/index.html [ array (
  0 => 'lang',
  1 => 'map_lat',
  2 => 'map_lng',
  3 => 'site_name',
  4 => 'site_host',
  5 => 'school_name',
  6 => 'site_tpl',
  7 => 'site_tpl_m',
  8 => 'site_logo',
  9 => 'site_img',
  10 => 'site_icp',
  11 => 'site_copyright',
  12 => 'site_co_name',
  13 => 'site_address',
  14 => 'site_tel',
  15 => 'site_admin_email',
  16 => 'site_qq',
  17 => 'site_seo_title',
  18 => 'site_seo_keywords',
  19 => 'site_seo_description',
  20 => 'site_tongji',
  21 => 'yf_theme_path',
  22 => 'user',
  23 => 'is_admin',
  24 => 'center_slideshow_imgs',
  25 => 'footer_slideshow_imgs',
) ]
[ info ] [ LOG ] INIT File
[ sql ] [ DB ] CONNECT:[ UseTime:0.041742s ] mysql:dbname=zhaosheng;host=120.76.200.232;port=16822;charset=utf8
[ sql ] [ SQL ] SHOW COLUMNS FROM `zs_options` [ RunTime:0.143621s ]
[ sql ] [ SQL ] SELECT * FROM `zs_options` WHERE  `option_name` = 'site_options'  AND `option_l` = 'en-us' LIMIT 1 [ RunTime:0.104941s ]
[ sql ] [ SQL ] SHOW COLUMNS FROM `zs_news` [ RunTime:0.092011s ]
[ sql ] [ SQL ] SELECT * FROM `zs_news` WHERE  `news_open` = '1'  AND `news_back` = 0  AND `news_columnid` = 19 LIMIT 1 [ RunTime:0.154166s ]
[ sql ] [ SQL ] SELECT * FROM `zs_news` WHERE  `news_open` = '1'  AND `news_back` = 0  AND `news_columnid` = 20 LIMIT 1 [ RunTime:0.095364s ]
[ error ] [8]Undefined variable: schoolimg[/home/vagrant/Code/32zs/2.0.0/data/runtime/temp/4c7d781d5ddcbaa4643f1caba812c943.php:334]

---------------------------------------------------------------
[ 2018-08-30T17:13:25+08:00 ] 192.168.10.10 192.168.10.1 GET /
[ log ] 32zs.com/ [运行时间：0.494444s][吞吐率：2.02req/s] [内存消耗：572.54kb] [文件加载：81]
[ info ] [ LANG ] /home/vagrant/Code/32zs/2.0.0/app/lang/en-us.php
[ info ] [ CACHE ] INIT File
[ info ] [ ROUTE ] array (
  'type' => 'module',
  'module' => 
  array (
    0 => 'home',
    1 => 'Index',
    2 => 'index',
  ),
  'convert' => false,
)
[ info ] [ HEADER ] array (
  'accept-encoding' => 'gzip, deflate',
  'dnt' => '1',
  'accept-language' => 'en-us',
  'user-agent' => 'Mozilla/5.0 (Macintosh; Intel Mac OS X 10_13_6) AppleWebKit/605.1.15 (KHTML, like Gecko) Version/11.1.2 Safari/605.1.15',
  'accept' => 'text/html,application/xhtml+xml,application/xml;q=0.9,*/*;q=0.8',
  'upgrade-insecure-requests' => '1',
  'connection' => 'keep-alive',
  'cookie' => 'PHPSESSID=7nmdmc4fjhbv7i1kallcv22qep; think_var=en-us; thinkphp_show_page_trace=0|0',
  'host' => '32zs.com',
  'content-type' => '',
  'content-length' => '',
)
[ info ] [ PARAM ] array (
)
[ info ] [ LANG ] /home/vagrant/Code/32zs/2.0.0/app/home/lang/en-us.php
[ info ] [ BEHAVIOR ] Run app\common\behavior\WebLog @module_init [ RunTime:0.001903s ]
[ info ] [ SESSION ] INIT array (
  'id' => '',
  'var_session_id' => '',
  'prefix' => 'think',
  'type' => '',
  'auto_start' => true,
)
[ info ] [ BEHAVIOR ] Run Closure @action_begin [ RunTime:0.011243s ]
[ info ] [ RUN ] app\home\controller\Index->index[ /home/vagrant/Code/32zs/2.0.0/app/home/controller/Index.php ]
[ info ] [ DB ] INIT mysql
[ info ] [ VIEW ] /home/vagrant/Code/32zs/2.0.0/app/home/view/default/index.html [ array (
  0 => 'lang',
  1 => 'map_lat',
  2 => 'map_lng',
  3 => 'site_name',
  4 => 'site_host',
  5 => 'school_name',
  6 => 'site_tpl',
  7 => 'site_tpl_m',
  8 => 'site_logo',
  9 => 'site_img',
  10 => 'site_icp',
  11 => 'site_copyright',
  12 => 'site_co_name',
  13 => 'site_address',
  14 => 'site_tel',
  15 => 'site_admin_email',
  16 => 'site_qq',
  17 => 'site_seo_title',
  18 => 'site_seo_keywords',
  19 => 'site_seo_description',
  20 => 'site_tongji',
  21 => 'yf_theme_path',
  22 => 'user',
  23 => 'is_admin',
  24 => 'center_slideshow_imgs',
  25 => 'footer_slideshow_imgs',
) ]
[ info ] [ LOG ] INIT File
[ sql ] [ DB ] CONNECT:[ UseTime:0.037917s ] mysql:dbname=zhaosheng;host=120.76.200.232;port=16822;charset=utf8
[ sql ] [ SQL ] SHOW COLUMNS FROM `zs_news` [ RunTime:0.026133s ]
[ sql ] [ SQL ] SELECT * FROM `zs_news` WHERE  `news_open` = '1'  AND `news_back` = 0  AND `news_columnid` = 19 LIMIT 1 [ RunTime:0.085099s ]
[ sql ] [ SQL ] SELECT * FROM `zs_news` WHERE  `news_open` = '1'  AND `news_back` = 0  AND `news_columnid` = 20 LIMIT 1 [ RunTime:0.089956s ]
[ error ] [8]Undefined variable: schoolimg[/home/vagrant/Code/32zs/2.0.0/data/runtime/temp/4c7d781d5ddcbaa4643f1caba812c943.php:334]

---------------------------------------------------------------
[ 2018-08-30T17:13:45+08:00 ] 192.168.10.10 192.168.10.1 GET /
[ log ] 32zs.com/ [运行时间：0.421928s][吞吐率：2.37req/s] [内存消耗：572.54kb] [文件加载：81]
[ info ] [ LANG ] /home/vagrant/Code/32zs/2.0.0/app/lang/en-us.php
[ info ] [ CACHE ] INIT File
[ info ] [ ROUTE ] array (
  'type' => 'module',
  'module' => 
  array (
    0 => 'home',
    1 => 'Index',
    2 => 'index',
  ),
  'convert' => false,
)
[ info ] [ HEADER ] array (
  'accept-encoding' => 'gzip, deflate',
  'dnt' => '1',
  'accept-language' => 'en-us',
  'user-agent' => 'Mozilla/5.0 (Macintosh; Intel Mac OS X 10_13_6) AppleWebKit/605.1.15 (KHTML, like Gecko) Version/11.1.2 Safari/605.1.15',
  'accept' => 'text/html,application/xhtml+xml,application/xml;q=0.9,*/*;q=0.8',
  'upgrade-insecure-requests' => '1',
  'connection' => 'keep-alive',
  'cookie' => 'thinkphp_show_page_trace=0|0; PHPSESSID=7nmdmc4fjhbv7i1kallcv22qep; think_var=en-us',
  'host' => '32zs.com',
  'content-type' => '',
  'content-length' => '',
)
[ info ] [ PARAM ] array (
)
[ info ] [ LANG ] /home/vagrant/Code/32zs/2.0.0/app/home/lang/en-us.php
[ info ] [ BEHAVIOR ] Run app\common\behavior\WebLog @module_init [ RunTime:0.002783s ]
[ info ] [ SESSION ] INIT array (
  'id' => '',
  'var_session_id' => '',
  'prefix' => 'think',
  'type' => '',
  'auto_start' => true,
)
[ info ] [ BEHAVIOR ] Run Closure @action_begin [ RunTime:0.009753s ]
[ info ] [ RUN ] app\home\controller\Index->index[ /home/vagrant/Code/32zs/2.0.0/app/home/controller/Index.php ]
[ info ] [ DB ] INIT mysql
[ info ] [ VIEW ] /home/vagrant/Code/32zs/2.0.0/app/home/view/default/index.html [ array (
  0 => 'lang',
  1 => 'map_lat',
  2 => 'map_lng',
  3 => 'site_name',
  4 => 'site_host',
  5 => 'school_name',
  6 => 'site_tpl',
  7 => 'site_tpl_m',
  8 => 'site_logo',
  9 => 'site_img',
  10 => 'site_icp',
  11 => 'site_copyright',
  12 => 'site_co_name',
  13 => 'site_address',
  14 => 'site_tel',
  15 => 'site_admin_email',
  16 => 'site_qq',
  17 => 'site_seo_title',
  18 => 'site_seo_keywords',
  19 => 'site_seo_description',
  20 => 'site_tongji',
  21 => 'yf_theme_path',
  22 => 'user',
  23 => 'is_admin',
  24 => 'center_slideshow_imgs',
  25 => 'footer_slideshow_imgs',
) ]
[ info ] [ LOG ] INIT File
[ sql ] [ DB ] CONNECT:[ UseTime:0.031320s ] mysql:dbname=zhaosheng;host=120.76.200.232;port=16822;charset=utf8
[ sql ] [ SQL ] SHOW COLUMNS FROM `zs_news` [ RunTime:0.022151s ]
[ sql ] [ SQL ] SELECT * FROM `zs_news` WHERE  `news_open` = '1'  AND `news_back` = 0  AND `news_columnid` = 19 LIMIT 1 [ RunTime:0.091917s ]
[ sql ] [ SQL ] SELECT * FROM `zs_news` WHERE  `news_open` = '1'  AND `news_back` = 0  AND `news_columnid` = 20 LIMIT 1 [ RunTime:0.078300s ]
[ error ] [8]Undefined variable: schoolimg[/home/vagrant/Code/32zs/2.0.0/data/runtime/temp/4c7d781d5ddcbaa4643f1caba812c943.php:334]

---------------------------------------------------------------
[ 2018-08-30T17:14:17+08:00 ] 192.168.10.10 192.168.10.1 GET /
[ log ] 32zs.com/ [运行时间：0.407777s][吞吐率：2.45req/s] [内存消耗：572.54kb] [文件加载：81]
[ info ] [ LANG ] /home/vagrant/Code/32zs/2.0.0/app/lang/en-us.php
[ info ] [ CACHE ] INIT File
[ info ] [ ROUTE ] array (
  'type' => 'module',
  'module' => 
  array (
    0 => 'home',
    1 => 'Index',
    2 => 'index',
  ),
  'convert' => false,
)
[ info ] [ HEADER ] array (
  'accept-encoding' => 'gzip, deflate',
  'dnt' => '1',
  'accept-language' => 'en-us',
  'user-agent' => 'Mozilla/5.0 (Macintosh; Intel Mac OS X 10_13_6) AppleWebKit/605.1.15 (KHTML, like Gecko) Version/11.1.2 Safari/605.1.15',
  'accept' => 'text/html,application/xhtml+xml,application/xml;q=0.9,*/*;q=0.8',
  'upgrade-insecure-requests' => '1',
  'connection' => 'keep-alive',
  'cookie' => 'thinkphp_show_page_trace=0|0; PHPSESSID=7nmdmc4fjhbv7i1kallcv22qep; think_var=en-us',
  'host' => '32zs.com',
  'content-type' => '',
  'content-length' => '',
)
[ info ] [ PARAM ] array (
)
[ info ] [ LANG ] /home/vagrant/Code/32zs/2.0.0/app/home/lang/en-us.php
[ info ] [ BEHAVIOR ] Run app\common\behavior\WebLog @module_init [ RunTime:0.001365s ]
[ info ] [ SESSION ] INIT array (
  'id' => '',
  'var_session_id' => '',
  'prefix' => 'think',
  'type' => '',
  'auto_start' => true,
)
[ info ] [ BEHAVIOR ] Run Closure @action_begin [ RunTime:0.008024s ]
[ info ] [ RUN ] app\home\controller\Index->index[ /home/vagrant/Code/32zs/2.0.0/app/home/controller/Index.php ]
[ info ] [ DB ] INIT mysql
[ info ] [ VIEW ] /home/vagrant/Code/32zs/2.0.0/app/home/view/default/index.html [ array (
  0 => 'lang',
  1 => 'map_lat',
  2 => 'map_lng',
  3 => 'site_name',
  4 => 'site_host',
  5 => 'school_name',
  6 => 'site_tpl',
  7 => 'site_tpl_m',
  8 => 'site_logo',
  9 => 'site_img',
  10 => 'site_icp',
  11 => 'site_copyright',
  12 => 'site_co_name',
  13 => 'site_address',
  14 => 'site_tel',
  15 => 'site_admin_email',
  16 => 'site_qq',
  17 => 'site_seo_title',
  18 => 'site_seo_keywords',
  19 => 'site_seo_description',
  20 => 'site_tongji',
  21 => 'yf_theme_path',
  22 => 'user',
  23 => 'is_admin',
  24 => 'center_slideshow_imgs',
  25 => 'footer_slideshow_imgs',
) ]
[ info ] [ LOG ] INIT File
[ sql ] [ DB ] CONNECT:[ UseTime:0.032019s ] mysql:dbname=zhaosheng;host=120.76.200.232;port=16822;charset=utf8
[ sql ] [ SQL ] SHOW COLUMNS FROM `zs_news` [ RunTime:0.022822s ]
[ sql ] [ SQL ] SELECT * FROM `zs_news` WHERE  `news_open` = '1'  AND `news_back` = 0  AND `news_columnid` = 19 LIMIT 1 [ RunTime:0.097746s ]
[ sql ] [ SQL ] SELECT * FROM `zs_news` WHERE  `news_open` = '1'  AND `news_back` = 0  AND `news_columnid` = 20 LIMIT 1 [ RunTime:0.091590s ]
[ error ] [8]Undefined variable: schoolimg[/home/vagrant/Code/32zs/2.0.0/data/runtime/temp/4c7d781d5ddcbaa4643f1caba812c943.php:334]

---------------------------------------------------------------
[ 2018-08-30T17:16:05+08:00 ] 192.168.10.10 192.168.10.1 GET /
[ log ] 32zs.com/ [运行时间：1.423302s][吞吐率：0.70req/s] [内存消耗：693.23kb] [文件加载：81]
[ log ] Cron:clearlog Runat 2018-08-30 17:16:05 Use 0.003289 s


[ 2018-08-30T17:16:05+08:00 ] 192.168.10.10 192.168.10.1 GET /
[ log ] 32zs.com/ [运行时间：1.473808s][吞吐率：0.68req/s] [内存消耗：645.91kb] [文件加载：83]
[ info ] [ LANG ] /home/vagrant/Code/32zs/2.0.0/thinkphp/lang/zh-cn.php
[ info ] [ LANG ] /home/vagrant/Code/32zs/2.0.0/app/lang/zh-cn.php
[ info ] [ CACHE ] INIT File
[ info ] [ ROUTE ] array (
  'type' => 'module',
  'module' => 
  array (
    0 => 'home',
    1 => 'Index',
    2 => 'index',
  ),
  'convert' => false,
)
[ info ] [ HEADER ] array (
  'accept-language' => 'zh-CN,zh;q=0.9,en;q=0.8',
  'accept-encoding' => 'gzip, deflate',
  'accept' => 'text/html,application/xhtml+xml,application/xml;q=0.9,image/webp,image/apng,*/*;q=0.8',
  'user-agent' => 'Mozilla/5.0 (Macintosh; Intel Mac OS X 10_13_6) AppleWebKit/537.36 (KHTML, like Gecko) Chrome/67.0.3396.99 Safari/537.36',
  'upgrade-insecure-requests' => '1',
  'connection' => 'keep-alive',
  'host' => '32zs.com',
  'content-type' => '',
  'content-length' => '',
)
[ info ] [ PARAM ] array (
)
[ info ] [ LANG ] /home/vagrant/Code/32zs/2.0.0/app/home/lang/zh-cn.php
[ info ] [ BEHAVIOR ] Run app\common\behavior\WebLog @module_init [ RunTime:0.001919s ]
[ info ] [ SESSION ] INIT array (
  'id' => '',
  'var_session_id' => '',
  'prefix' => 'think',
  'type' => '',
  'auto_start' => true,
)
[ info ] [ BEHAVIOR ] Run Closure @action_begin [ RunTime:0.011301s ]
[ info ] [ RUN ] app\home\controller\Index->index[ /home/vagrant/Code/32zs/2.0.0/app/home/controller/Index.php ]
[ info ] [ DB ] INIT mysql
[ info ] [ VIEW ] /home/vagrant/Code/32zs/2.0.0/app/home/view/default/index.html [ array (
  0 => 'lang',
  1 => 'map_lat',
  2 => 'map_lng',
  3 => 'site_name',
  4 => 'site_host',
  5 => 'school_name',
  6 => 'site_tpl',
  7 => 'site_tpl_m',
  8 => 'site_logo',
  9 => 'site_img',
  10 => 'site_icp',
  11 => 'site_copyright',
  12 => 'site_co_name',
  13 => 'site_address',
  14 => 'site_tel',
  15 => 'site_admin_email',
  16 => 'site_qq',
  17 => 'site_seo_title',
  18 => 'site_seo_keywords',
  19 => 'site_seo_description',
  20 => 'site_tongji',
  21 => 'schoolimg',
  22 => 'yf_theme_path',
  23 => 'user',
  24 => 'is_admin',
  25 => 'center_slideshow_imgs',
  26 => 'footer_slideshow_imgs',
) ]
[ info ] [ LOG ] INIT File
[ info ] [ BEHAVIOR ] Run app\admin\behavior\Cron @app_end [ RunTime:0.022483s ]
[ sql ] [ DB ] CONNECT:[ UseTime:0.032700s ] mysql:dbname=zhaosheng;host=120.76.200.232;port=16822;charset=utf8
[ sql ] [ SQL ] SHOW COLUMNS FROM `zs_news` [ RunTime:0.022007s ]
[ sql ] [ SQL ] SELECT * FROM `zs_news` WHERE  `news_open` = '1'  AND `news_back` = 0  AND `news_columnid` = 19 LIMIT 1 [ RunTime:0.079548s ]
[ sql ] [ SQL ] SELECT * FROM `zs_news` WHERE  `news_open` = '1'  AND `news_back` = 0  AND `news_columnid` = 20 LIMIT 1 [ RunTime:0.109267s ]
[ sql ] [ SQL ] SELECT `news_content`,`news_title`,`n_id`,`news_columnid`,`news_time` FROM `zs_news` `a` WHERE  `news_open` = '1'  AND `news_l` = 'zh-cn'  AND `news_back` = 0  AND `news_columnid` IN (17) ORDER BY news_time desc LIMIT 7 [ RunTime:0.174917s ]
[ sql ] [ SQL ] SHOW COLUMNS FROM `zs_plug_link` [ RunTime:0.234372s ]
[ sql ] [ SQL ] SELECT * FROM `zs_plug_link` WHERE  `plug_link_l` = 'zh-cn'  AND `plug_link_typeid` = 3  AND `plug_link_open` = 1 ORDER BY plug_link_order ASC [ RunTime:0.179698s ]
[ sql ] [ SQL ] SELECT * FROM `zs_plug_link` WHERE  `plug_link_l` = 'zh-cn'  AND `plug_link_typeid` = 4  AND `plug_link_open` = 1 ORDER BY plug_link_order ASC [ RunTime:0.081845s ]
[ sql ] [ SQL ] SELECT `news_content`,`news_title`,`n_id`,`news_columnid`,`news_time` FROM `zs_news` `a` WHERE  `news_open` = '1'  AND `news_l` = 'zh-cn'  AND `news_back` = 0  AND `news_columnid` IN (18) ORDER BY news_time desc LIMIT 7 [ RunTime:0.188818s ]
[ sql ] [ SQL ] SELECT `news_content`,`news_title`,`n_id`,`news_columnid`,`news_time` FROM `zs_news` `a` WHERE  `news_open` = '1'  AND `news_l` = 'zh-cn'  AND `news_back` = 0  AND `news_columnid` IN (16) ORDER BY news_time desc LIMIT 7 [ RunTime:0.110683s ]

---------------------------------------------------------------
[ 2018-08-30T17:21:57+08:00 ] 192.168.10.10 192.168.10.1 GET /
[ log ] 32zs.com/ [运行时间：0.499223s][吞吐率：2.00req/s] [内存消耗：573.02kb] [文件加载：81]
[ info ] [ LANG ] /home/vagrant/Code/32zs/2.0.0/app/lang/en-us.php
[ info ] [ CACHE ] INIT File
[ info ] [ ROUTE ] array (
  'type' => 'module',
  'module' => 
  array (
    0 => 'home',
    1 => 'Index',
    2 => 'index',
  ),
  'convert' => false,
)
[ info ] [ HEADER ] array (
  'accept-encoding' => 'gzip, deflate',
  'dnt' => '1',
  'accept-language' => 'en-us',
  'user-agent' => 'Mozilla/5.0 (Macintosh; Intel Mac OS X 10_13_6) AppleWebKit/605.1.15 (KHTML, like Gecko)',
  'accept' => 'text/html,application/xhtml+xml,application/xml;q=0.9,*/*;q=0.8',
  'upgrade-insecure-requests' => '1',
  'connection' => 'keep-alive',
  'host' => '32zs.com',
  'content-type' => '',
  'content-length' => '',
)
[ info ] [ PARAM ] array (
)
[ info ] [ LANG ] /home/vagrant/Code/32zs/2.0.0/app/home/lang/en-us.php
[ info ] [ BEHAVIOR ] Run app\common\behavior\WebLog @module_init [ RunTime:0.001893s ]
[ info ] [ SESSION ] INIT array (
  'id' => '',
  'var_session_id' => '',
  'prefix' => 'think',
  'type' => '',
  'auto_start' => true,
)
[ info ] [ BEHAVIOR ] Run Closure @action_begin [ RunTime:0.010887s ]
[ info ] [ RUN ] app\home\controller\Index->index[ /home/vagrant/Code/32zs/2.0.0/app/home/controller/Index.php ]
[ info ] [ DB ] INIT mysql
[ info ] [ VIEW ] /home/vagrant/Code/32zs/2.0.0/app/home/view/default/index.html [ array (
  0 => 'lang',
  1 => 'map_lat',
  2 => 'map_lng',
  3 => 'site_name',
  4 => 'site_host',
  5 => 'school_name',
  6 => 'site_tpl',
  7 => 'site_tpl_m',
  8 => 'site_logo',
  9 => 'site_img',
  10 => 'site_icp',
  11 => 'site_copyright',
  12 => 'site_co_name',
  13 => 'site_address',
  14 => 'site_tel',
  15 => 'site_admin_email',
  16 => 'site_qq',
  17 => 'site_seo_title',
  18 => 'site_seo_keywords',
  19 => 'site_seo_description',
  20 => 'site_tongji',
  21 => 'yf_theme_path',
  22 => 'user',
  23 => 'is_admin',
  24 => 'center_slideshow_imgs',
  25 => 'footer_slideshow_imgs',
) ]
[ info ] [ LOG ] INIT File
[ sql ] [ DB ] CONNECT:[ UseTime:0.032078s ] mysql:dbname=zhaosheng;host=120.76.200.232;port=16822;charset=utf8
[ sql ] [ SQL ] SHOW COLUMNS FROM `zs_news` [ RunTime:0.020732s ]
[ sql ] [ SQL ] SELECT * FROM `zs_news` WHERE  `news_open` = '1'  AND `news_back` = 0  AND `news_columnid` = 19 LIMIT 1 [ RunTime:0.092899s ]
[ sql ] [ SQL ] SELECT * FROM `zs_news` WHERE  `news_open` = '1'  AND `news_back` = 0  AND `news_columnid` = 20 LIMIT 1 [ RunTime:0.093362s ]
[ error ] [8]Undefined variable: schoolimg[/home/vagrant/Code/32zs/2.0.0/data/runtime/temp/4c7d781d5ddcbaa4643f1caba812c943.php:334]

---------------------------------------------------------------
[ 2018-08-30T17:21:57+08:00 ] 192.168.10.10 192.168.10.1 GET /apple-touch-icon-precomposed.png
[ log ] 32zs.com/apple-touch-icon-precomposed.png [运行时间：0.194653s][吞吐率：5.14req/s] [内存消耗：244.18kb] [文件加载：56]
[ info ] [ LANG ] /home/vagrant/Code/32zs/2.0.0/app/lang/en-us.php
[ info ] [ CACHE ] INIT File
[ info ] [ ROUTE ] array (
  'type' => 'module',
  'module' => 
  array (
    0 => 'apple-touch-icon-precomposed.png',
    1 => NULL,
    2 => NULL,
  ),
)
[ info ] [ HEADER ] array (
  'user-agent' => 'Safari/13605.3.8 CFNetwork/902.1 Darwin/17.7.0 (x86_64)',
  'accept-encoding' => 'gzip, deflate',
  'connection' => 'keep-alive',
  'accept-language' => 'en-us',
  'accept' => '*/*',
  'host' => '32zs.com',
  'content-type' => '',
  'content-length' => '',
)
[ info ] [ PARAM ] array (
)
[ info ] [ LOG ] INIT File

---------------------------------------------------------------
[ 2018-08-30T17:21:57+08:00 ] 192.168.10.10 192.168.10.1 GET /apple-touch-icon.png
[ log ] 32zs.com/apple-touch-icon.png [运行时间：0.179437s][吞吐率：5.57req/s] [内存消耗：242.70kb] [文件加载：56]
[ info ] [ LANG ] /home/vagrant/Code/32zs/2.0.0/app/lang/en-us.php
[ info ] [ CACHE ] INIT File
[ info ] [ ROUTE ] array (
  'type' => 'module',
  'module' => 
  array (
    0 => 'apple-touch-icon.png',
    1 => NULL,
    2 => NULL,
  ),
)
[ info ] [ HEADER ] array (
  'connection' => 'keep-alive',
  'accept-encoding' => 'gzip, deflate',
  'accept-language' => 'en-us',
  'user-agent' => 'Safari/13605.3.8 CFNetwork/902.1 Darwin/17.7.0 (x86_64)',
  'cookie' => 'think_var=en-us',
  'accept' => '*/*',
  'host' => '32zs.com',
  'content-type' => '',
  'content-length' => '',
)
[ info ] [ PARAM ] array (
)
[ info ] [ LOG ] INIT File

---------------------------------------------------------------
[ 2018-08-30T17:21:58+08:00 ] 192.168.10.10 192.168.10.1 GET /
[ log ] 32zs.com/ [运行时间：0.357144s][吞吐率：2.80req/s] [内存消耗：573.14kb] [文件加载：81]
[ info ] [ LANG ] /home/vagrant/Code/32zs/2.0.0/app/lang/en-us.php
[ info ] [ CACHE ] INIT File
[ info ] [ ROUTE ] array (
  'type' => 'module',
  'module' => 
  array (
    0 => 'home',
    1 => 'Index',
    2 => 'index',
  ),
  'convert' => false,
)
[ info ] [ HEADER ] array (
  'accept-encoding' => 'gzip, deflate',
  'dnt' => '1',
  'accept-language' => 'en-us',
  'user-agent' => '"Mozilla/5.0 (iPhone; CPU iPhone OS 11_0 like Mac OS X) AppleWebKit/604.1.38 (KHTML, like Gecko) Version/11.0 Mobile/15A372 Safari/604.1"',
  'accept' => 'text/html,application/xhtml+xml,application/xml;q=0.9,*/*;q=0.8',
  'upgrade-insecure-requests' => '1',
  'connection' => 'keep-alive',
  'host' => '32zs.com',
  'content-type' => '',
  'content-length' => '',
)
[ info ] [ PARAM ] array (
)
[ info ] [ LANG ] /home/vagrant/Code/32zs/2.0.0/app/home/lang/en-us.php
[ info ] [ BEHAVIOR ] Run app\common\behavior\WebLog @module_init [ RunTime:0.000904s ]
[ info ] [ SESSION ] INIT array (
  'id' => '',
  'var_session_id' => '',
  'prefix' => 'think',
  'type' => '',
  'auto_start' => true,
)
[ info ] [ BEHAVIOR ] Run Closure @action_begin [ RunTime:0.006251s ]
[ info ] [ RUN ] app\home\controller\Index->index[ /home/vagrant/Code/32zs/2.0.0/app/home/controller/Index.php ]
[ info ] [ DB ] INIT mysql
[ info ] [ VIEW ] /home/vagrant/Code/32zs/2.0.0/app/home/view/default/index.html [ array (
  0 => 'lang',
  1 => 'map_lat',
  2 => 'map_lng',
  3 => 'site_name',
  4 => 'site_host',
  5 => 'school_name',
  6 => 'site_tpl',
  7 => 'site_tpl_m',
  8 => 'site_logo',
  9 => 'site_img',
  10 => 'site_icp',
  11 => 'site_copyright',
  12 => 'site_co_name',
  13 => 'site_address',
  14 => 'site_tel',
  15 => 'site_admin_email',
  16 => 'site_qq',
  17 => 'site_seo_title',
  18 => 'site_seo_keywords',
  19 => 'site_seo_description',
  20 => 'site_tongji',
  21 => 'yf_theme_path',
  22 => 'user',
  23 => 'is_admin',
  24 => 'center_slideshow_imgs',
  25 => 'footer_slideshow_imgs',
) ]
[ info ] [ LOG ] INIT File
[ sql ] [ DB ] CONNECT:[ UseTime:0.029293s ] mysql:dbname=zhaosheng;host=120.76.200.232;port=16822;charset=utf8
[ sql ] [ SQL ] SHOW COLUMNS FROM `zs_news` [ RunTime:0.021921s ]
[ sql ] [ SQL ] SELECT * FROM `zs_news` WHERE  `news_open` = '1'  AND `news_back` = 0  AND `news_columnid` = 19 LIMIT 1 [ RunTime:0.093158s ]
[ sql ] [ SQL ] SELECT * FROM `zs_news` WHERE  `news_open` = '1'  AND `news_back` = 0  AND `news_columnid` = 20 LIMIT 1 [ RunTime:0.078231s ]
[ error ] [8]Undefined variable: schoolimg[/home/vagrant/Code/32zs/2.0.0/data/runtime/temp/4c7d781d5ddcbaa4643f1caba812c943.php:334]

---------------------------------------------------------------
[ 2018-08-30T17:21:58+08:00 ] 192.168.10.10 192.168.10.1 GET /apple-touch-icon-precomposed.png
[ log ] 32zs.com/apple-touch-icon-precomposed.png [运行时间：0.096495s][吞吐率：10.36req/s] [内存消耗：242.77kb] [文件加载：56]
[ info ] [ LANG ] /home/vagrant/Code/32zs/2.0.0/app/lang/en-us.php
[ info ] [ CACHE ] INIT File
[ info ] [ ROUTE ] array (
  'type' => 'module',
  'module' => 
  array (
    0 => 'apple-touch-icon-precomposed.png',
    1 => NULL,
    2 => NULL,
  ),
)
[ info ] [ HEADER ] array (
  'connection' => 'keep-alive',
  'accept-encoding' => 'gzip, deflate',
  'accept-language' => 'en-us',
  'user-agent' => 'Safari/13605.3.8 CFNetwork/902.1 Darwin/17.7.0 (x86_64)',
  'cookie' => 'think_var=en-us',
  'accept' => '*/*',
  'host' => '32zs.com',
  'content-type' => '',
  'content-length' => '',
)
[ info ] [ PARAM ] array (
)
[ info ] [ LOG ] INIT File

---------------------------------------------------------------
[ 2018-08-30T17:21:58+08:00 ] 192.168.10.10 192.168.10.1 GET /apple-touch-icon.png
[ log ] 32zs.com/apple-touch-icon.png [运行时间：0.076593s][吞吐率：13.06req/s] [内存消耗：242.70kb] [文件加载：56]
[ info ] [ LANG ] /home/vagrant/Code/32zs/2.0.0/app/lang/en-us.php
[ info ] [ CACHE ] INIT File
[ info ] [ ROUTE ] array (
  'type' => 'module',
  'module' => 
  array (
    0 => 'apple-touch-icon.png',
    1 => NULL,
    2 => NULL,
  ),
)
[ info ] [ HEADER ] array (
  'connection' => 'keep-alive',
  'accept-encoding' => 'gzip, deflate',
  'accept-language' => 'en-us',
  'user-agent' => 'Safari/13605.3.8 CFNetwork/902.1 Darwin/17.7.0 (x86_64)',
  'cookie' => 'think_var=en-us',
  'accept' => '*/*',
  'host' => '32zs.com',
  'content-type' => '',
  'content-length' => '',
)
[ info ] [ PARAM ] array (
)
[ info ] [ LOG ] INIT File

---------------------------------------------------------------
