[ 2018-07-18T21:11:53+08:00 ] 192.168.10.10 192.168.10.1 GET /
[ log ] 32zs.com/ [运行时间：1.679878s][吞吐率：0.60req/s] [内存消耗：976.95kb] [文件加载：81]
[ log ] Cron:clearlog Runat 2018-07-18 21:11:53 Use 0.002931 s


[ 2018-07-18T21:11:53+08:00 ] 192.168.10.10 192.168.10.1 GET /
[ log ] 32zs.com/ [运行时间：1.760503s][吞吐率：0.57req/s] [内存消耗：930.60kb] [文件加载：83]
[ info ] [ LANG ] /home/vagrant/Code/32zs/2.0.0/thinkphp/lang/zh-cn.php
[ info ] [ LANG ] /home/vagrant/Code/32zs/2.0.0/app/lang/zh-cn.php
[ info ] [ CACHE ] INIT File
[ info ] [ ROUTE ] array (
  'type' => 'module',
  'module' => 
  array (
    0 => 'home',
    1 => 'Index',
    2 => 'index',
  ),
  'convert' => false,
)
[ info ] [ HEADER ] array (
  'accept-language' => 'zh-CN,zh;q=0.9,en;q=0.8',
  'accept-encoding' => 'gzip, deflate',
  'accept' => 'text/html,application/xhtml+xml,application/xml;q=0.9,image/webp,image/apng,*/*;q=0.8',
  'user-agent' => 'Mozilla/5.0 (Macintosh; Intel Mac OS X 10_13_6) AppleWebKit/537.36 (KHTML, like Gecko) Chrome/67.0.3396.99 Safari/537.36',
  'upgrade-insecure-requests' => '1',
  'connection' => 'keep-alive',
  'host' => '32zs.com',
  'content-type' => '',
  'content-length' => '',
)
[ info ] [ PARAM ] array (
)
[ info ] [ LANG ] /home/vagrant/Code/32zs/2.0.0/app/home/lang/zh-cn.php
[ info ] [ BEHAVIOR ] Run app\common\behavior\WebLog @module_init [ RunTime:0.005211s ]
[ info ] [ DB ] INIT mysql
[ info ] [ SESSION ] INIT array (
  'id' => '',
  'var_session_id' => '',
  'prefix' => 'think',
  'type' => '',
  'auto_start' => true,
)
[ info ] [ BEHAVIOR ] Run Closure @action_begin [ RunTime:0.027679s ]
[ info ] [ RUN ] app\home\controller\Index->index[ /home/vagrant/Code/32zs/2.0.0/app/home/controller/Index.php ]
[ info ] [ VIEW ] /home/vagrant/Code/32zs/2.0.0/app/home/view/default/index.html [ array (
  0 => 'lang',
  1 => 'map_lat',
  2 => 'map_lng',
  3 => 'site_name',
  4 => 'site_host',
  5 => 'school_name',
  6 => 'site_tpl',
  7 => 'site_tpl_m',
  8 => 'site_logo',
  9 => 'site_img',
  10 => 'site_icp',
  11 => 'site_copyright',
  12 => 'site_co_name',
  13 => 'site_address',
  14 => 'site_tel',
  15 => 'site_admin_email',
  16 => 'site_qq',
  17 => 'site_seo_title',
  18 => 'site_seo_keywords',
  19 => 'site_seo_description',
  20 => 'site_tongji',
  21 => 'schoolimg',
  22 => 'yf_theme_path',
  23 => 'user',
  24 => 'is_admin',
  25 => 'center_slideshow_imgs',
  26 => 'footer_slideshow_imgs',
) ]
[ info ] [ LOG ] INIT File
[ info ] [ BEHAVIOR ] Run app\admin\behavior\Cron @app_end [ RunTime:0.031973s ]
[ sql ] [ DB ] CONNECT:[ UseTime:0.036715s ] mysql:dbname=zhaosheng;host=120.76.200.232;port=16822;charset=utf8
[ sql ] [ SQL ] SHOW COLUMNS FROM `zs_options` [ RunTime:0.040300s ]
[ sql ] [ SQL ] SELECT * FROM `zs_options` WHERE  `option_name` = 'site_options'  AND `option_l` = 'zh-cn' LIMIT 1 [ RunTime:0.092760s ]
[ sql ] [ SQL ] SHOW COLUMNS FROM `zs_news` [ RunTime:0.036555s ]
[ sql ] [ SQL ] SELECT * FROM `zs_news` WHERE  `news_open` = '1'  AND `news_back` = 0  AND `news_columnid` = 19 LIMIT 1 [ RunTime:0.135176s ]
[ sql ] [ SQL ] SELECT * FROM `zs_news` WHERE  `news_open` = '1'  AND `news_back` = 0  AND `news_columnid` = 20 LIMIT 1 [ RunTime:0.081589s ]
[ sql ] [ SQL ] SHOW COLUMNS FROM `zs_menu` [ RunTime:0.040350s ]
[ sql ] [ SQL ] SELECT * FROM `zs_menu` WHERE  `menu_l` = 'zh-cn'  AND `menu_open` = 1 ORDER BY `listorder`  ASC [ RunTime:0.087003s ]
[ sql ] [ SQL ] SELECT `news_content`,`news_title`,`n_id`,`news_columnid`,`news_time` FROM `zs_news` `a` WHERE  `news_open` = '1'  AND `news_l` = 'zh-cn'  AND `news_back` = 0  AND `news_columnid` IN (17) ORDER BY news_time desc LIMIT 7 [ RunTime:0.100267s ]
[ sql ] [ SQL ] SHOW COLUMNS FROM `zs_plug_link` [ RunTime:0.033587s ]
[ sql ] [ SQL ] SELECT * FROM `zs_plug_link` WHERE  `plug_link_l` = 'zh-cn'  AND `plug_link_typeid` = 3  AND `plug_link_open` = 1 ORDER BY plug_link_order ASC [ RunTime:0.096566s ]
[ sql ] [ SQL ] SELECT * FROM `zs_plug_link` WHERE  `plug_link_l` = 'zh-cn'  AND `plug_link_typeid` = 4  AND `plug_link_open` = 1 ORDER BY plug_link_order ASC [ RunTime:0.084794s ]
[ sql ] [ SQL ] SELECT `news_content`,`news_title`,`n_id`,`news_columnid`,`news_time` FROM `zs_news` `a` WHERE  `news_open` = '1'  AND `news_l` = 'zh-cn'  AND `news_back` = 0  AND `news_columnid` IN (18) ORDER BY news_time desc LIMIT 7 [ RunTime:0.092831s ]
[ sql ] [ SQL ] SELECT `news_content`,`news_title`,`n_id`,`news_columnid`,`news_time` FROM `zs_news` `a` WHERE  `news_open` = '1'  AND `news_l` = 'zh-cn'  AND `news_back` = 0  AND `news_columnid` IN (16) ORDER BY news_time desc LIMIT 7 [ RunTime:0.097537s ]

---------------------------------------------------------------
[ 2018-07-18T21:11:54+08:00 ] 192.168.10.10 192.168.10.1 GET /home/login/verify.html
[ log ] 32zs.com/home/login/verify.html [运行时间：0.544641s][吞吐率：1.84req/s] [内存消耗：377.02kb] [文件加载：73]
[ info ] [ LANG ] /home/vagrant/Code/32zs/2.0.0/thinkphp/lang/zh-cn.php
[ info ] [ LANG ] /home/vagrant/Code/32zs/2.0.0/app/lang/zh-cn.php
[ info ] [ CACHE ] INIT File
[ info ] [ ROUTE ] array (
  'type' => 'module',
  'module' => 
  array (
    0 => 'home',
    1 => 'login',
    2 => 'verify',
  ),
)
[ info ] [ HEADER ] array (
  'cookie' => 'think_var=zh-cn; PHPSESSID=lh8618k8nk1l6as7r5ksvbo0ab',
  'accept-language' => 'zh-CN,zh;q=0.9,en;q=0.8',
  'accept-encoding' => 'gzip, deflate',
  'referer' => 'http://32zs.com/',
  'accept' => 'image/webp,image/apng,image/*,*/*;q=0.8',
  'user-agent' => 'Mozilla/5.0 (Macintosh; Intel Mac OS X 10_13_6) AppleWebKit/537.36 (KHTML, like Gecko) Chrome/67.0.3396.99 Safari/537.36',
  'connection' => 'keep-alive',
  'host' => '32zs.com',
  'content-type' => '',
  'content-length' => '',
)
[ info ] [ PARAM ] array (
)
[ info ] [ LANG ] /home/vagrant/Code/32zs/2.0.0/app/home/lang/zh-cn.php
[ info ] [ BEHAVIOR ] Run app\common\behavior\WebLog @module_init [ RunTime:0.015591s ]
[ info ] [ SESSION ] INIT array (
  'id' => '',
  'var_session_id' => '',
  'prefix' => 'think',
  'type' => '',
  'auto_start' => true,
)
[ info ] [ BEHAVIOR ] Run Closure @action_begin [ RunTime:0.030461s ]
[ info ] [ RUN ] app\home\controller\Login->verify[ /home/vagrant/Code/32zs/2.0.0/app/home/controller/Login.php ]
[ info ] [ BEHAVIOR ] Run app\admin\behavior\Cron @app_end [ RunTime:0.027991s ]
[ info ] [ LOG ] INIT File

---------------------------------------------------------------
