[ 2018-03-14T00:53:12+08:00 ] [ sql ] [ DB ] CONNECT:[ UseTime:0.005988s ] mysql:dbname=zhaosheng;host=127.0.0.1;port=3306;charset=utf8
[ sql ] [ SQL ] SHOW COLUMNS FROM `zs_news` [ RunTime:0.006616s ]
[ sql ] [ SQL ] SELECT `news_content`,`news_title`,`n_id`,`news_columnid`,`news_time` FROM `zs_news` `a` WHERE  `news_open` = '1'  AND `news_l` = 'zh-cn'  AND `news_back` = 0  AND `news_columnid` IN (17) ORDER BY news_time desc LIMIT 7 [ RunTime:0.000836s ]
[ sql ] [ SQL ] SELECT `news_content`,`news_title`,`n_id`,`news_columnid`,`news_time` FROM `zs_news` `a` WHERE  `news_open` = '1'  AND `news_l` = 'zh-cn'  AND `news_back` = 0  AND `news_columnid` IN (18) ORDER BY news_time desc LIMIT 7 [ RunTime:0.000624s ]
[ sql ] [ SQL ] SELECT `news_content`,`news_title`,`n_id`,`news_columnid`,`news_time` FROM `zs_news` `a` WHERE  `news_open` = '1'  AND `news_l` = 'zh-cn'  AND `news_back` = 0  AND `news_columnid` IN (16) ORDER BY news_time desc LIMIT 7 [ RunTime:0.000765s ]

---------------------------------------------------------------
[ 2018-03-14T00:58:25+08:00 ] [ sql ] [ DB ] CONNECT:[ UseTime:0.007989s ] mysql:dbname=zhaosheng;host=127.0.0.1;port=3306;charset=utf8
[ sql ] [ SQL ] SHOW COLUMNS FROM `zs_news` [ RunTime:0.005719s ]
[ sql ] [ SQL ] SELECT `news_content`,`news_title`,`n_id`,`news_columnid`,`news_time` FROM `zs_news` `a` WHERE  `news_open` = '1'  AND `news_l` = 'zh-cn'  AND `news_back` = 0  AND `news_columnid` IN (17) ORDER BY news_time desc LIMIT 7 [ RunTime:0.001707s ]
[ sql ] [ SQL ] SELECT `news_content`,`news_title`,`n_id`,`news_columnid`,`news_time` FROM `zs_news` `a` WHERE  `news_open` = '1'  AND `news_l` = 'zh-cn'  AND `news_back` = 0  AND `news_columnid` IN (18) ORDER BY news_time desc LIMIT 7 [ RunTime:0.001063s ]
[ sql ] [ SQL ] SELECT `news_content`,`news_title`,`n_id`,`news_columnid`,`news_time` FROM `zs_news` `a` WHERE  `news_open` = '1'  AND `news_l` = 'zh-cn'  AND `news_back` = 0  AND `news_columnid` IN (16) ORDER BY news_time desc LIMIT 7 [ RunTime:0.000870s ]

---------------------------------------------------------------
[ 2018-03-14T04:04:56+08:00 ] [ sql ] [ DB ] CONNECT:[ UseTime:0.006217s ] mysql:dbname=zhaosheng;host=127.0.0.1;port=3306;charset=utf8
[ sql ] [ SQL ] SHOW COLUMNS FROM `zs_news` [ RunTime:0.006990s ]
[ sql ] [ SQL ] SELECT `news_content`,`news_title`,`n_id`,`news_columnid`,`news_time` FROM `zs_news` `a` WHERE  `news_open` = '1'  AND `news_l` = 'zh-cn'  AND `news_back` = 0  AND `news_columnid` IN (17) ORDER BY news_time desc LIMIT 7 [ RunTime:0.001050s ]
[ sql ] [ SQL ] SELECT `news_content`,`news_title`,`n_id`,`news_columnid`,`news_time` FROM `zs_news` `a` WHERE  `news_open` = '1'  AND `news_l` = 'zh-cn'  AND `news_back` = 0  AND `news_columnid` IN (18) ORDER BY news_time desc LIMIT 7 [ RunTime:0.000812s ]
[ sql ] [ SQL ] SELECT `news_content`,`news_title`,`n_id`,`news_columnid`,`news_time` FROM `zs_news` `a` WHERE  `news_open` = '1'  AND `news_l` = 'zh-cn'  AND `news_back` = 0  AND `news_columnid` IN (16) ORDER BY news_time desc LIMIT 7 [ RunTime:0.000939s ]

---------------------------------------------------------------
[ 2018-03-14T05:34:51+08:00 ] [ sql ] [ DB ] CONNECT:[ UseTime:0.006710s ] mysql:dbname=zhaosheng;host=127.0.0.1;port=3306;charset=utf8
[ sql ] [ SQL ] SHOW COLUMNS FROM `zs_news` [ RunTime:0.006184s ]
[ sql ] [ SQL ] SELECT `news_content`,`news_title`,`n_id`,`news_columnid`,`news_time` FROM `zs_news` `a` WHERE  `news_open` = '1'  AND `news_l` = 'zh-cn'  AND `news_back` = 0  AND `news_columnid` IN (17) ORDER BY news_time desc LIMIT 7 [ RunTime:0.000922s ]
[ sql ] [ SQL ] SELECT `news_content`,`news_title`,`n_id`,`news_columnid`,`news_time` FROM `zs_news` `a` WHERE  `news_open` = '1'  AND `news_l` = 'zh-cn'  AND `news_back` = 0  AND `news_columnid` IN (18) ORDER BY news_time desc LIMIT 7 [ RunTime:0.000624s ]
[ sql ] [ SQL ] SELECT `news_content`,`news_title`,`n_id`,`news_columnid`,`news_time` FROM `zs_news` `a` WHERE  `news_open` = '1'  AND `news_l` = 'zh-cn'  AND `news_back` = 0  AND `news_columnid` IN (16) ORDER BY news_time desc LIMIT 7 [ RunTime:0.000952s ]

---------------------------------------------------------------
[ 2018-03-14T07:30:22+08:00 ] [ sql ] [ DB ] CONNECT:[ UseTime:0.006464s ] mysql:dbname=zhaosheng;host=127.0.0.1;port=3306;charset=utf8
[ sql ] [ SQL ] SHOW COLUMNS FROM `zs_news` [ RunTime:0.005833s ]
[ sql ] [ SQL ] SELECT `news_content`,`news_title`,`n_id`,`news_columnid`,`news_time` FROM `zs_news` `a` WHERE  `news_open` = '1'  AND `news_l` = 'zh-cn'  AND `news_back` = 0  AND `news_columnid` IN (17) ORDER BY news_time desc LIMIT 7 [ RunTime:0.004709s ]
[ sql ] [ SQL ] SELECT `news_content`,`news_title`,`n_id`,`news_columnid`,`news_time` FROM `zs_news` `a` WHERE  `news_open` = '1'  AND `news_l` = 'zh-cn'  AND `news_back` = 0  AND `news_columnid` IN (18) ORDER BY news_time desc LIMIT 7 [ RunTime:0.003041s ]
[ sql ] [ SQL ] SELECT `news_content`,`news_title`,`n_id`,`news_columnid`,`news_time` FROM `zs_news` `a` WHERE  `news_open` = '1'  AND `news_l` = 'zh-cn'  AND `news_back` = 0  AND `news_columnid` IN (16) ORDER BY news_time desc LIMIT 7 [ RunTime:0.000974s ]

---------------------------------------------------------------
[ 2018-03-14T09:30:20+08:00 ] [ log ] Cron:clearlog Runat 2018-03-14 09:30:20 Use 0.001790 s


[ 2018-03-14T09:30:20+08:00 ] [ sql ] [ DB ] CONNECT:[ UseTime:0.008553s ] mysql:dbname=zhaosheng;host=127.0.0.1;port=3306;charset=utf8
[ sql ] [ SQL ] SHOW COLUMNS FROM `zs_news` [ RunTime:0.007521s ]
[ sql ] [ SQL ] SELECT `news_content`,`news_title`,`n_id`,`news_columnid`,`news_time` FROM `zs_news` `a` WHERE  `news_open` = '1'  AND `news_l` = 'zh-cn'  AND `news_back` = 0  AND `news_columnid` IN (17) ORDER BY news_time desc LIMIT 7 [ RunTime:0.000943s ]
[ sql ] [ SQL ] SELECT `news_content`,`news_title`,`n_id`,`news_columnid`,`news_time` FROM `zs_news` `a` WHERE  `news_open` = '1'  AND `news_l` = 'zh-cn'  AND `news_back` = 0  AND `news_columnid` IN (18) ORDER BY news_time desc LIMIT 7 [ RunTime:0.000773s ]
[ sql ] [ SQL ] SELECT `news_content`,`news_title`,`n_id`,`news_columnid`,`news_time` FROM `zs_news` `a` WHERE  `news_open` = '1'  AND `news_l` = 'zh-cn'  AND `news_back` = 0  AND `news_columnid` IN (16) ORDER BY news_time desc LIMIT 7 [ RunTime:0.001291s ]

---------------------------------------------------------------
[ 2018-03-14T10:32:35+08:00 ] [ sql ] [ DB ] CONNECT:[ UseTime:0.010781s ] mysql:dbname=zhaosheng;host=127.0.0.1;port=3306;charset=utf8
[ sql ] [ SQL ] SHOW COLUMNS FROM `zs_news` [ RunTime:0.005614s ]
[ sql ] [ SQL ] SELECT `news_content`,`news_title`,`n_id`,`news_columnid`,`news_time` FROM `zs_news` `a` WHERE  `news_open` = '1'  AND `news_l` = 'zh-cn'  AND `news_back` = 0  AND `news_columnid` IN (17) ORDER BY news_time desc LIMIT 7 [ RunTime:0.000945s ]
[ sql ] [ SQL ] SELECT `news_content`,`news_title`,`n_id`,`news_columnid`,`news_time` FROM `zs_news` `a` WHERE  `news_open` = '1'  AND `news_l` = 'zh-cn'  AND `news_back` = 0  AND `news_columnid` IN (18) ORDER BY news_time desc LIMIT 7 [ RunTime:0.000710s ]
[ sql ] [ SQL ] SELECT `news_content`,`news_title`,`n_id`,`news_columnid`,`news_time` FROM `zs_news` `a` WHERE  `news_open` = '1'  AND `news_l` = 'zh-cn'  AND `news_back` = 0  AND `news_columnid` IN (16) ORDER BY news_time desc LIMIT 7 [ RunTime:0.000834s ]

---------------------------------------------------------------
[ 2018-03-14T11:28:56+08:00 ] [ sql ] [ DB ] CONNECT:[ UseTime:0.007697s ] mysql:dbname=zhaosheng;host=127.0.0.1;port=3306;charset=utf8
[ sql ] [ SQL ] SHOW COLUMNS FROM `zs_news` [ RunTime:0.007392s ]
[ sql ] [ SQL ] SELECT `news_content`,`news_title`,`n_id`,`news_columnid`,`news_time` FROM `zs_news` `a` WHERE  `news_open` = '1'  AND `news_l` = 'zh-cn'  AND `news_back` = 0  AND `news_columnid` IN (17) ORDER BY news_time desc LIMIT 7 [ RunTime:0.000829s ]
[ sql ] [ SQL ] SELECT `news_content`,`news_title`,`n_id`,`news_columnid`,`news_time` FROM `zs_news` `a` WHERE  `news_open` = '1'  AND `news_l` = 'zh-cn'  AND `news_back` = 0  AND `news_columnid` IN (18) ORDER BY news_time desc LIMIT 7 [ RunTime:0.000672s ]
[ sql ] [ SQL ] SELECT `news_content`,`news_title`,`n_id`,`news_columnid`,`news_time` FROM `zs_news` `a` WHERE  `news_open` = '1'  AND `news_l` = 'zh-cn'  AND `news_back` = 0  AND `news_columnid` IN (16) ORDER BY news_time desc LIMIT 7 [ RunTime:0.000789s ]

---------------------------------------------------------------
[ 2018-03-14T11:39:19+08:00 ] [ sql ] [ DB ] CONNECT:[ UseTime:0.005977s ] mysql:dbname=zhaosheng;host=127.0.0.1;port=3306;charset=utf8
[ sql ] [ SQL ] SHOW COLUMNS FROM `zs_news` [ RunTime:0.005504s ]
[ sql ] [ SQL ] SELECT `news_content`,`news_title`,`n_id`,`news_columnid`,`news_time` FROM `zs_news` `a` WHERE  `news_open` = '1'  AND `news_l` = 'zh-cn'  AND `news_back` = 0  AND `news_columnid` IN (17) ORDER BY news_time desc LIMIT 7 [ RunTime:0.000792s ]
[ sql ] [ SQL ] SELECT `news_content`,`news_title`,`n_id`,`news_columnid`,`news_time` FROM `zs_news` `a` WHERE  `news_open` = '1'  AND `news_l` = 'zh-cn'  AND `news_back` = 0  AND `news_columnid` IN (18) ORDER BY news_time desc LIMIT 7 [ RunTime:0.000591s ]
[ sql ] [ SQL ] SELECT `news_content`,`news_title`,`n_id`,`news_columnid`,`news_time` FROM `zs_news` `a` WHERE  `news_open` = '1'  AND `news_l` = 'zh-cn'  AND `news_back` = 0  AND `news_columnid` IN (16) ORDER BY news_time desc LIMIT 7 [ RunTime:0.000773s ]

---------------------------------------------------------------
[ 2018-03-14T13:31:57+08:00 ] [ sql ] [ DB ] CONNECT:[ UseTime:0.006539s ] mysql:dbname=zhaosheng;host=127.0.0.1;port=3306;charset=utf8
[ sql ] [ SQL ] SHOW COLUMNS FROM `zs_news` [ RunTime:0.008156s ]
[ sql ] [ SQL ] SELECT `news_content`,`news_title`,`n_id`,`news_columnid`,`news_time` FROM `zs_news` `a` WHERE  `news_open` = '1'  AND `news_l` = 'zh-cn'  AND `news_back` = 0  AND `news_columnid` IN (17) ORDER BY news_time desc LIMIT 7 [ RunTime:0.001057s ]
[ sql ] [ SQL ] SELECT `news_content`,`news_title`,`n_id`,`news_columnid`,`news_time` FROM `zs_news` `a` WHERE  `news_open` = '1'  AND `news_l` = 'zh-cn'  AND `news_back` = 0  AND `news_columnid` IN (18) ORDER BY news_time desc LIMIT 7 [ RunTime:0.000860s ]
[ sql ] [ SQL ] SELECT `news_content`,`news_title`,`n_id`,`news_columnid`,`news_time` FROM `zs_news` `a` WHERE  `news_open` = '1'  AND `news_l` = 'zh-cn'  AND `news_back` = 0  AND `news_columnid` IN (16) ORDER BY news_time desc LIMIT 7 [ RunTime:0.001097s ]

---------------------------------------------------------------
[ 2018-03-14T14:00:36+08:00 ] [ sql ] [ DB ] CONNECT:[ UseTime:0.008451s ] mysql:dbname=zhaosheng;host=127.0.0.1;port=3306;charset=utf8
[ sql ] [ SQL ] SHOW COLUMNS FROM `zs_news` [ RunTime:0.007802s ]
[ sql ] [ SQL ] SELECT `news_content`,`news_title`,`n_id`,`news_columnid`,`news_time` FROM `zs_news` `a` WHERE  `news_open` = '1'  AND `news_l` = 'zh-cn'  AND `news_back` = 0  AND `news_columnid` IN (17) ORDER BY news_time desc LIMIT 7 [ RunTime:0.002000s ]
[ sql ] [ SQL ] SELECT `news_content`,`news_title`,`n_id`,`news_columnid`,`news_time` FROM `zs_news` `a` WHERE  `news_open` = '1'  AND `news_l` = 'zh-cn'  AND `news_back` = 0  AND `news_columnid` IN (18) ORDER BY news_time desc LIMIT 7 [ RunTime:0.001517s ]
[ sql ] [ SQL ] SELECT `news_content`,`news_title`,`n_id`,`news_columnid`,`news_time` FROM `zs_news` `a` WHERE  `news_open` = '1'  AND `news_l` = 'zh-cn'  AND `news_back` = 0  AND `news_columnid` IN (16) ORDER BY news_time desc LIMIT 7 [ RunTime:0.000872s ]

---------------------------------------------------------------
[ 2018-03-14T15:31:28+08:00 ] [ sql ] [ DB ] CONNECT:[ UseTime:0.006053s ] mysql:dbname=zhaosheng;host=127.0.0.1;port=3306;charset=utf8
[ sql ] [ SQL ] SHOW COLUMNS FROM `zs_news` [ RunTime:0.007748s ]
[ sql ] [ SQL ] SELECT `news_content`,`news_title`,`n_id`,`news_columnid`,`news_time` FROM `zs_news` `a` WHERE  `news_open` = '1'  AND `news_l` = 'zh-cn'  AND `news_back` = 0  AND `news_columnid` IN (17) ORDER BY news_time desc LIMIT 7 [ RunTime:0.000919s ]
[ sql ] [ SQL ] SELECT `news_content`,`news_title`,`n_id`,`news_columnid`,`news_time` FROM `zs_news` `a` WHERE  `news_open` = '1'  AND `news_l` = 'zh-cn'  AND `news_back` = 0  AND `news_columnid` IN (18) ORDER BY news_time desc LIMIT 7 [ RunTime:0.000797s ]
[ sql ] [ SQL ] SELECT `news_content`,`news_title`,`n_id`,`news_columnid`,`news_time` FROM `zs_news` `a` WHERE  `news_open` = '1'  AND `news_l` = 'zh-cn'  AND `news_back` = 0  AND `news_columnid` IN (16) ORDER BY news_time desc LIMIT 7 [ RunTime:0.000857s ]

---------------------------------------------------------------
[ 2018-03-14T16:15:50+08:00 ] [ sql ] [ DB ] CONNECT:[ UseTime:0.006123s ] mysql:dbname=zhaosheng;host=127.0.0.1;port=3306;charset=utf8
[ sql ] [ SQL ] SHOW COLUMNS FROM `zs_news` [ RunTime:0.005635s ]
[ sql ] [ SQL ] SELECT `news_content`,`news_title`,`n_id`,`news_columnid`,`news_time` FROM `zs_news` `a` WHERE  `news_open` = '1'  AND `news_l` = 'zh-cn'  AND `news_back` = 0  AND `news_columnid` IN (17) ORDER BY news_time desc LIMIT 7 [ RunTime:0.009509s ]
[ sql ] [ SQL ] SELECT `news_content`,`news_title`,`n_id`,`news_columnid`,`news_time` FROM `zs_news` `a` WHERE  `news_open` = '1'  AND `news_l` = 'zh-cn'  AND `news_back` = 0  AND `news_columnid` IN (18) ORDER BY news_time desc LIMIT 7 [ RunTime:0.000630s ]
[ sql ] [ SQL ] SELECT `news_content`,`news_title`,`n_id`,`news_columnid`,`news_time` FROM `zs_news` `a` WHERE  `news_open` = '1'  AND `news_l` = 'zh-cn'  AND `news_back` = 0  AND `news_columnid` IN (16) ORDER BY news_time desc LIMIT 7 [ RunTime:0.000786s ]

---------------------------------------------------------------
[ 2018-03-14T16:16:54+08:00 ] [ sql ] [ DB ] CONNECT:[ UseTime:0.017980s ] mysql:dbname=zhaosheng;host=127.0.0.1;port=3306;charset=utf8
[ sql ] [ SQL ] SHOW COLUMNS FROM `zs_news` [ RunTime:0.005684s ]
[ sql ] [ SQL ] SELECT `news_content`,`news_title`,`n_id`,`news_columnid`,`news_time` FROM `zs_news` `a` WHERE  `news_open` = '1'  AND `news_l` = 'zh-cn'  AND `news_back` = 0  AND `news_columnid` IN (17) ORDER BY news_time desc LIMIT 7 [ RunTime:0.000779s ]
[ sql ] [ SQL ] SELECT `news_content`,`news_title`,`n_id`,`news_columnid`,`news_time` FROM `zs_news` `a` WHERE  `news_open` = '1'  AND `news_l` = 'zh-cn'  AND `news_back` = 0  AND `news_columnid` IN (18) ORDER BY news_time desc LIMIT 7 [ RunTime:0.000667s ]
[ sql ] [ SQL ] SELECT `news_content`,`news_title`,`n_id`,`news_columnid`,`news_time` FROM `zs_news` `a` WHERE  `news_open` = '1'  AND `news_l` = 'zh-cn'  AND `news_back` = 0  AND `news_columnid` IN (16) ORDER BY news_time desc LIMIT 7 [ RunTime:0.000847s ]

---------------------------------------------------------------
[ 2018-03-14T16:57:55+08:00 ] [ sql ] [ DB ] CONNECT:[ UseTime:0.008192s ] mysql:dbname=zhaosheng;host=127.0.0.1;port=3306;charset=utf8
[ sql ] [ SQL ] SHOW COLUMNS FROM `zs_web_log` [ RunTime:0.005965s ]
[ sql ] [ SQL ] INSERT INTO `zs_web_log` (`uid` , `ip` , `location` , `os` , `browser` , `url` , `module` , `controller` , `action` , `method` , `data` , `otime`) VALUES (0 , '61.163.107.2' , '中国 河南 郑州 ' , '未知操作系统' , '未知浏览器()' , '/' , 'home' , 'Index' , 'index' , 'POST' , 'a:1:{s:357:\"redirect:${#req=#context_get(\'co\'+\'m_open\'+\'symphony_xwo\'+\'rk2_disp\'+\'atcher_HttpSer\'+\'vletReq\'+\'uest\'),#resp=#context_get(\'co\'+\'m_open\'+\'symphony_xwo\'+\'rk2_disp\'+\'atcher_HttpSer\'+\'vletRes\'+\'ponse\'),#resp_setCharacterEncoding(\'UTF-8\'),#resp_getWriter()_print(\"security_\"),#resp_getWriter()_print(\"check\"),#resp_getWriter()_flush(),#resp_getWriter()_close()}\";s:0:\"\";}' , 1521017875) [ RunTime:0.220536s ]
[ sql ] [ SQL ] SHOW COLUMNS FROM `zs_options` [ RunTime:0.007543s ]
[ sql ] [ SQL ] SELECT * FROM `zs_options` WHERE  `option_name` = 'site_options'  AND `option_l` = 'zh' LIMIT 1 [ RunTime:0.000837s ]
[ error ] [0]Fatal error: Call to a member function toArray() on null

---------------------------------------------------------------
[ 2018-03-14T17:31:04+08:00 ] [ sql ] [ DB ] CONNECT:[ UseTime:0.007903s ] mysql:dbname=zhaosheng;host=127.0.0.1;port=3306;charset=utf8
[ sql ] [ SQL ] SHOW COLUMNS FROM `zs_news` [ RunTime:0.006668s ]
[ sql ] [ SQL ] SELECT `news_content`,`news_title`,`n_id`,`news_columnid`,`news_time` FROM `zs_news` `a` WHERE  `news_open` = '1'  AND `news_l` = 'zh-cn'  AND `news_back` = 0  AND `news_columnid` IN (17) ORDER BY news_time desc LIMIT 7 [ RunTime:0.000792s ]
[ sql ] [ SQL ] SELECT `news_content`,`news_title`,`n_id`,`news_columnid`,`news_time` FROM `zs_news` `a` WHERE  `news_open` = '1'  AND `news_l` = 'zh-cn'  AND `news_back` = 0  AND `news_columnid` IN (18) ORDER BY news_time desc LIMIT 7 [ RunTime:0.000595s ]
[ sql ] [ SQL ] SELECT `news_content`,`news_title`,`n_id`,`news_columnid`,`news_time` FROM `zs_news` `a` WHERE  `news_open` = '1'  AND `news_l` = 'zh-cn'  AND `news_back` = 0  AND `news_columnid` IN (16) ORDER BY news_time desc LIMIT 7 [ RunTime:0.000758s ]

---------------------------------------------------------------
[ 2018-03-14T18:11:18+08:00 ] [ sql ] [ DB ] CONNECT:[ UseTime:0.019864s ] mysql:dbname=zhaosheng;host=127.0.0.1;port=3306;charset=utf8
[ sql ] [ SQL ] SHOW COLUMNS FROM `zs_news` [ RunTime:0.010230s ]
[ sql ] [ SQL ] SELECT `news_content`,`news_title`,`n_id`,`news_columnid`,`news_time` FROM `zs_news` `a` WHERE  `news_open` = '1'  AND `news_l` = 'zh-cn'  AND `news_back` = 0  AND `news_columnid` IN (17) ORDER BY news_time desc LIMIT 7 [ RunTime:0.001995s ]
[ sql ] [ SQL ] SELECT `news_content`,`news_title`,`n_id`,`news_columnid`,`news_time` FROM `zs_news` `a` WHERE  `news_open` = '1'  AND `news_l` = 'zh-cn'  AND `news_back` = 0  AND `news_columnid` IN (18) ORDER BY news_time desc LIMIT 7 [ RunTime:0.003918s ]
[ sql ] [ SQL ] SELECT `news_content`,`news_title`,`n_id`,`news_columnid`,`news_time` FROM `zs_news` `a` WHERE  `news_open` = '1'  AND `news_l` = 'zh-cn'  AND `news_back` = 0  AND `news_columnid` IN (16) ORDER BY news_time desc LIMIT 7 [ RunTime:0.002251s ]

---------------------------------------------------------------
[ 2018-03-14T19:29:46+08:00 ] [ sql ] [ DB ] CONNECT:[ UseTime:0.019313s ] mysql:dbname=zhaosheng;host=127.0.0.1;port=3306;charset=utf8
[ sql ] [ SQL ] SHOW COLUMNS FROM `zs_news` [ RunTime:0.006042s ]
[ sql ] [ SQL ] SELECT `news_content`,`news_title`,`n_id`,`news_columnid`,`news_time` FROM `zs_news` `a` WHERE  `news_open` = '1'  AND `news_l` = 'zh-cn'  AND `news_back` = 0  AND `news_columnid` IN (17) ORDER BY news_time desc LIMIT 7 [ RunTime:0.000922s ]
[ sql ] [ SQL ] SELECT `news_content`,`news_title`,`n_id`,`news_columnid`,`news_time` FROM `zs_news` `a` WHERE  `news_open` = '1'  AND `news_l` = 'zh-cn'  AND `news_back` = 0  AND `news_columnid` IN (18) ORDER BY news_time desc LIMIT 7 [ RunTime:0.000659s ]
[ sql ] [ SQL ] SELECT `news_content`,`news_title`,`n_id`,`news_columnid`,`news_time` FROM `zs_news` `a` WHERE  `news_open` = '1'  AND `news_l` = 'zh-cn'  AND `news_back` = 0  AND `news_columnid` IN (16) ORDER BY news_time desc LIMIT 7 [ RunTime:0.000854s ]

---------------------------------------------------------------
[ 2018-03-14T21:30:43+08:00 ] [ sql ] [ DB ] CONNECT:[ UseTime:0.005955s ] mysql:dbname=zhaosheng;host=127.0.0.1;port=3306;charset=utf8
[ sql ] [ SQL ] SHOW COLUMNS FROM `zs_news` [ RunTime:0.005441s ]
[ sql ] [ SQL ] SELECT `news_content`,`news_title`,`n_id`,`news_columnid`,`news_time` FROM `zs_news` `a` WHERE  `news_open` = '1'  AND `news_l` = 'zh-cn'  AND `news_back` = 0  AND `news_columnid` IN (17) ORDER BY news_time desc LIMIT 7 [ RunTime:0.000945s ]
[ sql ] [ SQL ] SELECT `news_content`,`news_title`,`n_id`,`news_columnid`,`news_time` FROM `zs_news` `a` WHERE  `news_open` = '1'  AND `news_l` = 'zh-cn'  AND `news_back` = 0  AND `news_columnid` IN (18) ORDER BY news_time desc LIMIT 7 [ RunTime:0.000619s ]
[ sql ] [ SQL ] SELECT `news_content`,`news_title`,`n_id`,`news_columnid`,`news_time` FROM `zs_news` `a` WHERE  `news_open` = '1'  AND `news_l` = 'zh-cn'  AND `news_back` = 0  AND `news_columnid` IN (16) ORDER BY news_time desc LIMIT 7 [ RunTime:0.000808s ]

---------------------------------------------------------------
[ 2018-03-14T23:52:49+08:00 ] [ sql ] [ DB ] CONNECT:[ UseTime:0.009278s ] mysql:dbname=zhaosheng;host=127.0.0.1;port=3306;charset=utf8
[ sql ] [ SQL ] SHOW COLUMNS FROM `zs_news` [ RunTime:0.008386s ]
[ sql ] [ SQL ] SELECT `news_content`,`news_title`,`n_id`,`news_columnid`,`news_time` FROM `zs_news` `a` WHERE  `news_open` = '1'  AND `news_l` = 'zh-cn'  AND `news_back` = 0  AND `news_columnid` IN (17) ORDER BY news_time desc LIMIT 7 [ RunTime:0.001219s ]
[ sql ] [ SQL ] SELECT `news_content`,`news_title`,`n_id`,`news_columnid`,`news_time` FROM `zs_news` `a` WHERE  `news_open` = '1'  AND `news_l` = 'zh-cn'  AND `news_back` = 0  AND `news_columnid` IN (18) ORDER BY news_time desc LIMIT 7 [ RunTime:0.000823s ]
[ sql ] [ SQL ] SELECT `news_content`,`news_title`,`n_id`,`news_columnid`,`news_time` FROM `zs_news` `a` WHERE  `news_open` = '1'  AND `news_l` = 'zh-cn'  AND `news_back` = 0  AND `news_columnid` IN (16) ORDER BY news_time desc LIMIT 7 [ RunTime:0.001066s ]

---------------------------------------------------------------
