[ 2017-04-18T05:23:31+08:00 ] [ sql ] [ DB ] CONNECT:[ UseTime:0.012780s ] mysql:dbname=zhaosheng;host=127.0.0.1;port=3306;charset=utf8
[ sql ] [ SQL ] SHOW COLUMNS FROM `zs_news` [ RunTime:0.004842s ]
[ sql ] [ SQL ] SELECT `news_content`,`news_title`,`n_id`,`news_columnid`,`news_time` FROM `zs_news` `a` INNER JOIN `zs_member_list` `b` ON `a`.`news_auto`=`b`.`member_list_id` WHERE  `news_open` = '1'  AND `news_l` = 'zh-cn'  AND `news_back` = 0  AND `news_columnid` IN (17) ORDER BY news_time desc LIMIT 7 [ RunTime:0.000785s ]
[ sql ] [ SQL ] SELECT `news_content`,`news_title`,`n_id`,`news_columnid`,`news_time` FROM `zs_news` `a` INNER JOIN `zs_member_list` `b` ON `a`.`news_auto`=`b`.`member_list_id` WHERE  `news_open` = '1'  AND `news_l` = 'zh-cn'  AND `news_back` = 0  AND `news_columnid` IN (18) ORDER BY news_time desc LIMIT 7 [ RunTime:0.000696s ]
[ sql ] [ SQL ] SELECT `news_content`,`news_title`,`n_id`,`news_columnid`,`news_time` FROM `zs_news` `a` INNER JOIN `zs_member_list` `b` ON `a`.`news_auto`=`b`.`member_list_id` WHERE  `news_open` = '1'  AND `news_l` = 'zh-cn'  AND `news_back` = 0  AND `news_columnid` IN (16) ORDER BY news_time desc LIMIT 7 [ RunTime:0.000541s ]

---------------------------------------------------------------
[ 2017-04-18T08:25:03+08:00 ] [ sql ] [ DB ] CONNECT:[ UseTime:0.002077s ] mysql:dbname=zhaosheng;host=127.0.0.1;port=3306;charset=utf8
[ sql ] [ SQL ] SHOW COLUMNS FROM `zs_news` [ RunTime:0.005006s ]
[ sql ] [ SQL ] SELECT `news_content`,`news_title`,`n_id`,`news_columnid`,`news_time` FROM `zs_news` `a` INNER JOIN `zs_member_list` `b` ON `a`.`news_auto`=`b`.`member_list_id` WHERE  `news_open` = '1'  AND `news_l` = 'zh-cn'  AND `news_back` = 0  AND `news_columnid` IN (17) ORDER BY news_time desc LIMIT 7 [ RunTime:0.000726s ]
[ sql ] [ SQL ] SELECT `news_content`,`news_title`,`n_id`,`news_columnid`,`news_time` FROM `zs_news` `a` INNER JOIN `zs_member_list` `b` ON `a`.`news_auto`=`b`.`member_list_id` WHERE  `news_open` = '1'  AND `news_l` = 'zh-cn'  AND `news_back` = 0  AND `news_columnid` IN (18) ORDER BY news_time desc LIMIT 7 [ RunTime:0.000654s ]
[ sql ] [ SQL ] SELECT `news_content`,`news_title`,`n_id`,`news_columnid`,`news_time` FROM `zs_news` `a` INNER JOIN `zs_member_list` `b` ON `a`.`news_auto`=`b`.`member_list_id` WHERE  `news_open` = '1'  AND `news_l` = 'zh-cn'  AND `news_back` = 0  AND `news_columnid` IN (16) ORDER BY news_time desc LIMIT 7 [ RunTime:0.000535s ]

---------------------------------------------------------------
[ 2017-04-18T08:25:15+08:00 ] [ sql ] [ DB ] CONNECT:[ UseTime:0.008135s ] mysql:dbname=zhaosheng;host=127.0.0.1;port=3306;charset=utf8
[ sql ] [ SQL ] SHOW COLUMNS FROM `zs_news` [ RunTime:0.004381s ]
[ sql ] [ SQL ] SELECT `news_content`,`news_title`,`n_id`,`news_columnid`,`news_time` FROM `zs_news` `a` INNER JOIN `zs_member_list` `b` ON `a`.`news_auto`=`b`.`member_list_id` WHERE  `news_open` = '1'  AND `news_l` = 'zh-cn'  AND `news_back` = 0  AND `news_columnid` IN (17) ORDER BY news_time desc LIMIT 7 [ RunTime:0.000618s ]
[ sql ] [ SQL ] SELECT `news_content`,`news_title`,`n_id`,`news_columnid`,`news_time` FROM `zs_news` `a` INNER JOIN `zs_member_list` `b` ON `a`.`news_auto`=`b`.`member_list_id` WHERE  `news_open` = '1'  AND `news_l` = 'zh-cn'  AND `news_back` = 0  AND `news_columnid` IN (18) ORDER BY news_time desc LIMIT 7 [ RunTime:0.000637s ]
[ sql ] [ SQL ] SELECT `news_content`,`news_title`,`n_id`,`news_columnid`,`news_time` FROM `zs_news` `a` INNER JOIN `zs_member_list` `b` ON `a`.`news_auto`=`b`.`member_list_id` WHERE  `news_open` = '1'  AND `news_l` = 'zh-cn'  AND `news_back` = 0  AND `news_columnid` IN (16) ORDER BY news_time desc LIMIT 7 [ RunTime:0.000525s ]

---------------------------------------------------------------
[ 2017-04-18T14:21:19+08:00 ] [ sql ] [ DB ] CONNECT:[ UseTime:0.001238s ] mysql:dbname=zhaosheng;host=127.0.0.1;port=3306;charset=utf8
[ sql ] [ SQL ] SHOW COLUMNS FROM `zs_menu` [ RunTime:0.004157s ]
[ sql ] [ SQL ] SELECT * FROM `zs_menu` WHERE  `id` = 16 LIMIT 1 [ RunTime:0.000588s ]
[ sql ] [ SQL ] SHOW COLUMNS FROM `zs_model` [ RunTime:0.003688s ]
[ sql ] [ SQL ] SELECT * FROM `zs_model` WHERE  `model_id` = 0 LIMIT 1 [ RunTime:0.000481s ]
[ sql ] [ SQL ] SHOW COLUMNS FROM `zs_news` [ RunTime:0.016885s ]
[ sql ] [ SQL ] SELECT COUNT(*) AS tp_count FROM `zs_news` WHERE  `news_open` = '1'  AND `news_l` = 'zh-cn'  AND `news_back` = 0  AND `news_columnid` IN (16) LIMIT 1 [ RunTime:0.001067s ]
[ sql ] [ SQL ] SELECT COUNT(*) AS tp_count FROM `zs_news` `a` INNER JOIN `zs_member_list` `b` ON `a`.`news_auto`=`b`.`member_list_id` WHERE  `news_open` = '1'  AND `news_l` = 'zh-cn'  AND `news_back` = 0  AND `news_columnid` IN (16) LIMIT 1 [ RunTime:0.000599s ]
[ sql ] [ SQL ] SELECT * FROM `zs_news` `a` INNER JOIN `zs_member_list` `b` ON `a`.`news_auto`=`b`.`member_list_id` WHERE  `news_open` = '1'  AND `news_l` = 'zh-cn'  AND `news_back` = 0  AND `news_columnid` IN (16) ORDER BY news_time desc LIMIT 0,10 [ RunTime:0.001061s ]

---------------------------------------------------------------
