[ 2017-08-07T00:12:31+08:00 ] [ sql ] [ DB ] CONNECT:[ UseTime:0.006254s ] mysql:dbname=zhaosheng;host=127.0.0.1;port=3306;charset=utf8
[ sql ] [ SQL ] SHOW COLUMNS FROM `zs_menu` [ RunTime:0.005897s ]
[ sql ] [ SQL ] SELECT * FROM `zs_menu` WHERE  `id` = 18 LIMIT 1 [ RunTime:0.000748s ]
[ sql ] [ SQL ] SHOW COLUMNS FROM `zs_model` [ RunTime:0.005147s ]
[ sql ] [ SQL ] SELECT * FROM `zs_model` WHERE  `model_id` = 0 LIMIT 1 [ RunTime:0.000587s ]
[ sql ] [ SQL ] SHOW COLUMNS FROM `zs_news` [ RunTime:0.005272s ]
[ sql ] [ SQL ] SELECT COUNT(*) AS tp_count FROM `zs_news` WHERE  `news_open` = '1'  AND `news_l` = 'zh-cn'  AND `news_back` = 0  AND `news_columnid` IN (18) LIMIT 1 [ RunTime:0.000724s ]
[ sql ] [ SQL ] SELECT COUNT(*) AS tp_count FROM `zs_news` `a` WHERE  `news_open` = '1'  AND `news_l` = 'zh-cn'  AND `news_back` = 0  AND `news_columnid` IN (18) LIMIT 1 [ RunTime:0.000731s ]
[ sql ] [ SQL ] SELECT * FROM `zs_news` `a` WHERE  `news_open` = '1'  AND `news_l` = 'zh-cn'  AND `news_back` = 0  AND `news_columnid` IN (18) ORDER BY news_time desc LIMIT 0,10 [ RunTime:0.000858s ]

---------------------------------------------------------------
[ 2017-08-07T02:05:17+08:00 ] [ sql ] [ DB ] CONNECT:[ UseTime:0.006706s ] mysql:dbname=zhaosheng;host=127.0.0.1;port=3306;charset=utf8
[ sql ] [ SQL ] SHOW COLUMNS FROM `zs_menu` [ RunTime:0.005649s ]
[ sql ] [ SQL ] SELECT * FROM `zs_menu` WHERE  `id` = 18 LIMIT 1 [ RunTime:0.000701s ]
[ sql ] [ SQL ] SHOW COLUMNS FROM `zs_model` [ RunTime:0.004880s ]
[ sql ] [ SQL ] SELECT * FROM `zs_model` WHERE  `model_id` = 0 LIMIT 1 [ RunTime:0.000515s ]
[ sql ] [ SQL ] SHOW COLUMNS FROM `zs_news` [ RunTime:0.005203s ]
[ sql ] [ SQL ] SELECT COUNT(*) AS tp_count FROM `zs_news` WHERE  `news_open` = '1'  AND `news_l` = 'zh-cn'  AND `news_back` = 0  AND `news_columnid` IN (18) LIMIT 1 [ RunTime:0.000770s ]
[ sql ] [ SQL ] SELECT COUNT(*) AS tp_count FROM `zs_news` `a` WHERE  `news_open` = '1'  AND `news_l` = 'zh-cn'  AND `news_back` = 0  AND `news_columnid` IN (18) LIMIT 1 [ RunTime:0.000774s ]
[ sql ] [ SQL ] SELECT * FROM `zs_news` `a` WHERE  `news_open` = '1'  AND `news_l` = 'zh-cn'  AND `news_back` = 0  AND `news_columnid` IN (18) ORDER BY news_time desc LIMIT 0,10 [ RunTime:0.000833s ]

---------------------------------------------------------------
[ 2017-08-07T06:25:58+08:00 ] [ sql ] [ DB ] CONNECT:[ UseTime:0.006989s ] mysql:dbname=zhaosheng;host=127.0.0.1;port=3306;charset=utf8
[ sql ] [ SQL ] SHOW COLUMNS FROM `zs_news` [ RunTime:0.005748s ]
[ sql ] [ SQL ] SELECT * FROM `zs_news` `a` INNER JOIN `zs_admin` `b` ON `a`.`news_auto`=`b`.`admin_id` WHERE  `n_id` = 40  AND `news_open` = '1'  AND `news_back` = 0 LIMIT 1 [ RunTime:0.001158s ]
[ sql ] [ SQL ] SHOW COLUMNS FROM `zs_menu` [ RunTime:0.005006s ]
[ sql ] [ SQL ] SELECT * FROM `zs_menu` WHERE  `id` = 17 LIMIT 1 [ RunTime:0.000539s ]
[ sql ] [ SQL ] SHOW COLUMNS FROM `zs_action_log` [ RunTime:0.005155s ]
[ sql ] [ SQL ] SELECT * FROM `zs_action_log` WHERE  `uid` = 0  AND `action` = 'home-News-index'  AND `object` = 'news40' LIMIT 1 [ RunTime:0.000657s ]
[ sql ] [ SQL ] UPDATE `zs_action_log`  SET `count`=count+1,`last_time`=1502058358,`ip`='106.11.158.28'  WHERE  `uid` = 0  AND `action` = 'home-News-index'  AND `object` = 'news40' [ RunTime:0.000584s ]
[ sql ] [ SQL ] UPDATE `zs_news`  SET `news_hits`=news_hits+1  WHERE  `n_id` = 40 [ RunTime:0.000475s ]
[ sql ] [ SQL ] SELECT * FROM `zs_news` WHERE  `news_time` >= 1490535723  AND `n_id` <> 40  AND `news_open` = '1'  AND `news_back` = 0  AND `news_columnid` = 17 ORDER BY news_time asc LIMIT 1 [ RunTime:0.000890s ]
[ sql ] [ SQL ] SELECT * FROM `zs_news` WHERE  `news_time` <= 1490535723  AND `n_id` <> 40  AND `news_open` = '1'  AND `news_back` = 0  AND `news_columnid` = 17 ORDER BY news_time desc LIMIT 1 [ RunTime:0.000796s ]
[ sql ] [ SQL ] SHOW COLUMNS FROM `zs_comments` [ RunTime:0.004957s ]
[ sql ] [ SQL ] SELECT * FROM `zs_comments` `a` INNER JOIN `zs_member_list` `b` ON `a`.`uid`=`b`.`member_list_id` WHERE  `a`.`t_name` = 'news'  AND `a`.`t_id` = '40'  AND `a`.`c_status` = 1 ORDER BY a.createtime ASC [ RunTime:0.000744s ]

---------------------------------------------------------------
[ 2017-08-07T10:09:17+08:00 ] [ sql ] [ DB ] CONNECT:[ UseTime:0.017232s ] mysql:dbname=zhaosheng;host=127.0.0.1;port=3306;charset=utf8
[ sql ] [ SQL ] SHOW COLUMNS FROM `zs_news` [ RunTime:0.006318s ]
[ sql ] [ SQL ] SELECT `news_content`,`news_title`,`n_id`,`news_columnid`,`news_time` FROM `zs_news` `a` WHERE  `news_open` = '1'  AND `news_l` = 'zh-cn'  AND `news_back` = 0  AND `news_columnid` IN (17) ORDER BY news_time desc LIMIT 7 [ RunTime:0.000997s ]
[ sql ] [ SQL ] SELECT `news_content`,`news_title`,`n_id`,`news_columnid`,`news_time` FROM `zs_news` `a` WHERE  `news_open` = '1'  AND `news_l` = 'zh-cn'  AND `news_back` = 0  AND `news_columnid` IN (18) ORDER BY news_time desc LIMIT 7 [ RunTime:0.000765s ]
[ sql ] [ SQL ] SELECT `news_content`,`news_title`,`n_id`,`news_columnid`,`news_time` FROM `zs_news` `a` WHERE  `news_open` = '1'  AND `news_l` = 'zh-cn'  AND `news_back` = 0  AND `news_columnid` IN (16) ORDER BY news_time desc LIMIT 7 [ RunTime:0.001212s ]

---------------------------------------------------------------
[ 2017-08-07T11:43:50+08:00 ] [ sql ] [ DB ] CONNECT:[ UseTime:0.006666s ] mysql:dbname=zhaosheng;host=127.0.0.1;port=3306;charset=utf8
[ sql ] [ SQL ] SHOW COLUMNS FROM `zs_news` [ RunTime:0.005891s ]
[ sql ] [ SQL ] SELECT `news_content`,`news_title`,`n_id`,`news_columnid`,`news_time` FROM `zs_news` `a` WHERE  `news_open` = '1'  AND `news_l` = 'zh-cn'  AND `news_back` = 0  AND `news_columnid` IN (17) ORDER BY news_time desc LIMIT 7 [ RunTime:0.000844s ]
[ sql ] [ SQL ] SELECT `news_content`,`news_title`,`n_id`,`news_columnid`,`news_time` FROM `zs_news` `a` WHERE  `news_open` = '1'  AND `news_l` = 'zh-cn'  AND `news_back` = 0  AND `news_columnid` IN (18) ORDER BY news_time desc LIMIT 7 [ RunTime:0.000654s ]
[ sql ] [ SQL ] SELECT `news_content`,`news_title`,`n_id`,`news_columnid`,`news_time` FROM `zs_news` `a` WHERE  `news_open` = '1'  AND `news_l` = 'zh-cn'  AND `news_back` = 0  AND `news_columnid` IN (16) ORDER BY news_time desc LIMIT 7 [ RunTime:0.000852s ]

---------------------------------------------------------------
[ 2017-08-07T11:44:02+08:00 ] [ sql ] [ DB ] CONNECT:[ UseTime:0.013146s ] mysql:dbname=zhaosheng;host=127.0.0.1;port=3306;charset=utf8
[ sql ] [ SQL ] SHOW COLUMNS FROM `zs_web_log` [ RunTime:0.005360s ]
[ sql ] [ SQL ] INSERT INTO `zs_web_log` (`uid` , `ip` , `location` , `os` , `browser` , `url` , `module` , `controller` , `action` , `method` , `data` , `otime`) VALUES (0 , '183.21.197.169' , '中国 广东 韶关 ' , 'Linux' , 'Chrome(49.0.0.0)' , '/home/login/runlogin.html' , 'home' , 'Login' , 'runlogin' , 'Ajax' , 's:12:\"保密数据\";' , 1502077441) [ RunTime:0.003741s ]
[ sql ] [ SQL ] SHOW COLUMNS FROM `zs_member_list` [ RunTime:0.008550s ]
[ sql ] [ SQL ] SELECT * FROM `zs_member_list` WHERE  `member_list_username` = '440281200011192413' LIMIT 1 [ RunTime:0.001585s ]
[ sql ] [ SQL ] UPDATE `zs_member_list`  SET `last_login_time`=1502077442,`last_login_ip`='183.21.197.169'  WHERE  `member_list_id` = 1255 [ RunTime:0.000597s ]
[ sql ] [ SQL ] SHOW COLUMNS FROM `zs_admin` [ RunTime:0.005876s ]
[ sql ] [ SQL ] SELECT * FROM `zs_admin` WHERE  `member_id` = 1255 LIMIT 1 [ RunTime:0.000735s ]

---------------------------------------------------------------
[ 2017-08-07T11:44:02+08:00 ] [ sql ] [ DB ] CONNECT:[ UseTime:0.012574s ] mysql:dbname=zhaosheng;host=127.0.0.1;port=3306;charset=utf8
[ sql ] [ SQL ] SHOW COLUMNS FROM `zs_member_list` [ RunTime:0.005493s ]
[ sql ] [ SQL ] SELECT * FROM `zs_member_list` WHERE  `member_list_id` = 1255 LIMIT 1 [ RunTime:0.000746s ]
[ sql ] [ SQL ] SHOW COLUMNS FROM `zs_admin` [ RunTime:0.005034s ]
[ sql ] [ SQL ] SELECT * FROM `zs_admin` WHERE  `member_id` = 1255 LIMIT 1 [ RunTime:0.000665s ]
[ sql ] [ SQL ] SELECT * FROM `zs_member_list` `m` INNER JOIN `zs_member_info` `mi` ON `m`.`member_list_id`=`mi`.`member_list_id` WHERE  `m`.`member_list_id` = 1255 LIMIT 1 [ RunTime:0.005906s ]
[ sql ] [ SQL ] SHOW COLUMNS FROM `zs_major` [ RunTime:0.004975s ]
[ sql ] [ SQL ] SELECT * FROM `zs_major` WHERE  `major_id` = 16 LIMIT 1 [ RunTime:0.000516s ]
[ sql ] [ SQL ] SHOW COLUMNS FROM `zs_school` [ RunTime:0.004744s ]
[ sql ] [ SQL ] SELECT * FROM `zs_school` WHERE  `school_id` = 12 LIMIT 1 [ RunTime:0.000497s ]
[ sql ] [ SQL ] SHOW COLUMNS FROM `zs_recruit_major` [ RunTime:0.004772s ]
[ sql ] [ SQL ] SELECT * FROM `zs_recruit_major` `rm` INNER JOIN `zs_enrollment` `e` ON `e`.`recruit_major_id`=`rm`.`recruit_major_id` WHERE  `e`.`major_ids` LIKE '%,16,%'  AND `e`.`school_id` = 12 LIMIT 1 [ RunTime:0.000662s ]

---------------------------------------------------------------
[ 2017-08-07T11:44:07+08:00 ] [ sql ] [ DB ] CONNECT:[ UseTime:0.013787s ] mysql:dbname=zhaosheng;host=127.0.0.1;port=3306;charset=utf8
[ sql ] [ SQL ] SHOW COLUMNS FROM `zs_member_list` [ RunTime:0.007967s ]
[ sql ] [ SQL ] SELECT * FROM `zs_member_list` WHERE  `member_list_id` = 1255 LIMIT 1 [ RunTime:0.000765s ]
[ sql ] [ SQL ] SHOW COLUMNS FROM `zs_admin` [ RunTime:0.005093s ]
[ sql ] [ SQL ] SELECT * FROM `zs_admin` WHERE  `member_id` = 1255 LIMIT 1 [ RunTime:0.000688s ]
[ sql ] [ SQL ] SHOW COLUMNS FROM `zs_major` [ RunTime:0.005227s ]
[ sql ] [ SQL ] SELECT * FROM `zs_major` WHERE  `major_id` = 16 LIMIT 1 [ RunTime:0.000544s ]
[ sql ] [ SQL ] SHOW COLUMNS FROM `zs_major_score_config` [ RunTime:0.004891s ]
[ sql ] [ SQL ] SELECT * FROM `zs_major_score_config` WHERE  `major_id` = 16  AND `school_id` = 12 LIMIT 1 [ RunTime:0.000694s ]

---------------------------------------------------------------
[ 2017-08-07T11:44:09+08:00 ] [ sql ] [ DB ] CONNECT:[ UseTime:0.037499s ] mysql:dbname=zhaosheng;host=127.0.0.1;port=3306;charset=utf8
[ sql ] [ SQL ] SHOW COLUMNS FROM `zs_member_list` [ RunTime:0.005558s ]
[ sql ] [ SQL ] SELECT * FROM `zs_member_list` WHERE  `member_list_id` = 1255 LIMIT 1 [ RunTime:0.000786s ]
[ sql ] [ SQL ] SHOW COLUMNS FROM `zs_admin` [ RunTime:0.005285s ]
[ sql ] [ SQL ] SELECT * FROM `zs_admin` WHERE  `member_id` = 1255 LIMIT 1 [ RunTime:0.000623s ]
[ sql ] [ SQL ] SELECT * FROM `zs_member_list` `m` INNER JOIN `zs_member_info` `mi` ON `m`.`member_list_id`=`mi`.`member_list_id` WHERE  `m`.`member_list_id` = 1255 LIMIT 1 [ RunTime:0.005660s ]
[ sql ] [ SQL ] SHOW COLUMNS FROM `zs_major` [ RunTime:0.005215s ]
[ sql ] [ SQL ] SELECT * FROM `zs_major` WHERE  `major_id` = 16 LIMIT 1 [ RunTime:0.000506s ]
[ sql ] [ SQL ] SHOW COLUMNS FROM `zs_school` [ RunTime:0.004778s ]
[ sql ] [ SQL ] SELECT * FROM `zs_school` WHERE  `school_id` = 12 LIMIT 1 [ RunTime:0.000488s ]
[ sql ] [ SQL ] SHOW COLUMNS FROM `zs_recruit_major` [ RunTime:0.004726s ]
[ sql ] [ SQL ] SELECT * FROM `zs_recruit_major` `rm` INNER JOIN `zs_enrollment` `e` ON `e`.`recruit_major_id`=`rm`.`recruit_major_id` WHERE  `e`.`major_ids` LIKE '%,16,%'  AND `e`.`school_id` = 12 LIMIT 1 [ RunTime:0.000656s ]

---------------------------------------------------------------
[ 2017-08-07T11:44:27+08:00 ] [ sql ] [ DB ] CONNECT:[ UseTime:0.011597s ] mysql:dbname=zhaosheng;host=127.0.0.1;port=3306;charset=utf8
[ sql ] [ SQL ] SHOW COLUMNS FROM `zs_member_list` [ RunTime:0.005585s ]
[ sql ] [ SQL ] SELECT * FROM `zs_member_list` WHERE  `member_list_id` = 1255 LIMIT 1 [ RunTime:0.000769s ]
[ sql ] [ SQL ] SHOW COLUMNS FROM `zs_admin` [ RunTime:0.005230s ]
[ sql ] [ SQL ] SELECT * FROM `zs_admin` WHERE  `member_id` = 1255 LIMIT 1 [ RunTime:0.000636s ]
[ sql ] [ SQL ] SELECT * FROM `zs_member_list` `m` INNER JOIN `zs_member_info` `mi` ON `m`.`member_list_id`=`mi`.`member_list_id` WHERE  `m`.`member_list_id` = 1255 LIMIT 1 [ RunTime:0.005666s ]
[ sql ] [ SQL ] SHOW COLUMNS FROM `zs_major` [ RunTime:0.005146s ]
[ sql ] [ SQL ] SELECT * FROM `zs_major` WHERE  `major_id` = 16 LIMIT 1 [ RunTime:0.000493s ]
[ sql ] [ SQL ] SHOW COLUMNS FROM `zs_school` [ RunTime:0.004765s ]
[ sql ] [ SQL ] SELECT * FROM `zs_school` WHERE  `school_id` = 12 LIMIT 1 [ RunTime:0.000442s ]
[ sql ] [ SQL ] SHOW COLUMNS FROM `zs_recruit_major` [ RunTime:0.004768s ]
[ sql ] [ SQL ] SELECT * FROM `zs_recruit_major` `rm` INNER JOIN `zs_enrollment` `e` ON `e`.`recruit_major_id`=`rm`.`recruit_major_id` WHERE  `e`.`major_ids` LIKE '%,16,%'  AND `e`.`school_id` = 12 LIMIT 1 [ RunTime:0.000601s ]

---------------------------------------------------------------
[ 2017-08-07T11:45:00+08:00 ] [ sql ] [ DB ] CONNECT:[ UseTime:0.003917s ] mysql:dbname=zhaosheng;host=127.0.0.1;port=3306;charset=utf8
[ sql ] [ SQL ] SHOW COLUMNS FROM `zs_member_list` [ RunTime:0.005550s ]
[ sql ] [ SQL ] SELECT * FROM `zs_member_list` WHERE  `member_list_id` = 1255 LIMIT 1 [ RunTime:0.000842s ]
[ sql ] [ SQL ] SHOW COLUMNS FROM `zs_admin` [ RunTime:0.005365s ]
[ sql ] [ SQL ] SELECT * FROM `zs_admin` WHERE  `member_id` = 1255 LIMIT 1 [ RunTime:0.002885s ]
[ sql ] [ SQL ] SHOW COLUMNS FROM `zs_news` [ RunTime:0.006880s ]
[ sql ] [ SQL ] SELECT `news_content`,`news_title`,`n_id`,`news_columnid`,`news_time` FROM `zs_news` `a` WHERE  `news_open` = '1'  AND `news_l` = 'zh-cn'  AND `news_back` = 0  AND `news_columnid` IN (17) ORDER BY news_time desc LIMIT 7 [ RunTime:0.000833s ]
[ sql ] [ SQL ] SELECT `news_content`,`news_title`,`n_id`,`news_columnid`,`news_time` FROM `zs_news` `a` WHERE  `news_open` = '1'  AND `news_l` = 'zh-cn'  AND `news_back` = 0  AND `news_columnid` IN (18) ORDER BY news_time desc LIMIT 7 [ RunTime:0.000624s ]
[ sql ] [ SQL ] SELECT `news_content`,`news_title`,`n_id`,`news_columnid`,`news_time` FROM `zs_news` `a` WHERE  `news_open` = '1'  AND `news_l` = 'zh-cn'  AND `news_back` = 0  AND `news_columnid` IN (16) ORDER BY news_time desc LIMIT 7 [ RunTime:0.000802s ]

---------------------------------------------------------------
[ 2017-08-07T11:45:02+08:00 ] [ sql ] [ DB ] CONNECT:[ UseTime:0.013766s ] mysql:dbname=zhaosheng;host=127.0.0.1;port=3306;charset=utf8
[ sql ] [ SQL ] SHOW COLUMNS FROM `zs_member_list` [ RunTime:0.006083s ]
[ sql ] [ SQL ] SELECT * FROM `zs_member_list` WHERE  `member_list_id` = 1255 LIMIT 1 [ RunTime:0.000823s ]
[ sql ] [ SQL ] SHOW COLUMNS FROM `zs_admin` [ RunTime:0.005275s ]
[ sql ] [ SQL ] SELECT * FROM `zs_admin` WHERE  `member_id` = 1255 LIMIT 1 [ RunTime:0.000806s ]
[ sql ] [ SQL ] SHOW COLUMNS FROM `zs_menu` [ RunTime:0.005373s ]
[ sql ] [ SQL ] SELECT * FROM `zs_menu` WHERE  `id` = 16 LIMIT 1 [ RunTime:0.003068s ]
[ sql ] [ SQL ] SHOW COLUMNS FROM `zs_model` [ RunTime:0.005098s ]
[ sql ] [ SQL ] SELECT * FROM `zs_model` WHERE  `model_id` = 0 LIMIT 1 [ RunTime:0.000569s ]
[ sql ] [ SQL ] SHOW COLUMNS FROM `zs_news` [ RunTime:0.005870s ]
[ sql ] [ SQL ] SELECT COUNT(*) AS tp_count FROM `zs_news` WHERE  `news_open` = '1'  AND `news_l` = 'zh-cn'  AND `news_back` = 0  AND `news_columnid` IN (16) LIMIT 1 [ RunTime:0.000743s ]
[ sql ] [ SQL ] SELECT COUNT(*) AS tp_count FROM `zs_news` `a` WHERE  `news_open` = '1'  AND `news_l` = 'zh-cn'  AND `news_back` = 0  AND `news_columnid` IN (16) LIMIT 1 [ RunTime:0.000878s ]
[ sql ] [ SQL ] SELECT * FROM `zs_news` `a` WHERE  `news_open` = '1'  AND `news_l` = 'zh-cn'  AND `news_back` = 0  AND `news_columnid` IN (16) ORDER BY news_time desc LIMIT 0,10 [ RunTime:0.001053s ]

---------------------------------------------------------------
[ 2017-08-07T11:45:11+08:00 ] [ sql ] [ DB ] CONNECT:[ UseTime:0.004748s ] mysql:dbname=zhaosheng;host=127.0.0.1;port=3306;charset=utf8
[ sql ] [ SQL ] SHOW COLUMNS FROM `zs_member_list` [ RunTime:0.006352s ]
[ sql ] [ SQL ] SELECT * FROM `zs_member_list` WHERE  `member_list_id` = 1255 LIMIT 1 [ RunTime:0.000754s ]
[ sql ] [ SQL ] SHOW COLUMNS FROM `zs_admin` [ RunTime:0.021428s ]
[ sql ] [ SQL ] SELECT * FROM `zs_admin` WHERE  `member_id` = 1255 LIMIT 1 [ RunTime:0.000691s ]
[ sql ] [ SQL ] SHOW COLUMNS FROM `zs_news` [ RunTime:0.005770s ]
[ sql ] [ SQL ] SELECT * FROM `zs_news` `a` INNER JOIN `zs_admin` `b` ON `a`.`news_auto`=`b`.`admin_id` WHERE  `n_id` = 43  AND `news_open` = '1'  AND `news_back` = 0 LIMIT 1 [ RunTime:0.000981s ]
[ sql ] [ SQL ] SHOW COLUMNS FROM `zs_menu` [ RunTime:0.005175s ]
[ sql ] [ SQL ] SELECT * FROM `zs_menu` WHERE  `id` = 16 LIMIT 1 [ RunTime:0.000588s ]
[ sql ] [ SQL ] SHOW COLUMNS FROM `zs_action_log` [ RunTime:0.007291s ]
[ sql ] [ SQL ] SELECT * FROM `zs_action_log` WHERE  `uid` = 1255  AND `action` = 'home-News-index'  AND `object` = 'news43' LIMIT 1 [ RunTime:0.000772s ]
[ sql ] [ SQL ] UPDATE `zs_action_log`  SET `count`=count+1,`last_time`=1502077511,`ip`='183.21.197.169'  WHERE  `uid` = 1255  AND `action` = 'home-News-index'  AND `object` = 'news43' [ RunTime:0.000696s ]
[ sql ] [ SQL ] UPDATE `zs_news`  SET `news_hits`=news_hits+1  WHERE  `n_id` = 43 [ RunTime:0.000565s ]
[ sql ] [ SQL ] SELECT * FROM `zs_news` WHERE  `news_time` >= 1490535915  AND `n_id` <> 43  AND `news_open` = '1'  AND `news_back` = 0  AND `news_columnid` = 16 ORDER BY news_time asc LIMIT 1 [ RunTime:0.001487s ]
[ sql ] [ SQL ] SELECT * FROM `zs_news` WHERE  `news_time` <= 1490535915  AND `n_id` <> 43  AND `news_open` = '1'  AND `news_back` = 0  AND `news_columnid` = 16 ORDER BY news_time desc LIMIT 1 [ RunTime:0.000921s ]
[ sql ] [ SQL ] SHOW COLUMNS FROM `zs_comments` [ RunTime:0.005232s ]
[ sql ] [ SQL ] SELECT * FROM `zs_comments` `a` INNER JOIN `zs_member_list` `b` ON `a`.`uid`=`b`.`member_list_id` WHERE  `a`.`t_name` = 'news'  AND `a`.`t_id` = '43'  AND `a`.`c_status` = 1 ORDER BY a.createtime ASC [ RunTime:0.000840s ]

---------------------------------------------------------------
[ 2017-08-07T11:45:21+08:00 ] [ sql ] [ DB ] CONNECT:[ UseTime:0.017867s ] mysql:dbname=zhaosheng;host=127.0.0.1;port=3306;charset=utf8
[ sql ] [ SQL ] SHOW COLUMNS FROM `zs_member_list` [ RunTime:0.005566s ]
[ sql ] [ SQL ] SELECT * FROM `zs_member_list` WHERE  `member_list_id` = 1255 LIMIT 1 [ RunTime:0.000830s ]
[ sql ] [ SQL ] SHOW COLUMNS FROM `zs_admin` [ RunTime:0.007438s ]
[ sql ] [ SQL ] SELECT * FROM `zs_admin` WHERE  `member_id` = 1255 LIMIT 1 [ RunTime:0.002348s ]
[ sql ] [ SQL ] SHOW COLUMNS FROM `zs_menu` [ RunTime:0.005388s ]
[ sql ] [ SQL ] SELECT * FROM `zs_menu` WHERE  `id` = 17 LIMIT 1 [ RunTime:0.000595s ]
[ sql ] [ SQL ] SHOW COLUMNS FROM `zs_model` [ RunTime:0.004982s ]
[ sql ] [ SQL ] SELECT * FROM `zs_model` WHERE  `model_id` = 0 LIMIT 1 [ RunTime:0.000514s ]
[ sql ] [ SQL ] SHOW COLUMNS FROM `zs_news` [ RunTime:0.005164s ]
[ sql ] [ SQL ] SELECT COUNT(*) AS tp_count FROM `zs_news` WHERE  `news_open` = '1'  AND `news_l` = 'zh-cn'  AND `news_back` = 0  AND `news_columnid` IN (17) LIMIT 1 [ RunTime:0.000666s ]
[ sql ] [ SQL ] SELECT COUNT(*) AS tp_count FROM `zs_news` `a` WHERE  `news_open` = '1'  AND `news_l` = 'zh-cn'  AND `news_back` = 0  AND `news_columnid` IN (17) LIMIT 1 [ RunTime:0.000677s ]
[ sql ] [ SQL ] SELECT * FROM `zs_news` `a` WHERE  `news_open` = '1'  AND `news_l` = 'zh-cn'  AND `news_back` = 0  AND `news_columnid` IN (17) ORDER BY news_time desc LIMIT 0,10 [ RunTime:0.000863s ]

---------------------------------------------------------------
[ 2017-08-07T11:45:29+08:00 ] [ sql ] [ DB ] CONNECT:[ UseTime:0.012500s ] mysql:dbname=zhaosheng;host=127.0.0.1;port=3306;charset=utf8
[ sql ] [ SQL ] SHOW COLUMNS FROM `zs_member_list` [ RunTime:0.005793s ]
[ sql ] [ SQL ] SELECT * FROM `zs_member_list` WHERE  `member_list_id` = 1255 LIMIT 1 [ RunTime:0.000775s ]
[ sql ] [ SQL ] SHOW COLUMNS FROM `zs_admin` [ RunTime:0.005165s ]
[ sql ] [ SQL ] SELECT * FROM `zs_admin` WHERE  `member_id` = 1255 LIMIT 1 [ RunTime:0.000636s ]
[ sql ] [ SQL ] SHOW COLUMNS FROM `zs_menu` [ RunTime:0.005528s ]
[ sql ] [ SQL ] SELECT * FROM `zs_menu` WHERE  `id` = 16 LIMIT 1 [ RunTime:0.000604s ]
[ sql ] [ SQL ] SHOW COLUMNS FROM `zs_model` [ RunTime:0.005061s ]
[ sql ] [ SQL ] SELECT * FROM `zs_model` WHERE  `model_id` = 0 LIMIT 1 [ RunTime:0.000506s ]
[ sql ] [ SQL ] SHOW COLUMNS FROM `zs_news` [ RunTime:0.005324s ]
[ sql ] [ SQL ] SELECT COUNT(*) AS tp_count FROM `zs_news` WHERE  `news_open` = '1'  AND `news_l` = 'zh-cn'  AND `news_back` = 0  AND `news_columnid` IN (16) LIMIT 1 [ RunTime:0.000735s ]
[ sql ] [ SQL ] SELECT COUNT(*) AS tp_count FROM `zs_news` `a` WHERE  `news_open` = '1'  AND `news_l` = 'zh-cn'  AND `news_back` = 0  AND `news_columnid` IN (16) LIMIT 1 [ RunTime:0.000700s ]
[ sql ] [ SQL ] SELECT * FROM `zs_news` `a` WHERE  `news_open` = '1'  AND `news_l` = 'zh-cn'  AND `news_back` = 0  AND `news_columnid` IN (16) ORDER BY news_time desc LIMIT 0,10 [ RunTime:0.001003s ]

---------------------------------------------------------------
[ 2017-08-07T11:45:31+08:00 ] [ sql ] [ DB ] CONNECT:[ UseTime:0.017399s ] mysql:dbname=zhaosheng;host=127.0.0.1;port=3306;charset=utf8
[ sql ] [ SQL ] SHOW COLUMNS FROM `zs_menu` [ RunTime:0.005400s ]
[ sql ] [ SQL ] SELECT * FROM `zs_menu` WHERE  `id` = 17 LIMIT 1 [ RunTime:0.001681s ]
[ sql ] [ SQL ] SHOW COLUMNS FROM `zs_model` [ RunTime:0.006014s ]
[ sql ] [ SQL ] SELECT * FROM `zs_model` WHERE  `model_id` = 0 LIMIT 1 [ RunTime:0.000510s ]
[ sql ] [ SQL ] SHOW COLUMNS FROM `zs_news` [ RunTime:0.005500s ]
[ sql ] [ SQL ] SELECT COUNT(*) AS tp_count FROM `zs_news` WHERE  `news_open` = '1'  AND `news_l` = 'zh-cn'  AND `news_back` = 0  AND `news_columnid` IN (17) LIMIT 1 [ RunTime:0.001123s ]
[ sql ] [ SQL ] SELECT COUNT(*) AS tp_count FROM `zs_news` `a` WHERE  `news_open` = '1'  AND `news_l` = 'zh-cn'  AND `news_back` = 0  AND `news_columnid` IN (17) LIMIT 1 [ RunTime:0.000664s ]
[ sql ] [ SQL ] SELECT * FROM `zs_news` `a` WHERE  `news_open` = '1'  AND `news_l` = 'zh-cn'  AND `news_back` = 0  AND `news_columnid` IN (17) ORDER BY news_time desc LIMIT 0,10 [ RunTime:0.000816s ]

---------------------------------------------------------------
[ 2017-08-07T11:45:33+08:00 ] [ sql ] [ DB ] CONNECT:[ UseTime:0.004556s ] mysql:dbname=zhaosheng;host=127.0.0.1;port=3306;charset=utf8
[ sql ] [ SQL ] SHOW COLUMNS FROM `zs_member_list` [ RunTime:0.007693s ]
[ sql ] [ SQL ] SELECT * FROM `zs_member_list` WHERE  `member_list_id` = 1255 LIMIT 1 [ RunTime:0.000763s ]
[ sql ] [ SQL ] SHOW COLUMNS FROM `zs_admin` [ RunTime:0.005413s ]
[ sql ] [ SQL ] SELECT * FROM `zs_admin` WHERE  `member_id` = 1255 LIMIT 1 [ RunTime:0.000609s ]
[ sql ] [ SQL ] SHOW COLUMNS FROM `zs_menu` [ RunTime:0.006217s ]
[ sql ] [ SQL ] SELECT * FROM `zs_menu` WHERE  `id` = 17 LIMIT 1 [ RunTime:0.000572s ]
[ sql ] [ SQL ] SHOW COLUMNS FROM `zs_model` [ RunTime:0.005307s ]
[ sql ] [ SQL ] SELECT * FROM `zs_model` WHERE  `model_id` = 0 LIMIT 1 [ RunTime:0.000735s ]
[ sql ] [ SQL ] SHOW COLUMNS FROM `zs_news` [ RunTime:0.005739s ]
[ sql ] [ SQL ] SELECT COUNT(*) AS tp_count FROM `zs_news` WHERE  `news_open` = '1'  AND `news_l` = 'zh-cn'  AND `news_back` = 0  AND `news_columnid` IN (17) LIMIT 1 [ RunTime:0.000796s ]
[ sql ] [ SQL ] SELECT COUNT(*) AS tp_count FROM `zs_news` `a` WHERE  `news_open` = '1'  AND `news_l` = 'zh-cn'  AND `news_back` = 0  AND `news_columnid` IN (17) LIMIT 1 [ RunTime:0.000688s ]
[ sql ] [ SQL ] SELECT * FROM `zs_news` `a` WHERE  `news_open` = '1'  AND `news_l` = 'zh-cn'  AND `news_back` = 0  AND `news_columnid` IN (17) ORDER BY news_time desc LIMIT 0,10 [ RunTime:0.000869s ]

---------------------------------------------------------------
[ 2017-08-07T11:45:34+08:00 ] [ sql ] [ DB ] CONNECT:[ UseTime:0.029807s ] mysql:dbname=zhaosheng;host=127.0.0.1;port=3306;charset=utf8
[ sql ] [ SQL ] SHOW COLUMNS FROM `zs_member_list` [ RunTime:0.010852s ]
[ sql ] [ SQL ] SELECT * FROM `zs_member_list` WHERE  `member_list_id` = 1255 LIMIT 1 [ RunTime:0.016872s ]
[ sql ] [ SQL ] SHOW COLUMNS FROM `zs_admin` [ RunTime:0.017633s ]
[ sql ] [ SQL ] SELECT * FROM `zs_admin` WHERE  `member_id` = 1255 LIMIT 1 [ RunTime:0.000730s ]
[ sql ] [ SQL ] SHOW COLUMNS FROM `zs_news` [ RunTime:0.006005s ]
[ sql ] [ SQL ] SELECT * FROM `zs_news` `a` INNER JOIN `zs_admin` `b` ON `a`.`news_auto`=`b`.`admin_id` WHERE  `n_id` = 40  AND `news_open` = '1'  AND `news_back` = 0 LIMIT 1 [ RunTime:0.001049s ]
[ sql ] [ SQL ] SHOW COLUMNS FROM `zs_menu` [ RunTime:0.005557s ]
[ sql ] [ SQL ] SELECT * FROM `zs_menu` WHERE  `id` = 17 LIMIT 1 [ RunTime:0.000614s ]
[ sql ] [ SQL ] SHOW COLUMNS FROM `zs_action_log` [ RunTime:0.007154s ]
[ sql ] [ SQL ] SELECT * FROM `zs_action_log` WHERE  `uid` = 1255  AND `action` = 'home-News-index'  AND `object` = 'news40' LIMIT 1 [ RunTime:0.001068s ]
[ sql ] [ SQL ] UPDATE `zs_action_log`  SET `count`=count+1,`last_time`=1502077534,`ip`='183.21.197.169'  WHERE  `uid` = 1255  AND `action` = 'home-News-index'  AND `object` = 'news40' [ RunTime:0.000718s ]
[ sql ] [ SQL ] UPDATE `zs_news`  SET `news_hits`=news_hits+1  WHERE  `n_id` = 40 [ RunTime:0.000561s ]
[ sql ] [ SQL ] SELECT * FROM `zs_news` WHERE  `news_time` >= 1490535723  AND `n_id` <> 40  AND `news_open` = '1'  AND `news_back` = 0  AND `news_columnid` = 17 ORDER BY news_time asc LIMIT 1 [ RunTime:0.000936s ]
[ sql ] [ SQL ] SELECT * FROM `zs_news` WHERE  `news_time` <= 1490535723  AND `n_id` <> 40  AND `news_open` = '1'  AND `news_back` = 0  AND `news_columnid` = 17 ORDER BY news_time desc LIMIT 1 [ RunTime:0.001047s ]
[ sql ] [ SQL ] SHOW COLUMNS FROM `zs_comments` [ RunTime:0.005416s ]
[ sql ] [ SQL ] SELECT * FROM `zs_comments` `a` INNER JOIN `zs_member_list` `b` ON `a`.`uid`=`b`.`member_list_id` WHERE  `a`.`t_name` = 'news'  AND `a`.`t_id` = '40'  AND `a`.`c_status` = 1 ORDER BY a.createtime ASC [ RunTime:0.000800s ]

---------------------------------------------------------------
[ 2017-08-07T11:45:56+08:00 ] [ sql ] [ DB ] CONNECT:[ UseTime:0.010080s ] mysql:dbname=zhaosheng;host=127.0.0.1;port=3306;charset=utf8
[ sql ] [ SQL ] SHOW COLUMNS FROM `zs_member_list` [ RunTime:0.005764s ]
[ sql ] [ SQL ] SELECT * FROM `zs_member_list` WHERE  `member_list_id` = 1255 LIMIT 1 [ RunTime:0.001029s ]
[ sql ] [ SQL ] SHOW COLUMNS FROM `zs_admin` [ RunTime:0.007763s ]
[ sql ] [ SQL ] SELECT * FROM `zs_admin` WHERE  `member_id` = 1255 LIMIT 1 [ RunTime:0.003063s ]
[ sql ] [ SQL ] SHOW COLUMNS FROM `zs_menu` [ RunTime:0.008528s ]
[ sql ] [ SQL ] SELECT * FROM `zs_menu` WHERE  `id` = 18 LIMIT 1 [ RunTime:0.000618s ]
[ sql ] [ SQL ] SHOW COLUMNS FROM `zs_model` [ RunTime:0.006113s ]
[ sql ] [ SQL ] SELECT * FROM `zs_model` WHERE  `model_id` = 0 LIMIT 1 [ RunTime:0.000574s ]
[ sql ] [ SQL ] SHOW COLUMNS FROM `zs_news` [ RunTime:0.005834s ]
[ sql ] [ SQL ] SELECT COUNT(*) AS tp_count FROM `zs_news` WHERE  `news_open` = '1'  AND `news_l` = 'zh-cn'  AND `news_back` = 0  AND `news_columnid` IN (18) LIMIT 1 [ RunTime:0.000763s ]
[ sql ] [ SQL ] SELECT COUNT(*) AS tp_count FROM `zs_news` `a` WHERE  `news_open` = '1'  AND `news_l` = 'zh-cn'  AND `news_back` = 0  AND `news_columnid` IN (18) LIMIT 1 [ RunTime:0.000682s ]
[ sql ] [ SQL ] SELECT * FROM `zs_news` `a` WHERE  `news_open` = '1'  AND `news_l` = 'zh-cn'  AND `news_back` = 0  AND `news_columnid` IN (18) ORDER BY news_time desc LIMIT 0,10 [ RunTime:0.000803s ]

---------------------------------------------------------------
[ 2017-08-07T11:46:10+08:00 ] [ sql ] [ DB ] CONNECT:[ UseTime:0.004063s ] mysql:dbname=zhaosheng;host=127.0.0.1;port=3306;charset=utf8
[ sql ] [ SQL ] SHOW COLUMNS FROM `zs_member_list` [ RunTime:0.006511s ]
[ sql ] [ SQL ] SELECT * FROM `zs_member_list` WHERE  `member_list_id` = 1255 LIMIT 1 [ RunTime:0.000836s ]
[ sql ] [ SQL ] SHOW COLUMNS FROM `zs_admin` [ RunTime:0.005743s ]
[ sql ] [ SQL ] SELECT * FROM `zs_admin` WHERE  `member_id` = 1255 LIMIT 1 [ RunTime:0.000658s ]
[ sql ] [ SQL ] SHOW COLUMNS FROM `zs_news` [ RunTime:0.006155s ]
[ sql ] [ SQL ] SELECT `news_content`,`news_title`,`n_id`,`news_columnid`,`news_time` FROM `zs_news` `a` WHERE  `news_open` = '1'  AND `news_l` = 'zh-cn'  AND `news_back` = 0  AND `news_columnid` IN (17) ORDER BY news_time desc LIMIT 7 [ RunTime:0.000774s ]
[ sql ] [ SQL ] SELECT `news_content`,`news_title`,`n_id`,`news_columnid`,`news_time` FROM `zs_news` `a` WHERE  `news_open` = '1'  AND `news_l` = 'zh-cn'  AND `news_back` = 0  AND `news_columnid` IN (18) ORDER BY news_time desc LIMIT 7 [ RunTime:0.000646s ]
[ sql ] [ SQL ] SELECT `news_content`,`news_title`,`n_id`,`news_columnid`,`news_time` FROM `zs_news` `a` WHERE  `news_open` = '1'  AND `news_l` = 'zh-cn'  AND `news_back` = 0  AND `news_columnid` IN (16) ORDER BY news_time desc LIMIT 7 [ RunTime:0.000842s ]

---------------------------------------------------------------
[ 2017-08-07T11:52:32+08:00 ] [ sql ] [ DB ] CONNECT:[ UseTime:0.006262s ] mysql:dbname=zhaosheng;host=127.0.0.1;port=3306;charset=utf8
[ sql ] [ SQL ] SHOW COLUMNS FROM `zs_news` [ RunTime:0.005686s ]
[ sql ] [ SQL ] SELECT `news_content`,`news_title`,`n_id`,`news_columnid`,`news_time` FROM `zs_news` `a` WHERE  `news_open` = '1'  AND `news_l` = 'zh-cn'  AND `news_back` = 0  AND `news_columnid` IN (17) ORDER BY news_time desc LIMIT 7 [ RunTime:0.000811s ]
[ sql ] [ SQL ] SELECT `news_content`,`news_title`,`n_id`,`news_columnid`,`news_time` FROM `zs_news` `a` WHERE  `news_open` = '1'  AND `news_l` = 'zh-cn'  AND `news_back` = 0  AND `news_columnid` IN (18) ORDER BY news_time desc LIMIT 7 [ RunTime:0.000659s ]
[ sql ] [ SQL ] SELECT `news_content`,`news_title`,`n_id`,`news_columnid`,`news_time` FROM `zs_news` `a` WHERE  `news_open` = '1'  AND `news_l` = 'zh-cn'  AND `news_back` = 0  AND `news_columnid` IN (16) ORDER BY news_time desc LIMIT 7 [ RunTime:0.000833s ]

---------------------------------------------------------------
[ 2017-08-07T11:53:45+08:00 ] [ sql ] [ DB ] CONNECT:[ UseTime:0.009648s ] mysql:dbname=zhaosheng;host=127.0.0.1;port=3306;charset=utf8
[ sql ] [ SQL ] SHOW COLUMNS FROM `zs_menu` [ RunTime:0.005372s ]
[ sql ] [ SQL ] SELECT * FROM `zs_menu` WHERE  `id` = 16 LIMIT 1 [ RunTime:0.000669s ]
[ sql ] [ SQL ] SHOW COLUMNS FROM `zs_model` [ RunTime:0.005121s ]
[ sql ] [ SQL ] SELECT * FROM `zs_model` WHERE  `model_id` = 0 LIMIT 1 [ RunTime:0.000520s ]
[ sql ] [ SQL ] SHOW COLUMNS FROM `zs_news` [ RunTime:0.005227s ]
[ sql ] [ SQL ] SELECT COUNT(*) AS tp_count FROM `zs_news` WHERE  `news_open` = '1'  AND `news_l` = 'zh-cn'  AND `news_back` = 0  AND `news_columnid` IN (16) LIMIT 1 [ RunTime:0.000759s ]
[ sql ] [ SQL ] SELECT COUNT(*) AS tp_count FROM `zs_news` `a` WHERE  `news_open` = '1'  AND `news_l` = 'zh-cn'  AND `news_back` = 0  AND `news_columnid` IN (16) LIMIT 1 [ RunTime:0.000751s ]
[ sql ] [ SQL ] SELECT * FROM `zs_news` `a` WHERE  `news_open` = '1'  AND `news_l` = 'zh-cn'  AND `news_back` = 0  AND `news_columnid` IN (16) ORDER BY news_time desc LIMIT 0,10 [ RunTime:0.001072s ]

---------------------------------------------------------------
[ 2017-08-07T11:53:47+08:00 ] [ sql ] [ DB ] CONNECT:[ UseTime:0.011203s ] mysql:dbname=zhaosheng;host=127.0.0.1;port=3306;charset=utf8
[ sql ] [ SQL ] SHOW COLUMNS FROM `zs_news` [ RunTime:0.006117s ]
[ sql ] [ SQL ] SELECT * FROM `zs_news` `a` INNER JOIN `zs_admin` `b` ON `a`.`news_auto`=`b`.`admin_id` WHERE  `n_id` = 43  AND `news_open` = '1'  AND `news_back` = 0 LIMIT 1 [ RunTime:0.001251s ]
[ sql ] [ SQL ] SHOW COLUMNS FROM `zs_menu` [ RunTime:0.004975s ]
[ sql ] [ SQL ] SELECT * FROM `zs_menu` WHERE  `id` = 16 LIMIT 1 [ RunTime:0.000504s ]
[ sql ] [ SQL ] SHOW COLUMNS FROM `zs_action_log` [ RunTime:0.005177s ]
[ sql ] [ SQL ] SELECT * FROM `zs_action_log` WHERE  `uid` = 0  AND `action` = 'home-News-index'  AND `object` = 'news43' LIMIT 1 [ RunTime:0.000678s ]
[ sql ] [ SQL ] UPDATE `zs_action_log`  SET `count`=count+1,`last_time`=1502078027,`ip`='101.226.66.179'  WHERE  `uid` = 0  AND `action` = 'home-News-index'  AND `object` = 'news43' [ RunTime:0.000675s ]
[ sql ] [ SQL ] UPDATE `zs_news`  SET `news_hits`=news_hits+1  WHERE  `n_id` = 43 [ RunTime:0.000510s ]
[ sql ] [ SQL ] SELECT * FROM `zs_news` WHERE  `news_time` >= 1490535915  AND `n_id` <> 43  AND `news_open` = '1'  AND `news_back` = 0  AND `news_columnid` = 16 ORDER BY news_time asc LIMIT 1 [ RunTime:0.000845s ]
[ sql ] [ SQL ] SELECT * FROM `zs_news` WHERE  `news_time` <= 1490535915  AND `n_id` <> 43  AND `news_open` = '1'  AND `news_back` = 0  AND `news_columnid` = 16 ORDER BY news_time desc LIMIT 1 [ RunTime:0.000876s ]
[ sql ] [ SQL ] SHOW COLUMNS FROM `zs_comments` [ RunTime:0.005146s ]
[ sql ] [ SQL ] SELECT * FROM `zs_comments` `a` INNER JOIN `zs_member_list` `b` ON `a`.`uid`=`b`.`member_list_id` WHERE  `a`.`t_name` = 'news'  AND `a`.`t_id` = '43'  AND `a`.`c_status` = 1 ORDER BY a.createtime ASC [ RunTime:0.000662s ]

---------------------------------------------------------------
[ 2017-08-07T11:54:31+08:00 ] [ sql ] [ DB ] CONNECT:[ UseTime:0.006585s ] mysql:dbname=zhaosheng;host=127.0.0.1;port=3306;charset=utf8
[ sql ] [ SQL ] SHOW COLUMNS FROM `zs_news` [ RunTime:0.005615s ]
[ sql ] [ SQL ] SELECT * FROM `zs_news` `a` INNER JOIN `zs_admin` `b` ON `a`.`news_auto`=`b`.`admin_id` WHERE  `n_id` = 40  AND `news_open` = '1'  AND `news_back` = 0 LIMIT 1 [ RunTime:0.001065s ]
[ sql ] [ SQL ] SHOW COLUMNS FROM `zs_menu` [ RunTime:0.006105s ]
[ sql ] [ SQL ] SELECT * FROM `zs_menu` WHERE  `id` = 17 LIMIT 1 [ RunTime:0.000546s ]
[ sql ] [ SQL ] SHOW COLUMNS FROM `zs_action_log` [ RunTime:0.005908s ]
[ sql ] [ SQL ] SELECT * FROM `zs_action_log` WHERE  `uid` = 0  AND `action` = 'home-News-index'  AND `object` = 'news40' LIMIT 1 [ RunTime:0.000624s ]
[ sql ] [ SQL ] UPDATE `zs_action_log`  SET `count`=count+1,`last_time`=1502078071,`ip`='101.226.33.203'  WHERE  `uid` = 0  AND `action` = 'home-News-index'  AND `object` = 'news40' [ RunTime:0.000618s ]
[ sql ] [ SQL ] UPDATE `zs_news`  SET `news_hits`=news_hits+1  WHERE  `n_id` = 40 [ RunTime:0.000528s ]
[ sql ] [ SQL ] SELECT * FROM `zs_news` WHERE  `news_time` >= 1490535723  AND `n_id` <> 40  AND `news_open` = '1'  AND `news_back` = 0  AND `news_columnid` = 17 ORDER BY news_time asc LIMIT 1 [ RunTime:0.000842s ]
[ sql ] [ SQL ] SELECT * FROM `zs_news` WHERE  `news_time` <= 1490535723  AND `n_id` <> 40  AND `news_open` = '1'  AND `news_back` = 0  AND `news_columnid` = 17 ORDER BY news_time desc LIMIT 1 [ RunTime:0.000838s ]
[ sql ] [ SQL ] SHOW COLUMNS FROM `zs_comments` [ RunTime:0.004783s ]
[ sql ] [ SQL ] SELECT * FROM `zs_comments` `a` INNER JOIN `zs_member_list` `b` ON `a`.`uid`=`b`.`member_list_id` WHERE  `a`.`t_name` = 'news'  AND `a`.`t_id` = '40'  AND `a`.`c_status` = 1 ORDER BY a.createtime ASC [ RunTime:0.000670s ]

---------------------------------------------------------------
[ 2017-08-07T11:54:37+08:00 ] [ sql ] [ DB ] CONNECT:[ UseTime:0.018463s ] mysql:dbname=zhaosheng;host=127.0.0.1;port=3306;charset=utf8
[ sql ] [ SQL ] SHOW COLUMNS FROM `zs_menu` [ RunTime:0.005476s ]
[ sql ] [ SQL ] SELECT * FROM `zs_menu` WHERE  `id` = 18 LIMIT 1 [ RunTime:0.000722s ]
[ sql ] [ SQL ] SHOW COLUMNS FROM `zs_model` [ RunTime:0.007688s ]
[ sql ] [ SQL ] SELECT * FROM `zs_model` WHERE  `model_id` = 0 LIMIT 1 [ RunTime:0.001376s ]
[ sql ] [ SQL ] SHOW COLUMNS FROM `zs_news` [ RunTime:0.005458s ]
[ sql ] [ SQL ] SELECT COUNT(*) AS tp_count FROM `zs_news` WHERE  `news_open` = '1'  AND `news_l` = 'zh-cn'  AND `news_back` = 0  AND `news_columnid` IN (18) LIMIT 1 [ RunTime:0.000766s ]
[ sql ] [ SQL ] SELECT COUNT(*) AS tp_count FROM `zs_news` `a` WHERE  `news_open` = '1'  AND `news_l` = 'zh-cn'  AND `news_back` = 0  AND `news_columnid` IN (18) LIMIT 1 [ RunTime:0.000841s ]
[ sql ] [ SQL ] SELECT * FROM `zs_news` `a` WHERE  `news_open` = '1'  AND `news_l` = 'zh-cn'  AND `news_back` = 0  AND `news_columnid` IN (18) ORDER BY news_time desc LIMIT 0,10 [ RunTime:0.000862s ]

---------------------------------------------------------------
[ 2017-08-07T11:56:19+08:00 ] [ error ] [8]未定义变量: error

---------------------------------------------------------------
[ 2017-08-07T12:10:37+08:00 ] [ sql ] [ DB ] CONNECT:[ UseTime:0.041017s ] mysql:dbname=zhaosheng;host=127.0.0.1;port=3306;charset=utf8
[ sql ] [ SQL ] SHOW COLUMNS FROM `zs_news` [ RunTime:0.007471s ]
[ sql ] [ SQL ] SELECT `news_content`,`news_title`,`n_id`,`news_columnid`,`news_time` FROM `zs_news` `a` WHERE  `news_open` = '1'  AND `news_l` = 'zh-cn'  AND `news_back` = 0  AND `news_columnid` IN (17) ORDER BY news_time desc LIMIT 7 [ RunTime:0.000957s ]
[ sql ] [ SQL ] SELECT `news_content`,`news_title`,`n_id`,`news_columnid`,`news_time` FROM `zs_news` `a` WHERE  `news_open` = '1'  AND `news_l` = 'zh-cn'  AND `news_back` = 0  AND `news_columnid` IN (18) ORDER BY news_time desc LIMIT 7 [ RunTime:0.000673s ]
[ sql ] [ SQL ] SELECT `news_content`,`news_title`,`n_id`,`news_columnid`,`news_time` FROM `zs_news` `a` WHERE  `news_open` = '1'  AND `news_l` = 'zh-cn'  AND `news_back` = 0  AND `news_columnid` IN (16) ORDER BY news_time desc LIMIT 7 [ RunTime:0.000841s ]

---------------------------------------------------------------
[ 2017-08-07T12:46:05+08:00 ] [ sql ] [ DB ] CONNECT:[ UseTime:0.006225s ] mysql:dbname=zhaosheng;host=127.0.0.1;port=3306;charset=utf8
[ sql ] [ SQL ] SHOW COLUMNS FROM `zs_news` [ RunTime:0.006857s ]
[ sql ] [ SQL ] SELECT `news_content`,`news_title`,`n_id`,`news_columnid`,`news_time` FROM `zs_news` `a` WHERE  `news_open` = '1'  AND `news_l` = 'zh-cn'  AND `news_back` = 0  AND `news_columnid` IN (17) ORDER BY news_time desc LIMIT 7 [ RunTime:0.000824s ]
[ sql ] [ SQL ] SELECT `news_content`,`news_title`,`n_id`,`news_columnid`,`news_time` FROM `zs_news` `a` WHERE  `news_open` = '1'  AND `news_l` = 'zh-cn'  AND `news_back` = 0  AND `news_columnid` IN (18) ORDER BY news_time desc LIMIT 7 [ RunTime:0.000645s ]
[ sql ] [ SQL ] SELECT `news_content`,`news_title`,`n_id`,`news_columnid`,`news_time` FROM `zs_news` `a` WHERE  `news_open` = '1'  AND `news_l` = 'zh-cn'  AND `news_back` = 0  AND `news_columnid` IN (16) ORDER BY news_time desc LIMIT 7 [ RunTime:0.000795s ]

---------------------------------------------------------------
[ 2017-08-07T14:10:02+08:00 ] [ sql ] [ DB ] CONNECT:[ UseTime:0.011122s ] mysql:dbname=zhaosheng;host=127.0.0.1;port=3306;charset=utf8
[ sql ] [ SQL ] SHOW COLUMNS FROM `zs_news` [ RunTime:0.006146s ]
[ sql ] [ SQL ] SELECT * FROM `zs_news` `a` INNER JOIN `zs_admin` `b` ON `a`.`news_auto`=`b`.`admin_id` WHERE  `n_id` = 40  AND `news_open` = '1'  AND `news_back` = 0 LIMIT 1 [ RunTime:0.001167s ]
[ sql ] [ SQL ] SHOW COLUMNS FROM `zs_menu` [ RunTime:0.005194s ]
[ sql ] [ SQL ] SELECT * FROM `zs_menu` WHERE  `id` = 17 LIMIT 1 [ RunTime:0.000548s ]
[ sql ] [ SQL ] SHOW COLUMNS FROM `zs_action_log` [ RunTime:0.004854s ]
[ sql ] [ SQL ] SELECT * FROM `zs_action_log` WHERE  `uid` = 0  AND `action` = 'home-News-index'  AND `object` = 'news40' LIMIT 1 [ RunTime:0.000662s ]
[ sql ] [ SQL ] UPDATE `zs_action_log`  SET `count`=count+1,`last_time`=1502086202,`ip`='14.152.64.159'  WHERE  `uid` = 0  AND `action` = 'home-News-index'  AND `object` = 'news40' [ RunTime:0.000692s ]
[ sql ] [ SQL ] UPDATE `zs_news`  SET `news_hits`=news_hits+1  WHERE  `n_id` = 40 [ RunTime:0.000538s ]
[ sql ] [ SQL ] SELECT * FROM `zs_news` WHERE  `news_time` >= 1490535723  AND `n_id` <> 40  AND `news_open` = '1'  AND `news_back` = 0  AND `news_columnid` = 17 ORDER BY news_time asc LIMIT 1 [ RunTime:0.000908s ]
[ sql ] [ SQL ] SELECT * FROM `zs_news` WHERE  `news_time` <= 1490535723  AND `n_id` <> 40  AND `news_open` = '1'  AND `news_back` = 0  AND `news_columnid` = 17 ORDER BY news_time desc LIMIT 1 [ RunTime:0.000860s ]
[ sql ] [ SQL ] SHOW COLUMNS FROM `zs_comments` [ RunTime:0.005041s ]
[ sql ] [ SQL ] SELECT * FROM `zs_comments` `a` INNER JOIN `zs_member_list` `b` ON `a`.`uid`=`b`.`member_list_id` WHERE  `a`.`t_name` = 'news'  AND `a`.`t_id` = '40'  AND `a`.`c_status` = 1 ORDER BY a.createtime ASC [ RunTime:0.000760s ]

---------------------------------------------------------------
[ 2017-08-07T14:14:00+08:00 ] [ sql ] [ DB ] CONNECT:[ UseTime:0.007112s ] mysql:dbname=zhaosheng;host=127.0.0.1;port=3306;charset=utf8
[ sql ] [ SQL ] SHOW COLUMNS FROM `zs_news` [ RunTime:0.006428s ]
[ sql ] [ SQL ] SELECT `news_content`,`news_title`,`n_id`,`news_columnid`,`news_time` FROM `zs_news` `a` WHERE  `news_open` = '1'  AND `news_l` = 'zh-cn'  AND `news_back` = 0  AND `news_columnid` IN (17) ORDER BY news_time desc LIMIT 7 [ RunTime:0.000923s ]
[ sql ] [ SQL ] SELECT `news_content`,`news_title`,`n_id`,`news_columnid`,`news_time` FROM `zs_news` `a` WHERE  `news_open` = '1'  AND `news_l` = 'zh-cn'  AND `news_back` = 0  AND `news_columnid` IN (18) ORDER BY news_time desc LIMIT 7 [ RunTime:0.000745s ]
[ sql ] [ SQL ] SELECT `news_content`,`news_title`,`n_id`,`news_columnid`,`news_time` FROM `zs_news` `a` WHERE  `news_open` = '1'  AND `news_l` = 'zh-cn'  AND `news_back` = 0  AND `news_columnid` IN (16) ORDER BY news_time desc LIMIT 7 [ RunTime:0.000991s ]

---------------------------------------------------------------
[ 2017-08-07T14:14:09+08:00 ] [ sql ] [ DB ] CONNECT:[ UseTime:0.012547s ] mysql:dbname=zhaosheng;host=127.0.0.1;port=3306;charset=utf8
[ sql ] [ SQL ] SHOW COLUMNS FROM `zs_news` [ RunTime:0.005668s ]
[ sql ] [ SQL ] SELECT * FROM `zs_news` `a` INNER JOIN `zs_admin` `b` ON `a`.`news_auto`=`b`.`admin_id` WHERE  `n_id` = 40  AND `news_open` = '1'  AND `news_back` = 0 LIMIT 1 [ RunTime:0.001040s ]
[ sql ] [ SQL ] SHOW COLUMNS FROM `zs_menu` [ RunTime:0.004775s ]
[ sql ] [ SQL ] SELECT * FROM `zs_menu` WHERE  `id` = 17 LIMIT 1 [ RunTime:0.000504s ]
[ sql ] [ SQL ] SHOW COLUMNS FROM `zs_action_log` [ RunTime:0.004785s ]
[ sql ] [ SQL ] SELECT * FROM `zs_action_log` WHERE  `uid` = 0  AND `action` = 'home-News-index'  AND `object` = 'news40' LIMIT 1 [ RunTime:0.001683s ]
[ sql ] [ SQL ] UPDATE `zs_action_log`  SET `count`=count+1,`last_time`=1502086449,`ip`='120.239.65.100'  WHERE  `uid` = 0  AND `action` = 'home-News-index'  AND `object` = 'news40' [ RunTime:0.000983s ]
[ sql ] [ SQL ] UPDATE `zs_news`  SET `news_hits`=news_hits+1  WHERE  `n_id` = 40 [ RunTime:0.000451s ]
[ sql ] [ SQL ] SELECT * FROM `zs_news` WHERE  `news_time` >= 1490535723  AND `n_id` <> 40  AND `news_open` = '1'  AND `news_back` = 0  AND `news_columnid` = 17 ORDER BY news_time asc LIMIT 1 [ RunTime:0.000851s ]
[ sql ] [ SQL ] SELECT * FROM `zs_news` WHERE  `news_time` <= 1490535723  AND `n_id` <> 40  AND `news_open` = '1'  AND `news_back` = 0  AND `news_columnid` = 17 ORDER BY news_time desc LIMIT 1 [ RunTime:0.000782s ]
[ sql ] [ SQL ] SHOW COLUMNS FROM `zs_comments` [ RunTime:0.004862s ]
[ sql ] [ SQL ] SELECT * FROM `zs_comments` `a` INNER JOIN `zs_member_list` `b` ON `a`.`uid`=`b`.`member_list_id` WHERE  `a`.`t_name` = 'news'  AND `a`.`t_id` = '40'  AND `a`.`c_status` = 1 ORDER BY a.createtime ASC [ RunTime:0.000708s ]

---------------------------------------------------------------
[ 2017-08-07T14:14:12+08:00 ] [ sql ] [ DB ] CONNECT:[ UseTime:0.004668s ] mysql:dbname=zhaosheng;host=127.0.0.1;port=3306;charset=utf8
[ sql ] [ SQL ] SHOW COLUMNS FROM `zs_news` [ RunTime:0.005741s ]
[ sql ] [ SQL ] SELECT `news_content`,`news_title`,`n_id`,`news_columnid`,`news_time` FROM `zs_news` `a` WHERE  `news_open` = '1'  AND `news_l` = 'zh-cn'  AND `news_back` = 0  AND `news_columnid` IN (17) ORDER BY news_time desc LIMIT 7 [ RunTime:0.000904s ]
[ sql ] [ SQL ] SELECT `news_content`,`news_title`,`n_id`,`news_columnid`,`news_time` FROM `zs_news` `a` WHERE  `news_open` = '1'  AND `news_l` = 'zh-cn'  AND `news_back` = 0  AND `news_columnid` IN (18) ORDER BY news_time desc LIMIT 7 [ RunTime:0.000648s ]
[ sql ] [ SQL ] SELECT `news_content`,`news_title`,`n_id`,`news_columnid`,`news_time` FROM `zs_news` `a` WHERE  `news_open` = '1'  AND `news_l` = 'zh-cn'  AND `news_back` = 0  AND `news_columnid` IN (16) ORDER BY news_time desc LIMIT 7 [ RunTime:0.000833s ]

---------------------------------------------------------------
[ 2017-08-07T14:14:15+08:00 ] [ sql ] [ DB ] CONNECT:[ UseTime:0.017384s ] mysql:dbname=zhaosheng;host=127.0.0.1;port=3306;charset=utf8
[ sql ] [ SQL ] SHOW COLUMNS FROM `zs_menu` [ RunTime:0.005312s ]
[ sql ] [ SQL ] SELECT * FROM `zs_menu` WHERE  `id` = 16 LIMIT 1 [ RunTime:0.000696s ]
[ sql ] [ SQL ] SHOW COLUMNS FROM `zs_model` [ RunTime:0.005066s ]
[ sql ] [ SQL ] SELECT * FROM `zs_model` WHERE  `model_id` = 0 LIMIT 1 [ RunTime:0.000539s ]
[ sql ] [ SQL ] SHOW COLUMNS FROM `zs_news` [ RunTime:0.005203s ]
[ sql ] [ SQL ] SELECT COUNT(*) AS tp_count FROM `zs_news` WHERE  `news_open` = '1'  AND `news_l` = 'zh-cn'  AND `news_back` = 0  AND `news_columnid` IN (16) LIMIT 1 [ RunTime:0.000671s ]
[ sql ] [ SQL ] SELECT COUNT(*) AS tp_count FROM `zs_news` `a` WHERE  `news_open` = '1'  AND `news_l` = 'zh-cn'  AND `news_back` = 0  AND `news_columnid` IN (16) LIMIT 1 [ RunTime:0.000699s ]
[ sql ] [ SQL ] SELECT * FROM `zs_news` `a` WHERE  `news_open` = '1'  AND `news_l` = 'zh-cn'  AND `news_back` = 0  AND `news_columnid` IN (16) ORDER BY news_time desc LIMIT 0,10 [ RunTime:0.000950s ]

---------------------------------------------------------------
[ 2017-08-07T14:14:16+08:00 ] [ sql ] [ DB ] CONNECT:[ UseTime:0.016882s ] mysql:dbname=zhaosheng;host=127.0.0.1;port=3306;charset=utf8
[ sql ] [ SQL ] SHOW COLUMNS FROM `zs_menu` [ RunTime:0.005570s ]
[ sql ] [ SQL ] SELECT * FROM `zs_menu` WHERE  `id` = 17 LIMIT 1 [ RunTime:0.000678s ]
[ sql ] [ SQL ] SHOW COLUMNS FROM `zs_model` [ RunTime:0.005158s ]
[ sql ] [ SQL ] SELECT * FROM `zs_model` WHERE  `model_id` = 0 LIMIT 1 [ RunTime:0.000540s ]
[ sql ] [ SQL ] SHOW COLUMNS FROM `zs_news` [ RunTime:0.005181s ]
[ sql ] [ SQL ] SELECT COUNT(*) AS tp_count FROM `zs_news` WHERE  `news_open` = '1'  AND `news_l` = 'zh-cn'  AND `news_back` = 0  AND `news_columnid` IN (17) LIMIT 1 [ RunTime:0.000692s ]
[ sql ] [ SQL ] SELECT COUNT(*) AS tp_count FROM `zs_news` `a` WHERE  `news_open` = '1'  AND `news_l` = 'zh-cn'  AND `news_back` = 0  AND `news_columnid` IN (17) LIMIT 1 [ RunTime:0.000715s ]
[ sql ] [ SQL ] SELECT * FROM `zs_news` `a` WHERE  `news_open` = '1'  AND `news_l` = 'zh-cn'  AND `news_back` = 0  AND `news_columnid` IN (17) ORDER BY news_time desc LIMIT 0,10 [ RunTime:0.000878s ]

---------------------------------------------------------------
[ 2017-08-07T14:14:30+08:00 ] [ sql ] [ DB ] CONNECT:[ UseTime:0.016520s ] mysql:dbname=zhaosheng;host=127.0.0.1;port=3306;charset=utf8
[ sql ] [ SQL ] SHOW COLUMNS FROM `zs_menu` [ RunTime:0.005543s ]
[ sql ] [ SQL ] SELECT * FROM `zs_menu` WHERE  `id` = 16 LIMIT 1 [ RunTime:0.000641s ]
[ sql ] [ SQL ] SHOW COLUMNS FROM `zs_model` [ RunTime:0.004909s ]
[ sql ] [ SQL ] SELECT * FROM `zs_model` WHERE  `model_id` = 0 LIMIT 1 [ RunTime:0.000540s ]
[ sql ] [ SQL ] SHOW COLUMNS FROM `zs_news` [ RunTime:0.005179s ]
[ sql ] [ SQL ] SELECT COUNT(*) AS tp_count FROM `zs_news` WHERE  `news_open` = '1'  AND `news_l` = 'zh-cn'  AND `news_back` = 0  AND `news_columnid` IN (16) LIMIT 1 [ RunTime:0.000664s ]
[ sql ] [ SQL ] SELECT COUNT(*) AS tp_count FROM `zs_news` `a` WHERE  `news_open` = '1'  AND `news_l` = 'zh-cn'  AND `news_back` = 0  AND `news_columnid` IN (16) LIMIT 1 [ RunTime:0.000700s ]
[ sql ] [ SQL ] SELECT * FROM `zs_news` `a` WHERE  `news_open` = '1'  AND `news_l` = 'zh-cn'  AND `news_back` = 0  AND `news_columnid` IN (16) ORDER BY news_time desc LIMIT 0,10 [ RunTime:0.000919s ]

---------------------------------------------------------------
[ 2017-08-07T14:14:30+08:00 ] [ sql ] [ DB ] CONNECT:[ UseTime:0.014901s ] mysql:dbname=zhaosheng;host=127.0.0.1;port=3306;charset=utf8
[ sql ] [ SQL ] SHOW COLUMNS FROM `zs_menu` [ RunTime:0.005312s ]
[ sql ] [ SQL ] SELECT * FROM `zs_menu` WHERE  `id` = 17 LIMIT 1 [ RunTime:0.000652s ]
[ sql ] [ SQL ] SHOW COLUMNS FROM `zs_model` [ RunTime:0.004927s ]
[ sql ] [ SQL ] SELECT * FROM `zs_model` WHERE  `model_id` = 0 LIMIT 1 [ RunTime:0.000567s ]
[ sql ] [ SQL ] SHOW COLUMNS FROM `zs_news` [ RunTime:0.005066s ]
[ sql ] [ SQL ] SELECT COUNT(*) AS tp_count FROM `zs_news` WHERE  `news_open` = '1'  AND `news_l` = 'zh-cn'  AND `news_back` = 0  AND `news_columnid` IN (17) LIMIT 1 [ RunTime:0.000676s ]
[ sql ] [ SQL ] SELECT COUNT(*) AS tp_count FROM `zs_news` `a` WHERE  `news_open` = '1'  AND `news_l` = 'zh-cn'  AND `news_back` = 0  AND `news_columnid` IN (17) LIMIT 1 [ RunTime:0.000642s ]
[ sql ] [ SQL ] SELECT * FROM `zs_news` `a` WHERE  `news_open` = '1'  AND `news_l` = 'zh-cn'  AND `news_back` = 0  AND `news_columnid` IN (17) ORDER BY news_time desc LIMIT 0,10 [ RunTime:0.001040s ]

---------------------------------------------------------------
[ 2017-08-07T14:47:21+08:00 ] [ sql ] [ DB ] CONNECT:[ UseTime:0.006385s ] mysql:dbname=zhaosheng;host=127.0.0.1;port=3306;charset=utf8
[ sql ] [ SQL ] SHOW COLUMNS FROM `zs_news` [ RunTime:0.006418s ]
[ sql ] [ SQL ] SELECT `news_content`,`news_title`,`n_id`,`news_columnid`,`news_time` FROM `zs_news` `a` WHERE  `news_open` = '1'  AND `news_l` = 'zh-cn'  AND `news_back` = 0  AND `news_columnid` IN (17) ORDER BY news_time desc LIMIT 7 [ RunTime:0.000928s ]
[ sql ] [ SQL ] SELECT `news_content`,`news_title`,`n_id`,`news_columnid`,`news_time` FROM `zs_news` `a` WHERE  `news_open` = '1'  AND `news_l` = 'zh-cn'  AND `news_back` = 0  AND `news_columnid` IN (18) ORDER BY news_time desc LIMIT 7 [ RunTime:0.000666s ]
[ sql ] [ SQL ] SELECT `news_content`,`news_title`,`n_id`,`news_columnid`,`news_time` FROM `zs_news` `a` WHERE  `news_open` = '1'  AND `news_l` = 'zh-cn'  AND `news_back` = 0  AND `news_columnid` IN (16) ORDER BY news_time desc LIMIT 7 [ RunTime:0.000834s ]

---------------------------------------------------------------
[ 2017-08-07T18:40:56+08:00 ] [ log ] Cron:clearlog Runat 2017-08-07 18:40:56 Use 0.001871 s


[ 2017-08-07T18:40:56+08:00 ] [ sql ] [ DB ] CONNECT:[ UseTime:0.006145s ] mysql:dbname=zhaosheng;host=127.0.0.1;port=3306;charset=utf8
[ sql ] [ SQL ] SHOW COLUMNS FROM `zs_news` [ RunTime:0.006309s ]
[ sql ] [ SQL ] SELECT * FROM `zs_news` `a` INNER JOIN `zs_admin` `b` ON `a`.`news_auto`=`b`.`admin_id` WHERE  `n_id` = 40  AND `news_open` = '1'  AND `news_back` = 0 LIMIT 1 [ RunTime:0.001089s ]
[ sql ] [ SQL ] SHOW COLUMNS FROM `zs_menu` [ RunTime:0.005081s ]
[ sql ] [ SQL ] SELECT * FROM `zs_menu` WHERE  `id` = 17 LIMIT 1 [ RunTime:0.000543s ]
[ sql ] [ SQL ] SHOW COLUMNS FROM `zs_action_log` [ RunTime:0.005416s ]
[ sql ] [ SQL ] SELECT * FROM `zs_action_log` WHERE  `uid` = 0  AND `action` = 'home-News-index'  AND `object` = 'news40' LIMIT 1 [ RunTime:0.000670s ]
[ sql ] [ SQL ] UPDATE `zs_action_log`  SET `count`=count+1,`last_time`=1502102456,`ip`='106.11.159.178'  WHERE  `uid` = 0  AND `action` = 'home-News-index'  AND `object` = 'news40' [ RunTime:0.000630s ]
[ sql ] [ SQL ] UPDATE `zs_news`  SET `news_hits`=news_hits+1  WHERE  `n_id` = 40 [ RunTime:0.000514s ]
[ sql ] [ SQL ] SELECT * FROM `zs_news` WHERE  `news_time` >= 1490535723  AND `n_id` <> 40  AND `news_open` = '1'  AND `news_back` = 0  AND `news_columnid` = 17 ORDER BY news_time asc LIMIT 1 [ RunTime:0.000921s ]
[ sql ] [ SQL ] SELECT * FROM `zs_news` WHERE  `news_time` <= 1490535723  AND `n_id` <> 40  AND `news_open` = '1'  AND `news_back` = 0  AND `news_columnid` = 17 ORDER BY news_time desc LIMIT 1 [ RunTime:0.000842s ]
[ sql ] [ SQL ] SHOW COLUMNS FROM `zs_comments` [ RunTime:0.004972s ]
[ sql ] [ SQL ] SELECT * FROM `zs_comments` `a` INNER JOIN `zs_member_list` `b` ON `a`.`uid`=`b`.`member_list_id` WHERE  `a`.`t_name` = 'news'  AND `a`.`t_id` = '40'  AND `a`.`c_status` = 1 ORDER BY a.createtime ASC [ RunTime:0.000730s ]

---------------------------------------------------------------
[ 2017-08-07T18:41:15+08:00 ] [ sql ] [ DB ] CONNECT:[ UseTime:0.005760s ] mysql:dbname=zhaosheng;host=127.0.0.1;port=3306;charset=utf8
[ sql ] [ SQL ] SHOW COLUMNS FROM `zs_news` [ RunTime:0.005582s ]
[ sql ] [ SQL ] SELECT * FROM `zs_news` `a` INNER JOIN `zs_admin` `b` ON `a`.`news_auto`=`b`.`admin_id` WHERE  `n_id` = 40  AND `news_open` = '1'  AND `news_back` = 0 LIMIT 1 [ RunTime:0.001358s ]
[ sql ] [ SQL ] SHOW COLUMNS FROM `zs_menu` [ RunTime:0.004946s ]
[ sql ] [ SQL ] SELECT * FROM `zs_menu` WHERE  `id` = 17 LIMIT 1 [ RunTime:0.000514s ]
[ sql ] [ SQL ] SHOW COLUMNS FROM `zs_action_log` [ RunTime:0.004788s ]
[ sql ] [ SQL ] SELECT * FROM `zs_action_log` WHERE  `uid` = 0  AND `action` = 'home-News-index'  AND `object` = 'news40' LIMIT 1 [ RunTime:0.000629s ]
[ sql ] [ SQL ] SELECT * FROM `zs_news` WHERE  `news_time` >= 1490535723  AND `n_id` <> 40  AND `news_open` = '1'  AND `news_back` = 0  AND `news_columnid` = 17 ORDER BY news_time asc LIMIT 1 [ RunTime:0.000835s ]
[ sql ] [ SQL ] SELECT * FROM `zs_news` WHERE  `news_time` <= 1490535723  AND `n_id` <> 40  AND `news_open` = '1'  AND `news_back` = 0  AND `news_columnid` = 17 ORDER BY news_time desc LIMIT 1 [ RunTime:0.000807s ]
[ sql ] [ SQL ] SHOW COLUMNS FROM `zs_comments` [ RunTime:0.004988s ]
[ sql ] [ SQL ] SELECT * FROM `zs_comments` `a` INNER JOIN `zs_member_list` `b` ON `a`.`uid`=`b`.`member_list_id` WHERE  `a`.`t_name` = 'news'  AND `a`.`t_id` = '40'  AND `a`.`c_status` = 1 ORDER BY a.createtime ASC [ RunTime:0.000728s ]

---------------------------------------------------------------
[ 2017-08-07T18:41:27+08:00 ] [ sql ] [ DB ] CONNECT:[ UseTime:0.009469s ] mysql:dbname=zhaosheng;host=127.0.0.1;port=3306;charset=utf8
[ sql ] [ SQL ] SHOW COLUMNS FROM `zs_news` [ RunTime:0.005614s ]
[ sql ] [ SQL ] SELECT * FROM `zs_news` `a` INNER JOIN `zs_admin` `b` ON `a`.`news_auto`=`b`.`admin_id` WHERE  `n_id` = 40  AND `news_open` = '1'  AND `news_back` = 0 LIMIT 1 [ RunTime:0.001131s ]
[ sql ] [ SQL ] SHOW COLUMNS FROM `zs_menu` [ RunTime:0.005062s ]
[ sql ] [ SQL ] SELECT * FROM `zs_menu` WHERE  `id` = 17 LIMIT 1 [ RunTime:0.000560s ]
[ sql ] [ SQL ] SHOW COLUMNS FROM `zs_action_log` [ RunTime:0.004889s ]
[ sql ] [ SQL ] SELECT * FROM `zs_action_log` WHERE  `uid` = 0  AND `action` = 'home-News-index'  AND `object` = 'news40' LIMIT 1 [ RunTime:0.000659s ]
[ sql ] [ SQL ] SELECT * FROM `zs_news` WHERE  `news_time` >= 1490535723  AND `n_id` <> 40  AND `news_open` = '1'  AND `news_back` = 0  AND `news_columnid` = 17 ORDER BY news_time asc LIMIT 1 [ RunTime:0.000834s ]
[ sql ] [ SQL ] SELECT * FROM `zs_news` WHERE  `news_time` <= 1490535723  AND `n_id` <> 40  AND `news_open` = '1'  AND `news_back` = 0  AND `news_columnid` = 17 ORDER BY news_time desc LIMIT 1 [ RunTime:0.000767s ]
[ sql ] [ SQL ] SHOW COLUMNS FROM `zs_comments` [ RunTime:0.004933s ]
[ sql ] [ SQL ] SELECT * FROM `zs_comments` `a` INNER JOIN `zs_member_list` `b` ON `a`.`uid`=`b`.`member_list_id` WHERE  `a`.`t_name` = 'news'  AND `a`.`t_id` = '40'  AND `a`.`c_status` = 1 ORDER BY a.createtime ASC [ RunTime:0.000681s ]

---------------------------------------------------------------
