[ 2017-08-25T03:47:17+08:00 ] [ sql ] [ DB ] CONNECT:[ UseTime:0.006508s ] mysql:dbname=zhaosheng;host=127.0.0.1;port=3306;charset=utf8
[ sql ] [ SQL ] SHOW COLUMNS FROM `zs_menu` [ RunTime:0.005856s ]
[ sql ] [ SQL ] SELECT * FROM `zs_menu` WHERE  `id` = 16 LIMIT 1 [ RunTime:0.000747s ]
[ sql ] [ SQL ] SHOW COLUMNS FROM `zs_model` [ RunTime:0.005278s ]
[ sql ] [ SQL ] SELECT * FROM `zs_model` WHERE  `model_id` = 0 LIMIT 1 [ RunTime:0.000508s ]
[ sql ] [ SQL ] SHOW COLUMNS FROM `zs_news` [ RunTime:0.005236s ]
[ sql ] [ SQL ] SELECT COUNT(*) AS tp_count FROM `zs_news` WHERE  `news_open` = '1'  AND `news_l` = 'zh-cn'  AND `news_back` = 0  AND `news_columnid` IN (16) LIMIT 1 [ RunTime:0.000767s ]
[ sql ] [ SQL ] SELECT COUNT(*) AS tp_count FROM `zs_news` `a` WHERE  `news_open` = '1'  AND `news_l` = 'zh-cn'  AND `news_back` = 0  AND `news_columnid` IN (16) LIMIT 1 [ RunTime:0.000714s ]
[ sql ] [ SQL ] SELECT * FROM `zs_news` `a` WHERE  `news_open` = '1'  AND `news_l` = 'zh-cn'  AND `news_back` = 0  AND `news_columnid` IN (16) ORDER BY news_time desc LIMIT 0,10 [ RunTime:0.000975s ]

---------------------------------------------------------------
[ 2017-08-25T08:17:14+08:00 ] [ sql ] [ DB ] CONNECT:[ UseTime:0.006226s ] mysql:dbname=zhaosheng;host=127.0.0.1;port=3306;charset=utf8
[ sql ] [ SQL ] SHOW COLUMNS FROM `zs_news` [ RunTime:0.006199s ]
[ sql ] [ SQL ] SELECT `news_content`,`news_title`,`n_id`,`news_columnid`,`news_time` FROM `zs_news` `a` WHERE  `news_open` = '1'  AND `news_l` = 'zh-cn'  AND `news_back` = 0  AND `news_columnid` IN (17) ORDER BY news_time desc LIMIT 7 [ RunTime:0.000899s ]
[ sql ] [ SQL ] SELECT `news_content`,`news_title`,`n_id`,`news_columnid`,`news_time` FROM `zs_news` `a` WHERE  `news_open` = '1'  AND `news_l` = 'zh-cn'  AND `news_back` = 0  AND `news_columnid` IN (18) ORDER BY news_time desc LIMIT 7 [ RunTime:0.000686s ]
[ sql ] [ SQL ] SELECT `news_content`,`news_title`,`n_id`,`news_columnid`,`news_time` FROM `zs_news` `a` WHERE  `news_open` = '1'  AND `news_l` = 'zh-cn'  AND `news_back` = 0  AND `news_columnid` IN (16) ORDER BY news_time desc LIMIT 7 [ RunTime:0.000867s ]

---------------------------------------------------------------
[ 2017-08-25T13:47:11+08:00 ] [ sql ] [ DB ] CONNECT:[ UseTime:0.006249s ] mysql:dbname=zhaosheng;host=127.0.0.1;port=3306;charset=utf8
[ sql ] [ SQL ] SHOW COLUMNS FROM `zs_news` [ RunTime:0.006185s ]
[ sql ] [ SQL ] SELECT * FROM `zs_news` `a` INNER JOIN `zs_admin` `b` ON `a`.`news_auto`=`b`.`admin_id` WHERE  `n_id` = 43  AND `news_open` = '1'  AND `news_back` = 0 LIMIT 1 [ RunTime:0.001247s ]
[ sql ] [ SQL ] SHOW COLUMNS FROM `zs_menu` [ RunTime:0.005212s ]
[ sql ] [ SQL ] SELECT * FROM `zs_menu` WHERE  `id` = 16 LIMIT 1 [ RunTime:0.000519s ]
[ sql ] [ SQL ] SHOW COLUMNS FROM `zs_action_log` [ RunTime:0.004900s ]
[ sql ] [ SQL ] SELECT * FROM `zs_action_log` WHERE  `uid` = 0  AND `action` = 'home-News-index'  AND `object` = 'news43' LIMIT 1 [ RunTime:0.000675s ]
[ sql ] [ SQL ] UPDATE `zs_action_log`  SET `count`=count+1,`last_time`=1503640031,`ip`='106.120.173.90'  WHERE  `uid` = 0  AND `action` = 'home-News-index'  AND `object` = 'news43' [ RunTime:0.000679s ]
[ sql ] [ SQL ] UPDATE `zs_news`  SET `news_hits`=news_hits+1  WHERE  `n_id` = 43 [ RunTime:0.000486s ]
[ sql ] [ SQL ] SELECT * FROM `zs_news` WHERE  `news_time` >= 1490535915  AND `n_id` <> 43  AND `news_open` = '1'  AND `news_back` = 0  AND `news_columnid` = 16 ORDER BY news_time asc LIMIT 1 [ RunTime:0.000855s ]
[ sql ] [ SQL ] SELECT * FROM `zs_news` WHERE  `news_time` <= 1490535915  AND `n_id` <> 43  AND `news_open` = '1'  AND `news_back` = 0  AND `news_columnid` = 16 ORDER BY news_time desc LIMIT 1 [ RunTime:0.000889s ]
[ sql ] [ SQL ] SHOW COLUMNS FROM `zs_comments` [ RunTime:0.005078s ]
[ sql ] [ SQL ] SELECT * FROM `zs_comments` `a` INNER JOIN `zs_member_list` `b` ON `a`.`uid`=`b`.`member_list_id` WHERE  `a`.`t_name` = 'news'  AND `a`.`t_id` = '43'  AND `a`.`c_status` = 1 ORDER BY a.createtime ASC [ RunTime:0.000702s ]

---------------------------------------------------------------
[ 2017-08-25T13:47:22+08:00 ] [ sql ] [ DB ] CONNECT:[ UseTime:0.011894s ] mysql:dbname=zhaosheng;host=127.0.0.1;port=3306;charset=utf8
[ sql ] [ SQL ] SHOW COLUMNS FROM `zs_news` [ RunTime:0.005593s ]
[ sql ] [ SQL ] SELECT `news_content`,`news_title`,`n_id`,`news_columnid`,`news_time` FROM `zs_news` `a` WHERE  `news_open` = '1'  AND `news_l` = 'zh-cn'  AND `news_back` = 0  AND `news_columnid` IN (17) ORDER BY news_time desc LIMIT 7 [ RunTime:0.000965s ]
[ sql ] [ SQL ] SELECT `news_content`,`news_title`,`n_id`,`news_columnid`,`news_time` FROM `zs_news` `a` WHERE  `news_open` = '1'  AND `news_l` = 'zh-cn'  AND `news_back` = 0  AND `news_columnid` IN (18) ORDER BY news_time desc LIMIT 7 [ RunTime:0.000653s ]
[ sql ] [ SQL ] SELECT `news_content`,`news_title`,`n_id`,`news_columnid`,`news_time` FROM `zs_news` `a` WHERE  `news_open` = '1'  AND `news_l` = 'zh-cn'  AND `news_back` = 0  AND `news_columnid` IN (16) ORDER BY news_time desc LIMIT 7 [ RunTime:0.000799s ]

---------------------------------------------------------------
[ 2017-08-25T13:47:31+08:00 ] [ sql ] [ DB ] CONNECT:[ UseTime:0.015276s ] mysql:dbname=zhaosheng;host=127.0.0.1;port=3306;charset=utf8
[ sql ] [ SQL ] SHOW COLUMNS FROM `zs_menu` [ RunTime:0.006490s ]
[ sql ] [ SQL ] SELECT * FROM `zs_menu` WHERE  `id` = 17 LIMIT 1 [ RunTime:0.000656s ]
[ sql ] [ SQL ] SHOW COLUMNS FROM `zs_model` [ RunTime:0.005832s ]
[ sql ] [ SQL ] SELECT * FROM `zs_model` WHERE  `model_id` = 0 LIMIT 1 [ RunTime:0.000510s ]
[ sql ] [ SQL ] SHOW COLUMNS FROM `zs_news` [ RunTime:0.005103s ]
[ sql ] [ SQL ] SELECT COUNT(*) AS tp_count FROM `zs_news` WHERE  `news_open` = '1'  AND `news_l` = 'zh-cn'  AND `news_back` = 0  AND `news_columnid` IN (17) LIMIT 1 [ RunTime:0.000692s ]
[ sql ] [ SQL ] SELECT COUNT(*) AS tp_count FROM `zs_news` `a` WHERE  `news_open` = '1'  AND `news_l` = 'zh-cn'  AND `news_back` = 0  AND `news_columnid` IN (17) LIMIT 1 [ RunTime:0.000818s ]
[ sql ] [ SQL ] SELECT * FROM `zs_news` `a` WHERE  `news_open` = '1'  AND `news_l` = 'zh-cn'  AND `news_back` = 0  AND `news_columnid` IN (17) ORDER BY news_time desc LIMIT 0,10 [ RunTime:0.000943s ]

---------------------------------------------------------------
[ 2017-08-25T13:47:41+08:00 ] [ sql ] [ DB ] CONNECT:[ UseTime:0.003973s ] mysql:dbname=zhaosheng;host=127.0.0.1;port=3306;charset=utf8
[ sql ] [ SQL ] SHOW COLUMNS FROM `zs_menu` [ RunTime:0.006713s ]
[ sql ] [ SQL ] SELECT * FROM `zs_menu` WHERE  `id` = 18 LIMIT 1 [ RunTime:0.000697s ]
[ sql ] [ SQL ] SHOW COLUMNS FROM `zs_model` [ RunTime:0.005368s ]
[ sql ] [ SQL ] SELECT * FROM `zs_model` WHERE  `model_id` = 0 LIMIT 1 [ RunTime:0.000567s ]
[ sql ] [ SQL ] SHOW COLUMNS FROM `zs_news` [ RunTime:0.005602s ]
[ sql ] [ SQL ] SELECT COUNT(*) AS tp_count FROM `zs_news` WHERE  `news_open` = '1'  AND `news_l` = 'zh-cn'  AND `news_back` = 0  AND `news_columnid` IN (18) LIMIT 1 [ RunTime:0.000888s ]
[ sql ] [ SQL ] SELECT COUNT(*) AS tp_count FROM `zs_news` `a` WHERE  `news_open` = '1'  AND `news_l` = 'zh-cn'  AND `news_back` = 0  AND `news_columnid` IN (18) LIMIT 1 [ RunTime:0.000715s ]
[ sql ] [ SQL ] SELECT * FROM `zs_news` `a` WHERE  `news_open` = '1'  AND `news_l` = 'zh-cn'  AND `news_back` = 0  AND `news_columnid` IN (18) ORDER BY news_time desc LIMIT 0,10 [ RunTime:0.000930s ]

---------------------------------------------------------------
[ 2017-08-25T13:47:51+08:00 ] [ sql ] [ DB ] CONNECT:[ UseTime:0.012510s ] mysql:dbname=zhaosheng;host=127.0.0.1;port=3306;charset=utf8
[ sql ] [ SQL ] SHOW COLUMNS FROM `zs_news` [ RunTime:0.005749s ]
[ sql ] [ SQL ] SELECT * FROM `zs_news` `a` INNER JOIN `zs_admin` `b` ON `a`.`news_auto`=`b`.`admin_id` WHERE  `n_id` = 41  AND `news_open` = '1'  AND `news_back` = 0 LIMIT 1 [ RunTime:0.001144s ]
[ sql ] [ SQL ] SHOW COLUMNS FROM `zs_menu` [ RunTime:0.005230s ]
[ sql ] [ SQL ] SELECT * FROM `zs_menu` WHERE  `id` = 16 LIMIT 1 [ RunTime:0.000549s ]
[ sql ] [ SQL ] SHOW COLUMNS FROM `zs_action_log` [ RunTime:0.004799s ]
[ sql ] [ SQL ] SELECT * FROM `zs_action_log` WHERE  `uid` = 0  AND `action` = 'home-News-index'  AND `object` = 'news41' LIMIT 1 [ RunTime:0.000653s ]
[ sql ] [ SQL ] UPDATE `zs_action_log`  SET `count`=count+1,`last_time`=1503640071,`ip`='106.120.173.90'  WHERE  `uid` = 0  AND `action` = 'home-News-index'  AND `object` = 'news41' [ RunTime:0.000630s ]
[ sql ] [ SQL ] UPDATE `zs_news`  SET `news_hits`=news_hits+1  WHERE  `n_id` = 41 [ RunTime:0.000540s ]
[ sql ] [ SQL ] SELECT * FROM `zs_news` WHERE  `news_time` >= 1490535806  AND `n_id` <> 41  AND `news_open` = '1'  AND `news_back` = 0  AND `news_columnid` = 16 ORDER BY news_time asc LIMIT 1 [ RunTime:0.000977s ]
[ sql ] [ SQL ] SELECT * FROM `zs_news` WHERE  `news_time` <= 1490535806  AND `n_id` <> 41  AND `news_open` = '1'  AND `news_back` = 0  AND `news_columnid` = 16 ORDER BY news_time desc LIMIT 1 [ RunTime:0.000804s ]
[ sql ] [ SQL ] SHOW COLUMNS FROM `zs_comments` [ RunTime:0.005376s ]
[ sql ] [ SQL ] SELECT * FROM `zs_comments` `a` INNER JOIN `zs_member_list` `b` ON `a`.`uid`=`b`.`member_list_id` WHERE  `a`.`t_name` = 'news'  AND `a`.`t_id` = '41'  AND `a`.`c_status` = 1 ORDER BY a.createtime ASC [ RunTime:0.000701s ]

---------------------------------------------------------------
[ 2017-08-25T13:48:01+08:00 ] [ sql ] [ DB ] CONNECT:[ UseTime:0.015085s ] mysql:dbname=zhaosheng;host=127.0.0.1;port=3306;charset=utf8
[ sql ] [ SQL ] SHOW COLUMNS FROM `zs_menu` [ RunTime:0.005407s ]
[ sql ] [ SQL ] SELECT * FROM `zs_menu` WHERE  `id` = 16 LIMIT 1 [ RunTime:0.000663s ]
[ sql ] [ SQL ] SHOW COLUMNS FROM `zs_model` [ RunTime:0.005245s ]
[ sql ] [ SQL ] SELECT * FROM `zs_model` WHERE  `model_id` = 0 LIMIT 1 [ RunTime:0.000559s ]
[ sql ] [ SQL ] SHOW COLUMNS FROM `zs_news` [ RunTime:0.005206s ]
[ sql ] [ SQL ] SELECT COUNT(*) AS tp_count FROM `zs_news` WHERE  `news_open` = '1'  AND `news_l` = 'zh-cn'  AND `news_back` = 0  AND `news_columnid` IN (16) LIMIT 1 [ RunTime:0.000773s ]
[ sql ] [ SQL ] SELECT COUNT(*) AS tp_count FROM `zs_news` `a` WHERE  `news_open` = '1'  AND `news_l` = 'zh-cn'  AND `news_back` = 0  AND `news_columnid` IN (16) LIMIT 1 [ RunTime:0.000767s ]
[ sql ] [ SQL ] SELECT * FROM `zs_news` `a` WHERE  `news_open` = '1'  AND `news_l` = 'zh-cn'  AND `news_back` = 0  AND `news_columnid` IN (16) ORDER BY news_time desc LIMIT 0,10 [ RunTime:0.000996s ]

---------------------------------------------------------------
[ 2017-08-25T15:33:21+08:00 ] [ sql ] [ DB ] CONNECT:[ UseTime:0.006839s ] mysql:dbname=zhaosheng;host=127.0.0.1;port=3306;charset=utf8
[ sql ] [ SQL ] SHOW COLUMNS FROM `zs_news` [ RunTime:0.006124s ]
[ sql ] [ SQL ] SELECT `news_content`,`news_title`,`n_id`,`news_columnid`,`news_time` FROM `zs_news` `a` WHERE  `news_open` = '1'  AND `news_l` = 'zh-cn'  AND `news_back` = 0  AND `news_columnid` IN (17) ORDER BY news_time desc LIMIT 7 [ RunTime:0.000854s ]
[ sql ] [ SQL ] SELECT `news_content`,`news_title`,`n_id`,`news_columnid`,`news_time` FROM `zs_news` `a` WHERE  `news_open` = '1'  AND `news_l` = 'zh-cn'  AND `news_back` = 0  AND `news_columnid` IN (18) ORDER BY news_time desc LIMIT 7 [ RunTime:0.000774s ]
[ sql ] [ SQL ] SELECT `news_content`,`news_title`,`n_id`,`news_columnid`,`news_time` FROM `zs_news` `a` WHERE  `news_open` = '1'  AND `news_l` = 'zh-cn'  AND `news_back` = 0  AND `news_columnid` IN (16) ORDER BY news_time desc LIMIT 7 [ RunTime:0.000913s ]

---------------------------------------------------------------
[ 2017-08-25T15:33:31+08:00 ] [ sql ] [ DB ] CONNECT:[ UseTime:0.009056s ] mysql:dbname=zhaosheng;host=127.0.0.1;port=3306;charset=utf8
[ sql ] [ SQL ] SHOW COLUMNS FROM `zs_news` [ RunTime:0.005862s ]
[ sql ] [ SQL ] SELECT `news_content`,`news_title`,`n_id`,`news_columnid`,`news_time` FROM `zs_news` `a` WHERE  `news_open` = '1'  AND `news_l` = 'zh-cn'  AND `news_back` = 0  AND `news_columnid` IN (17) ORDER BY news_time desc LIMIT 7 [ RunTime:0.000877s ]
[ sql ] [ SQL ] SELECT `news_content`,`news_title`,`n_id`,`news_columnid`,`news_time` FROM `zs_news` `a` WHERE  `news_open` = '1'  AND `news_l` = 'zh-cn'  AND `news_back` = 0  AND `news_columnid` IN (18) ORDER BY news_time desc LIMIT 7 [ RunTime:0.000669s ]
[ sql ] [ SQL ] SELECT `news_content`,`news_title`,`n_id`,`news_columnid`,`news_time` FROM `zs_news` `a` WHERE  `news_open` = '1'  AND `news_l` = 'zh-cn'  AND `news_back` = 0  AND `news_columnid` IN (16) ORDER BY news_time desc LIMIT 7 [ RunTime:0.000847s ]

---------------------------------------------------------------
[ 2017-08-25T17:14:19+08:00 ] [ sql ] [ DB ] CONNECT:[ UseTime:0.006326s ] mysql:dbname=zhaosheng;host=127.0.0.1;port=3306;charset=utf8
[ sql ] [ SQL ] SHOW COLUMNS FROM `zs_member_list` [ RunTime:0.005821s ]
[ sql ] [ SQL ] SELECT * FROM `zs_member_list` WHERE  `member_list_id` = 893 LIMIT 1 [ RunTime:0.000802s ]
[ sql ] [ SQL ] SHOW COLUMNS FROM `zs_admin` [ RunTime:0.005004s ]
[ sql ] [ SQL ] SELECT * FROM `zs_admin` WHERE  `member_id` = 893 LIMIT 1 [ RunTime:0.000663s ]
[ sql ] [ SQL ] SHOW COLUMNS FROM `zs_news` [ RunTime:0.005761s ]
[ sql ] [ SQL ] SELECT `news_content`,`news_title`,`n_id`,`news_columnid`,`news_time` FROM `zs_news` `a` WHERE  `news_open` = '1'  AND `news_l` = 'zh-cn'  AND `news_back` = 0  AND `news_columnid` IN (17) ORDER BY news_time desc LIMIT 7 [ RunTime:0.000823s ]
[ sql ] [ SQL ] SELECT `news_content`,`news_title`,`n_id`,`news_columnid`,`news_time` FROM `zs_news` `a` WHERE  `news_open` = '1'  AND `news_l` = 'zh-cn'  AND `news_back` = 0  AND `news_columnid` IN (18) ORDER BY news_time desc LIMIT 7 [ RunTime:0.000638s ]
[ sql ] [ SQL ] SELECT `news_content`,`news_title`,`n_id`,`news_columnid`,`news_time` FROM `zs_news` `a` WHERE  `news_open` = '1'  AND `news_l` = 'zh-cn'  AND `news_back` = 0  AND `news_columnid` IN (16) ORDER BY news_time desc LIMIT 7 [ RunTime:0.000804s ]

---------------------------------------------------------------
[ 2017-08-25T17:14:22+08:00 ] [ sql ] [ DB ] CONNECT:[ UseTime:0.016166s ] mysql:dbname=zhaosheng;host=127.0.0.1;port=3306;charset=utf8
[ sql ] [ SQL ] SHOW COLUMNS FROM `zs_member_list` [ RunTime:0.005685s ]
[ sql ] [ SQL ] SELECT * FROM `zs_member_list` WHERE  `member_list_id` = 893 LIMIT 1 [ RunTime:0.000862s ]
[ sql ] [ SQL ] SHOW COLUMNS FROM `zs_admin` [ RunTime:0.005016s ]
[ sql ] [ SQL ] SELECT * FROM `zs_admin` WHERE  `member_id` = 893 LIMIT 1 [ RunTime:0.000674s ]
[ sql ] [ SQL ] SELECT * FROM `zs_member_list` `m` INNER JOIN `zs_member_info` `mi` ON `m`.`member_list_id`=`mi`.`member_list_id` WHERE  `m`.`member_list_id` = 893 LIMIT 1 [ RunTime:0.004475s ]
[ sql ] [ SQL ] SHOW COLUMNS FROM `zs_major` [ RunTime:0.005242s ]
[ sql ] [ SQL ] SELECT * FROM `zs_major` WHERE  `major_id` = 4 LIMIT 1 [ RunTime:0.000630s ]
[ sql ] [ SQL ] SHOW COLUMNS FROM `zs_school` [ RunTime:0.005082s ]
[ sql ] [ SQL ] SELECT * FROM `zs_school` WHERE  `school_id` = 9 LIMIT 1 [ RunTime:0.000529s ]
[ sql ] [ SQL ] SHOW COLUMNS FROM `zs_recruit_major` [ RunTime:0.004893s ]
[ sql ] [ SQL ] SELECT * FROM `zs_recruit_major` `rm` INNER JOIN `zs_enrollment` `e` ON `e`.`recruit_major_id`=`rm`.`recruit_major_id` WHERE  `e`.`major_ids` LIKE '%,4,%'  AND `e`.`school_id` = 9 LIMIT 1 [ RunTime:0.000673s ]

---------------------------------------------------------------
[ 2017-08-25T22:46:40+08:00 ] [ log ] Cron:clearlog Runat 2017-08-25 22:46:40 Use 0.001938 s


[ 2017-08-25T22:46:40+08:00 ] [ sql ] [ DB ] CONNECT:[ UseTime:0.008656s ] mysql:dbname=zhaosheng;host=127.0.0.1;port=3306;charset=utf8
[ sql ] [ SQL ] SHOW COLUMNS FROM `zs_news` [ RunTime:0.006209s ]
[ sql ] [ SQL ] SELECT `news_content`,`news_title`,`n_id`,`news_columnid`,`news_time` FROM `zs_news` `a` WHERE  `news_open` = '1'  AND `news_l` = 'zh-cn'  AND `news_back` = 0  AND `news_columnid` IN (17) ORDER BY news_time desc LIMIT 7 [ RunTime:0.000957s ]
[ sql ] [ SQL ] SELECT `news_content`,`news_title`,`n_id`,`news_columnid`,`news_time` FROM `zs_news` `a` WHERE  `news_open` = '1'  AND `news_l` = 'zh-cn'  AND `news_back` = 0  AND `news_columnid` IN (18) ORDER BY news_time desc LIMIT 7 [ RunTime:0.000682s ]
[ sql ] [ SQL ] SELECT `news_content`,`news_title`,`n_id`,`news_columnid`,`news_time` FROM `zs_news` `a` WHERE  `news_open` = '1'  AND `news_l` = 'zh-cn'  AND `news_back` = 0  AND `news_columnid` IN (16) ORDER BY news_time desc LIMIT 7 [ RunTime:0.000859s ]

---------------------------------------------------------------
[ 2017-08-25T22:49:42+08:00 ] [ sql ] [ DB ] CONNECT:[ UseTime:0.016137s ] mysql:dbname=zhaosheng;host=127.0.0.1;port=3306;charset=utf8
[ sql ] [ SQL ] SHOW COLUMNS FROM `zs_web_log` [ RunTime:0.005657s ]
[ sql ] [ SQL ] INSERT INTO `zs_web_log` (`uid` , `ip` , `location` , `os` , `browser` , `url` , `module` , `controller` , `action` , `method` , `data` , `otime`) VALUES (0 , '183.240.19.58' , '中国 广东 广州 ' , 'Linux' , 'Chrome(53.0.2785.49)' , '/home/login/runlogin.html' , 'home' , 'Login' , 'runlogin' , 'Ajax' , 's:12:\"保密数据\";' , 1503672582) [ RunTime:0.000962s ]
[ sql ] [ SQL ] SHOW COLUMNS FROM `zs_member_list` [ RunTime:0.005703s ]
[ sql ] [ SQL ] SELECT * FROM `zs_member_list` WHERE  `member_list_username` = '440103199910075413' LIMIT 1 [ RunTime:0.001421s ]
[ sql ] [ SQL ] UPDATE `zs_member_list`  SET `last_login_time`=1503672582,`last_login_ip`='183.240.19.58'  WHERE  `member_list_id` = 880 [ RunTime:0.000562s ]
[ sql ] [ SQL ] SHOW COLUMNS FROM `zs_admin` [ RunTime:0.005184s ]
[ sql ] [ SQL ] SELECT * FROM `zs_admin` WHERE  `member_id` = 880 LIMIT 1 [ RunTime:0.000621s ]

---------------------------------------------------------------
[ 2017-08-25T22:49:43+08:00 ] [ sql ] [ DB ] CONNECT:[ UseTime:0.012110s ] mysql:dbname=zhaosheng;host=127.0.0.1;port=3306;charset=utf8
[ sql ] [ SQL ] SHOW COLUMNS FROM `zs_member_list` [ RunTime:0.005714s ]
[ sql ] [ SQL ] SELECT * FROM `zs_member_list` WHERE  `member_list_id` = 880 LIMIT 1 [ RunTime:0.000726s ]
[ sql ] [ SQL ] SHOW COLUMNS FROM `zs_admin` [ RunTime:0.005059s ]
[ sql ] [ SQL ] SELECT * FROM `zs_admin` WHERE  `member_id` = 880 LIMIT 1 [ RunTime:0.000952s ]
[ sql ] [ SQL ] SELECT * FROM `zs_member_list` `m` INNER JOIN `zs_member_info` `mi` ON `m`.`member_list_id`=`mi`.`member_list_id` WHERE  `m`.`member_list_id` = 880 LIMIT 1 [ RunTime:0.004272s ]
[ sql ] [ SQL ] SHOW COLUMNS FROM `zs_major` [ RunTime:0.005037s ]
[ sql ] [ SQL ] SELECT * FROM `zs_major` WHERE  `major_id` = 4 LIMIT 1 [ RunTime:0.001331s ]
[ sql ] [ SQL ] SHOW COLUMNS FROM `zs_school` [ RunTime:0.004843s ]
[ sql ] [ SQL ] SELECT * FROM `zs_school` WHERE  `school_id` = 9 LIMIT 1 [ RunTime:0.001225s ]
[ sql ] [ SQL ] SHOW COLUMNS FROM `zs_recruit_major` [ RunTime:0.004876s ]
[ sql ] [ SQL ] SELECT * FROM `zs_recruit_major` `rm` INNER JOIN `zs_enrollment` `e` ON `e`.`recruit_major_id`=`rm`.`recruit_major_id` WHERE  `e`.`major_ids` LIKE '%,4,%'  AND `e`.`school_id` = 9 LIMIT 1 [ RunTime:0.000622s ]

---------------------------------------------------------------
[ 2017-08-25T22:49:58+08:00 ] [ sql ] [ DB ] CONNECT:[ UseTime:0.012803s ] mysql:dbname=zhaosheng;host=127.0.0.1;port=3306;charset=utf8
[ sql ] [ SQL ] SHOW COLUMNS FROM `zs_web_log` [ RunTime:0.005616s ]
[ sql ] [ SQL ] INSERT INTO `zs_web_log` (`uid` , `ip` , `location` , `os` , `browser` , `url` , `module` , `controller` , `action` , `method` , `data` , `otime`) VALUES (880 , '183.240.19.58' , '中国 广东 广州 ' , 'Linux' , 'Chrome(53.0.2785.49)' , '/home/center/update_info.html' , 'home' , 'Center' , 'update_info' , 'Ajax' , 'a:2:{s:4:\"name\";s:12:\"familyWork_1\";s:5:\"value\";s:21:\"广东省广州监狱\";}' , 1503672598) [ RunTime:0.000928s ]
[ sql ] [ SQL ] SHOW COLUMNS FROM `zs_member_list` [ RunTime:0.005798s ]
[ sql ] [ SQL ] SELECT * FROM `zs_member_list` WHERE  `member_list_id` = 880 LIMIT 1 [ RunTime:0.000807s ]
[ sql ] [ SQL ] SHOW COLUMNS FROM `zs_admin` [ RunTime:0.005237s ]
[ sql ] [ SQL ] SELECT * FROM `zs_admin` WHERE  `member_id` = 880 LIMIT 1 [ RunTime:0.000732s ]
[ sql ] [ SQL ] SHOW COLUMNS FROM `zs_member_info` [ RunTime:0.005825s ]
[ sql ] [ SQL ] SELECT * FROM `zs_member_info` WHERE  `member_list_id` = 880 LIMIT 1 [ RunTime:0.003821s ]
[ sql ] [ SQL ] UPDATE `zs_member_info`  SET `family`='[{\"familyPunishment\":\"\\u6bcd\\u5b50\",\"familyName\":\"\\u674e\\u5999\\u73b2\",\"familyWork\":\"\\u5e7f\\u5dde\\u5fb7\\u661f\\u7f8e\\u5efa\\u6750\\u5b9e\\u4e1a\\u6709\\u9650\\u516c\\u53f8\",\"familyTell\":\"13924219095\"},{\"familyPunishment\":\"\\u7236\\u5b50\",\"familyName\":\"\\u6881\\u5e86\\u6587\",\"familyWork\":\"\\u5e7f\\u4e1c\\u7701\\u5e7f\\u5dde\\u76d1\\u72f1\",\"familyTell\":\"13602770030\"},{\"familyPunishment\":\"\",\"familyName\":\"\",\"familyWork\":\"\",\"familyTell\":\"\"}]'  WHERE  `member_list_id` = 880 [ RunTime:0.015600s ]

---------------------------------------------------------------
[ 2017-08-25T22:50:04+08:00 ] [ sql ] [ DB ] CONNECT:[ UseTime:0.012046s ] mysql:dbname=zhaosheng;host=127.0.0.1;port=3306;charset=utf8
[ sql ] [ SQL ] SHOW COLUMNS FROM `zs_member_list` [ RunTime:0.005831s ]
[ sql ] [ SQL ] SELECT * FROM `zs_member_list` WHERE  `member_list_id` = 880 LIMIT 1 [ RunTime:0.000754s ]
[ sql ] [ SQL ] SHOW COLUMNS FROM `zs_admin` [ RunTime:0.005232s ]
[ sql ] [ SQL ] SELECT * FROM `zs_admin` WHERE  `member_id` = 880 LIMIT 1 [ RunTime:0.003266s ]
[ sql ] [ SQL ] SHOW COLUMNS FROM `zs_major` [ RunTime:0.005235s ]
[ sql ] [ SQL ] SELECT * FROM `zs_major` WHERE  `major_id` = 4 LIMIT 1 [ RunTime:0.000604s ]
[ sql ] [ SQL ] SHOW COLUMNS FROM `zs_major_score_config` [ RunTime:0.005121s ]
[ sql ] [ SQL ] SELECT * FROM `zs_major_score_config` WHERE  `major_id` = 4  AND `school_id` = 9 LIMIT 1 [ RunTime:0.000575s ]

---------------------------------------------------------------
[ 2017-08-25T22:50:13+08:00 ] [ error ] [8]未定义变量: error

---------------------------------------------------------------
[ 2017-08-25T22:50:24+08:00 ] [ sql ] [ DB ] CONNECT:[ UseTime:0.008275s ] mysql:dbname=zhaosheng;host=127.0.0.1;port=3306;charset=utf8
[ sql ] [ SQL ] SHOW COLUMNS FROM `zs_member_list` [ RunTime:0.005756s ]
[ sql ] [ SQL ] SELECT * FROM `zs_member_list` WHERE  `member_list_id` = 880 LIMIT 1 [ RunTime:0.000751s ]
[ sql ] [ SQL ] SHOW COLUMNS FROM `zs_admin` [ RunTime:0.005157s ]
[ sql ] [ SQL ] SELECT * FROM `zs_admin` WHERE  `member_id` = 880 LIMIT 1 [ RunTime:0.000650s ]
[ sql ] [ SQL ] SHOW COLUMNS FROM `zs_news` [ RunTime:0.005740s ]
[ sql ] [ SQL ] SELECT `news_content`,`news_title`,`n_id`,`news_columnid`,`news_time` FROM `zs_news` `a` WHERE  `news_open` = '1'  AND `news_l` = 'zh-cn'  AND `news_back` = 0  AND `news_columnid` IN (17) ORDER BY news_time desc LIMIT 7 [ RunTime:0.000896s ]
[ sql ] [ SQL ] SELECT `news_content`,`news_title`,`n_id`,`news_columnid`,`news_time` FROM `zs_news` `a` WHERE  `news_open` = '1'  AND `news_l` = 'zh-cn'  AND `news_back` = 0  AND `news_columnid` IN (18) ORDER BY news_time desc LIMIT 7 [ RunTime:0.000677s ]
[ sql ] [ SQL ] SELECT `news_content`,`news_title`,`n_id`,`news_columnid`,`news_time` FROM `zs_news` `a` WHERE  `news_open` = '1'  AND `news_l` = 'zh-cn'  AND `news_back` = 0  AND `news_columnid` IN (16) ORDER BY news_time desc LIMIT 7 [ RunTime:0.000829s ]

---------------------------------------------------------------
[ 2017-08-25T22:51:10+08:00 ] [ sql ] [ DB ] CONNECT:[ UseTime:0.009968s ] mysql:dbname=zhaosheng;host=127.0.0.1;port=3306;charset=utf8
[ sql ] [ SQL ] SHOW COLUMNS FROM `zs_member_list` [ RunTime:0.005977s ]
[ sql ] [ SQL ] SELECT * FROM `zs_member_list` WHERE  `member_list_id` = 880 LIMIT 1 [ RunTime:0.000813s ]
[ sql ] [ SQL ] SHOW COLUMNS FROM `zs_admin` [ RunTime:0.005512s ]
[ sql ] [ SQL ] SELECT * FROM `zs_admin` WHERE  `member_id` = 880 LIMIT 1 [ RunTime:0.000653s ]
[ sql ] [ SQL ] SHOW COLUMNS FROM `zs_news` [ RunTime:0.006885s ]
[ sql ] [ SQL ] SELECT * FROM `zs_news` `a` INNER JOIN `zs_admin` `b` ON `a`.`news_auto`=`b`.`admin_id` WHERE  `n_id` = 43  AND `news_open` = '1'  AND `news_back` = 0 LIMIT 1 [ RunTime:0.001160s ]
[ sql ] [ SQL ] SHOW COLUMNS FROM `zs_menu` [ RunTime:0.005392s ]
[ sql ] [ SQL ] SELECT * FROM `zs_menu` WHERE  `id` = 16 LIMIT 1 [ RunTime:0.002868s ]
[ sql ] [ SQL ] SHOW COLUMNS FROM `zs_action_log` [ RunTime:0.005389s ]
[ sql ] [ SQL ] SELECT * FROM `zs_action_log` WHERE  `uid` = 880  AND `action` = 'home-News-index'  AND `object` = 'news43' LIMIT 1 [ RunTime:0.000704s ]
[ sql ] [ SQL ] INSERT INTO `zs_action_log` (`uid` , `action` , `object` , `count` , `last_time` , `ip`) VALUES (880 , 'home-News-index' , 'news43' , count+1 , 1503672670 , '183.240.19.58') [ RunTime:0.000561s ]
[ sql ] [ SQL ] UPDATE `zs_news`  SET `news_hits`=news_hits+1  WHERE  `n_id` = 43 [ RunTime:0.000557s ]
[ sql ] [ SQL ] SELECT * FROM `zs_news` WHERE  `news_time` >= 1490535915  AND `n_id` <> 43  AND `news_open` = '1'  AND `news_back` = 0  AND `news_columnid` = 16 ORDER BY news_time asc LIMIT 1 [ RunTime:0.000861s ]
[ sql ] [ SQL ] SELECT * FROM `zs_news` WHERE  `news_time` <= 1490535915  AND `n_id` <> 43  AND `news_open` = '1'  AND `news_back` = 0  AND `news_columnid` = 16 ORDER BY news_time desc LIMIT 1 [ RunTime:0.000871s ]
[ sql ] [ SQL ] SHOW COLUMNS FROM `zs_comments` [ RunTime:0.005429s ]
[ sql ] [ SQL ] SELECT * FROM `zs_comments` `a` INNER JOIN `zs_member_list` `b` ON `a`.`uid`=`b`.`member_list_id` WHERE  `a`.`t_name` = 'news'  AND `a`.`t_id` = '43'  AND `a`.`c_status` = 1 ORDER BY a.createtime ASC [ RunTime:0.000719s ]

---------------------------------------------------------------
