[ 2018-03-25T02:23:00+08:00 ] [ sql ] [ DB ] CONNECT:[ UseTime:0.008811s ] mysql:dbname=zhaosheng;host=127.0.0.1;port=3306;charset=utf8
[ sql ] [ SQL ] SHOW COLUMNS FROM `zs_news` [ RunTime:0.006547s ]
[ sql ] [ SQL ] SELECT `news_content`,`news_title`,`n_id`,`news_columnid`,`news_time` FROM `zs_news` `a` WHERE  `news_open` = '1'  AND `news_l` = 'zh-cn'  AND `news_back` = 0  AND `news_columnid` IN (17) ORDER BY news_time desc LIMIT 7 [ RunTime:0.000893s ]
[ sql ] [ SQL ] SELECT `news_content`,`news_title`,`n_id`,`news_columnid`,`news_time` FROM `zs_news` `a` WHERE  `news_open` = '1'  AND `news_l` = 'zh-cn'  AND `news_back` = 0  AND `news_columnid` IN (18) ORDER BY news_time desc LIMIT 7 [ RunTime:0.000605s ]
[ sql ] [ SQL ] SELECT `news_content`,`news_title`,`n_id`,`news_columnid`,`news_time` FROM `zs_news` `a` WHERE  `news_open` = '1'  AND `news_l` = 'zh-cn'  AND `news_back` = 0  AND `news_columnid` IN (16) ORDER BY news_time desc LIMIT 7 [ RunTime:0.000839s ]

---------------------------------------------------------------
[ 2018-03-25T05:31:45+08:00 ] [ sql ] [ DB ] CONNECT:[ UseTime:0.009198s ] mysql:dbname=zhaosheng;host=127.0.0.1;port=3306;charset=utf8
[ sql ] [ SQL ] SHOW COLUMNS FROM `zs_news` [ RunTime:0.005719s ]
[ sql ] [ SQL ] SELECT `news_content`,`news_title`,`n_id`,`news_columnid`,`news_time` FROM `zs_news` `a` WHERE  `news_open` = '1'  AND `news_l` = 'zh-cn'  AND `news_back` = 0  AND `news_columnid` IN (17) ORDER BY news_time desc LIMIT 7 [ RunTime:0.000922s ]
[ sql ] [ SQL ] SELECT `news_content`,`news_title`,`n_id`,`news_columnid`,`news_time` FROM `zs_news` `a` WHERE  `news_open` = '1'  AND `news_l` = 'zh-cn'  AND `news_back` = 0  AND `news_columnid` IN (18) ORDER BY news_time desc LIMIT 7 [ RunTime:0.000617s ]
[ sql ] [ SQL ] SELECT `news_content`,`news_title`,`n_id`,`news_columnid`,`news_time` FROM `zs_news` `a` WHERE  `news_open` = '1'  AND `news_l` = 'zh-cn'  AND `news_back` = 0  AND `news_columnid` IN (16) ORDER BY news_time desc LIMIT 7 [ RunTime:0.000795s ]

---------------------------------------------------------------
[ 2018-03-25T07:25:29+08:00 ] [ sql ] [ DB ] CONNECT:[ UseTime:0.005805s ] mysql:dbname=zhaosheng;host=127.0.0.1;port=3306;charset=utf8
[ sql ] [ SQL ] SHOW COLUMNS FROM `zs_news` [ RunTime:0.005621s ]
[ sql ] [ SQL ] SELECT `news_content`,`news_title`,`n_id`,`news_columnid`,`news_time` FROM `zs_news` `a` WHERE  `news_open` = '1'  AND `news_l` = 'zh-cn'  AND `news_back` = 0  AND `news_columnid` IN (17) ORDER BY news_time desc LIMIT 7 [ RunTime:0.000837s ]
[ sql ] [ SQL ] SELECT `news_content`,`news_title`,`n_id`,`news_columnid`,`news_time` FROM `zs_news` `a` WHERE  `news_open` = '1'  AND `news_l` = 'zh-cn'  AND `news_back` = 0  AND `news_columnid` IN (18) ORDER BY news_time desc LIMIT 7 [ RunTime:0.000646s ]
[ sql ] [ SQL ] SELECT `news_content`,`news_title`,`n_id`,`news_columnid`,`news_time` FROM `zs_news` `a` WHERE  `news_open` = '1'  AND `news_l` = 'zh-cn'  AND `news_back` = 0  AND `news_columnid` IN (16) ORDER BY news_time desc LIMIT 7 [ RunTime:0.000837s ]

---------------------------------------------------------------
[ 2018-03-25T07:32:34+08:00 ] [ sql ] [ DB ] CONNECT:[ UseTime:0.006314s ] mysql:dbname=zhaosheng;host=127.0.0.1;port=3306;charset=utf8
[ sql ] [ SQL ] SHOW COLUMNS FROM `zs_news` [ RunTime:0.006003s ]
[ sql ] [ SQL ] SELECT `news_content`,`news_title`,`n_id`,`news_columnid`,`news_time` FROM `zs_news` `a` WHERE  `news_open` = '1'  AND `news_l` = 'zh-cn'  AND `news_back` = 0  AND `news_columnid` IN (17) ORDER BY news_time desc LIMIT 7 [ RunTime:0.002328s ]
[ sql ] [ SQL ] SELECT `news_content`,`news_title`,`n_id`,`news_columnid`,`news_time` FROM `zs_news` `a` WHERE  `news_open` = '1'  AND `news_l` = 'zh-cn'  AND `news_back` = 0  AND `news_columnid` IN (18) ORDER BY news_time desc LIMIT 7 [ RunTime:0.000889s ]
[ sql ] [ SQL ] SELECT `news_content`,`news_title`,`n_id`,`news_columnid`,`news_time` FROM `zs_news` `a` WHERE  `news_open` = '1'  AND `news_l` = 'zh-cn'  AND `news_back` = 0  AND `news_columnid` IN (16) ORDER BY news_time desc LIMIT 7 [ RunTime:0.000944s ]

---------------------------------------------------------------
[ 2018-03-25T09:31:58+08:00 ] [ sql ] [ DB ] CONNECT:[ UseTime:0.011307s ] mysql:dbname=zhaosheng;host=127.0.0.1;port=3306;charset=utf8
[ sql ] [ SQL ] SHOW COLUMNS FROM `zs_news` [ RunTime:0.006586s ]
[ sql ] [ SQL ] SELECT `news_content`,`news_title`,`n_id`,`news_columnid`,`news_time` FROM `zs_news` `a` WHERE  `news_open` = '1'  AND `news_l` = 'zh-cn'  AND `news_back` = 0  AND `news_columnid` IN (17) ORDER BY news_time desc LIMIT 7 [ RunTime:0.000915s ]
[ sql ] [ SQL ] SELECT `news_content`,`news_title`,`n_id`,`news_columnid`,`news_time` FROM `zs_news` `a` WHERE  `news_open` = '1'  AND `news_l` = 'zh-cn'  AND `news_back` = 0  AND `news_columnid` IN (18) ORDER BY news_time desc LIMIT 7 [ RunTime:0.000696s ]
[ sql ] [ SQL ] SELECT `news_content`,`news_title`,`n_id`,`news_columnid`,`news_time` FROM `zs_news` `a` WHERE  `news_open` = '1'  AND `news_l` = 'zh-cn'  AND `news_back` = 0  AND `news_columnid` IN (16) ORDER BY news_time desc LIMIT 7 [ RunTime:0.000886s ]

---------------------------------------------------------------
[ 2018-03-25T09:37:55+08:00 ] [ sql ] [ DB ] CONNECT:[ UseTime:0.005908s ] mysql:dbname=zhaosheng;host=127.0.0.1;port=3306;charset=utf8
[ sql ] [ SQL ] SHOW COLUMNS FROM `zs_news` [ RunTime:0.005467s ]
[ sql ] [ SQL ] SELECT `news_content`,`news_title`,`n_id`,`news_columnid`,`news_time` FROM `zs_news` `a` WHERE  `news_open` = '1'  AND `news_l` = 'zh-cn'  AND `news_back` = 0  AND `news_columnid` IN (17) ORDER BY news_time desc LIMIT 7 [ RunTime:0.000826s ]
[ sql ] [ SQL ] SELECT `news_content`,`news_title`,`n_id`,`news_columnid`,`news_time` FROM `zs_news` `a` WHERE  `news_open` = '1'  AND `news_l` = 'zh-cn'  AND `news_back` = 0  AND `news_columnid` IN (18) ORDER BY news_time desc LIMIT 7 [ RunTime:0.000701s ]
[ sql ] [ SQL ] SELECT `news_content`,`news_title`,`n_id`,`news_columnid`,`news_time` FROM `zs_news` `a` WHERE  `news_open` = '1'  AND `news_l` = 'zh-cn'  AND `news_back` = 0  AND `news_columnid` IN (16) ORDER BY news_time desc LIMIT 7 [ RunTime:0.000802s ]

---------------------------------------------------------------
[ 2018-03-25T09:52:29+08:00 ] [ sql ] [ DB ] CONNECT:[ UseTime:0.019179s ] mysql:dbname=zhaosheng;host=127.0.0.1;port=3306;charset=utf8
[ sql ] [ SQL ] SHOW COLUMNS FROM `zs_menu` [ RunTime:0.006511s ]
[ sql ] [ SQL ] SELECT * FROM `zs_menu` WHERE  `id` = 17 LIMIT 1 [ RunTime:0.000719s ]
[ sql ] [ SQL ] SHOW COLUMNS FROM `zs_model` [ RunTime:0.005170s ]
[ sql ] [ SQL ] SELECT * FROM `zs_model` WHERE  `model_id` = 0 LIMIT 1 [ RunTime:0.000530s ]
[ sql ] [ SQL ] SHOW COLUMNS FROM `zs_news` [ RunTime:0.005162s ]
[ sql ] [ SQL ] SELECT COUNT(*) AS tp_count FROM `zs_news` WHERE  `news_open` = '1'  AND `news_l` = 'zh-cn'  AND `news_back` = 0  AND `news_columnid` IN (17) LIMIT 1 [ RunTime:0.000666s ]
[ sql ] [ SQL ] SELECT COUNT(*) AS tp_count FROM `zs_news` `a` WHERE  `news_open` = '1'  AND `news_l` = 'zh-cn'  AND `news_back` = 0  AND `news_columnid` IN (17) LIMIT 1 [ RunTime:0.000649s ]
[ sql ] [ SQL ] SELECT * FROM `zs_news` `a` WHERE  `news_open` = '1'  AND `news_l` = 'zh-cn'  AND `news_back` = 0  AND `news_columnid` IN (17) ORDER BY news_time desc LIMIT 0,10 [ RunTime:0.001227s ]

---------------------------------------------------------------
[ 2018-03-25T11:00:22+08:00 ] [ sql ] [ DB ] CONNECT:[ UseTime:0.011163s ] mysql:dbname=zhaosheng;host=127.0.0.1;port=3306;charset=utf8
[ sql ] [ SQL ] SHOW COLUMNS FROM `zs_news` [ RunTime:0.006456s ]
[ sql ] [ SQL ] SELECT * FROM `zs_news` `a` INNER JOIN `zs_admin` `b` ON `a`.`news_auto`=`b`.`admin_id` WHERE  `n_id` = 41  AND `news_open` = '1'  AND `news_back` = 0 LIMIT 1 [ RunTime:0.001228s ]
[ sql ] [ SQL ] SHOW COLUMNS FROM `zs_menu` [ RunTime:0.004912s ]
[ sql ] [ SQL ] SELECT * FROM `zs_menu` WHERE  `id` = 16 LIMIT 1 [ RunTime:0.000495s ]
[ sql ] [ SQL ] SHOW COLUMNS FROM `zs_action_log` [ RunTime:0.004628s ]
[ sql ] [ SQL ] SELECT * FROM `zs_action_log` WHERE  `uid` = 0  AND `action` = 'home-News-index'  AND `object` = 'news41' LIMIT 1 [ RunTime:0.000633s ]
[ sql ] [ SQL ] UPDATE `zs_action_log`  SET `count`=count+1,`last_time`=1521946822,`ip`='60.191.34.250'  WHERE  `uid` = 0  AND `action` = 'home-News-index'  AND `object` = 'news41' [ RunTime:0.000545s ]
[ sql ] [ SQL ] UPDATE `zs_news`  SET `news_hits`=news_hits+1  WHERE  `n_id` = 41 [ RunTime:0.000532s ]
[ sql ] [ SQL ] SELECT * FROM `zs_news` WHERE  `news_time` >= 1490535806  AND `n_id` <> 41  AND `news_open` = '1'  AND `news_back` = 0  AND `news_columnid` = 16 ORDER BY news_time asc LIMIT 1 [ RunTime:0.000956s ]
[ sql ] [ SQL ] SELECT * FROM `zs_news` WHERE  `news_time` <= 1490535806  AND `n_id` <> 41  AND `news_open` = '1'  AND `news_back` = 0  AND `news_columnid` = 16 ORDER BY news_time desc LIMIT 1 [ RunTime:0.000730s ]
[ sql ] [ SQL ] SHOW COLUMNS FROM `zs_comments` [ RunTime:0.004859s ]
[ sql ] [ SQL ] SELECT * FROM `zs_comments` `a` INNER JOIN `zs_member_list` `b` ON `a`.`uid`=`b`.`member_list_id` WHERE  `a`.`t_name` = 'news'  AND `a`.`t_id` = '41'  AND `a`.`c_status` = 1 ORDER BY a.createtime ASC [ RunTime:0.000626s ]

---------------------------------------------------------------
[ 2018-03-25T11:30:40+08:00 ] [ sql ] [ DB ] CONNECT:[ UseTime:0.008343s ] mysql:dbname=zhaosheng;host=127.0.0.1;port=3306;charset=utf8
[ sql ] [ SQL ] SHOW COLUMNS FROM `zs_news` [ RunTime:0.006312s ]
[ sql ] [ SQL ] SELECT `news_content`,`news_title`,`n_id`,`news_columnid`,`news_time` FROM `zs_news` `a` WHERE  `news_open` = '1'  AND `news_l` = 'zh-cn'  AND `news_back` = 0  AND `news_columnid` IN (17) ORDER BY news_time desc LIMIT 7 [ RunTime:0.001001s ]
[ sql ] [ SQL ] SELECT `news_content`,`news_title`,`n_id`,`news_columnid`,`news_time` FROM `zs_news` `a` WHERE  `news_open` = '1'  AND `news_l` = 'zh-cn'  AND `news_back` = 0  AND `news_columnid` IN (18) ORDER BY news_time desc LIMIT 7 [ RunTime:0.000792s ]
[ sql ] [ SQL ] SELECT `news_content`,`news_title`,`n_id`,`news_columnid`,`news_time` FROM `zs_news` `a` WHERE  `news_open` = '1'  AND `news_l` = 'zh-cn'  AND `news_back` = 0  AND `news_columnid` IN (16) ORDER BY news_time desc LIMIT 7 [ RunTime:0.000791s ]

---------------------------------------------------------------
[ 2018-03-25T11:43:30+08:00 ] [ sql ] [ DB ] CONNECT:[ UseTime:0.006221s ] mysql:dbname=zhaosheng;host=127.0.0.1;port=3306;charset=utf8
[ sql ] [ SQL ] SHOW COLUMNS FROM `zs_news` [ RunTime:0.005563s ]
[ sql ] [ SQL ] SELECT `news_content`,`news_title`,`n_id`,`news_columnid`,`news_time` FROM `zs_news` `a` WHERE  `news_open` = '1'  AND `news_l` = 'zh-cn'  AND `news_back` = 0  AND `news_columnid` IN (17) ORDER BY news_time desc LIMIT 7 [ RunTime:0.000959s ]
[ sql ] [ SQL ] SELECT `news_content`,`news_title`,`n_id`,`news_columnid`,`news_time` FROM `zs_news` `a` WHERE  `news_open` = '1'  AND `news_l` = 'zh-cn'  AND `news_back` = 0  AND `news_columnid` IN (18) ORDER BY news_time desc LIMIT 7 [ RunTime:0.000616s ]
[ sql ] [ SQL ] SELECT `news_content`,`news_title`,`n_id`,`news_columnid`,`news_time` FROM `zs_news` `a` WHERE  `news_open` = '1'  AND `news_l` = 'zh-cn'  AND `news_back` = 0  AND `news_columnid` IN (16) ORDER BY news_time desc LIMIT 7 [ RunTime:0.000948s ]

---------------------------------------------------------------
[ 2018-03-25T13:32:49+08:00 ] [ sql ] [ DB ] CONNECT:[ UseTime:0.005873s ] mysql:dbname=zhaosheng;host=127.0.0.1;port=3306;charset=utf8
[ sql ] [ SQL ] SHOW COLUMNS FROM `zs_news` [ RunTime:0.005603s ]
[ sql ] [ SQL ] SELECT `news_content`,`news_title`,`n_id`,`news_columnid`,`news_time` FROM `zs_news` `a` WHERE  `news_open` = '1'  AND `news_l` = 'zh-cn'  AND `news_back` = 0  AND `news_columnid` IN (17) ORDER BY news_time desc LIMIT 7 [ RunTime:0.000795s ]
[ sql ] [ SQL ] SELECT `news_content`,`news_title`,`n_id`,`news_columnid`,`news_time` FROM `zs_news` `a` WHERE  `news_open` = '1'  AND `news_l` = 'zh-cn'  AND `news_back` = 0  AND `news_columnid` IN (18) ORDER BY news_time desc LIMIT 7 [ RunTime:0.000723s ]
[ sql ] [ SQL ] SELECT `news_content`,`news_title`,`n_id`,`news_columnid`,`news_time` FROM `zs_news` `a` WHERE  `news_open` = '1'  AND `news_l` = 'zh-cn'  AND `news_back` = 0  AND `news_columnid` IN (16) ORDER BY news_time desc LIMIT 7 [ RunTime:0.000848s ]

---------------------------------------------------------------
[ 2018-03-25T14:05:39+08:00 ] [ sql ] [ DB ] CONNECT:[ UseTime:0.005973s ] mysql:dbname=zhaosheng;host=127.0.0.1;port=3306;charset=utf8
[ sql ] [ SQL ] SHOW COLUMNS FROM `zs_news` [ RunTime:0.006712s ]
[ sql ] [ SQL ] SELECT `news_content`,`news_title`,`n_id`,`news_columnid`,`news_time` FROM `zs_news` `a` WHERE  `news_open` = '1'  AND `news_l` = 'zh-cn'  AND `news_back` = 0  AND `news_columnid` IN (17) ORDER BY news_time desc LIMIT 7 [ RunTime:0.000976s ]
[ sql ] [ SQL ] SELECT `news_content`,`news_title`,`n_id`,`news_columnid`,`news_time` FROM `zs_news` `a` WHERE  `news_open` = '1'  AND `news_l` = 'zh-cn'  AND `news_back` = 0  AND `news_columnid` IN (18) ORDER BY news_time desc LIMIT 7 [ RunTime:0.000673s ]
[ sql ] [ SQL ] SELECT `news_content`,`news_title`,`n_id`,`news_columnid`,`news_time` FROM `zs_news` `a` WHERE  `news_open` = '1'  AND `news_l` = 'zh-cn'  AND `news_back` = 0  AND `news_columnid` IN (16) ORDER BY news_time desc LIMIT 7 [ RunTime:0.000808s ]

---------------------------------------------------------------
[ 2018-03-25T14:30:20+08:00 ] [ sql ] [ DB ] CONNECT:[ UseTime:0.005965s ] mysql:dbname=zhaosheng;host=127.0.0.1;port=3306;charset=utf8
[ sql ] [ SQL ] SHOW COLUMNS FROM `zs_news` [ RunTime:0.006865s ]
[ sql ] [ SQL ] SELECT `news_content`,`news_title`,`n_id`,`news_columnid`,`news_time` FROM `zs_news` `a` WHERE  `news_open` = '1'  AND `news_l` = 'zh-cn'  AND `news_back` = 0  AND `news_columnid` IN (17) ORDER BY news_time desc LIMIT 7 [ RunTime:0.000956s ]
[ sql ] [ SQL ] SELECT `news_content`,`news_title`,`n_id`,`news_columnid`,`news_time` FROM `zs_news` `a` WHERE  `news_open` = '1'  AND `news_l` = 'zh-cn'  AND `news_back` = 0  AND `news_columnid` IN (18) ORDER BY news_time desc LIMIT 7 [ RunTime:0.000634s ]
[ sql ] [ SQL ] SELECT `news_content`,`news_title`,`n_id`,`news_columnid`,`news_time` FROM `zs_news` `a` WHERE  `news_open` = '1'  AND `news_l` = 'zh-cn'  AND `news_back` = 0  AND `news_columnid` IN (16) ORDER BY news_time desc LIMIT 7 [ RunTime:0.001192s ]

---------------------------------------------------------------
[ 2018-03-25T14:31:53+08:00 ] [ sql ] [ DB ] CONNECT:[ UseTime:0.006437s ] mysql:dbname=zhaosheng;host=127.0.0.1;port=3306;charset=utf8
[ sql ] [ SQL ] SHOW COLUMNS FROM `zs_news` [ RunTime:0.007677s ]
[ sql ] [ SQL ] SELECT * FROM `zs_news` `a` INNER JOIN `zs_admin` `b` ON `a`.`news_auto`=`b`.`admin_id` WHERE  `n_id` = 43  AND `news_open` = '1'  AND `news_back` = 0 LIMIT 1 [ RunTime:0.004899s ]
[ sql ] [ SQL ] SHOW COLUMNS FROM `zs_menu` [ RunTime:0.019512s ]
[ sql ] [ SQL ] SELECT * FROM `zs_menu` WHERE  `id` = 16 LIMIT 1 [ RunTime:0.000670s ]
[ sql ] [ SQL ] SHOW COLUMNS FROM `zs_action_log` [ RunTime:0.005016s ]
[ sql ] [ SQL ] SELECT * FROM `zs_action_log` WHERE  `uid` = 0  AND `action` = 'home-News-index'  AND `object` = 'news43' LIMIT 1 [ RunTime:0.000655s ]
[ sql ] [ SQL ] UPDATE `zs_action_log`  SET `count`=count+1,`last_time`=1521959513,`ip`='60.191.34.250'  WHERE  `uid` = 0  AND `action` = 'home-News-index'  AND `object` = 'news43' [ RunTime:0.000561s ]
[ sql ] [ SQL ] UPDATE `zs_news`  SET `news_hits`=news_hits+1  WHERE  `n_id` = 43 [ RunTime:0.000476s ]
[ sql ] [ SQL ] SELECT * FROM `zs_news` WHERE  `news_time` >= 1490535915  AND `n_id` <> 43  AND `news_open` = '1'  AND `news_back` = 0  AND `news_columnid` = 16 ORDER BY news_time asc LIMIT 1 [ RunTime:0.000797s ]
[ sql ] [ SQL ] SELECT * FROM `zs_news` WHERE  `news_time` <= 1490535915  AND `n_id` <> 43  AND `news_open` = '1'  AND `news_back` = 0  AND `news_columnid` = 16 ORDER BY news_time desc LIMIT 1 [ RunTime:0.000785s ]
[ sql ] [ SQL ] SHOW COLUMNS FROM `zs_comments` [ RunTime:0.004876s ]
[ sql ] [ SQL ] SELECT * FROM `zs_comments` `a` INNER JOIN `zs_member_list` `b` ON `a`.`uid`=`b`.`member_list_id` WHERE  `a`.`t_name` = 'news'  AND `a`.`t_id` = '43'  AND `a`.`c_status` = 1 ORDER BY a.createtime ASC [ RunTime:0.000719s ]

---------------------------------------------------------------
[ 2018-03-25T14:33:19+08:00 ] [ sql ] [ DB ] CONNECT:[ UseTime:0.013388s ] mysql:dbname=zhaosheng;host=127.0.0.1;port=3306;charset=utf8
[ sql ] [ SQL ] SHOW COLUMNS FROM `zs_menu` [ RunTime:0.005128s ]
[ sql ] [ SQL ] SELECT * FROM `zs_menu` WHERE  `id` = 18 LIMIT 1 [ RunTime:0.000636s ]
[ sql ] [ SQL ] SHOW COLUMNS FROM `zs_model` [ RunTime:0.004690s ]
[ sql ] [ SQL ] SELECT * FROM `zs_model` WHERE  `model_id` = 0 LIMIT 1 [ RunTime:0.000578s ]
[ sql ] [ SQL ] SHOW COLUMNS FROM `zs_news` [ RunTime:0.004844s ]
[ sql ] [ SQL ] SELECT COUNT(*) AS tp_count FROM `zs_news` WHERE  `news_open` = '1'  AND `news_l` = 'zh-cn'  AND `news_back` = 0  AND `news_columnid` IN (18) LIMIT 1 [ RunTime:0.000646s ]
[ sql ] [ SQL ] SELECT COUNT(*) AS tp_count FROM `zs_news` `a` WHERE  `news_open` = '1'  AND `news_l` = 'zh-cn'  AND `news_back` = 0  AND `news_columnid` IN (18) LIMIT 1 [ RunTime:0.000698s ]
[ sql ] [ SQL ] SELECT * FROM `zs_news` `a` WHERE  `news_open` = '1'  AND `news_l` = 'zh-cn'  AND `news_back` = 0  AND `news_columnid` IN (18) ORDER BY news_time desc LIMIT 0,10 [ RunTime:0.000786s ]

---------------------------------------------------------------
[ 2018-03-25T15:31:25+08:00 ] [ sql ] [ DB ] CONNECT:[ UseTime:0.005867s ] mysql:dbname=zhaosheng;host=127.0.0.1;port=3306;charset=utf8
[ sql ] [ SQL ] SHOW COLUMNS FROM `zs_news` [ RunTime:0.005680s ]
[ sql ] [ SQL ] SELECT `news_content`,`news_title`,`n_id`,`news_columnid`,`news_time` FROM `zs_news` `a` WHERE  `news_open` = '1'  AND `news_l` = 'zh-cn'  AND `news_back` = 0  AND `news_columnid` IN (17) ORDER BY news_time desc LIMIT 7 [ RunTime:0.001168s ]
[ sql ] [ SQL ] SELECT `news_content`,`news_title`,`n_id`,`news_columnid`,`news_time` FROM `zs_news` `a` WHERE  `news_open` = '1'  AND `news_l` = 'zh-cn'  AND `news_back` = 0  AND `news_columnid` IN (18) ORDER BY news_time desc LIMIT 7 [ RunTime:0.000623s ]
[ sql ] [ SQL ] SELECT `news_content`,`news_title`,`n_id`,`news_columnid`,`news_time` FROM `zs_news` `a` WHERE  `news_open` = '1'  AND `news_l` = 'zh-cn'  AND `news_back` = 0  AND `news_columnid` IN (16) ORDER BY news_time desc LIMIT 7 [ RunTime:0.000788s ]

---------------------------------------------------------------
[ 2018-03-25T16:19:58+08:00 ] [ sql ] [ DB ] CONNECT:[ UseTime:0.018588s ] mysql:dbname=zhaosheng;host=127.0.0.1;port=3306;charset=utf8
[ sql ] [ SQL ] SHOW COLUMNS FROM `zs_menu` [ RunTime:0.005442s ]
[ sql ] [ SQL ] SELECT * FROM `zs_menu` WHERE  `id` = 16 LIMIT 1 [ RunTime:0.000709s ]
[ sql ] [ SQL ] SHOW COLUMNS FROM `zs_model` [ RunTime:0.004790s ]
[ sql ] [ SQL ] SELECT * FROM `zs_model` WHERE  `model_id` = 0 LIMIT 1 [ RunTime:0.000522s ]
[ sql ] [ SQL ] SHOW COLUMNS FROM `zs_news` [ RunTime:0.005292s ]
[ sql ] [ SQL ] SELECT COUNT(*) AS tp_count FROM `zs_news` WHERE  `news_open` = '1'  AND `news_l` = 'zh-cn'  AND `news_back` = 0  AND `news_columnid` IN (16) LIMIT 1 [ RunTime:0.000709s ]
[ sql ] [ SQL ] SELECT COUNT(*) AS tp_count FROM `zs_news` `a` WHERE  `news_open` = '1'  AND `news_l` = 'zh-cn'  AND `news_back` = 0  AND `news_columnid` IN (16) LIMIT 1 [ RunTime:0.000992s ]
[ sql ] [ SQL ] SELECT * FROM `zs_news` `a` WHERE  `news_open` = '1'  AND `news_l` = 'zh-cn'  AND `news_back` = 0  AND `news_columnid` IN (16) ORDER BY news_time desc LIMIT 0,10 [ RunTime:0.000966s ]

---------------------------------------------------------------
[ 2018-03-25T16:24:24+08:00 ] [ sql ] [ DB ] CONNECT:[ UseTime:0.006255s ] mysql:dbname=zhaosheng;host=127.0.0.1;port=3306;charset=utf8
[ sql ] [ SQL ] SHOW COLUMNS FROM `zs_news` [ RunTime:0.007237s ]
[ sql ] [ SQL ] SELECT * FROM `zs_news` `a` INNER JOIN `zs_admin` `b` ON `a`.`news_auto`=`b`.`admin_id` WHERE  `n_id` = 40  AND `news_open` = '1'  AND `news_back` = 0 LIMIT 1 [ RunTime:0.001164s ]
[ sql ] [ SQL ] SHOW COLUMNS FROM `zs_menu` [ RunTime:0.004848s ]
[ sql ] [ SQL ] SELECT * FROM `zs_menu` WHERE  `id` = 17 LIMIT 1 [ RunTime:0.000604s ]
[ sql ] [ SQL ] SHOW COLUMNS FROM `zs_action_log` [ RunTime:0.004851s ]
[ sql ] [ SQL ] SELECT * FROM `zs_action_log` WHERE  `uid` = 0  AND `action` = 'home-News-index'  AND `object` = 'news40' LIMIT 1 [ RunTime:0.000692s ]
[ sql ] [ SQL ] UPDATE `zs_action_log`  SET `count`=count+1,`last_time`=1521966264,`ip`='60.191.34.250'  WHERE  `uid` = 0  AND `action` = 'home-News-index'  AND `object` = 'news40' [ RunTime:0.000591s ]
[ sql ] [ SQL ] UPDATE `zs_news`  SET `news_hits`=news_hits+1  WHERE  `n_id` = 40 [ RunTime:0.000464s ]
[ sql ] [ SQL ] SELECT * FROM `zs_news` WHERE  `news_time` >= 1490535723  AND `n_id` <> 40  AND `news_open` = '1'  AND `news_back` = 0  AND `news_columnid` = 17 ORDER BY news_time asc LIMIT 1 [ RunTime:0.000905s ]
[ sql ] [ SQL ] SELECT * FROM `zs_news` WHERE  `news_time` <= 1490535723  AND `n_id` <> 40  AND `news_open` = '1'  AND `news_back` = 0  AND `news_columnid` = 17 ORDER BY news_time desc LIMIT 1 [ RunTime:0.000808s ]
[ sql ] [ SQL ] SHOW COLUMNS FROM `zs_comments` [ RunTime:0.005074s ]
[ sql ] [ SQL ] SELECT * FROM `zs_comments` `a` INNER JOIN `zs_member_list` `b` ON `a`.`uid`=`b`.`member_list_id` WHERE  `a`.`t_name` = 'news'  AND `a`.`t_id` = '40'  AND `a`.`c_status` = 1 ORDER BY a.createtime ASC [ RunTime:0.000699s ]

---------------------------------------------------------------
[ 2018-03-25T17:31:52+08:00 ] [ sql ] [ DB ] CONNECT:[ UseTime:0.020344s ] mysql:dbname=zhaosheng;host=127.0.0.1;port=3306;charset=utf8
[ sql ] [ SQL ] SHOW COLUMNS FROM `zs_news` [ RunTime:0.005491s ]
[ sql ] [ SQL ] SELECT `news_content`,`news_title`,`n_id`,`news_columnid`,`news_time` FROM `zs_news` `a` WHERE  `news_open` = '1'  AND `news_l` = 'zh-cn'  AND `news_back` = 0  AND `news_columnid` IN (17) ORDER BY news_time desc LIMIT 7 [ RunTime:0.000802s ]
[ sql ] [ SQL ] SELECT `news_content`,`news_title`,`n_id`,`news_columnid`,`news_time` FROM `zs_news` `a` WHERE  `news_open` = '1'  AND `news_l` = 'zh-cn'  AND `news_back` = 0  AND `news_columnid` IN (18) ORDER BY news_time desc LIMIT 7 [ RunTime:0.000628s ]
[ sql ] [ SQL ] SELECT `news_content`,`news_title`,`n_id`,`news_columnid`,`news_time` FROM `zs_news` `a` WHERE  `news_open` = '1'  AND `news_l` = 'zh-cn'  AND `news_back` = 0  AND `news_columnid` IN (16) ORDER BY news_time desc LIMIT 7 [ RunTime:0.000862s ]

---------------------------------------------------------------
[ 2018-03-25T18:57:22+08:00 ] [ sql ] [ DB ] CONNECT:[ UseTime:0.006152s ] mysql:dbname=zhaosheng;host=127.0.0.1;port=3306;charset=utf8
[ sql ] [ SQL ] SHOW COLUMNS FROM `zs_news` [ RunTime:0.006549s ]
[ sql ] [ SQL ] SELECT `news_content`,`news_title`,`n_id`,`news_columnid`,`news_time` FROM `zs_news` `a` WHERE  `news_open` = '1'  AND `news_l` = 'zh-cn'  AND `news_back` = 0  AND `news_columnid` IN (17) ORDER BY news_time desc LIMIT 7 [ RunTime:0.000865s ]
[ sql ] [ SQL ] SELECT `news_content`,`news_title`,`n_id`,`news_columnid`,`news_time` FROM `zs_news` `a` WHERE  `news_open` = '1'  AND `news_l` = 'zh-cn'  AND `news_back` = 0  AND `news_columnid` IN (18) ORDER BY news_time desc LIMIT 7 [ RunTime:0.000661s ]
[ sql ] [ SQL ] SELECT `news_content`,`news_title`,`n_id`,`news_columnid`,`news_time` FROM `zs_news` `a` WHERE  `news_open` = '1'  AND `news_l` = 'zh-cn'  AND `news_back` = 0  AND `news_columnid` IN (16) ORDER BY news_time desc LIMIT 7 [ RunTime:0.000805s ]

---------------------------------------------------------------
[ 2018-03-25T18:58:22+08:00 ] [ sql ] [ DB ] CONNECT:[ UseTime:0.006851s ] mysql:dbname=zhaosheng;host=127.0.0.1;port=3306;charset=utf8
[ sql ] [ SQL ] SHOW COLUMNS FROM `zs_news` [ RunTime:0.005468s ]
[ sql ] [ SQL ] SELECT `news_content`,`news_title`,`n_id`,`news_columnid`,`news_time` FROM `zs_news` `a` WHERE  `news_open` = '1'  AND `news_l` = 'zh-cn'  AND `news_back` = 0  AND `news_columnid` IN (17) ORDER BY news_time desc LIMIT 7 [ RunTime:0.000802s ]
[ sql ] [ SQL ] SELECT `news_content`,`news_title`,`n_id`,`news_columnid`,`news_time` FROM `zs_news` `a` WHERE  `news_open` = '1'  AND `news_l` = 'zh-cn'  AND `news_back` = 0  AND `news_columnid` IN (18) ORDER BY news_time desc LIMIT 7 [ RunTime:0.001004s ]
[ sql ] [ SQL ] SELECT `news_content`,`news_title`,`n_id`,`news_columnid`,`news_time` FROM `zs_news` `a` WHERE  `news_open` = '1'  AND `news_l` = 'zh-cn'  AND `news_back` = 0  AND `news_columnid` IN (16) ORDER BY news_time desc LIMIT 7 [ RunTime:0.000823s ]

---------------------------------------------------------------
[ 2018-03-25T19:32:29+08:00 ] [ sql ] [ DB ] CONNECT:[ UseTime:0.018609s ] mysql:dbname=zhaosheng;host=127.0.0.1;port=3306;charset=utf8
[ sql ] [ SQL ] SHOW COLUMNS FROM `zs_news` [ RunTime:0.006332s ]
[ sql ] [ SQL ] SELECT `news_content`,`news_title`,`n_id`,`news_columnid`,`news_time` FROM `zs_news` `a` WHERE  `news_open` = '1'  AND `news_l` = 'zh-cn'  AND `news_back` = 0  AND `news_columnid` IN (17) ORDER BY news_time desc LIMIT 7 [ RunTime:0.000974s ]
[ sql ] [ SQL ] SELECT `news_content`,`news_title`,`n_id`,`news_columnid`,`news_time` FROM `zs_news` `a` WHERE  `news_open` = '1'  AND `news_l` = 'zh-cn'  AND `news_back` = 0  AND `news_columnid` IN (18) ORDER BY news_time desc LIMIT 7 [ RunTime:0.000686s ]
[ sql ] [ SQL ] SELECT `news_content`,`news_title`,`n_id`,`news_columnid`,`news_time` FROM `zs_news` `a` WHERE  `news_open` = '1'  AND `news_l` = 'zh-cn'  AND `news_back` = 0  AND `news_columnid` IN (16) ORDER BY news_time desc LIMIT 7 [ RunTime:0.000852s ]

---------------------------------------------------------------
[ 2018-03-25T21:32:07+08:00 ] [ log ] Cron:clearlog Runat 2018-03-25 21:32:07 Use 0.001782 s


[ 2018-03-25T21:32:07+08:00 ] [ sql ] [ DB ] CONNECT:[ UseTime:0.005936s ] mysql:dbname=zhaosheng;host=127.0.0.1;port=3306;charset=utf8
[ sql ] [ SQL ] SHOW COLUMNS FROM `zs_news` [ RunTime:0.005925s ]
[ sql ] [ SQL ] SELECT `news_content`,`news_title`,`n_id`,`news_columnid`,`news_time` FROM `zs_news` `a` WHERE  `news_open` = '1'  AND `news_l` = 'zh-cn'  AND `news_back` = 0  AND `news_columnid` IN (17) ORDER BY news_time desc LIMIT 7 [ RunTime:0.001015s ]
[ sql ] [ SQL ] SELECT `news_content`,`news_title`,`n_id`,`news_columnid`,`news_time` FROM `zs_news` `a` WHERE  `news_open` = '1'  AND `news_l` = 'zh-cn'  AND `news_back` = 0  AND `news_columnid` IN (18) ORDER BY news_time desc LIMIT 7 [ RunTime:0.000691s ]
[ sql ] [ SQL ] SELECT `news_content`,`news_title`,`n_id`,`news_columnid`,`news_time` FROM `zs_news` `a` WHERE  `news_open` = '1'  AND `news_l` = 'zh-cn'  AND `news_back` = 0  AND `news_columnid` IN (16) ORDER BY news_time desc LIMIT 7 [ RunTime:0.000852s ]

---------------------------------------------------------------
