[ 2018-03-31T04:34:38+08:00 ] [ sql ] [ DB ] CONNECT:[ UseTime:0.027447s ] mysql:dbname=zhaosheng;host=127.0.0.1;port=3306;charset=utf8
[ sql ] [ SQL ] SHOW COLUMNS FROM `zs_news` [ RunTime:0.006754s ]
[ sql ] [ SQL ] SELECT `news_content`,`news_title`,`n_id`,`news_columnid`,`news_time` FROM `zs_news` `a` WHERE  `news_open` = '1'  AND `news_l` = 'zh-cn'  AND `news_back` = 0  AND `news_columnid` IN (17) ORDER BY news_time desc LIMIT 7 [ RunTime:0.001536s ]
[ sql ] [ SQL ] SELECT `news_content`,`news_title`,`n_id`,`news_columnid`,`news_time` FROM `zs_news` `a` WHERE  `news_open` = '1'  AND `news_l` = 'zh-cn'  AND `news_back` = 0  AND `news_columnid` IN (18) ORDER BY news_time desc LIMIT 7 [ RunTime:0.000769s ]
[ sql ] [ SQL ] SELECT `news_content`,`news_title`,`n_id`,`news_columnid`,`news_time` FROM `zs_news` `a` WHERE  `news_open` = '1'  AND `news_l` = 'zh-cn'  AND `news_back` = 0  AND `news_columnid` IN (16) ORDER BY news_time desc LIMIT 7 [ RunTime:0.001022s ]

---------------------------------------------------------------
[ 2018-03-31T13:45:41+08:00 ] [ log ] Cron:clearlog Runat 2018-03-31 13:45:41 Use 0.001769 s


[ 2018-03-31T13:45:41+08:00 ] [ sql ] [ DB ] CONNECT:[ UseTime:0.013219s ] mysql:dbname=zhaosheng;host=127.0.0.1;port=3306;charset=utf8
[ sql ] [ SQL ] SHOW COLUMNS FROM `zs_news` [ RunTime:0.006021s ]
[ sql ] [ SQL ] SELECT `news_content`,`news_title`,`n_id`,`news_columnid`,`news_time` FROM `zs_news` `a` WHERE  `news_open` = '1'  AND `news_l` = 'zh-cn'  AND `news_back` = 0  AND `news_columnid` IN (17) ORDER BY news_time desc LIMIT 7 [ RunTime:0.001045s ]
[ sql ] [ SQL ] SELECT `news_content`,`news_title`,`n_id`,`news_columnid`,`news_time` FROM `zs_news` `a` WHERE  `news_open` = '1'  AND `news_l` = 'zh-cn'  AND `news_back` = 0  AND `news_columnid` IN (18) ORDER BY news_time desc LIMIT 7 [ RunTime:0.001733s ]
[ sql ] [ SQL ] SELECT `news_content`,`news_title`,`n_id`,`news_columnid`,`news_time` FROM `zs_news` `a` WHERE  `news_open` = '1'  AND `news_l` = 'zh-cn'  AND `news_back` = 0  AND `news_columnid` IN (16) ORDER BY news_time desc LIMIT 7 [ RunTime:0.000863s ]

---------------------------------------------------------------
[ 2018-03-31T20:40:18+08:00 ] [ sql ] [ DB ] CONNECT:[ UseTime:0.016865s ] mysql:dbname=zhaosheng;host=127.0.0.1;port=3306;charset=utf8
[ sql ] [ SQL ] SHOW COLUMNS FROM `zs_news` [ RunTime:0.005937s ]
[ sql ] [ SQL ] SELECT `news_content`,`news_title`,`n_id`,`news_columnid`,`news_time` FROM `zs_news` `a` WHERE  `news_open` = '1'  AND `news_l` = 'zh-cn'  AND `news_back` = 0  AND `news_columnid` IN (17) ORDER BY news_time desc LIMIT 7 [ RunTime:0.000861s ]
[ sql ] [ SQL ] SELECT `news_content`,`news_title`,`n_id`,`news_columnid`,`news_time` FROM `zs_news` `a` WHERE  `news_open` = '1'  AND `news_l` = 'zh-cn'  AND `news_back` = 0  AND `news_columnid` IN (18) ORDER BY news_time desc LIMIT 7 [ RunTime:0.000674s ]
[ sql ] [ SQL ] SELECT `news_content`,`news_title`,`n_id`,`news_columnid`,`news_time` FROM `zs_news` `a` WHERE  `news_open` = '1'  AND `news_l` = 'zh-cn'  AND `news_back` = 0  AND `news_columnid` IN (16) ORDER BY news_time desc LIMIT 7 [ RunTime:0.000856s ]

---------------------------------------------------------------
[ 2018-03-31T22:31:33+08:00 ] [ sql ] [ DB ] CONNECT:[ UseTime:0.006552s ] mysql:dbname=zhaosheng;host=127.0.0.1;port=3306;charset=utf8
[ sql ] [ SQL ] SHOW COLUMNS FROM `zs_news` [ RunTime:0.005736s ]
[ sql ] [ SQL ] SELECT `news_content`,`news_title`,`n_id`,`news_columnid`,`news_time` FROM `zs_news` `a` WHERE  `news_open` = '1'  AND `news_l` = 'zh-cn'  AND `news_back` = 0  AND `news_columnid` IN (17) ORDER BY news_time desc LIMIT 7 [ RunTime:0.000973s ]
[ sql ] [ SQL ] SELECT `news_content`,`news_title`,`n_id`,`news_columnid`,`news_time` FROM `zs_news` `a` WHERE  `news_open` = '1'  AND `news_l` = 'zh-cn'  AND `news_back` = 0  AND `news_columnid` IN (18) ORDER BY news_time desc LIMIT 7 [ RunTime:0.001426s ]
[ sql ] [ SQL ] SELECT `news_content`,`news_title`,`n_id`,`news_columnid`,`news_time` FROM `zs_news` `a` WHERE  `news_open` = '1'  AND `news_l` = 'zh-cn'  AND `news_back` = 0  AND `news_columnid` IN (16) ORDER BY news_time desc LIMIT 7 [ RunTime:0.001061s ]

---------------------------------------------------------------
[ 2018-03-31T22:31:45+08:00 ] [ sql ] [ DB ] CONNECT:[ UseTime:0.006218s ] mysql:dbname=zhaosheng;host=127.0.0.1;port=3306;charset=utf8
[ sql ] [ SQL ] SHOW COLUMNS FROM `zs_news` [ RunTime:0.005481s ]
[ sql ] [ SQL ] SELECT * FROM `zs_news` `a` INNER JOIN `zs_admin` `b` ON `a`.`news_auto`=`b`.`admin_id` WHERE  `n_id` = 40  AND `news_open` = '1'  AND `news_back` = 0 LIMIT 1 [ RunTime:0.001173s ]
[ sql ] [ SQL ] SHOW COLUMNS FROM `zs_menu` [ RunTime:0.004872s ]
[ sql ] [ SQL ] SELECT * FROM `zs_menu` WHERE  `id` = 17 LIMIT 1 [ RunTime:0.000519s ]
[ sql ] [ SQL ] SHOW COLUMNS FROM `zs_action_log` [ RunTime:0.004505s ]
[ sql ] [ SQL ] SELECT * FROM `zs_action_log` WHERE  `uid` = 0  AND `action` = 'home-News-index'  AND `object` = 'news40' LIMIT 1 [ RunTime:0.000623s ]
[ sql ] [ SQL ] UPDATE `zs_action_log`  SET `count`=count+1,`last_time`=1522506705,`ip`='101.4.137.11'  WHERE  `uid` = 0  AND `action` = 'home-News-index'  AND `object` = 'news40' [ RunTime:0.000578s ]
[ sql ] [ SQL ] UPDATE `zs_news`  SET `news_hits`=news_hits+1  WHERE  `n_id` = 40 [ RunTime:0.000540s ]
[ sql ] [ SQL ] SELECT * FROM `zs_news` WHERE  `news_time` >= 1490535723  AND `n_id` <> 40  AND `news_open` = '1'  AND `news_back` = 0  AND `news_columnid` = 17 ORDER BY news_time asc LIMIT 1 [ RunTime:0.000874s ]
[ sql ] [ SQL ] SELECT * FROM `zs_news` WHERE  `news_time` <= 1490535723  AND `n_id` <> 40  AND `news_open` = '1'  AND `news_back` = 0  AND `news_columnid` = 17 ORDER BY news_time desc LIMIT 1 [ RunTime:0.000769s ]
[ sql ] [ SQL ] SHOW COLUMNS FROM `zs_comments` [ RunTime:0.004905s ]
[ sql ] [ SQL ] SELECT * FROM `zs_comments` `a` INNER JOIN `zs_member_list` `b` ON `a`.`uid`=`b`.`member_list_id` WHERE  `a`.`t_name` = 'news'  AND `a`.`t_id` = '40'  AND `a`.`c_status` = 1 ORDER BY a.createtime ASC [ RunTime:0.000663s ]

---------------------------------------------------------------
[ 2018-03-31T22:31:56+08:00 ] [ sql ] [ DB ] CONNECT:[ UseTime:0.003576s ] mysql:dbname=zhaosheng;host=127.0.0.1;port=3306;charset=utf8
[ sql ] [ SQL ] SHOW COLUMNS FROM `zs_news` [ RunTime:0.007645s ]
[ sql ] [ SQL ] SELECT `news_content`,`news_title`,`n_id`,`news_columnid`,`news_time` FROM `zs_news` `a` WHERE  `news_open` = '1'  AND `news_l` = 'zh-cn'  AND `news_back` = 0  AND `news_columnid` IN (17) ORDER BY news_time desc LIMIT 7 [ RunTime:0.000961s ]
[ sql ] [ SQL ] SELECT `news_content`,`news_title`,`n_id`,`news_columnid`,`news_time` FROM `zs_news` `a` WHERE  `news_open` = '1'  AND `news_l` = 'zh-cn'  AND `news_back` = 0  AND `news_columnid` IN (18) ORDER BY news_time desc LIMIT 7 [ RunTime:0.001585s ]
[ sql ] [ SQL ] SELECT `news_content`,`news_title`,`n_id`,`news_columnid`,`news_time` FROM `zs_news` `a` WHERE  `news_open` = '1'  AND `news_l` = 'zh-cn'  AND `news_back` = 0  AND `news_columnid` IN (16) ORDER BY news_time desc LIMIT 7 [ RunTime:0.000854s ]

---------------------------------------------------------------
[ 2018-03-31T22:32:32+08:00 ] [ sql ] [ DB ] CONNECT:[ UseTime:0.009765s ] mysql:dbname=zhaosheng;host=127.0.0.1;port=3306;charset=utf8
[ sql ] [ SQL ] SHOW COLUMNS FROM `zs_news` [ RunTime:0.005431s ]
[ sql ] [ SQL ] SELECT `news_content`,`news_title`,`n_id`,`news_columnid`,`news_time` FROM `zs_news` `a` WHERE  `news_open` = '1'  AND `news_l` = 'zh-cn'  AND `news_back` = 0  AND `news_columnid` IN (17) ORDER BY news_time desc LIMIT 7 [ RunTime:0.000821s ]
[ sql ] [ SQL ] SELECT `news_content`,`news_title`,`n_id`,`news_columnid`,`news_time` FROM `zs_news` `a` WHERE  `news_open` = '1'  AND `news_l` = 'zh-cn'  AND `news_back` = 0  AND `news_columnid` IN (18) ORDER BY news_time desc LIMIT 7 [ RunTime:0.000699s ]
[ sql ] [ SQL ] SELECT `news_content`,`news_title`,`n_id`,`news_columnid`,`news_time` FROM `zs_news` `a` WHERE  `news_open` = '1'  AND `news_l` = 'zh-cn'  AND `news_back` = 0  AND `news_columnid` IN (16) ORDER BY news_time desc LIMIT 7 [ RunTime:0.001072s ]

---------------------------------------------------------------
[ 2018-03-31T22:32:45+08:00 ] [ sql ] [ DB ] CONNECT:[ UseTime:0.005634s ] mysql:dbname=zhaosheng;host=127.0.0.1;port=3306;charset=utf8
[ sql ] [ SQL ] SHOW COLUMNS FROM `zs_news` [ RunTime:0.005825s ]
[ sql ] [ SQL ] SELECT * FROM `zs_news` `a` INNER JOIN `zs_admin` `b` ON `a`.`news_auto`=`b`.`admin_id` WHERE  `n_id` = 40  AND `news_open` = '1'  AND `news_back` = 0 LIMIT 1 [ RunTime:0.001070s ]
[ sql ] [ SQL ] SHOW COLUMNS FROM `zs_menu` [ RunTime:0.004786s ]
[ sql ] [ SQL ] SELECT * FROM `zs_menu` WHERE  `id` = 17 LIMIT 1 [ RunTime:0.000512s ]
[ sql ] [ SQL ] SHOW COLUMNS FROM `zs_action_log` [ RunTime:0.004577s ]
[ sql ] [ SQL ] SELECT * FROM `zs_action_log` WHERE  `uid` = 0  AND `action` = 'home-News-index'  AND `object` = 'news40' LIMIT 1 [ RunTime:0.000637s ]
[ sql ] [ SQL ] UPDATE `zs_action_log`  SET `count`=count+1,`last_time`=1522506765,`ip`='61.151.178.177'  WHERE  `uid` = 0  AND `action` = 'home-News-index'  AND `object` = 'news40' [ RunTime:0.000553s ]
[ sql ] [ SQL ] UPDATE `zs_news`  SET `news_hits`=news_hits+1  WHERE  `n_id` = 40 [ RunTime:0.000451s ]
[ sql ] [ SQL ] SELECT * FROM `zs_news` WHERE  `news_time` >= 1490535723  AND `n_id` <> 40  AND `news_open` = '1'  AND `news_back` = 0  AND `news_columnid` = 17 ORDER BY news_time asc LIMIT 1 [ RunTime:0.000819s ]
[ sql ] [ SQL ] SELECT * FROM `zs_news` WHERE  `news_time` <= 1490535723  AND `n_id` <> 40  AND `news_open` = '1'  AND `news_back` = 0  AND `news_columnid` = 17 ORDER BY news_time desc LIMIT 1 [ RunTime:0.000762s ]
[ sql ] [ SQL ] SHOW COLUMNS FROM `zs_comments` [ RunTime:0.004758s ]
[ sql ] [ SQL ] SELECT * FROM `zs_comments` `a` INNER JOIN `zs_member_list` `b` ON `a`.`uid`=`b`.`member_list_id` WHERE  `a`.`t_name` = 'news'  AND `a`.`t_id` = '40'  AND `a`.`c_status` = 1 ORDER BY a.createtime ASC [ RunTime:0.000660s ]

---------------------------------------------------------------
